<beans xmlns="http://www.springframework.org/schema/beans"
       xmlns:xsi="http://www.w3.org/2001/XMLSchema-instance"
       xmlns:context="http://www.springframework.org/schema/context" xmlns:tx="http://www.springframework.org/schema/tx"
       xmlns:jpa="http://www.springframework.org/schema/data/jpa"
       xsi:schemaLocation="http://www.springframework.org/schema/beans
        http://www.springframework.org/schema/beans/spring-beans.xsd
        http://www.springframework.org/schema/context http://www.springframework.org/schema/context/spring-context.xsd http://www.springframework.org/schema/tx http://www.springframework.org/schema/tx/spring-tx.xsd http://www.springframework.org/schema/data/jpa http://www.springframework.org/schema/data/jpa/spring-jpa.xsd">

    <context:component-scan base-package="com.springapp.mvc"/>

    <bean class="org.springframework.web.servlet.view.InternalResourceViewResolver">
        <property name="prefix" value="/WEB-INF/pages/"/>
        <property name="suffix" value=".jsp"/>
    </bean>

    <jpa:repositories base-package="com.springapp.mvc"/>

    <bean id="entityManagerFactory" class="org.springframework.orm.jpa.LocalEntityManagerFactoryBean">
        <property name="persistenceUnitName" value="testPersistenceUnit"/>
    </bean>

    <bean id="transactionManager" class="org.springframework.orm.jpa.JpaTransactionManager">
        <property name="entityManagerFactory" ref="entityManagerFactory" />
    </bean>

    <!--<context:property-placeholder location="classpath*:flyway.properties"-->
                                  <!--ignore-resource-not-found="true"-->
                                  <!--system-properties-mode="OVERRIDE"/>-->

    <!--&lt;!&ndash; import the data source bean &ndash;&gt;-->
    <!--<import resource="dataSourceSingleContext.xml"/>-->

    <!--&lt;!&ndash; import the flyway creation bean &ndash;&gt;-->
    <!--<import resource="flywaySingleContext.xml"/>-->
    <tx:annotation-driven transaction-manager="transactionManager"/>

    <bean id="flyway" class="com.googlecode.flyway.core.Flyway" depends-on="dataSourceRef">
        <property name="dataSource" ref="dataSourceRef"/>
        <property name="locations" value="/db/migration"/>
    </bean>

    <bean id="dataSourceRef" name="dataSource"
          class="org.apache.commons.dbcp.BasicDataSource" destroy-method="close">
        <property name="driverClassName"><value>org.postgresql.Driver</value></property>
        <property name="url"><value>jdbc:postgresql://localhost:5432/spring_test</value></property>
        <property name="username"><value>pivotal</value></property>
        <property name="password"><value></value></property>
        <property name="maxActive" value="-1"/>

    </bean>

</beans>