<?xml version="1.0" encoding="UTF-8" ?>
<testsuite failures="0" time="2.811" errors="2" skipped="0" tests="2" name="com.springapp.mvc.AppTest">
  <properties>
    <property name="java.runtime.name" value="Java(TM) SE Runtime Environment"/>
    <property name="sun.boot.library.path" value="/System/Library/Java/JavaVirtualMachines/1.6.0.jdk/Contents/Libraries"/>
    <property name="java.vm.version" value="20.51-b01-457"/>
    <property name="awt.nativeDoubleBuffering" value="true"/>
    <property name="gopherProxySet" value="false"/>
    <property name="mrj.build" value="11M4509"/>
    <property name="java.vm.vendor" value="Apple Inc."/>
    <property name="java.vendor.url" value="http://www.apple.com/"/>
    <property name="path.separator" value=":"/>
    <property name="guice.disable.misplaced.annotation.check" value="true"/>
    <property name="java.vm.name" value="Java HotSpot(TM) 64-Bit Server VM"/>
    <property name="file.encoding.pkg" value="sun.io"/>
    <property name="user.country" value="US"/>
    <property name="sun.java.launcher" value="SUN_STANDARD"/>
    <property name="sun.os.patch.level" value="unknown"/>
    <property name="java.vm.specification.name" value="Java Virtual Machine Specification"/>
    <property name="user.dir" value="/Users/pivotal/workspace/spring-boot"/>
    <property name="java.runtime.version" value="1.6.0_51-b11-457-11M4509"/>
    <property name="java.awt.graphicsenv" value="apple.awt.CGraphicsEnvironment"/>
    <property name="java.endorsed.dirs" value="/System/Library/Java/JavaVirtualMachines/1.6.0.jdk/Contents/Home/lib/endorsed"/>
    <property name="os.arch" value="x86_64"/>
    <property name="java.io.tmpdir" value="/var/folders/44/zr3txl1n45b23kd2kgx1xqq00000gn/T/"/>
    <property name="line.separator" value="
"/>
    <property name="java.vm.specification.vendor" value="Sun Microsystems Inc."/>
    <property name="os.name" value="Mac OS X"/>
    <property name="classworlds.conf" value="/usr/share/maven/bin/m2.conf"/>
    <property name="sun.jnu.encoding" value="MacRoman"/>
    <property name="java.library.path" value=".:/Library/Java/Extensions:/System/Library/Java/Extensions:/usr/lib/java"/>
    <property name="java.specification.name" value="Java Platform API Specification"/>
    <property name="java.class.version" value="50.0"/>
    <property name="sun.management.compiler" value="HotSpot 64-Bit Tiered Compilers"/>
    <property name="os.version" value="10.8.5"/>
    <property name="http.nonProxyHosts" value="local|*.local|169.254/16|*.169.254/16"/>
    <property name="user.home" value="/Users/pivotal"/>
    <property name="user.timezone" value="America/New_York"/>
    <property name="java.awt.printerjob" value="apple.awt.CPrinterJob"/>
    <property name="java.specification.version" value="1.6"/>
    <property name="file.encoding" value="MacRoman"/>
    <property name="user.name" value="pivotal"/>
    <property name="java.class.path" value="/usr/share/maven/boot/plexus-classworlds-2.4.jar"/>
    <property name="java.vm.specification.version" value="1.0"/>
    <property name="sun.arch.data.model" value="64"/>
    <property name="java.home" value="/System/Library/Java/JavaVirtualMachines/1.6.0.jdk/Contents/Home"/>
    <property name="sun.java.command" value="org.codehaus.plexus.classworlds.launcher.Launcher clean install"/>
    <property name="java.specification.vendor" value="Sun Microsystems Inc."/>
    <property name="user.language" value="en"/>
    <property name="awt.toolkit" value="apple.awt.CToolkit"/>
    <property name="java.vm.info" value="mixed mode"/>
    <property name="java.version" value="1.6.0_51"/>
    <property name="java.ext.dirs" value="/Library/Java/Extensions:/System/Library/Java/Extensions:/System/Library/Java/JavaVirtualMachines/1.6.0.jdk/Contents/Home/lib/ext"/>
    <property name="sun.boot.class.path" value="/System/Library/Java/JavaVirtualMachines/1.6.0.jdk/Contents/Classes/jsfd.jar:/System/Library/Java/JavaVirtualMachines/1.6.0.jdk/Contents/Classes/classes.jar:/System/Library/Frameworks/JavaVM.framework/Frameworks/JavaRuntimeSupport.framework/Resources/Java/JavaRuntimeSupport.jar:/System/Library/Java/JavaVirtualMachines/1.6.0.jdk/Contents/Classes/ui.jar:/System/Library/Java/JavaVirtualMachines/1.6.0.jdk/Contents/Classes/laf.jar:/System/Library/Java/JavaVirtualMachines/1.6.0.jdk/Contents/Classes/sunrsasign.jar:/System/Library/Java/JavaVirtualMachines/1.6.0.jdk/Contents/Classes/jsse.jar:/System/Library/Java/JavaVirtualMachines/1.6.0.jdk/Contents/Classes/jce.jar:/System/Library/Java/JavaVirtualMachines/1.6.0.jdk/Contents/Classes/charsets.jar"/>
    <property name="java.vendor" value="Apple Inc."/>
    <property name="maven.home" value="/usr/share/maven"/>
    <property name="file.separator" value="/"/>
    <property name="java.vendor.url.bug" value="http://bugreport.apple.com/"/>
    <property name="sun.cpu.endian" value="little"/>
    <property name="sun.io.unicode.encoding" value="UnicodeLittle"/>
    <property name="mrj.version" value="1070.1.6.0_51-457"/>
    <property name="socksNonProxyHosts" value="local|*.local|169.254/16|*.169.254/16"/>
    <property name="ftp.nonProxyHosts" value="local|*.local|169.254/16|*.169.254/16"/>
    <property name="sun.cpu.isalist" value=""/>
  </properties>
  <testcase time="2.157" classname="com.springapp.mvc.AppTest" name="simple">
    <error message="Failed to load ApplicationContext" type="java.lang.IllegalStateException">java.lang.IllegalStateException: Failed to load ApplicationContext
	at org.springframework.test.context.CacheAwareContextLoaderDelegate.loadContext(CacheAwareContextLoaderDelegate.java:99)
	at org.springframework.test.context.DefaultTestContext.getApplicationContext(DefaultTestContext.java:101)
	at org.springframework.test.context.web.ServletTestExecutionListener.setUpRequestContextIfNecessary(ServletTestExecutionListener.java:155)
	at org.springframework.test.context.web.ServletTestExecutionListener.prepareTestInstance(ServletTestExecutionListener.java:100)
	at org.springframework.test.context.TestContextManager.prepareTestInstance(TestContextManager.java:319)
	at org.springframework.test.context.junit4.SpringJUnit4ClassRunner.createTest(SpringJUnit4ClassRunner.java:212)
	at org.springframework.test.context.junit4.SpringJUnit4ClassRunner$1.runReflectiveCall(SpringJUnit4ClassRunner.java:289)
	at org.junit.internal.runners.model.ReflectiveCallable.run(ReflectiveCallable.java:15)
	at org.springframework.test.context.junit4.SpringJUnit4ClassRunner.methodBlock(SpringJUnit4ClassRunner.java:291)
	at org.springframework.test.context.junit4.SpringJUnit4ClassRunner.runChild(SpringJUnit4ClassRunner.java:232)
	at org.springframework.test.context.junit4.SpringJUnit4ClassRunner.runChild(SpringJUnit4ClassRunner.java:89)
	at org.junit.runners.ParentRunner$3.run(ParentRunner.java:193)
	at org.junit.runners.ParentRunner$1.schedule(ParentRunner.java:52)
	at org.junit.runners.ParentRunner.runChildren(ParentRunner.java:191)
	at org.junit.runners.ParentRunner.access$000(ParentRunner.java:42)
	at org.junit.runners.ParentRunner$2.evaluate(ParentRunner.java:184)
	at org.springframework.test.context.junit4.statements.RunBeforeTestClassCallbacks.evaluate(RunBeforeTestClassCallbacks.java:61)
	at org.springframework.test.context.junit4.statements.RunAfterTestClassCallbacks.evaluate(RunAfterTestClassCallbacks.java:71)
	at org.junit.runners.ParentRunner.run(ParentRunner.java:236)
	at org.springframework.test.context.junit4.SpringJUnit4ClassRunner.run(SpringJUnit4ClassRunner.java:175)
	at org.apache.maven.surefire.junit4.JUnit4TestSet.execute(JUnit4TestSet.java:53)
	at org.apache.maven.surefire.junit4.JUnit4Provider.executeTestSet(JUnit4Provider.java:123)
	at org.apache.maven.surefire.junit4.JUnit4Provider.invoke(JUnit4Provider.java:104)
	at sun.reflect.NativeMethodAccessorImpl.invoke0(Native Method)
	at sun.reflect.NativeMethodAccessorImpl.invoke(NativeMethodAccessorImpl.java:39)
	at sun.reflect.DelegatingMethodAccessorImpl.invoke(DelegatingMethodAccessorImpl.java:25)
	at java.lang.reflect.Method.invoke(Method.java:597)
	at org.apache.maven.surefire.util.ReflectionUtils.invokeMethodWithArray(ReflectionUtils.java:164)
	at org.apache.maven.surefire.booter.ProviderFactory$ProviderProxy.invoke(ProviderFactory.java:110)
	at org.apache.maven.surefire.booter.SurefireStarter.invokeProvider(SurefireStarter.java:175)
	at org.apache.maven.surefire.booter.SurefireStarter.runSuitesInProcessWhenForked(SurefireStarter.java:107)
	at org.apache.maven.surefire.booter.ForkedBooter.main(ForkedBooter.java:68)
Caused by: org.springframework.beans.factory.BeanCreationException: Error creating bean with name &apos;org.springframework.dao.annotation.PersistenceExceptionTranslationPostProcessor#0&apos;: Initialization of bean failed; nested exception is org.springframework.beans.factory.BeanCreationException: Error creating bean with name &apos;entityManagerFactory&apos; defined in URL [file:src/main/webapp/WEB-INF/test-dispatcher-servlet.xml]: Invocation of init method failed; nested exception is javax.persistence.PersistenceException: No Persistence provider for EntityManager named testPersistenceUnit
	at org.springframework.beans.factory.support.AbstractAutowireCapableBeanFactory.doCreateBean(AbstractAutowireCapableBeanFactory.java:547)
	at org.springframework.beans.factory.support.AbstractAutowireCapableBeanFactory.createBean(AbstractAutowireCapableBeanFactory.java:475)
	at org.springframework.beans.factory.support.AbstractBeanFactory$1.getObject(AbstractBeanFactory.java:304)
	at org.springframework.beans.factory.support.DefaultSingletonBeanRegistry.getSingleton(DefaultSingletonBeanRegistry.java:228)
	at org.springframework.beans.factory.support.AbstractBeanFactory.doGetBean(AbstractBeanFactory.java:300)
	at org.springframework.beans.factory.support.AbstractBeanFactory.getBean(AbstractBeanFactory.java:200)
	at org.springframework.context.support.PostProcessorRegistrationDelegate.registerBeanPostProcessors(PostProcessorRegistrationDelegate.java:220)
	at org.springframework.context.support.AbstractApplicationContext.registerBeanPostProcessors(AbstractApplicationContext.java:618)
	at org.springframework.context.support.AbstractApplicationContext.refresh(AbstractApplicationContext.java:467)
	at org.springframework.test.context.web.AbstractGenericWebContextLoader.loadContext(AbstractGenericWebContextLoader.java:129)
	at org.springframework.test.context.web.AbstractGenericWebContextLoader.loadContext(AbstractGenericWebContextLoader.java:60)
	at org.springframework.test.context.support.AbstractDelegatingSmartContextLoader.delegateLoading(AbstractDelegatingSmartContextLoader.java:100)
	at org.springframework.test.context.support.AbstractDelegatingSmartContextLoader.loadContext(AbstractDelegatingSmartContextLoader.java:250)
	at org.springframework.test.context.CacheAwareContextLoaderDelegate.loadContextInternal(CacheAwareContextLoaderDelegate.java:64)
	at org.springframework.test.context.CacheAwareContextLoaderDelegate.loadContext(CacheAwareContextLoaderDelegate.java:91)
	... 31 more
Caused by: org.springframework.beans.factory.BeanCreationException: Error creating bean with name &apos;entityManagerFactory&apos; defined in URL [file:src/main/webapp/WEB-INF/test-dispatcher-servlet.xml]: Invocation of init method failed; nested exception is javax.persistence.PersistenceException: No Persistence provider for EntityManager named testPersistenceUnit
	at org.springframework.beans.factory.support.AbstractAutowireCapableBeanFactory.initializeBean(AbstractAutowireCapableBeanFactory.java:1553)
	at org.springframework.beans.factory.support.AbstractAutowireCapableBeanFactory.doCreateBean(AbstractAutowireCapableBeanFactory.java:539)
	at org.springframework.beans.factory.support.AbstractAutowireCapableBeanFactory.createBean(AbstractAutowireCapableBeanFactory.java:475)
	at org.springframework.beans.factory.support.AbstractBeanFactory$1.getObject(AbstractBeanFactory.java:304)
	at org.springframework.beans.factory.support.DefaultSingletonBeanRegistry.getSingleton(DefaultSingletonBeanRegistry.java:228)
	at org.springframework.beans.factory.support.AbstractBeanFactory.doGetBean(AbstractBeanFactory.java:300)
	at org.springframework.beans.factory.support.AbstractBeanFactory.getBean(AbstractBeanFactory.java:200)
	at org.springframework.beans.factory.support.DefaultListableBeanFactory.getBeansOfType(DefaultListableBeanFactory.java:467)
	at org.springframework.beans.factory.BeanFactoryUtils.beansOfTypeIncludingAncestors(BeanFactoryUtils.java:277)
	at org.springframework.dao.support.PersistenceExceptionTranslationInterceptor.detectPersistenceExceptionTranslators(PersistenceExceptionTranslationInterceptor.java:139)
	at org.springframework.dao.support.PersistenceExceptionTranslationInterceptor.&lt;init&gt;(PersistenceExceptionTranslationInterceptor.java:79)
	at org.springframework.dao.annotation.PersistenceExceptionTranslationAdvisor.&lt;init&gt;(PersistenceExceptionTranslationAdvisor.java:70)
	at org.springframework.dao.annotation.PersistenceExceptionTranslationPostProcessor.setBeanFactory(PersistenceExceptionTranslationPostProcessor.java:103)
	at org.springframework.beans.factory.support.AbstractAutowireCapableBeanFactory.invokeAwareMethods(AbstractAutowireCapableBeanFactory.java:1572)
	at org.springframework.beans.factory.support.AbstractAutowireCapableBeanFactory.initializeBean(AbstractAutowireCapableBeanFactory.java:1540)
	at org.springframework.beans.factory.support.AbstractAutowireCapableBeanFactory.doCreateBean(AbstractAutowireCapableBeanFactory.java:539)
	... 45 more
Caused by: javax.persistence.PersistenceException: No Persistence provider for EntityManager named testPersistenceUnit
	at javax.persistence.Persistence.createEntityManagerFactory(Persistence.java:54)
	at org.springframework.orm.jpa.LocalEntityManagerFactoryBean.createNativeEntityManagerFactory(LocalEntityManagerFactoryBean.java:92)
	at org.springframework.orm.jpa.AbstractEntityManagerFactoryBean.afterPropertiesSet(AbstractEntityManagerFactoryBean.java:310)
	at org.springframework.beans.factory.support.AbstractAutowireCapableBeanFactory.invokeInitMethods(AbstractAutowireCapableBeanFactory.java:1612)
	at org.springframework.beans.factory.support.AbstractAutowireCapableBeanFactory.initializeBean(AbstractAutowireCapableBeanFactory.java:1549)
	... 60 more
</error>
    <system-out>10:45:49.702 [main] DEBUG o.s.t.c.j.SpringJUnit4ClassRunner - SpringJUnit4ClassRunner constructor called with [class com.springapp.mvc.AppTest].
10:45:49.762 [main] DEBUG o.s.t.c.s.AbstractDelegatingSmartContextLoader - Delegating to GenericXmlWebContextLoader to process context configuration [ContextConfigurationAttributes@106caf16 declaringClass = &apos;com.springapp.mvc.AppTest&apos;, locations = &apos;{file:src/main/webapp/WEB-INF/test-dispatcher-servlet.xml}&apos;, classes = &apos;{}&apos;, inheritLocations = true, initializers = &apos;{}&apos;, inheritInitializers = true, name = [null], contextLoaderClass = &apos;org.springframework.test.context.ContextLoader&apos;].
10:45:49.764 [main] DEBUG o.s.test.context.ContextLoaderUtils - Could not find an &apos;annotation declaring class&apos; for annotation type [org.springframework.test.context.ActiveProfiles] and class [com.springapp.mvc.AppTest]
10:45:49.765 [main] DEBUG o.s.test.context.TestContextManager - @TestExecutionListeners is not present for class [class com.springapp.mvc.AppTest]: using defaults.
10:45:49.776 [main] DEBUG o.s.t.annotation.ProfileValueUtils - Retrieved @ProfileValueSourceConfiguration [null] for test class [com.springapp.mvc.AppTest]
10:45:49.776 [main] DEBUG o.s.t.annotation.ProfileValueUtils - Retrieved ProfileValueSource type [class org.springframework.test.annotation.SystemProfileValueSource] for class [com.springapp.mvc.AppTest]
10:45:49.777 [main] DEBUG o.s.t.annotation.ProfileValueUtils - Retrieved @ProfileValueSourceConfiguration [null] for test class [com.springapp.mvc.AppTest]
10:45:49.777 [main] DEBUG o.s.t.annotation.ProfileValueUtils - Retrieved ProfileValueSource type [class org.springframework.test.annotation.SystemProfileValueSource] for class [com.springapp.mvc.AppTest]
10:45:49.779 [main] DEBUG o.s.t.annotation.ProfileValueUtils - Retrieved @ProfileValueSourceConfiguration [null] for test class [com.springapp.mvc.AppTest]
10:45:49.779 [main] DEBUG o.s.t.annotation.ProfileValueUtils - Retrieved ProfileValueSource type [class org.springframework.test.annotation.SystemProfileValueSource] for class [com.springapp.mvc.AppTest]
10:45:49.780 [main] DEBUG o.s.t.c.s.AbstractDelegatingSmartContextLoader - Delegating to GenericXmlWebContextLoader to load context from [WebMergedContextConfiguration@3c3c9217 testClass = AppTest, locations = &apos;{file:src/main/webapp/WEB-INF/test-dispatcher-servlet.xml}&apos;, classes = &apos;{}&apos;, contextInitializerClasses = &apos;[]&apos;, activeProfiles = &apos;{}&apos;, resourceBasePath = &apos;src/main/webapp&apos;, contextLoader = &apos;org.springframework.test.context.web.WebDelegatingSmartContextLoader&apos;, parent = [null]].
10:45:49.781 [main] DEBUG o.s.t.c.w.AbstractGenericWebContextLoader - Loading WebApplicationContext for merged context configuration [WebMergedContextConfiguration@3c3c9217 testClass = AppTest, locations = &apos;{file:src/main/webapp/WEB-INF/test-dispatcher-servlet.xml}&apos;, classes = &apos;{}&apos;, contextInitializerClasses = &apos;[]&apos;, activeProfiles = &apos;{}&apos;, resourceBasePath = &apos;src/main/webapp&apos;, contextLoader = &apos;org.springframework.test.context.web.WebDelegatingSmartContextLoader&apos;, parent = [null]].
10:45:49.844 [main] DEBUG o.s.w.c.s.StandardServletEnvironment - Initializing new StandardServletEnvironment
10:45:49.845 [main] DEBUG o.s.w.c.s.StandardServletEnvironment - Adding [servletConfigInitParams] PropertySource with lowest search precedence
10:45:49.845 [main] DEBUG o.s.w.c.s.StandardServletEnvironment - Adding [servletContextInitParams] PropertySource with lowest search precedence
10:45:49.848 [main] DEBUG o.s.w.c.s.StandardServletEnvironment - Adding [jndiProperties] PropertySource with lowest search precedence
10:45:49.848 [main] DEBUG o.s.w.c.s.StandardServletEnvironment - Adding [systemProperties] PropertySource with lowest search precedence
10:45:49.850 [main] DEBUG o.s.w.c.s.StandardServletEnvironment - Adding [systemEnvironment] PropertySource with lowest search precedence
10:45:49.850 [main] DEBUG o.s.w.c.s.StandardServletEnvironment - Initialized StandardServletEnvironment with PropertySources [servletConfigInitParams,servletContextInitParams,jndiProperties,systemProperties,systemEnvironment]
10:45:49.858 [main] INFO  o.s.b.f.xml.XmlBeanDefinitionReader - Loading XML bean definitions from URL [file:src/main/webapp/WEB-INF/test-dispatcher-servlet.xml]
10:45:49.936 [main] DEBUG o.s.b.f.xml.DefaultDocumentLoader - Using JAXP provider [org.apache.xerces.jaxp.DocumentBuilderFactoryImpl]
10:45:50.038 [main] DEBUG o.s.b.f.xml.PluggableSchemaResolver - Loading schema mappings from [META-INF/spring.schemas]
10:45:50.043 [main] DEBUG o.s.b.f.xml.PluggableSchemaResolver - Loaded schema mappings: {http://www.springframework.org/schema/tx/spring-tx-2.5.xsd=org/springframework/transaction/config/spring-tx-2.5.xsd, http://www.springframework.org/schema/context/spring-context-3.1.xsd=org/springframework/context/config/spring-context-3.1.xsd, http://www.springframework.org/schema/data/repository/spring-repository-1.4.xsd=org/springframework/data/repository/config/spring-repository-1.4.xsd, http://www.springframework.org/schema/util/spring-util-3.0.xsd=org/springframework/beans/factory/xml/spring-util-3.0.xsd, http://www.springframework.org/schema/data/jpa/spring-jpa.xsd=org/springframework/data/jpa/repository/config/spring-jpa-1.2.xsd, http://www.springframework.org/schema/tool/spring-tool.xsd=org/springframework/beans/factory/xml/spring-tool-4.0.xsd, http://www.springframework.org/schema/aop/spring-aop-3.2.xsd=org/springframework/aop/config/spring-aop-3.2.xsd, http://www.springframework.org/schema/context/spring-context-4.0.xsd=org/springframework/context/config/spring-context-4.0.xsd, http://www.springframework.org/schema/mvc/spring-mvc-3.2.xsd=org/springframework/web/servlet/config/spring-mvc-3.2.xsd, http://www.springframework.org/schema/lang/spring-lang-3.2.xsd=org/springframework/scripting/config/spring-lang-3.2.xsd, http://www.springframework.org/schema/cache/spring-cache-3.2.xsd=org/springframework/cache/config/spring-cache-3.2.xsd, http://www.springframework.org/schema/jdbc/spring-jdbc-3.1.xsd=org/springframework/jdbc/config/spring-jdbc-3.1.xsd, http://www.springframework.org/schema/util/spring-util-2.0.xsd=org/springframework/beans/factory/xml/spring-util-2.0.xsd, http://www.springframework.org/schema/tool/spring-tool-3.2.xsd=org/springframework/beans/factory/xml/spring-tool-3.2.xsd, http://www.springframework.org/schema/context/spring-context.xsd=org/springframework/context/config/spring-context-4.0.xsd, http://www.springframework.org/schema/aop/spring-aop-4.0.xsd=org/springframework/aop/config/spring-aop-4.0.xsd, http://www.springframework.org/schema/jee/spring-jee-3.2.xsd=org/springframework/ejb/config/spring-jee-3.2.xsd, http://www.springframework.org/schema/context/spring-context-3.0.xsd=org/springframework/context/config/spring-context-3.0.xsd, http://www.springframework.org/schema/jdbc/spring-jdbc-4.0.xsd=org/springframework/jdbc/config/spring-jdbc-4.0.xsd, http://www.springframework.org/schema/util/spring-util-2.5.xsd=org/springframework/beans/factory/xml/spring-util-2.5.xsd, http://www.springframework.org/schema/mvc/spring-mvc-4.0.xsd=org/springframework/web/servlet/config/spring-mvc-4.0.xsd, http://www.springframework.org/schema/beans/spring-beans-3.2.xsd=org/springframework/beans/factory/xml/spring-beans-3.2.xsd, http://www.springframework.org/schema/aop/spring-aop-3.1.xsd=org/springframework/aop/config/spring-aop-3.1.xsd, http://www.springframework.org/schema/lang/spring-lang-4.0.xsd=org/springframework/scripting/config/spring-lang-4.0.xsd, http://www.springframework.org/schema/mvc/spring-mvc.xsd=org/springframework/web/servlet/config/spring-mvc-4.0.xsd, http://www.springframework.org/schema/mvc/spring-mvc-3.1.xsd=org/springframework/web/servlet/config/spring-mvc-3.1.xsd, http://www.springframework.org/schema/tool/spring-tool-4.0.xsd=org/springframework/beans/factory/xml/spring-tool-4.0.xsd, http://www.springframework.org/schema/lang/spring-lang-3.1.xsd=org/springframework/scripting/config/spring-lang-3.1.xsd, http://www.springframework.org/schema/cache/spring-cache-3.1.xsd=org/springframework/cache/config/spring-cache-3.1.xsd, http://www.springframework.org/schema/jee/spring-jee-4.0.xsd=org/springframework/ejb/config/spring-jee-4.0.xsd, http://www.springframework.org/schema/jdbc/spring-jdbc-3.0.xsd=org/springframework/jdbc/config/spring-jdbc-3.0.xsd, http://www.springframework.org/schema/jdbc/spring-jdbc.xsd=org/springframework/jdbc/config/spring-jdbc-4.0.xsd, http://www.springframework.org/schema/tool/spring-tool-3.1.xsd=org/springframework/beans/factory/xml/spring-tool-3.1.xsd, http://www.springframework.org/schema/cache/spring-cache-4.0.xsd=org/springframework/cache/config/spring-cache-4.0.xsd, http://www.springframework.org/schema/jee/spring-jee-3.1.xsd=org/springframework/ejb/config/spring-jee-3.1.xsd, http://www.springframework.org/schema/task/spring-task-3.2.xsd=org/springframework/scheduling/config/spring-task-3.2.xsd, http://www.springframework.org/schema/beans/spring-beans-3.1.xsd=org/springframework/beans/factory/xml/spring-beans-3.1.xsd, http://www.springframework.org/schema/util/spring-util.xsd=org/springframework/beans/factory/xml/spring-util-4.0.xsd, http://www.springframework.org/schema/aop/spring-aop-3.0.xsd=org/springframework/aop/config/spring-aop-3.0.xsd, http://www.springframework.org/schema/data/repository/spring-repository.xsd=org/springframework/data/repository/config/spring-repository-1.4.xsd, http://www.springframework.org/schema/mvc/spring-mvc-3.0.xsd=org/springframework/web/servlet/config/spring-mvc-3.0.xsd, http://www.springframework.org/schema/beans/spring-beans-4.0.xsd=org/springframework/beans/factory/xml/spring-beans-4.0.xsd, http://www.springframework.org/schema/beans/spring-beans.xsd=org/springframework/beans/factory/xml/spring-beans-4.0.xsd, http://www.springframework.org/schema/tx/spring-tx-3.1.xsd=org/springframework/transaction/config/spring-tx-3.1.xsd, http://www.springframework.org/schema/lang/spring-lang-3.0.xsd=org/springframework/scripting/config/spring-lang-3.0.xsd, http://www.springframework.org/schema/context/spring-context-2.5.xsd=org/springframework/context/config/spring-context-2.5.xsd, http://www.springframework.org/schema/task/spring-task-4.0.xsd=org/springframework/scheduling/config/spring-task-4.0.xsd, http://www.springframework.org/schema/tool/spring-tool-3.0.xsd=org/springframework/beans/factory/xml/spring-tool-3.0.xsd, http://www.springframework.org/schema/aop/spring-aop-2.0.xsd=org/springframework/aop/config/spring-aop-2.0.xsd, http://www.springframework.org/schema/jee/spring-jee-3.0.xsd=org/springframework/ejb/config/spring-jee-3.0.xsd, http://www.springframework.org/schema/task/spring-task-3.1.xsd=org/springframework/scheduling/config/spring-task-3.1.xsd, http://www.springframework.org/schema/beans/spring-beans-3.0.xsd=org/springframework/beans/factory/xml/spring-beans-3.0.xsd, http://www.springframework.org/schema/data/jpa/spring-jpa-1.2.xsd=org/springframework/data/jpa/repository/config/spring-jpa-1.2.xsd, http://www.springframework.org/schema/jee/spring-jee.xsd=org/springframework/ejb/config/spring-jee-4.0.xsd, http://www.springframework.org/schema/aop/spring-aop-2.5.xsd=org/springframework/aop/config/spring-aop-2.5.xsd, http://www.springframework.org/schema/lang/spring-lang-2.0.xsd=org/springframework/scripting/config/spring-lang-2.0.xsd, http://www.springframework.org/schema/util/spring-util-3.2.xsd=org/springframework/beans/factory/xml/spring-util-3.2.xsd, http://www.springframework.org/schema/task/spring-task.xsd=org/springframework/scheduling/config/spring-task-4.0.xsd, http://www.springframework.org/schema/tool/spring-tool-2.0.xsd=org/springframework/beans/factory/xml/spring-tool-2.0.xsd, http://www.springframework.org/schema/tx/spring-tx-3.0.xsd=org/springframework/transaction/config/spring-tx-3.0.xsd, http://www.springframework.org/schema/lang/spring-lang-2.5.xsd=org/springframework/scripting/config/spring-lang-2.5.xsd, http://www.springframework.org/schema/jee/spring-jee-2.0.xsd=org/springframework/ejb/config/spring-jee-2.0.xsd, http://www.springframework.org/schema/tool/spring-tool-2.5.xsd=org/springframework/beans/factory/xml/spring-tool-2.5.xsd, http://www.springframework.org/schema/jee/spring-jee-2.5.xsd=org/springframework/ejb/config/spring-jee-2.5.xsd, http://www.springframework.org/schema/data/repository/spring-repository-1.0.xsd=org/springframework/data/repository/config/spring-repository-1.0.xsd, http://www.springframework.org/schema/util/spring-util-4.0.xsd=org/springframework/beans/factory/xml/spring-util-4.0.xsd, http://www.springframework.org/schema/task/spring-task-3.0.xsd=org/springframework/scheduling/config/spring-task-3.0.xsd, http://www.springframework.org/schema/data/jpa/spring-jpa-1.1.xsd=org/springframework/data/jpa/repository/config/spring-jpa-1.1.xsd, http://www.springframework.org/schema/lang/spring-lang.xsd=org/springframework/scripting/config/spring-lang-4.0.xsd, http://www.springframework.org/schema/context/spring-context-3.2.xsd=org/springframework/context/config/spring-context-3.2.xsd, http://www.springframework.org/schema/util/spring-util-3.1.xsd=org/springframework/beans/factory/xml/spring-util-3.1.xsd, http://www.springframework.org/schema/beans/spring-beans-2.0.xsd=org/springframework/beans/factory/xml/spring-beans-2.0.xsd, http://www.springframework.org/schema/cache/spring-cache.xsd=org/springframework/cache/config/spring-cache-4.0.xsd, http://www.springframework.org/schema/tx/spring-tx.xsd=org/springframework/transaction/config/spring-tx-3.1.xsd, http://www.springframework.org/schema/beans/spring-beans-2.5.xsd=org/springframework/beans/factory/xml/spring-beans-2.5.xsd, http://www.springframework.org/schema/tx/spring-tx-2.0.xsd=org/springframework/transaction/config/spring-tx-2.0.xsd, http://www.springframework.org/schema/jdbc/spring-jdbc-3.2.xsd=org/springframework/jdbc/config/spring-jdbc-3.2.xsd, http://www.springframework.org/schema/aop/spring-aop.xsd=org/springframework/aop/config/spring-aop-4.0.xsd, http://www.springframework.org/schema/data/jpa/spring-jpa-1.0.xsd=org/springframework/data/jpa/repository/config/spring-jpa-1.0.xsd}
10:45:50.046 [main] DEBUG o.s.b.f.xml.PluggableSchemaResolver - Found XML schema [http://www.springframework.org/schema/beans/spring-beans.xsd] in classpath: org/springframework/beans/factory/xml/spring-beans-4.0.xsd
10:45:50.140 [main] DEBUG o.s.b.f.xml.PluggableSchemaResolver - Found XML schema [http://www.springframework.org/schema/context/spring-context.xsd] in classpath: org/springframework/context/config/spring-context-4.0.xsd
10:45:50.165 [main] DEBUG o.s.b.f.xml.PluggableSchemaResolver - Found XML schema [http://www.springframework.org/schema/tool/spring-tool-4.0.xsd] in classpath: org/springframework/beans/factory/xml/spring-tool-4.0.xsd
10:45:50.189 [main] DEBUG o.s.b.f.xml.PluggableSchemaResolver - Found XML schema [http://www.springframework.org/schema/data/jpa/spring-jpa.xsd] in classpath: org/springframework/data/jpa/repository/config/spring-jpa-1.2.xsd
10:45:50.197 [main] DEBUG o.s.b.f.xml.PluggableSchemaResolver - Found XML schema [http://www.springframework.org/schema/data/repository/spring-repository.xsd] in classpath: org/springframework/data/repository/config/spring-repository-1.4.xsd
10:45:50.209 [main] DEBUG o.s.b.f.xml.PluggableSchemaResolver - Found XML schema [http://www.springframework.org/schema/tx/spring-tx.xsd] in classpath: org/springframework/transaction/config/spring-tx-3.1.xsd
10:45:50.217 [main] DEBUG o.s.b.f.x.DefaultBeanDefinitionDocumentReader - Loading bean definitions
10:45:50.234 [main] DEBUG o.s.b.f.x.DefaultNamespaceHandlerResolver - Loaded NamespaceHandler mappings: {http://www.springframework.org/schema/p=org.springframework.beans.factory.xml.SimplePropertyNamespaceHandler, http://www.springframework.org/schema/mvc=org.springframework.web.servlet.config.MvcNamespaceHandler, http://www.springframework.org/schema/util=org.springframework.beans.factory.xml.UtilNamespaceHandler, http://www.springframework.org/schema/jee=org.springframework.ejb.config.JeeNamespaceHandler, http://www.springframework.org/schema/aop=org.springframework.aop.config.AopNamespaceHandler, http://www.springframework.org/schema/jdbc=org.springframework.jdbc.config.JdbcNamespaceHandler, http://www.springframework.org/schema/data/repository=org.springframework.data.repository.config.RepositoryNameSpaceHandler, http://www.springframework.org/schema/data/jpa=org.springframework.data.jpa.repository.config.JpaRepositoryNameSpaceHandler, http://www.springframework.org/schema/cache=org.springframework.cache.config.CacheNamespaceHandler, http://www.springframework.org/schema/c=org.springframework.beans.factory.xml.SimpleConstructorNamespaceHandler, http://www.springframework.org/schema/tx=org.springframework.transaction.config.TxNamespaceHandler, http://www.springframework.org/schema/task=org.springframework.scheduling.config.TaskNamespaceHandler, http://www.springframework.org/schema/lang=org.springframework.scripting.config.LangNamespaceHandler, http://www.springframework.org/schema/context=org.springframework.context.config.ContextNamespaceHandler}
10:45:50.254 [main] DEBUG o.s.c.a.ClassPathBeanDefinitionScanner - JSR-250 &apos;javax.annotation.ManagedBean&apos; found and supported for component scanning
10:45:50.270 [main] DEBUG o.s.c.i.s.PathMatchingResourcePatternResolver - Looking for matching resources in directory tree [/Users/pivotal/workspace/spring-boot/target/test-classes/com/springapp/mvc]
10:45:50.271 [main] DEBUG o.s.c.i.s.PathMatchingResourcePatternResolver - Searching directory [/Users/pivotal/workspace/spring-boot/target/test-classes/com/springapp/mvc] for files matching pattern [/Users/pivotal/workspace/spring-boot/target/test-classes/com/springapp/mvc/**/*.class]
10:45:50.280 [main] DEBUG o.s.c.i.s.PathMatchingResourcePatternResolver - Looking for matching resources in directory tree [/Users/pivotal/workspace/spring-boot/target/classes/com/springapp/mvc]
10:45:50.281 [main] DEBUG o.s.c.i.s.PathMatchingResourcePatternResolver - Searching directory [/Users/pivotal/workspace/spring-boot/target/classes/com/springapp/mvc] for files matching pattern [/Users/pivotal/workspace/spring-boot/target/classes/com/springapp/mvc/**/*.class]
10:45:50.283 [main] DEBUG o.s.c.i.s.PathMatchingResourcePatternResolver - Resolved location pattern [classpath*:com/springapp/mvc/**/*.class] to resources [file [/Users/pivotal/workspace/spring-boot/target/test-classes/com/springapp/mvc/AppTest.class], file [/Users/pivotal/workspace/spring-boot/target/test-classes/com/springapp/mvc/FormTest.class], file [/Users/pivotal/workspace/spring-boot/target/test-classes/com/springapp/mvc/UserTest.class], file [/Users/pivotal/workspace/spring-boot/target/classes/com/springapp/mvc/IntegrationTestUtil.class], file [/Users/pivotal/workspace/spring-boot/target/classes/com/springapp/mvc/User.class], file [/Users/pivotal/workspace/spring-boot/target/classes/com/springapp/mvc/UserController.class], file [/Users/pivotal/workspace/spring-boot/target/classes/com/springapp/mvc/UserRepository.class]]
10:45:50.382 [main] DEBUG o.s.c.a.ClassPathBeanDefinitionScanner - Identified candidate component class: file [/Users/pivotal/workspace/spring-boot/target/classes/com/springapp/mvc/UserController.class]
10:45:50.397 [main] DEBUG o.s.b.f.x.BeanDefinitionParserDelegate - Neither XML &apos;id&apos; nor &apos;name&apos; specified - using generated bean name [org.springframework.web.servlet.view.InternalResourceViewResolver#0]
10:45:50.407 [main] DEBUG o.s.core.env.StandardEnvironment - Initializing new StandardEnvironment
10:45:50.408 [main] DEBUG o.s.core.env.StandardEnvironment - Adding [systemProperties] PropertySource with lowest search precedence
10:45:50.408 [main] DEBUG o.s.core.env.StandardEnvironment - Adding [systemEnvironment] PropertySource with lowest search precedence
10:45:50.408 [main] DEBUG o.s.core.env.StandardEnvironment - Initialized StandardEnvironment with PropertySources [systemProperties,systemEnvironment]
10:45:50.411 [main] DEBUG o.s.c.i.s.PathMatchingResourcePatternResolver - Looking for matching resources in directory tree [/Users/pivotal/workspace/spring-boot/target/test-classes/com/springapp/mvc]
10:45:50.411 [main] DEBUG o.s.c.i.s.PathMatchingResourcePatternResolver - Searching directory [/Users/pivotal/workspace/spring-boot/target/test-classes/com/springapp/mvc] for files matching pattern [/Users/pivotal/workspace/spring-boot/target/test-classes/com/springapp/mvc/**/*.class]
10:45:50.412 [main] DEBUG o.s.c.i.s.PathMatchingResourcePatternResolver - Looking for matching resources in directory tree [/Users/pivotal/workspace/spring-boot/target/classes/com/springapp/mvc]
10:45:50.412 [main] DEBUG o.s.c.i.s.PathMatchingResourcePatternResolver - Searching directory [/Users/pivotal/workspace/spring-boot/target/classes/com/springapp/mvc] for files matching pattern [/Users/pivotal/workspace/spring-boot/target/classes/com/springapp/mvc/**/*.class]
10:45:50.412 [main] DEBUG o.s.c.i.s.PathMatchingResourcePatternResolver - Resolved location pattern [classpath*:com/springapp/mvc/**/*.class] to resources [file [/Users/pivotal/workspace/spring-boot/target/test-classes/com/springapp/mvc/AppTest.class], file [/Users/pivotal/workspace/spring-boot/target/test-classes/com/springapp/mvc/FormTest.class], file [/Users/pivotal/workspace/spring-boot/target/test-classes/com/springapp/mvc/UserTest.class], file [/Users/pivotal/workspace/spring-boot/target/classes/com/springapp/mvc/IntegrationTestUtil.class], file [/Users/pivotal/workspace/spring-boot/target/classes/com/springapp/mvc/User.class], file [/Users/pivotal/workspace/spring-boot/target/classes/com/springapp/mvc/UserController.class], file [/Users/pivotal/workspace/spring-boot/target/classes/com/springapp/mvc/UserRepository.class]]
10:45:50.419 [main] DEBUG o.s.d.r.c.RepositoryComponentProvider - Identified candidate component class: file [/Users/pivotal/workspace/spring-boot/target/classes/com/springapp/mvc/UserRepository.class]
10:45:50.425 [main] DEBUG o.s.core.env.StandardEnvironment - Initializing new StandardEnvironment
10:45:50.425 [main] DEBUG o.s.core.env.StandardEnvironment - Adding [systemProperties] PropertySource with lowest search precedence
10:45:50.425 [main] DEBUG o.s.core.env.StandardEnvironment - Adding [systemEnvironment] PropertySource with lowest search precedence
10:45:50.425 [main] DEBUG o.s.core.env.StandardEnvironment - Initialized StandardEnvironment with PropertySources [systemProperties,systemEnvironment]
10:45:50.426 [main] DEBUG o.s.c.i.s.PathMatchingResourcePatternResolver - Looking for matching resources in directory tree [/Users/pivotal/workspace/spring-boot/target/test-classes/com/springapp/mvc]
10:45:50.426 [main] DEBUG o.s.c.i.s.PathMatchingResourcePatternResolver - Searching directory [/Users/pivotal/workspace/spring-boot/target/test-classes/com/springapp/mvc] for files matching pattern [/Users/pivotal/workspace/spring-boot/target/test-classes/com/springapp/mvc/**/*.class]
10:45:50.427 [main] DEBUG o.s.c.i.s.PathMatchingResourcePatternResolver - Looking for matching resources in directory tree [/Users/pivotal/workspace/spring-boot/target/classes/com/springapp/mvc]
10:45:50.427 [main] DEBUG o.s.c.i.s.PathMatchingResourcePatternResolver - Searching directory [/Users/pivotal/workspace/spring-boot/target/classes/com/springapp/mvc] for files matching pattern [/Users/pivotal/workspace/spring-boot/target/classes/com/springapp/mvc/**/*.class]
10:45:50.427 [main] DEBUG o.s.c.i.s.PathMatchingResourcePatternResolver - Resolved location pattern [classpath*:com/springapp/mvc/**/*.class] to resources [file [/Users/pivotal/workspace/spring-boot/target/test-classes/com/springapp/mvc/AppTest.class], file [/Users/pivotal/workspace/spring-boot/target/test-classes/com/springapp/mvc/FormTest.class], file [/Users/pivotal/workspace/spring-boot/target/test-classes/com/springapp/mvc/UserTest.class], file [/Users/pivotal/workspace/spring-boot/target/classes/com/springapp/mvc/IntegrationTestUtil.class], file [/Users/pivotal/workspace/spring-boot/target/classes/com/springapp/mvc/User.class], file [/Users/pivotal/workspace/spring-boot/target/classes/com/springapp/mvc/UserController.class], file [/Users/pivotal/workspace/spring-boot/target/classes/com/springapp/mvc/UserRepository.class]]
10:45:50.434 [main] DEBUG o.s.d.r.c.RepositoryBeanDefinitionParser - Registering repository: userRepository - Interface: com.springapp.mvc.UserRepository - Factory: org.springframework.data.jpa.repository.support.JpaRepositoryFactoryBean
10:45:50.443 [main] DEBUG o.s.b.f.xml.XmlBeanDefinitionReader - Loaded 17 bean definitions from location pattern [file:src/main/webapp/WEB-INF/test-dispatcher-servlet.xml]
10:45:50.445 [main] INFO  o.s.w.c.s.GenericWebApplicationContext - Refreshing org.springframework.web.context.support.GenericWebApplicationContext@420f9c40: startup date [Thu Feb 13 10:45:50 EST 2014]; root of context hierarchy
10:45:50.447 [main] DEBUG o.s.w.c.s.StandardServletEnvironment - Replacing [servletContextInitParams] PropertySource with [servletContextInitParams]
10:45:50.447 [main] DEBUG o.s.w.c.s.GenericWebApplicationContext - Bean factory for org.springframework.web.context.support.GenericWebApplicationContext@420f9c40: org.springframework.beans.factory.support.DefaultListableBeanFactory@31554233: defining beans [userController,org.springframework.context.annotation.internalConfigurationAnnotationProcessor,org.springframework.context.annotation.internalAutowiredAnnotationProcessor,org.springframework.context.annotation.internalRequiredAnnotationProcessor,org.springframework.context.annotation.internalCommonAnnotationProcessor,org.springframework.context.annotation.internalPersistenceAnnotationProcessor,org.springframework.web.servlet.view.InternalResourceViewResolver#0,userRepository,org.springframework.data.repository.core.support.RepositoryInterfaceAwareBeanPostProcessor#0,org.springframework.dao.annotation.PersistenceExceptionTranslationPostProcessor#0,org.springframework.orm.jpa.support.PersistenceAnnotationBeanPostProcessor#0,entityManagerFactory,transactionManager,org.springframework.aop.config.internalAutoProxyCreator,org.springframework.transaction.annotation.AnnotationTransactionAttributeSource#0,org.springframework.transaction.interceptor.TransactionInterceptor#0,org.springframework.transaction.config.internalTransactionAdvisor]; root of factory hierarchy
10:45:50.462 [main] DEBUG o.s.b.f.s.DefaultListableBeanFactory - Creating shared instance of singleton bean &apos;org.springframework.context.annotation.internalConfigurationAnnotationProcessor&apos;
10:45:50.462 [main] DEBUG o.s.b.f.s.DefaultListableBeanFactory - Creating instance of bean &apos;org.springframework.context.annotation.internalConfigurationAnnotationProcessor&apos;
10:45:50.472 [main] DEBUG o.s.b.f.s.DefaultListableBeanFactory - Eagerly caching bean &apos;org.springframework.context.annotation.internalConfigurationAnnotationProcessor&apos; to allow for resolving potential circular references
10:45:50.474 [main] DEBUG o.s.b.f.s.DefaultListableBeanFactory - Finished creating instance of bean &apos;org.springframework.context.annotation.internalConfigurationAnnotationProcessor&apos;
10:45:50.571 [main] DEBUG o.s.c.t.c.AnnotationAttributesReadingVisitor - Failed to class-load type while reading annotation metadata. This is a non-fatal error, but certain annotation metadata may be unavailable.
java.lang.ClassNotFoundException: org.springframework.web.socket.config.annotation.EnableWebSocket
	at java.net.URLClassLoader$1.run(URLClassLoader.java:202) ~[na:1.6.0_51]
	at java.security.AccessController.doPrivileged(Native Method) ~[na:1.6.0_51]
	at java.net.URLClassLoader.findClass(URLClassLoader.java:190) ~[na:1.6.0_51]
	at java.lang.ClassLoader.loadClass(ClassLoader.java:306) ~[na:1.6.0_51]
	at sun.misc.Launcher$AppClassLoader.loadClass(Launcher.java:301) ~[na:1.6.0_51]
	at java.lang.ClassLoader.loadClass(ClassLoader.java:247) ~[na:1.6.0_51]
	at org.springframework.core.type.classreading.RecursiveAnnotationAttributesVisitor.visitEnd(AnnotationAttributesReadingVisitor.java:180) ~[spring-core-4.0.1.RELEASE.jar:4.0.1.RELEASE]
	at org.springframework.asm.ClassReader.readAnnotationValues(ClassReader.java:1491) [spring-core-4.0.1.RELEASE.jar:4.0.1.RELEASE]
	at org.springframework.asm.ClassReader.accept(ClassReader.java:634) [spring-core-4.0.1.RELEASE.jar:4.0.1.RELEASE]
	at org.springframework.asm.ClassReader.accept(ClassReader.java:508) [spring-core-4.0.1.RELEASE.jar:4.0.1.RELEASE]
	at org.springframework.core.type.classreading.SimpleMetadataReader.&lt;init&gt;(SimpleMetadataReader.java:64) [spring-core-4.0.1.RELEASE.jar:4.0.1.RELEASE]
	at org.springframework.core.type.classreading.SimpleMetadataReaderFactory.getMetadataReader(SimpleMetadataReaderFactory.java:82) [spring-core-4.0.1.RELEASE.jar:4.0.1.RELEASE]
	at org.springframework.core.type.classreading.CachingMetadataReaderFactory.getMetadataReader(CachingMetadataReaderFactory.java:102) [spring-core-4.0.1.RELEASE.jar:4.0.1.RELEASE]
	at org.springframework.core.type.classreading.SimpleMetadataReaderFactory.getMetadataReader(SimpleMetadataReaderFactory.java:77) [spring-core-4.0.1.RELEASE.jar:4.0.1.RELEASE]
	at org.springframework.boot.autoconfigure.AutoConfigurationSorter$AutoConfigurationClasses.&lt;init&gt;(AutoConfigurationSorter.java:125) [spring-boot-autoconfigure-1.0.0.RC1.jar:1.0.0.RC1]
	at org.springframework.boot.autoconfigure.AutoConfigurationSorter.getInPriorityOrder(AutoConfigurationSorter.java:60) [spring-boot-autoconfigure-1.0.0.RC1.jar:1.0.0.RC1]
	at org.springframework.boot.autoconfigure.EnableAutoConfigurationImportSelector.selectImports(EnableAutoConfigurationImportSelector.java:66) [spring-boot-autoconfigure-1.0.0.RC1.jar:1.0.0.RC1]
	at org.springframework.context.annotation.ConfigurationClassParser.processDeferredImportSelectors(ConfigurationClassParser.java:379) [spring-context-4.0.1.RELEASE.jar:4.0.1.RELEASE]
	at org.springframework.context.annotation.ConfigurationClassParser.parse(ConfigurationClassParser.java:162) [spring-context-4.0.1.RELEASE.jar:4.0.1.RELEASE]
	at org.springframework.context.annotation.ConfigurationClassPostProcessor.processConfigBeanDefinitions(ConfigurationClassPostProcessor.java:299) [spring-context-4.0.1.RELEASE.jar:4.0.1.RELEASE]
	at org.springframework.context.annotation.ConfigurationClassPostProcessor.postProcessBeanDefinitionRegistry(ConfigurationClassPostProcessor.java:243) [spring-context-4.0.1.RELEASE.jar:4.0.1.RELEASE]
	at org.springframework.context.support.PostProcessorRegistrationDelegate.invokeBeanDefinitionRegistryPostProcessors(PostProcessorRegistrationDelegate.java:254) [spring-context-4.0.1.RELEASE.jar:4.0.1.RELEASE]
	at org.springframework.context.support.PostProcessorRegistrationDelegate.invokeBeanFactoryPostProcessors(PostProcessorRegistrationDelegate.java:94) [spring-context-4.0.1.RELEASE.jar:4.0.1.RELEASE]
	at org.springframework.context.support.AbstractApplicationContext.invokeBeanFactoryPostProcessors(AbstractApplicationContext.java:609) [spring-context-4.0.1.RELEASE.jar:4.0.1.RELEASE]
	at org.springframework.context.support.AbstractApplicationContext.refresh(AbstractApplicationContext.java:464) [spring-context-4.0.1.RELEASE.jar:4.0.1.RELEASE]
	at org.springframework.test.context.web.AbstractGenericWebContextLoader.loadContext(AbstractGenericWebContextLoader.java:129) [spring-test-4.0.1.RELEASE.jar:4.0.1.RELEASE]
	at org.springframework.test.context.web.AbstractGenericWebContextLoader.loadContext(AbstractGenericWebContextLoader.java:60) [spring-test-4.0.1.RELEASE.jar:4.0.1.RELEASE]
	at org.springframework.test.context.support.AbstractDelegatingSmartContextLoader.delegateLoading(AbstractDelegatingSmartContextLoader.java:100) [spring-test-4.0.1.RELEASE.jar:4.0.1.RELEASE]
	at org.springframework.test.context.support.AbstractDelegatingSmartContextLoader.loadContext(AbstractDelegatingSmartContextLoader.java:250) [spring-test-4.0.1.RELEASE.jar:4.0.1.RELEASE]
	at org.springframework.test.context.CacheAwareContextLoaderDelegate.loadContextInternal(CacheAwareContextLoaderDelegate.java:64) [spring-test-4.0.1.RELEASE.jar:4.0.1.RELEASE]
	at org.springframework.test.context.CacheAwareContextLoaderDelegate.loadContext(CacheAwareContextLoaderDelegate.java:91) [spring-test-4.0.1.RELEASE.jar:4.0.1.RELEASE]
	at org.springframework.test.context.DefaultTestContext.getApplicationContext(DefaultTestContext.java:101) [spring-test-4.0.1.RELEASE.jar:4.0.1.RELEASE]
	at org.springframework.test.context.web.ServletTestExecutionListener.setUpRequestContextIfNecessary(ServletTestExecutionListener.java:155) [spring-test-4.0.1.RELEASE.jar:4.0.1.RELEASE]
	at org.springframework.test.context.web.ServletTestExecutionListener.prepareTestInstance(ServletTestExecutionListener.java:100) [spring-test-4.0.1.RELEASE.jar:4.0.1.RELEASE]
	at org.springframework.test.context.TestContextManager.prepareTestInstance(TestContextManager.java:319) [spring-test-4.0.1.RELEASE.jar:4.0.1.RELEASE]
	at org.springframework.test.context.junit4.SpringJUnit4ClassRunner.createTest(SpringJUnit4ClassRunner.java:212) [spring-test-4.0.1.RELEASE.jar:4.0.1.RELEASE]
	at org.springframework.test.context.junit4.SpringJUnit4ClassRunner$1.runReflectiveCall(SpringJUnit4ClassRunner.java:289) [spring-test-4.0.1.RELEASE.jar:4.0.1.RELEASE]
	at org.junit.internal.runners.model.ReflectiveCallable.run(ReflectiveCallable.java:15) [junit-4.8.2.jar:na]
	at org.springframework.test.context.junit4.SpringJUnit4ClassRunner.methodBlock(SpringJUnit4ClassRunner.java:291) [spring-test-4.0.1.RELEASE.jar:4.0.1.RELEASE]
	at org.springframework.test.context.junit4.SpringJUnit4ClassRunner.runChild(SpringJUnit4ClassRunner.java:232) [spring-test-4.0.1.RELEASE.jar:4.0.1.RELEASE]
	at org.springframework.test.context.junit4.SpringJUnit4ClassRunner.runChild(SpringJUnit4ClassRunner.java:89) [spring-test-4.0.1.RELEASE.jar:4.0.1.RELEASE]
	at org.junit.runners.ParentRunner$3.run(ParentRunner.java:193) [junit-4.8.2.jar:na]
	at org.junit.runners.ParentRunner$1.schedule(ParentRunner.java:52) [junit-4.8.2.jar:na]
	at org.junit.runners.ParentRunner.runChildren(ParentRunner.java:191) [junit-4.8.2.jar:na]
	at org.junit.runners.ParentRunner.access$000(ParentRunner.java:42) [junit-4.8.2.jar:na]
	at org.junit.runners.ParentRunner$2.evaluate(ParentRunner.java:184) [junit-4.8.2.jar:na]
	at org.springframework.test.context.junit4.statements.RunBeforeTestClassCallbacks.evaluate(RunBeforeTestClassCallbacks.java:61) [spring-test-4.0.1.RELEASE.jar:4.0.1.RELEASE]
	at org.springframework.test.context.junit4.statements.RunAfterTestClassCallbacks.evaluate(RunAfterTestClassCallbacks.java:71) [spring-test-4.0.1.RELEASE.jar:4.0.1.RELEASE]
	at org.junit.runners.ParentRunner.run(ParentRunner.java:236) [junit-4.8.2.jar:na]
	at org.springframework.test.context.junit4.SpringJUnit4ClassRunner.run(SpringJUnit4ClassRunner.java:175) [spring-test-4.0.1.RELEASE.jar:4.0.1.RELEASE]
	at org.apache.maven.surefire.junit4.JUnit4TestSet.execute(JUnit4TestSet.java:53) [surefire-junit4-2.10.jar:2.10]
	at org.apache.maven.surefire.junit4.JUnit4Provider.executeTestSet(JUnit4Provider.java:123) [surefire-junit4-2.10.jar:2.10]
	at org.apache.maven.surefire.junit4.JUnit4Provider.invoke(JUnit4Provider.java:104) [surefire-junit4-2.10.jar:2.10]
	at sun.reflect.NativeMethodAccessorImpl.invoke0(Native Method) ~[na:1.6.0_51]
	at sun.reflect.NativeMethodAccessorImpl.invoke(NativeMethodAccessorImpl.java:39) ~[na:1.6.0_51]
	at sun.reflect.DelegatingMethodAccessorImpl.invoke(DelegatingMethodAccessorImpl.java:25) ~[na:1.6.0_51]
	at java.lang.reflect.Method.invoke(Method.java:597) ~[na:1.6.0_51]
	at org.apache.maven.surefire.util.ReflectionUtils.invokeMethodWithArray(ReflectionUtils.java:164) [surefire-api-2.10.jar:2.10]
	at org.apache.maven.surefire.booter.ProviderFactory$ProviderProxy.invoke(ProviderFactory.java:110) [surefire-booter-2.10.jar:2.10]
	at org.apache.maven.surefire.booter.SurefireStarter.invokeProvider(SurefireStarter.java:175) [surefire-booter-2.10.jar:2.10]
	at org.apache.maven.surefire.booter.SurefireStarter.runSuitesInProcessWhenForked(SurefireStarter.java:107) [surefire-booter-2.10.jar:2.10]
	at org.apache.maven.surefire.booter.ForkedBooter.main(ForkedBooter.java:68) [surefire-booter-2.10.jar:2.10]
10:45:50.597 [main] DEBUG o.s.c.t.c.AnnotationAttributesReadingVisitor - Failed to class-load type while reading annotation metadata. This is a non-fatal error, but certain annotation metadata may be unavailable.
java.lang.ClassNotFoundException: org.springframework.web.socket.config.annotation.EnableWebSocket
	at java.net.URLClassLoader$1.run(URLClassLoader.java:202) ~[na:1.6.0_51]
	at java.security.AccessController.doPrivileged(Native Method) ~[na:1.6.0_51]
	at java.net.URLClassLoader.findClass(URLClassLoader.java:190) ~[na:1.6.0_51]
	at java.lang.ClassLoader.loadClass(ClassLoader.java:306) ~[na:1.6.0_51]
	at sun.misc.Launcher$AppClassLoader.loadClass(Launcher.java:301) ~[na:1.6.0_51]
	at java.lang.ClassLoader.loadClass(ClassLoader.java:247) ~[na:1.6.0_51]
	at org.springframework.core.type.classreading.RecursiveAnnotationAttributesVisitor.visitEnd(AnnotationAttributesReadingVisitor.java:180) ~[spring-core-4.0.1.RELEASE.jar:4.0.1.RELEASE]
	at org.springframework.asm.ClassReader.readAnnotationValues(ClassReader.java:1491) [spring-core-4.0.1.RELEASE.jar:4.0.1.RELEASE]
	at org.springframework.asm.ClassReader.accept(ClassReader.java:634) [spring-core-4.0.1.RELEASE.jar:4.0.1.RELEASE]
	at org.springframework.asm.ClassReader.accept(ClassReader.java:508) [spring-core-4.0.1.RELEASE.jar:4.0.1.RELEASE]
	at org.springframework.core.type.classreading.SimpleMetadataReader.&lt;init&gt;(SimpleMetadataReader.java:64) [spring-core-4.0.1.RELEASE.jar:4.0.1.RELEASE]
	at org.springframework.core.type.classreading.SimpleMetadataReaderFactory.getMetadataReader(SimpleMetadataReaderFactory.java:82) [spring-core-4.0.1.RELEASE.jar:4.0.1.RELEASE]
	at org.springframework.core.type.classreading.CachingMetadataReaderFactory.getMetadataReader(CachingMetadataReaderFactory.java:102) [spring-core-4.0.1.RELEASE.jar:4.0.1.RELEASE]
	at org.springframework.core.type.classreading.SimpleMetadataReaderFactory.getMetadataReader(SimpleMetadataReaderFactory.java:77) [spring-core-4.0.1.RELEASE.jar:4.0.1.RELEASE]
	at org.springframework.context.annotation.ConfigurationClassParser.asSourceClass(ConfigurationClassParser.java:551) [spring-context-4.0.1.RELEASE.jar:4.0.1.RELEASE]
	at org.springframework.context.annotation.ConfigurationClassParser.asSourceClasses(ConfigurationClassParser.java:538) [spring-context-4.0.1.RELEASE.jar:4.0.1.RELEASE]
	at org.springframework.context.annotation.ConfigurationClassParser.processDeferredImportSelectors(ConfigurationClassParser.java:380) [spring-context-4.0.1.RELEASE.jar:4.0.1.RELEASE]
	at org.springframework.context.annotation.ConfigurationClassParser.parse(ConfigurationClassParser.java:162) [spring-context-4.0.1.RELEASE.jar:4.0.1.RELEASE]
	at org.springframework.context.annotation.ConfigurationClassPostProcessor.processConfigBeanDefinitions(ConfigurationClassPostProcessor.java:299) [spring-context-4.0.1.RELEASE.jar:4.0.1.RELEASE]
	at org.springframework.context.annotation.ConfigurationClassPostProcessor.postProcessBeanDefinitionRegistry(ConfigurationClassPostProcessor.java:243) [spring-context-4.0.1.RELEASE.jar:4.0.1.RELEASE]
	at org.springframework.context.support.PostProcessorRegistrationDelegate.invokeBeanDefinitionRegistryPostProcessors(PostProcessorRegistrationDelegate.java:254) [spring-context-4.0.1.RELEASE.jar:4.0.1.RELEASE]
	at org.springframework.context.support.PostProcessorRegistrationDelegate.invokeBeanFactoryPostProcessors(PostProcessorRegistrationDelegate.java:94) [spring-context-4.0.1.RELEASE.jar:4.0.1.RELEASE]
	at org.springframework.context.support.AbstractApplicationContext.invokeBeanFactoryPostProcessors(AbstractApplicationContext.java:609) [spring-context-4.0.1.RELEASE.jar:4.0.1.RELEASE]
	at org.springframework.context.support.AbstractApplicationContext.refresh(AbstractApplicationContext.java:464) [spring-context-4.0.1.RELEASE.jar:4.0.1.RELEASE]
	at org.springframework.test.context.web.AbstractGenericWebContextLoader.loadContext(AbstractGenericWebContextLoader.java:129) [spring-test-4.0.1.RELEASE.jar:4.0.1.RELEASE]
	at org.springframework.test.context.web.AbstractGenericWebContextLoader.loadContext(AbstractGenericWebContextLoader.java:60) [spring-test-4.0.1.RELEASE.jar:4.0.1.RELEASE]
	at org.springframework.test.context.support.AbstractDelegatingSmartContextLoader.delegateLoading(AbstractDelegatingSmartContextLoader.java:100) [spring-test-4.0.1.RELEASE.jar:4.0.1.RELEASE]
	at org.springframework.test.context.support.AbstractDelegatingSmartContextLoader.loadContext(AbstractDelegatingSmartContextLoader.java:250) [spring-test-4.0.1.RELEASE.jar:4.0.1.RELEASE]
	at org.springframework.test.context.CacheAwareContextLoaderDelegate.loadContextInternal(CacheAwareContextLoaderDelegate.java:64) [spring-test-4.0.1.RELEASE.jar:4.0.1.RELEASE]
	at org.springframework.test.context.CacheAwareContextLoaderDelegate.loadContext(CacheAwareContextLoaderDelegate.java:91) [spring-test-4.0.1.RELEASE.jar:4.0.1.RELEASE]
	at org.springframework.test.context.DefaultTestContext.getApplicationContext(DefaultTestContext.java:101) [spring-test-4.0.1.RELEASE.jar:4.0.1.RELEASE]
	at org.springframework.test.context.web.ServletTestExecutionListener.setUpRequestContextIfNecessary(ServletTestExecutionListener.java:155) [spring-test-4.0.1.RELEASE.jar:4.0.1.RELEASE]
	at org.springframework.test.context.web.ServletTestExecutionListener.prepareTestInstance(ServletTestExecutionListener.java:100) [spring-test-4.0.1.RELEASE.jar:4.0.1.RELEASE]
	at org.springframework.test.context.TestContextManager.prepareTestInstance(TestContextManager.java:319) [spring-test-4.0.1.RELEASE.jar:4.0.1.RELEASE]
	at org.springframework.test.context.junit4.SpringJUnit4ClassRunner.createTest(SpringJUnit4ClassRunner.java:212) [spring-test-4.0.1.RELEASE.jar:4.0.1.RELEASE]
	at org.springframework.test.context.junit4.SpringJUnit4ClassRunner$1.runReflectiveCall(SpringJUnit4ClassRunner.java:289) [spring-test-4.0.1.RELEASE.jar:4.0.1.RELEASE]
	at org.junit.internal.runners.model.ReflectiveCallable.run(ReflectiveCallable.java:15) [junit-4.8.2.jar:na]
	at org.springframework.test.context.junit4.SpringJUnit4ClassRunner.methodBlock(SpringJUnit4ClassRunner.java:291) [spring-test-4.0.1.RELEASE.jar:4.0.1.RELEASE]
	at org.springframework.test.context.junit4.SpringJUnit4ClassRunner.runChild(SpringJUnit4ClassRunner.java:232) [spring-test-4.0.1.RELEASE.jar:4.0.1.RELEASE]
	at org.springframework.test.context.junit4.SpringJUnit4ClassRunner.runChild(SpringJUnit4ClassRunner.java:89) [spring-test-4.0.1.RELEASE.jar:4.0.1.RELEASE]
	at org.junit.runners.ParentRunner$3.run(ParentRunner.java:193) [junit-4.8.2.jar:na]
	at org.junit.runners.ParentRunner$1.schedule(ParentRunner.java:52) [junit-4.8.2.jar:na]
	at org.junit.runners.ParentRunner.runChildren(ParentRunner.java:191) [junit-4.8.2.jar:na]
	at org.junit.runners.ParentRunner.access$000(ParentRunner.java:42) [junit-4.8.2.jar:na]
	at org.junit.runners.ParentRunner$2.evaluate(ParentRunner.java:184) [junit-4.8.2.jar:na]
	at org.springframework.test.context.junit4.statements.RunBeforeTestClassCallbacks.evaluate(RunBeforeTestClassCallbacks.java:61) [spring-test-4.0.1.RELEASE.jar:4.0.1.RELEASE]
	at org.springframework.test.context.junit4.statements.RunAfterTestClassCallbacks.evaluate(RunAfterTestClassCallbacks.java:71) [spring-test-4.0.1.RELEASE.jar:4.0.1.RELEASE]
	at org.junit.runners.ParentRunner.run(ParentRunner.java:236) [junit-4.8.2.jar:na]
	at org.springframework.test.context.junit4.SpringJUnit4ClassRunner.run(SpringJUnit4ClassRunner.java:175) [spring-test-4.0.1.RELEASE.jar:4.0.1.RELEASE]
	at org.apache.maven.surefire.junit4.JUnit4TestSet.execute(JUnit4TestSet.java:53) [surefire-junit4-2.10.jar:2.10]
	at org.apache.maven.surefire.junit4.JUnit4Provider.executeTestSet(JUnit4Provider.java:123) [surefire-junit4-2.10.jar:2.10]
	at org.apache.maven.surefire.junit4.JUnit4Provider.invoke(JUnit4Provider.java:104) [surefire-junit4-2.10.jar:2.10]
	at sun.reflect.NativeMethodAccessorImpl.invoke0(Native Method) ~[na:1.6.0_51]
	at sun.reflect.NativeMethodAccessorImpl.invoke(NativeMethodAccessorImpl.java:39) ~[na:1.6.0_51]
	at sun.reflect.DelegatingMethodAccessorImpl.invoke(DelegatingMethodAccessorImpl.java:25) ~[na:1.6.0_51]
	at java.lang.reflect.Method.invoke(Method.java:597) ~[na:1.6.0_51]
	at org.apache.maven.surefire.util.ReflectionUtils.invokeMethodWithArray(ReflectionUtils.java:164) [surefire-api-2.10.jar:2.10]
	at org.apache.maven.surefire.booter.ProviderFactory$ProviderProxy.invoke(ProviderFactory.java:110) [surefire-booter-2.10.jar:2.10]
	at org.apache.maven.surefire.booter.SurefireStarter.invokeProvider(SurefireStarter.java:175) [surefire-booter-2.10.jar:2.10]
	at org.apache.maven.surefire.booter.SurefireStarter.runSuitesInProcessWhenForked(SurefireStarter.java:107) [surefire-booter-2.10.jar:2.10]
	at org.apache.maven.surefire.booter.ForkedBooter.main(ForkedBooter.java:68) [surefire-booter-2.10.jar:2.10]
10:45:50.636 [main] DEBUG o.s.b.f.s.DefaultListableBeanFactory - Returning cached instance of singleton bean &apos;autoConfigurationReport&apos;
10:45:50.639 [main] DEBUG o.s.b.f.s.DefaultListableBeanFactory - Returning cached instance of singleton bean &apos;autoConfigurationReport&apos;
10:45:50.640 [main] DEBUG o.s.b.f.s.DefaultListableBeanFactory - Returning cached instance of singleton bean &apos;autoConfigurationReport&apos;
10:45:50.643 [main] DEBUG o.s.b.f.s.DefaultListableBeanFactory - Returning cached instance of singleton bean &apos;autoConfigurationReport&apos;
10:45:50.645 [main] DEBUG o.s.b.f.s.DefaultListableBeanFactory - Returning cached instance of singleton bean &apos;autoConfigurationReport&apos;
10:45:50.647 [main] DEBUG o.s.b.f.s.DefaultListableBeanFactory - Returning cached instance of singleton bean &apos;autoConfigurationReport&apos;
10:45:50.647 [main] DEBUG o.s.b.f.s.DefaultListableBeanFactory - Returning cached instance of singleton bean &apos;autoConfigurationReport&apos;
10:45:50.650 [main] DEBUG o.s.b.f.s.DefaultListableBeanFactory - Returning cached instance of singleton bean &apos;autoConfigurationReport&apos;
10:45:50.651 [main] DEBUG o.s.c.e.PropertySourcesPropertyResolver - Searching for key &apos;error.whitelabel.enabled:true&apos; in [servletConfigInitParams]
10:45:50.651 [main] DEBUG o.s.c.e.PropertySourcesPropertyResolver - Searching for key &apos;error.whitelabel.enabled:true&apos; in [servletContextInitParams]
10:45:50.651 [main] DEBUG o.s.c.e.PropertySourcesPropertyResolver - Searching for key &apos;error.whitelabel.enabled:true&apos; in [jndiProperties]
10:45:50.651 [main] DEBUG o.springframework.jndi.JndiTemplate - Looking up JNDI object with name [error.whitelabel.enabled:true]
10:45:50.653 [main] DEBUG o.s.jndi.JndiPropertySource - JNDI lookup for name [error.whitelabel.enabled:true] threw NamingException with message: Need to specify class name in environment or system property, or as an applet parameter, or in an application resource file:  java.naming.factory.initial. Returning null.
10:45:50.653 [main] DEBUG o.s.c.e.PropertySourcesPropertyResolver - Searching for key &apos;error.whitelabel.enabled:true&apos; in [systemProperties]
10:45:50.653 [main] DEBUG o.s.c.e.PropertySourcesPropertyResolver - Searching for key &apos;error.whitelabel.enabled:true&apos; in [systemEnvironment]
10:45:50.654 [main] DEBUG o.s.c.e.PropertySourcesPropertyResolver - Could not find key &apos;error.whitelabel.enabled:true&apos; in any property source. Returning [null]
10:45:50.654 [main] DEBUG o.s.c.e.PropertySourcesPropertyResolver - Searching for key &apos;error.whitelabel.enabled&apos; in [servletConfigInitParams]
10:45:50.654 [main] DEBUG o.s.c.e.PropertySourcesPropertyResolver - Searching for key &apos;error.whitelabel.enabled&apos; in [servletContextInitParams]
10:45:50.654 [main] DEBUG o.s.c.e.PropertySourcesPropertyResolver - Searching for key &apos;error.whitelabel.enabled&apos; in [jndiProperties]
10:45:50.654 [main] DEBUG o.springframework.jndi.JndiTemplate - Looking up JNDI object with name [java:comp/env/error.whitelabel.enabled]
10:45:50.654 [main] DEBUG o.s.jndi.JndiLocatorDelegate - Converted JNDI name [java:comp/env/error.whitelabel.enabled] not found - trying original name [error.whitelabel.enabled]. javax.naming.NoInitialContextException: Need to specify class name in environment or system property, or as an applet parameter, or in an application resource file:  java.naming.factory.initial
10:45:50.654 [main] DEBUG o.springframework.jndi.JndiTemplate - Looking up JNDI object with name [error.whitelabel.enabled]
10:45:50.654 [main] DEBUG o.s.jndi.JndiPropertySource - JNDI lookup for name [error.whitelabel.enabled] threw NamingException with message: Need to specify class name in environment or system property, or as an applet parameter, or in an application resource file:  java.naming.factory.initial. Returning null.
10:45:50.655 [main] DEBUG o.s.c.e.PropertySourcesPropertyResolver - Searching for key &apos;error.whitelabel.enabled&apos; in [systemProperties]
10:45:50.655 [main] DEBUG o.s.c.e.PropertySourcesPropertyResolver - Searching for key &apos;error.whitelabel.enabled&apos; in [systemEnvironment]
10:45:50.655 [main] DEBUG o.s.c.e.PropertySourcesPropertyResolver - Could not find key &apos;error.whitelabel.enabled&apos; in any property source. Returning [null]
10:45:50.723 [main] DEBUG o.s.b.f.s.DefaultListableBeanFactory - Returning cached instance of singleton bean &apos;autoConfigurationReport&apos;
10:45:50.726 [main] DEBUG o.s.b.f.s.DefaultListableBeanFactory - Returning cached instance of singleton bean &apos;autoConfigurationReport&apos;
10:45:50.727 [main] DEBUG o.s.b.f.s.DefaultListableBeanFactory - Returning cached instance of singleton bean &apos;autoConfigurationReport&apos;
10:45:50.740 [main] DEBUG o.s.b.f.s.DefaultListableBeanFactory - Returning cached instance of singleton bean &apos;autoConfigurationReport&apos;
10:45:50.741 [main] DEBUG o.s.b.f.s.DefaultListableBeanFactory - Returning cached instance of singleton bean &apos;autoConfigurationReport&apos;
10:45:50.742 [main] DEBUG o.s.b.f.s.DefaultListableBeanFactory - Returning cached instance of singleton bean &apos;autoConfigurationReport&apos;
10:45:50.743 [main] DEBUG o.s.b.f.s.DefaultListableBeanFactory - Returning cached instance of singleton bean &apos;autoConfigurationReport&apos;
10:45:50.744 [main] DEBUG o.s.b.f.s.DefaultListableBeanFactory - Returning cached instance of singleton bean &apos;autoConfigurationReport&apos;
10:45:50.746 [main] DEBUG o.s.c.e.PropertySourcesPropertyResolver - Searching for key &apos;endpoints.jmx.enabled:true&apos; in [servletConfigInitParams]
10:45:50.747 [main] DEBUG o.s.c.e.PropertySourcesPropertyResolver - Searching for key &apos;endpoints.jmx.enabled:true&apos; in [servletContextInitParams]
10:45:50.747 [main] DEBUG o.s.c.e.PropertySourcesPropertyResolver - Searching for key &apos;endpoints.jmx.enabled:true&apos; in [jndiProperties]
10:45:50.747 [main] DEBUG o.springframework.jndi.JndiTemplate - Looking up JNDI object with name [endpoints.jmx.enabled:true]
10:45:50.747 [main] DEBUG o.s.jndi.JndiPropertySource - JNDI lookup for name [endpoints.jmx.enabled:true] threw NamingException with message: Need to specify class name in environment or system property, or as an applet parameter, or in an application resource file:  java.naming.factory.initial. Returning null.
10:45:50.747 [main] DEBUG o.s.c.e.PropertySourcesPropertyResolver - Searching for key &apos;endpoints.jmx.enabled:true&apos; in [systemProperties]
10:45:50.748 [main] DEBUG o.s.c.e.PropertySourcesPropertyResolver - Searching for key &apos;endpoints.jmx.enabled:true&apos; in [systemEnvironment]
10:45:50.748 [main] DEBUG o.s.c.e.PropertySourcesPropertyResolver - Could not find key &apos;endpoints.jmx.enabled:true&apos; in any property source. Returning [null]
10:45:50.748 [main] DEBUG o.s.c.e.PropertySourcesPropertyResolver - Searching for key &apos;endpoints.jmx.enabled&apos; in [servletConfigInitParams]
10:45:50.748 [main] DEBUG o.s.c.e.PropertySourcesPropertyResolver - Searching for key &apos;endpoints.jmx.enabled&apos; in [servletContextInitParams]
10:45:50.748 [main] DEBUG o.s.c.e.PropertySourcesPropertyResolver - Searching for key &apos;endpoints.jmx.enabled&apos; in [jndiProperties]
10:45:50.748 [main] DEBUG o.springframework.jndi.JndiTemplate - Looking up JNDI object with name [java:comp/env/endpoints.jmx.enabled]
10:45:50.748 [main] DEBUG o.s.jndi.JndiLocatorDelegate - Converted JNDI name [java:comp/env/endpoints.jmx.enabled] not found - trying original name [endpoints.jmx.enabled]. javax.naming.NoInitialContextException: Need to specify class name in environment or system property, or as an applet parameter, or in an application resource file:  java.naming.factory.initial
10:45:50.748 [main] DEBUG o.springframework.jndi.JndiTemplate - Looking up JNDI object with name [endpoints.jmx.enabled]
10:45:50.749 [main] DEBUG o.s.jndi.JndiPropertySource - JNDI lookup for name [endpoints.jmx.enabled] threw NamingException with message: Need to specify class name in environment or system property, or as an applet parameter, or in an application resource file:  java.naming.factory.initial. Returning null.
10:45:50.749 [main] DEBUG o.s.c.e.PropertySourcesPropertyResolver - Searching for key &apos;endpoints.jmx.enabled&apos; in [systemProperties]
10:45:50.749 [main] DEBUG o.s.c.e.PropertySourcesPropertyResolver - Searching for key &apos;endpoints.jmx.enabled&apos; in [systemEnvironment]
10:45:50.749 [main] DEBUG o.s.c.e.PropertySourcesPropertyResolver - Could not find key &apos;endpoints.jmx.enabled&apos; in any property source. Returning [null]
10:45:50.749 [main] DEBUG o.s.c.e.PropertySourcesPropertyResolver - Searching for key &apos;spring.jmx.enabled:true&apos; in [servletConfigInitParams]
10:45:50.749 [main] DEBUG o.s.c.e.PropertySourcesPropertyResolver - Searching for key &apos;spring.jmx.enabled:true&apos; in [servletContextInitParams]
10:45:50.749 [main] DEBUG o.s.c.e.PropertySourcesPropertyResolver - Searching for key &apos;spring.jmx.enabled:true&apos; in [jndiProperties]
10:45:50.749 [main] DEBUG o.springframework.jndi.JndiTemplate - Looking up JNDI object with name [spring.jmx.enabled:true]
10:45:50.750 [main] DEBUG o.s.jndi.JndiPropertySource - JNDI lookup for name [spring.jmx.enabled:true] threw NamingException with message: Need to specify class name in environment or system property, or as an applet parameter, or in an application resource file:  java.naming.factory.initial. Returning null.
10:45:50.750 [main] DEBUG o.s.c.e.PropertySourcesPropertyResolver - Searching for key &apos;spring.jmx.enabled:true&apos; in [systemProperties]
10:45:50.750 [main] DEBUG o.s.c.e.PropertySourcesPropertyResolver - Searching for key &apos;spring.jmx.enabled:true&apos; in [systemEnvironment]
10:45:50.753 [main] DEBUG o.s.c.e.PropertySourcesPropertyResolver - Could not find key &apos;spring.jmx.enabled:true&apos; in any property source. Returning [null]
10:45:50.753 [main] DEBUG o.s.c.e.PropertySourcesPropertyResolver - Searching for key &apos;spring.jmx.enabled&apos; in [servletConfigInitParams]
10:45:50.753 [main] DEBUG o.s.c.e.PropertySourcesPropertyResolver - Searching for key &apos;spring.jmx.enabled&apos; in [servletContextInitParams]
10:45:50.754 [main] DEBUG o.s.c.e.PropertySourcesPropertyResolver - Searching for key &apos;spring.jmx.enabled&apos; in [jndiProperties]
10:45:50.754 [main] DEBUG o.springframework.jndi.JndiTemplate - Looking up JNDI object with name [java:comp/env/spring.jmx.enabled]
10:45:50.754 [main] DEBUG o.s.jndi.JndiLocatorDelegate - Converted JNDI name [java:comp/env/spring.jmx.enabled] not found - trying original name [spring.jmx.enabled]. javax.naming.NoInitialContextException: Need to specify class name in environment or system property, or as an applet parameter, or in an application resource file:  java.naming.factory.initial
10:45:50.754 [main] DEBUG o.springframework.jndi.JndiTemplate - Looking up JNDI object with name [spring.jmx.enabled]
10:45:50.754 [main] DEBUG o.s.jndi.JndiPropertySource - JNDI lookup for name [spring.jmx.enabled] threw NamingException with message: Need to specify class name in environment or system property, or as an applet parameter, or in an application resource file:  java.naming.factory.initial. Returning null.
10:45:50.754 [main] DEBUG o.s.c.e.PropertySourcesPropertyResolver - Searching for key &apos;spring.jmx.enabled&apos; in [systemProperties]
10:45:50.754 [main] DEBUG o.s.c.e.PropertySourcesPropertyResolver - Searching for key &apos;spring.jmx.enabled&apos; in [systemEnvironment]
10:45:50.755 [main] DEBUG o.s.c.e.PropertySourcesPropertyResolver - Could not find key &apos;spring.jmx.enabled&apos; in any property source. Returning [null]
10:45:50.758 [main] DEBUG o.s.b.f.s.DefaultListableBeanFactory - Returning cached instance of singleton bean &apos;autoConfigurationReport&apos;
10:45:50.763 [main] DEBUG o.s.b.f.s.DefaultListableBeanFactory - Returning cached instance of singleton bean &apos;autoConfigurationReport&apos;
10:45:50.765 [main] DEBUG o.s.b.f.s.DefaultListableBeanFactory - Returning cached instance of singleton bean &apos;autoConfigurationReport&apos;
10:45:50.765 [main] DEBUG o.s.b.f.s.DefaultListableBeanFactory - Returning cached instance of singleton bean &apos;autoConfigurationReport&apos;
10:45:50.775 [main] DEBUG o.s.b.f.s.DefaultListableBeanFactory - Returning cached instance of singleton bean &apos;autoConfigurationReport&apos;
10:45:50.779 [main] DEBUG o.s.b.f.s.DefaultListableBeanFactory - Returning cached instance of singleton bean &apos;autoConfigurationReport&apos;
10:45:50.782 [main] DEBUG o.s.b.f.s.DefaultListableBeanFactory - Returning cached instance of singleton bean &apos;autoConfigurationReport&apos;
10:45:50.789 [main] DEBUG o.s.b.f.s.DefaultListableBeanFactory - Returning cached instance of singleton bean &apos;autoConfigurationReport&apos;
10:45:50.795 [main] DEBUG o.s.b.f.s.DefaultListableBeanFactory - Returning cached instance of singleton bean &apos;autoConfigurationReport&apos;
10:45:50.797 [main] DEBUG o.s.b.f.s.DefaultListableBeanFactory - Returning cached instance of singleton bean &apos;autoConfigurationReport&apos;
10:45:50.797 [main] DEBUG o.s.c.e.PropertySourcesPropertyResolver - Searching for key &apos;spring.aop.auto:true&apos; in [servletConfigInitParams]
10:45:50.797 [main] DEBUG o.s.c.e.PropertySourcesPropertyResolver - Searching for key &apos;spring.aop.auto:true&apos; in [servletContextInitParams]
10:45:50.797 [main] DEBUG o.s.c.e.PropertySourcesPropertyResolver - Searching for key &apos;spring.aop.auto:true&apos; in [jndiProperties]
10:45:50.797 [main] DEBUG o.springframework.jndi.JndiTemplate - Looking up JNDI object with name [spring.aop.auto:true]
10:45:50.798 [main] DEBUG o.s.jndi.JndiPropertySource - JNDI lookup for name [spring.aop.auto:true] threw NamingException with message: Need to specify class name in environment or system property, or as an applet parameter, or in an application resource file:  java.naming.factory.initial. Returning null.
10:45:50.798 [main] DEBUG o.s.c.e.PropertySourcesPropertyResolver - Searching for key &apos;spring.aop.auto:true&apos; in [systemProperties]
10:45:50.798 [main] DEBUG o.s.c.e.PropertySourcesPropertyResolver - Searching for key &apos;spring.aop.auto:true&apos; in [systemEnvironment]
10:45:50.798 [main] DEBUG o.s.c.e.PropertySourcesPropertyResolver - Could not find key &apos;spring.aop.auto:true&apos; in any property source. Returning [null]
10:45:50.799 [main] DEBUG o.s.c.e.PropertySourcesPropertyResolver - Searching for key &apos;spring.aop.auto&apos; in [servletConfigInitParams]
10:45:50.799 [main] DEBUG o.s.c.e.PropertySourcesPropertyResolver - Searching for key &apos;spring.aop.auto&apos; in [servletContextInitParams]
10:45:50.799 [main] DEBUG o.s.c.e.PropertySourcesPropertyResolver - Searching for key &apos;spring.aop.auto&apos; in [jndiProperties]
10:45:50.799 [main] DEBUG o.springframework.jndi.JndiTemplate - Looking up JNDI object with name [java:comp/env/spring.aop.auto]
10:45:50.799 [main] DEBUG o.s.jndi.JndiLocatorDelegate - Converted JNDI name [java:comp/env/spring.aop.auto] not found - trying original name [spring.aop.auto]. javax.naming.NoInitialContextException: Need to specify class name in environment or system property, or as an applet parameter, or in an application resource file:  java.naming.factory.initial
10:45:50.799 [main] DEBUG o.springframework.jndi.JndiTemplate - Looking up JNDI object with name [spring.aop.auto]
10:45:50.799 [main] DEBUG o.s.jndi.JndiPropertySource - JNDI lookup for name [spring.aop.auto] threw NamingException with message: Need to specify class name in environment or system property, or as an applet parameter, or in an application resource file:  java.naming.factory.initial. Returning null.
10:45:50.799 [main] DEBUG o.s.c.e.PropertySourcesPropertyResolver - Searching for key &apos;spring.aop.auto&apos; in [systemProperties]
10:45:50.799 [main] DEBUG o.s.c.e.PropertySourcesPropertyResolver - Searching for key &apos;spring.aop.auto&apos; in [systemEnvironment]
10:45:50.800 [main] DEBUG o.s.c.e.PropertySourcesPropertyResolver - Could not find key &apos;spring.aop.auto&apos; in any property source. Returning [null]
10:45:50.800 [main] DEBUG o.s.b.f.s.DefaultListableBeanFactory - Returning cached instance of singleton bean &apos;autoConfigurationReport&apos;
10:45:50.803 [main] DEBUG o.s.c.e.PropertySourcesPropertyResolver - Searching for key &apos;spring.aop.proxyTargetClass:false&apos; in [servletConfigInitParams]
10:45:50.803 [main] DEBUG o.s.c.e.PropertySourcesPropertyResolver - Searching for key &apos;spring.aop.proxyTargetClass:false&apos; in [servletContextInitParams]
10:45:50.803 [main] DEBUG o.s.c.e.PropertySourcesPropertyResolver - Searching for key &apos;spring.aop.proxyTargetClass:false&apos; in [jndiProperties]
10:45:50.803 [main] DEBUG o.springframework.jndi.JndiTemplate - Looking up JNDI object with name [spring.aop.proxyTargetClass:false]
10:45:50.804 [main] DEBUG o.s.jndi.JndiPropertySource - JNDI lookup for name [spring.aop.proxyTargetClass:false] threw NamingException with message: Need to specify class name in environment or system property, or as an applet parameter, or in an application resource file:  java.naming.factory.initial. Returning null.
10:45:50.804 [main] DEBUG o.s.c.e.PropertySourcesPropertyResolver - Searching for key &apos;spring.aop.proxyTargetClass:false&apos; in [systemProperties]
10:45:50.804 [main] DEBUG o.s.c.e.PropertySourcesPropertyResolver - Searching for key &apos;spring.aop.proxyTargetClass:false&apos; in [systemEnvironment]
10:45:50.805 [main] DEBUG o.s.c.e.PropertySourcesPropertyResolver - Could not find key &apos;spring.aop.proxyTargetClass:false&apos; in any property source. Returning [null]
10:45:50.806 [main] DEBUG o.s.c.e.PropertySourcesPropertyResolver - Searching for key &apos;spring.aop.proxyTargetClass&apos; in [servletConfigInitParams]
10:45:50.806 [main] DEBUG o.s.c.e.PropertySourcesPropertyResolver - Searching for key &apos;spring.aop.proxyTargetClass&apos; in [servletContextInitParams]
10:45:50.806 [main] DEBUG o.s.c.e.PropertySourcesPropertyResolver - Searching for key &apos;spring.aop.proxyTargetClass&apos; in [jndiProperties]
10:45:50.807 [main] DEBUG o.springframework.jndi.JndiTemplate - Looking up JNDI object with name [java:comp/env/spring.aop.proxyTargetClass]
10:45:50.807 [main] DEBUG o.s.jndi.JndiLocatorDelegate - Converted JNDI name [java:comp/env/spring.aop.proxyTargetClass] not found - trying original name [spring.aop.proxyTargetClass]. javax.naming.NoInitialContextException: Need to specify class name in environment or system property, or as an applet parameter, or in an application resource file:  java.naming.factory.initial
10:45:50.807 [main] DEBUG o.springframework.jndi.JndiTemplate - Looking up JNDI object with name [spring.aop.proxyTargetClass]
10:45:50.808 [main] DEBUG o.s.jndi.JndiPropertySource - JNDI lookup for name [spring.aop.proxyTargetClass] threw NamingException with message: Need to specify class name in environment or system property, or as an applet parameter, or in an application resource file:  java.naming.factory.initial. Returning null.
10:45:50.808 [main] DEBUG o.s.c.e.PropertySourcesPropertyResolver - Searching for key &apos;spring.aop.proxyTargetClass&apos; in [systemProperties]
10:45:50.809 [main] DEBUG o.s.c.e.PropertySourcesPropertyResolver - Searching for key &apos;spring.aop.proxyTargetClass&apos; in [systemEnvironment]
10:45:50.810 [main] DEBUG o.s.c.e.PropertySourcesPropertyResolver - Could not find key &apos;spring.aop.proxyTargetClass&apos; in any property source. Returning [null]
10:45:50.811 [main] DEBUG o.s.b.f.s.DefaultListableBeanFactory - Returning cached instance of singleton bean &apos;autoConfigurationReport&apos;
10:45:50.812 [main] DEBUG o.s.c.e.PropertySourcesPropertyResolver - Searching for key &apos;spring.aop.proxyTargetClass:false&apos; in [servletConfigInitParams]
10:45:50.813 [main] DEBUG o.s.c.e.PropertySourcesPropertyResolver - Searching for key &apos;spring.aop.proxyTargetClass:false&apos; in [servletContextInitParams]
10:45:50.813 [main] DEBUG o.s.c.e.PropertySourcesPropertyResolver - Searching for key &apos;spring.aop.proxyTargetClass:false&apos; in [jndiProperties]
10:45:50.813 [main] DEBUG o.springframework.jndi.JndiTemplate - Looking up JNDI object with name [spring.aop.proxyTargetClass:false]
10:45:50.814 [main] DEBUG o.s.jndi.JndiPropertySource - JNDI lookup for name [spring.aop.proxyTargetClass:false] threw NamingException with message: Need to specify class name in environment or system property, or as an applet parameter, or in an application resource file:  java.naming.factory.initial. Returning null.
10:45:50.814 [main] DEBUG o.s.c.e.PropertySourcesPropertyResolver - Searching for key &apos;spring.aop.proxyTargetClass:false&apos; in [systemProperties]
10:45:50.814 [main] DEBUG o.s.c.e.PropertySourcesPropertyResolver - Searching for key &apos;spring.aop.proxyTargetClass:false&apos; in [systemEnvironment]
10:45:50.816 [main] DEBUG o.s.c.e.PropertySourcesPropertyResolver - Could not find key &apos;spring.aop.proxyTargetClass:false&apos; in any property source. Returning [null]
10:45:50.816 [main] DEBUG o.s.c.e.PropertySourcesPropertyResolver - Searching for key &apos;spring.aop.proxyTargetClass&apos; in [servletConfigInitParams]
10:45:50.817 [main] DEBUG o.s.c.e.PropertySourcesPropertyResolver - Searching for key &apos;spring.aop.proxyTargetClass&apos; in [servletContextInitParams]
10:45:50.817 [main] DEBUG o.s.c.e.PropertySourcesPropertyResolver - Searching for key &apos;spring.aop.proxyTargetClass&apos; in [jndiProperties]
10:45:50.817 [main] DEBUG o.springframework.jndi.JndiTemplate - Looking up JNDI object with name [java:comp/env/spring.aop.proxyTargetClass]
10:45:50.818 [main] DEBUG o.s.jndi.JndiLocatorDelegate - Converted JNDI name [java:comp/env/spring.aop.proxyTargetClass] not found - trying original name [spring.aop.proxyTargetClass]. javax.naming.NoInitialContextException: Need to specify class name in environment or system property, or as an applet parameter, or in an application resource file:  java.naming.factory.initial
10:45:50.818 [main] DEBUG o.springframework.jndi.JndiTemplate - Looking up JNDI object with name [spring.aop.proxyTargetClass]
10:45:50.818 [main] DEBUG o.s.jndi.JndiPropertySource - JNDI lookup for name [spring.aop.proxyTargetClass] threw NamingException with message: Need to specify class name in environment or system property, or as an applet parameter, or in an application resource file:  java.naming.factory.initial. Returning null.
10:45:50.819 [main] DEBUG o.s.c.e.PropertySourcesPropertyResolver - Searching for key &apos;spring.aop.proxyTargetClass&apos; in [systemProperties]
10:45:50.819 [main] DEBUG o.s.c.e.PropertySourcesPropertyResolver - Searching for key &apos;spring.aop.proxyTargetClass&apos; in [systemEnvironment]
10:45:50.821 [main] DEBUG o.s.c.e.PropertySourcesPropertyResolver - Could not find key &apos;spring.aop.proxyTargetClass&apos; in any property source. Returning [null]
10:45:50.822 [main] DEBUG o.s.b.f.s.DefaultListableBeanFactory - Returning cached instance of singleton bean &apos;autoConfigurationReport&apos;
10:45:50.836 [main] DEBUG o.s.b.f.s.DefaultListableBeanFactory - Returning cached instance of singleton bean &apos;autoConfigurationReport&apos;
10:45:50.872 [main] DEBUG o.s.c.e.PropertySourcesPropertyResolver - Searching for key &apos;spring.datasource.driverClassName&apos; in [servletConfigInitParams]
10:45:50.872 [main] DEBUG o.s.c.e.PropertySourcesPropertyResolver - Searching for key &apos;spring.datasource.driverClassName&apos; in [servletContextInitParams]
10:45:50.872 [main] DEBUG o.s.c.e.PropertySourcesPropertyResolver - Searching for key &apos;spring.datasource.driverClassName&apos; in [jndiProperties]
10:45:50.872 [main] DEBUG o.springframework.jndi.JndiTemplate - Looking up JNDI object with name [java:comp/env/spring.datasource.driverClassName]
10:45:50.872 [main] DEBUG o.s.jndi.JndiLocatorDelegate - Converted JNDI name [java:comp/env/spring.datasource.driverClassName] not found - trying original name [spring.datasource.driverClassName]. javax.naming.NoInitialContextException: Need to specify class name in environment or system property, or as an applet parameter, or in an application resource file:  java.naming.factory.initial
10:45:50.872 [main] DEBUG o.springframework.jndi.JndiTemplate - Looking up JNDI object with name [spring.datasource.driverClassName]
10:45:50.872 [main] DEBUG o.s.jndi.JndiPropertySource - JNDI lookup for name [spring.datasource.driverClassName] threw NamingException with message: Need to specify class name in environment or system property, or as an applet parameter, or in an application resource file:  java.naming.factory.initial. Returning null.
10:45:50.873 [main] DEBUG o.s.c.e.PropertySourcesPropertyResolver - Searching for key &apos;spring.datasource.driverClassName&apos; in [systemProperties]
10:45:50.873 [main] DEBUG o.s.c.e.PropertySourcesPropertyResolver - Searching for key &apos;spring.datasource.driverClassName&apos; in [systemEnvironment]
10:45:50.873 [main] DEBUG o.s.c.e.PropertySourcesPropertyResolver - Could not find key &apos;spring.datasource.driverClassName&apos; in any property source. Returning [null]
10:45:50.877 [main] DEBUG o.s.c.e.PropertySourcesPropertyResolver - Searching for key &apos;spring.datasource.url&apos; in [servletConfigInitParams]
10:45:50.877 [main] DEBUG o.s.c.e.PropertySourcesPropertyResolver - Searching for key &apos;spring.datasource.url&apos; in [servletContextInitParams]
10:45:50.878 [main] DEBUG o.s.c.e.PropertySourcesPropertyResolver - Searching for key &apos;spring.datasource.url&apos; in [jndiProperties]
10:45:50.878 [main] DEBUG o.springframework.jndi.JndiTemplate - Looking up JNDI object with name [java:comp/env/spring.datasource.url]
10:45:50.878 [main] DEBUG o.s.jndi.JndiLocatorDelegate - Converted JNDI name [java:comp/env/spring.datasource.url] not found - trying original name [spring.datasource.url]. javax.naming.NoInitialContextException: Need to specify class name in environment or system property, or as an applet parameter, or in an application resource file:  java.naming.factory.initial
10:45:50.878 [main] DEBUG o.springframework.jndi.JndiTemplate - Looking up JNDI object with name [spring.datasource.url]
10:45:50.878 [main] DEBUG o.s.jndi.JndiPropertySource - JNDI lookup for name [spring.datasource.url] threw NamingException with message: Need to specify class name in environment or system property, or as an applet parameter, or in an application resource file:  java.naming.factory.initial. Returning null.
10:45:50.878 [main] DEBUG o.s.c.e.PropertySourcesPropertyResolver - Searching for key &apos;spring.datasource.url&apos; in [systemProperties]
10:45:50.878 [main] DEBUG o.s.c.e.PropertySourcesPropertyResolver - Searching for key &apos;spring.datasource.url&apos; in [systemEnvironment]
10:45:50.878 [main] DEBUG o.s.c.e.PropertySourcesPropertyResolver - Could not find key &apos;spring.datasource.url&apos; in any property source. Returning [null]
10:45:50.879 [main] DEBUG o.s.b.f.s.DefaultListableBeanFactory - Returning cached instance of singleton bean &apos;autoConfigurationReport&apos;
10:45:50.880 [main] DEBUG o.s.c.e.PropertySourcesPropertyResolver - Searching for key &apos;spring.datasource.driverClassName&apos; in [servletConfigInitParams]
10:45:50.881 [main] DEBUG o.s.c.e.PropertySourcesPropertyResolver - Searching for key &apos;spring.datasource.driverClassName&apos; in [servletContextInitParams]
10:45:50.881 [main] DEBUG o.s.c.e.PropertySourcesPropertyResolver - Searching for key &apos;spring.datasource.driverClassName&apos; in [jndiProperties]
10:45:50.881 [main] DEBUG o.springframework.jndi.JndiTemplate - Looking up JNDI object with name [java:comp/env/spring.datasource.driverClassName]
10:45:50.881 [main] DEBUG o.s.jndi.JndiLocatorDelegate - Converted JNDI name [java:comp/env/spring.datasource.driverClassName] not found - trying original name [spring.datasource.driverClassName]. javax.naming.NoInitialContextException: Need to specify class name in environment or system property, or as an applet parameter, or in an application resource file:  java.naming.factory.initial
10:45:50.881 [main] DEBUG o.springframework.jndi.JndiTemplate - Looking up JNDI object with name [spring.datasource.driverClassName]
10:45:50.881 [main] DEBUG o.s.jndi.JndiPropertySource - JNDI lookup for name [spring.datasource.driverClassName] threw NamingException with message: Need to specify class name in environment or system property, or as an applet parameter, or in an application resource file:  java.naming.factory.initial. Returning null.
10:45:50.881 [main] DEBUG o.s.c.e.PropertySourcesPropertyResolver - Searching for key &apos;spring.datasource.driverClassName&apos; in [systemProperties]
10:45:50.881 [main] DEBUG o.s.c.e.PropertySourcesPropertyResolver - Searching for key &apos;spring.datasource.driverClassName&apos; in [systemEnvironment]
10:45:50.882 [main] DEBUG o.s.c.e.PropertySourcesPropertyResolver - Could not find key &apos;spring.datasource.driverClassName&apos; in any property source. Returning [null]
10:45:50.883 [main] DEBUG o.s.c.e.PropertySourcesPropertyResolver - Searching for key &apos;spring.datasource.url&apos; in [servletConfigInitParams]
10:45:50.883 [main] DEBUG o.s.c.e.PropertySourcesPropertyResolver - Searching for key &apos;spring.datasource.url&apos; in [servletContextInitParams]
10:45:50.883 [main] DEBUG o.s.c.e.PropertySourcesPropertyResolver - Searching for key &apos;spring.datasource.url&apos; in [jndiProperties]
10:45:50.883 [main] DEBUG o.springframework.jndi.JndiTemplate - Looking up JNDI object with name [java:comp/env/spring.datasource.url]
10:45:50.883 [main] DEBUG o.s.jndi.JndiLocatorDelegate - Converted JNDI name [java:comp/env/spring.datasource.url] not found - trying original name [spring.datasource.url]. javax.naming.NoInitialContextException: Need to specify class name in environment or system property, or as an applet parameter, or in an application resource file:  java.naming.factory.initial
10:45:50.883 [main] DEBUG o.springframework.jndi.JndiTemplate - Looking up JNDI object with name [spring.datasource.url]
10:45:50.883 [main] DEBUG o.s.jndi.JndiPropertySource - JNDI lookup for name [spring.datasource.url] threw NamingException with message: Need to specify class name in environment or system property, or as an applet parameter, or in an application resource file:  java.naming.factory.initial. Returning null.
10:45:50.883 [main] DEBUG o.s.c.e.PropertySourcesPropertyResolver - Searching for key &apos;spring.datasource.url&apos; in [systemProperties]
10:45:50.883 [main] DEBUG o.s.c.e.PropertySourcesPropertyResolver - Searching for key &apos;spring.datasource.url&apos; in [systemEnvironment]
10:45:50.884 [main] DEBUG o.s.c.e.PropertySourcesPropertyResolver - Could not find key &apos;spring.datasource.url&apos; in any property source. Returning [null]
10:45:50.884 [main] DEBUG o.s.b.f.s.DefaultListableBeanFactory - Returning cached instance of singleton bean &apos;autoConfigurationReport&apos;
10:45:50.888 [main] DEBUG o.s.b.f.s.DefaultListableBeanFactory - Returning cached instance of singleton bean &apos;autoConfigurationReport&apos;
10:45:50.889 [main] DEBUG o.s.c.e.PropertySourcesPropertyResolver - Searching for key &apos;spring.datasource.driverClassName&apos; in [servletConfigInitParams]
10:45:50.889 [main] DEBUG o.s.c.e.PropertySourcesPropertyResolver - Searching for key &apos;spring.datasource.driverClassName&apos; in [servletContextInitParams]
10:45:50.890 [main] DEBUG o.s.c.e.PropertySourcesPropertyResolver - Searching for key &apos;spring.datasource.driverClassName&apos; in [jndiProperties]
10:45:50.890 [main] DEBUG o.springframework.jndi.JndiTemplate - Looking up JNDI object with name [java:comp/env/spring.datasource.driverClassName]
10:45:50.890 [main] DEBUG o.s.jndi.JndiLocatorDelegate - Converted JNDI name [java:comp/env/spring.datasource.driverClassName] not found - trying original name [spring.datasource.driverClassName]. javax.naming.NoInitialContextException: Need to specify class name in environment or system property, or as an applet parameter, or in an application resource file:  java.naming.factory.initial
10:45:50.890 [main] DEBUG o.springframework.jndi.JndiTemplate - Looking up JNDI object with name [spring.datasource.driverClassName]
10:45:50.890 [main] DEBUG o.s.jndi.JndiPropertySource - JNDI lookup for name [spring.datasource.driverClassName] threw NamingException with message: Need to specify class name in environment or system property, or as an applet parameter, or in an application resource file:  java.naming.factory.initial. Returning null.
10:45:50.890 [main] DEBUG o.s.c.e.PropertySourcesPropertyResolver - Searching for key &apos;spring.datasource.driverClassName&apos; in [systemProperties]
10:45:50.890 [main] DEBUG o.s.c.e.PropertySourcesPropertyResolver - Searching for key &apos;spring.datasource.driverClassName&apos; in [systemEnvironment]
10:45:50.890 [main] DEBUG o.s.c.e.PropertySourcesPropertyResolver - Could not find key &apos;spring.datasource.driverClassName&apos; in any property source. Returning [null]
10:45:50.891 [main] DEBUG o.s.c.e.PropertySourcesPropertyResolver - Searching for key &apos;spring.datasource.url&apos; in [servletConfigInitParams]
10:45:50.891 [main] DEBUG o.s.c.e.PropertySourcesPropertyResolver - Searching for key &apos;spring.datasource.url&apos; in [servletContextInitParams]
10:45:50.891 [main] DEBUG o.s.c.e.PropertySourcesPropertyResolver - Searching for key &apos;spring.datasource.url&apos; in [jndiProperties]
10:45:50.891 [main] DEBUG o.springframework.jndi.JndiTemplate - Looking up JNDI object with name [java:comp/env/spring.datasource.url]
10:45:50.891 [main] DEBUG o.s.jndi.JndiLocatorDelegate - Converted JNDI name [java:comp/env/spring.datasource.url] not found - trying original name [spring.datasource.url]. javax.naming.NoInitialContextException: Need to specify class name in environment or system property, or as an applet parameter, or in an application resource file:  java.naming.factory.initial
10:45:50.891 [main] DEBUG o.springframework.jndi.JndiTemplate - Looking up JNDI object with name [spring.datasource.url]
10:45:50.891 [main] DEBUG o.s.jndi.JndiPropertySource - JNDI lookup for name [spring.datasource.url] threw NamingException with message: Need to specify class name in environment or system property, or as an applet parameter, or in an application resource file:  java.naming.factory.initial. Returning null.
10:45:50.891 [main] DEBUG o.s.c.e.PropertySourcesPropertyResolver - Searching for key &apos;spring.datasource.url&apos; in [systemProperties]
10:45:50.891 [main] DEBUG o.s.c.e.PropertySourcesPropertyResolver - Searching for key &apos;spring.datasource.url&apos; in [systemEnvironment]
10:45:50.892 [main] DEBUG o.s.c.e.PropertySourcesPropertyResolver - Could not find key &apos;spring.datasource.url&apos; in any property source. Returning [null]
10:45:50.892 [main] DEBUG o.s.b.f.s.DefaultListableBeanFactory - Returning cached instance of singleton bean &apos;autoConfigurationReport&apos;
10:45:50.895 [main] DEBUG o.s.b.f.s.DefaultListableBeanFactory - Returning cached instance of singleton bean &apos;autoConfigurationReport&apos;
10:45:50.896 [main] DEBUG o.s.b.f.s.DefaultListableBeanFactory - Returning cached instance of singleton bean &apos;autoConfigurationReport&apos;
10:45:50.897 [main] DEBUG o.s.b.f.s.DefaultListableBeanFactory - Returning cached instance of singleton bean &apos;autoConfigurationReport&apos;
10:45:50.898 [main] DEBUG o.s.c.t.c.AnnotationAttributesReadingVisitor - Failed to class-load type while reading annotation metadata. This is a non-fatal error, but certain annotation metadata may be unavailable.
java.lang.ClassNotFoundException: org.springframework.data.web.config.EnableSpringDataWebSupport
	at java.net.URLClassLoader$1.run(URLClassLoader.java:202) ~[na:1.6.0_51]
	at java.security.AccessController.doPrivileged(Native Method) ~[na:1.6.0_51]
	at java.net.URLClassLoader.findClass(URLClassLoader.java:190) ~[na:1.6.0_51]
	at java.lang.ClassLoader.loadClass(ClassLoader.java:306) ~[na:1.6.0_51]
	at sun.misc.Launcher$AppClassLoader.loadClass(Launcher.java:301) ~[na:1.6.0_51]
	at java.lang.ClassLoader.loadClass(ClassLoader.java:247) ~[na:1.6.0_51]
	at org.springframework.core.type.classreading.RecursiveAnnotationAttributesVisitor.visitEnd(AnnotationAttributesReadingVisitor.java:180) ~[spring-core-4.0.1.RELEASE.jar:4.0.1.RELEASE]
	at org.springframework.asm.ClassReader.readAnnotationValues(ClassReader.java:1491) [spring-core-4.0.1.RELEASE.jar:4.0.1.RELEASE]
	at org.springframework.asm.ClassReader.accept(ClassReader.java:634) [spring-core-4.0.1.RELEASE.jar:4.0.1.RELEASE]
	at org.springframework.asm.ClassReader.accept(ClassReader.java:508) [spring-core-4.0.1.RELEASE.jar:4.0.1.RELEASE]
	at org.springframework.core.type.classreading.SimpleMetadataReader.&lt;init&gt;(SimpleMetadataReader.java:64) [spring-core-4.0.1.RELEASE.jar:4.0.1.RELEASE]
	at org.springframework.core.type.classreading.SimpleMetadataReaderFactory.getMetadataReader(SimpleMetadataReaderFactory.java:82) [spring-core-4.0.1.RELEASE.jar:4.0.1.RELEASE]
	at org.springframework.core.type.classreading.CachingMetadataReaderFactory.getMetadataReader(CachingMetadataReaderFactory.java:102) [spring-core-4.0.1.RELEASE.jar:4.0.1.RELEASE]
	at org.springframework.core.type.classreading.SimpleMetadataReaderFactory.getMetadataReader(SimpleMetadataReaderFactory.java:77) [spring-core-4.0.1.RELEASE.jar:4.0.1.RELEASE]
	at org.springframework.context.annotation.ConfigurationClassParser.asSourceClass(ConfigurationClassParser.java:551) [spring-context-4.0.1.RELEASE.jar:4.0.1.RELEASE]
	at org.springframework.context.annotation.ConfigurationClassParser$SourceClass.getMemberClasses(ConfigurationClassParser.java:700) [spring-context-4.0.1.RELEASE.jar:4.0.1.RELEASE]
	at org.springframework.context.annotation.ConfigurationClassParser.processMemberClasses(ConfigurationClassParser.java:292) [spring-context-4.0.1.RELEASE.jar:4.0.1.RELEASE]
	at org.springframework.context.annotation.ConfigurationClassParser.doProcessConfigurationClass(ConfigurationClassParser.java:222) [spring-context-4.0.1.RELEASE.jar:4.0.1.RELEASE]
	at org.springframework.context.annotation.ConfigurationClassParser.processConfigurationClass(ConfigurationClassParser.java:205) [spring-context-4.0.1.RELEASE.jar:4.0.1.RELEASE]
	at org.springframework.context.annotation.ConfigurationClassParser.processImports(ConfigurationClassParser.java:426) [spring-context-4.0.1.RELEASE.jar:4.0.1.RELEASE]
	at org.springframework.context.annotation.ConfigurationClassParser.processDeferredImportSelectors(ConfigurationClassParser.java:380) [spring-context-4.0.1.RELEASE.jar:4.0.1.RELEASE]
	at org.springframework.context.annotation.ConfigurationClassParser.parse(ConfigurationClassParser.java:162) [spring-context-4.0.1.RELEASE.jar:4.0.1.RELEASE]
	at org.springframework.context.annotation.ConfigurationClassPostProcessor.processConfigBeanDefinitions(ConfigurationClassPostProcessor.java:299) [spring-context-4.0.1.RELEASE.jar:4.0.1.RELEASE]
	at org.springframework.context.annotation.ConfigurationClassPostProcessor.postProcessBeanDefinitionRegistry(ConfigurationClassPostProcessor.java:243) [spring-context-4.0.1.RELEASE.jar:4.0.1.RELEASE]
	at org.springframework.context.support.PostProcessorRegistrationDelegate.invokeBeanDefinitionRegistryPostProcessors(PostProcessorRegistrationDelegate.java:254) [spring-context-4.0.1.RELEASE.jar:4.0.1.RELEASE]
	at org.springframework.context.support.PostProcessorRegistrationDelegate.invokeBeanFactoryPostProcessors(PostProcessorRegistrationDelegate.java:94) [spring-context-4.0.1.RELEASE.jar:4.0.1.RELEASE]
	at org.springframework.context.support.AbstractApplicationContext.invokeBeanFactoryPostProcessors(AbstractApplicationContext.java:609) [spring-context-4.0.1.RELEASE.jar:4.0.1.RELEASE]
	at org.springframework.context.support.AbstractApplicationContext.refresh(AbstractApplicationContext.java:464) [spring-context-4.0.1.RELEASE.jar:4.0.1.RELEASE]
	at org.springframework.test.context.web.AbstractGenericWebContextLoader.loadContext(AbstractGenericWebContextLoader.java:129) [spring-test-4.0.1.RELEASE.jar:4.0.1.RELEASE]
	at org.springframework.test.context.web.AbstractGenericWebContextLoader.loadContext(AbstractGenericWebContextLoader.java:60) [spring-test-4.0.1.RELEASE.jar:4.0.1.RELEASE]
	at org.springframework.test.context.support.AbstractDelegatingSmartContextLoader.delegateLoading(AbstractDelegatingSmartContextLoader.java:100) [spring-test-4.0.1.RELEASE.jar:4.0.1.RELEASE]
	at org.springframework.test.context.support.AbstractDelegatingSmartContextLoader.loadContext(AbstractDelegatingSmartContextLoader.java:250) [spring-test-4.0.1.RELEASE.jar:4.0.1.RELEASE]
	at org.springframework.test.context.CacheAwareContextLoaderDelegate.loadContextInternal(CacheAwareContextLoaderDelegate.java:64) [spring-test-4.0.1.RELEASE.jar:4.0.1.RELEASE]
	at org.springframework.test.context.CacheAwareContextLoaderDelegate.loadContext(CacheAwareContextLoaderDelegate.java:91) [spring-test-4.0.1.RELEASE.jar:4.0.1.RELEASE]
	at org.springframework.test.context.DefaultTestContext.getApplicationContext(DefaultTestContext.java:101) [spring-test-4.0.1.RELEASE.jar:4.0.1.RELEASE]
	at org.springframework.test.context.web.ServletTestExecutionListener.setUpRequestContextIfNecessary(ServletTestExecutionListener.java:155) [spring-test-4.0.1.RELEASE.jar:4.0.1.RELEASE]
	at org.springframework.test.context.web.ServletTestExecutionListener.prepareTestInstance(ServletTestExecutionListener.java:100) [spring-test-4.0.1.RELEASE.jar:4.0.1.RELEASE]
	at org.springframework.test.context.TestContextManager.prepareTestInstance(TestContextManager.java:319) [spring-test-4.0.1.RELEASE.jar:4.0.1.RELEASE]
	at org.springframework.test.context.junit4.SpringJUnit4ClassRunner.createTest(SpringJUnit4ClassRunner.java:212) [spring-test-4.0.1.RELEASE.jar:4.0.1.RELEASE]
	at org.springframework.test.context.junit4.SpringJUnit4ClassRunner$1.runReflectiveCall(SpringJUnit4ClassRunner.java:289) [spring-test-4.0.1.RELEASE.jar:4.0.1.RELEASE]
	at org.junit.internal.runners.model.ReflectiveCallable.run(ReflectiveCallable.java:15) [junit-4.8.2.jar:na]
	at org.springframework.test.context.junit4.SpringJUnit4ClassRunner.methodBlock(SpringJUnit4ClassRunner.java:291) [spring-test-4.0.1.RELEASE.jar:4.0.1.RELEASE]
	at org.springframework.test.context.junit4.SpringJUnit4ClassRunner.runChild(SpringJUnit4ClassRunner.java:232) [spring-test-4.0.1.RELEASE.jar:4.0.1.RELEASE]
	at org.springframework.test.context.junit4.SpringJUnit4ClassRunner.runChild(SpringJUnit4ClassRunner.java:89) [spring-test-4.0.1.RELEASE.jar:4.0.1.RELEASE]
	at org.junit.runners.ParentRunner$3.run(ParentRunner.java:193) [junit-4.8.2.jar:na]
	at org.junit.runners.ParentRunner$1.schedule(ParentRunner.java:52) [junit-4.8.2.jar:na]
	at org.junit.runners.ParentRunner.runChildren(ParentRunner.java:191) [junit-4.8.2.jar:na]
	at org.junit.runners.ParentRunner.access$000(ParentRunner.java:42) [junit-4.8.2.jar:na]
	at org.junit.runners.ParentRunner$2.evaluate(ParentRunner.java:184) [junit-4.8.2.jar:na]
	at org.springframework.test.context.junit4.statements.RunBeforeTestClassCallbacks.evaluate(RunBeforeTestClassCallbacks.java:61) [spring-test-4.0.1.RELEASE.jar:4.0.1.RELEASE]
	at org.springframework.test.context.junit4.statements.RunAfterTestClassCallbacks.evaluate(RunAfterTestClassCallbacks.java:71) [spring-test-4.0.1.RELEASE.jar:4.0.1.RELEASE]
	at org.junit.runners.ParentRunner.run(ParentRunner.java:236) [junit-4.8.2.jar:na]
	at org.springframework.test.context.junit4.SpringJUnit4ClassRunner.run(SpringJUnit4ClassRunner.java:175) [spring-test-4.0.1.RELEASE.jar:4.0.1.RELEASE]
	at org.apache.maven.surefire.junit4.JUnit4TestSet.execute(JUnit4TestSet.java:53) [surefire-junit4-2.10.jar:2.10]
	at org.apache.maven.surefire.junit4.JUnit4Provider.executeTestSet(JUnit4Provider.java:123) [surefire-junit4-2.10.jar:2.10]
	at org.apache.maven.surefire.junit4.JUnit4Provider.invoke(JUnit4Provider.java:104) [surefire-junit4-2.10.jar:2.10]
	at sun.reflect.NativeMethodAccessorImpl.invoke0(Native Method) ~[na:1.6.0_51]
	at sun.reflect.NativeMethodAccessorImpl.invoke(NativeMethodAccessorImpl.java:39) ~[na:1.6.0_51]
	at sun.reflect.DelegatingMethodAccessorImpl.invoke(DelegatingMethodAccessorImpl.java:25) ~[na:1.6.0_51]
	at java.lang.reflect.Method.invoke(Method.java:597) ~[na:1.6.0_51]
	at org.apache.maven.surefire.util.ReflectionUtils.invokeMethodWithArray(ReflectionUtils.java:164) [surefire-api-2.10.jar:2.10]
	at org.apache.maven.surefire.booter.ProviderFactory$ProviderProxy.invoke(ProviderFactory.java:110) [surefire-booter-2.10.jar:2.10]
	at org.apache.maven.surefire.booter.SurefireStarter.invokeProvider(SurefireStarter.java:175) [surefire-booter-2.10.jar:2.10]
	at org.apache.maven.surefire.booter.SurefireStarter.runSuitesInProcessWhenForked(SurefireStarter.java:107) [surefire-booter-2.10.jar:2.10]
	at org.apache.maven.surefire.booter.ForkedBooter.main(ForkedBooter.java:68) [surefire-booter-2.10.jar:2.10]
10:45:50.899 [main] DEBUG o.s.b.f.s.DefaultListableBeanFactory - Returning cached instance of singleton bean &apos;autoConfigurationReport&apos;
10:45:50.903 [main] DEBUG o.s.b.f.s.DefaultListableBeanFactory - Returning cached instance of singleton bean &apos;autoConfigurationReport&apos;
10:45:50.905 [main] DEBUG o.s.b.f.s.DefaultListableBeanFactory - Returning cached instance of singleton bean &apos;autoConfigurationReport&apos;
10:45:50.909 [main] DEBUG o.s.b.f.s.DefaultListableBeanFactory - Returning cached instance of singleton bean &apos;autoConfigurationReport&apos;
10:45:50.910 [main] DEBUG o.s.b.f.s.DefaultListableBeanFactory - Returning cached instance of singleton bean &apos;autoConfigurationReport&apos;
10:45:50.911 [main] DEBUG o.s.b.f.s.DefaultListableBeanFactory - Returning cached instance of singleton bean &apos;autoConfigurationReport&apos;
10:45:50.912 [main] DEBUG o.s.c.e.PropertySourcesPropertyResolver - Searching for key &apos;spring.jmx.enabled:true&apos; in [servletConfigInitParams]
10:45:50.912 [main] DEBUG o.s.c.e.PropertySourcesPropertyResolver - Searching for key &apos;spring.jmx.enabled:true&apos; in [servletContextInitParams]
10:45:50.912 [main] DEBUG o.s.c.e.PropertySourcesPropertyResolver - Searching for key &apos;spring.jmx.enabled:true&apos; in [jndiProperties]
10:45:50.912 [main] DEBUG o.springframework.jndi.JndiTemplate - Looking up JNDI object with name [spring.jmx.enabled:true]
10:45:50.912 [main] DEBUG o.s.jndi.JndiPropertySource - JNDI lookup for name [spring.jmx.enabled:true] threw NamingException with message: Need to specify class name in environment or system property, or as an applet parameter, or in an application resource file:  java.naming.factory.initial. Returning null.
10:45:50.912 [main] DEBUG o.s.c.e.PropertySourcesPropertyResolver - Searching for key &apos;spring.jmx.enabled:true&apos; in [systemProperties]
10:45:50.912 [main] DEBUG o.s.c.e.PropertySourcesPropertyResolver - Searching for key &apos;spring.jmx.enabled:true&apos; in [systemEnvironment]
10:45:50.913 [main] DEBUG o.s.c.e.PropertySourcesPropertyResolver - Could not find key &apos;spring.jmx.enabled:true&apos; in any property source. Returning [null]
10:45:50.913 [main] DEBUG o.s.c.e.PropertySourcesPropertyResolver - Searching for key &apos;spring.jmx.enabled&apos; in [servletConfigInitParams]
10:45:50.913 [main] DEBUG o.s.c.e.PropertySourcesPropertyResolver - Searching for key &apos;spring.jmx.enabled&apos; in [servletContextInitParams]
10:45:50.913 [main] DEBUG o.s.c.e.PropertySourcesPropertyResolver - Searching for key &apos;spring.jmx.enabled&apos; in [jndiProperties]
10:45:50.913 [main] DEBUG o.springframework.jndi.JndiTemplate - Looking up JNDI object with name [java:comp/env/spring.jmx.enabled]
10:45:50.913 [main] DEBUG o.s.jndi.JndiLocatorDelegate - Converted JNDI name [java:comp/env/spring.jmx.enabled] not found - trying original name [spring.jmx.enabled]. javax.naming.NoInitialContextException: Need to specify class name in environment or system property, or as an applet parameter, or in an application resource file:  java.naming.factory.initial
10:45:50.913 [main] DEBUG o.springframework.jndi.JndiTemplate - Looking up JNDI object with name [spring.jmx.enabled]
10:45:50.913 [main] DEBUG o.s.jndi.JndiPropertySource - JNDI lookup for name [spring.jmx.enabled] threw NamingException with message: Need to specify class name in environment or system property, or as an applet parameter, or in an application resource file:  java.naming.factory.initial. Returning null.
10:45:50.913 [main] DEBUG o.s.c.e.PropertySourcesPropertyResolver - Searching for key &apos;spring.jmx.enabled&apos; in [systemProperties]
10:45:50.914 [main] DEBUG o.s.c.e.PropertySourcesPropertyResolver - Searching for key &apos;spring.jmx.enabled&apos; in [systemEnvironment]
10:45:50.914 [main] DEBUG o.s.c.e.PropertySourcesPropertyResolver - Could not find key &apos;spring.jmx.enabled&apos; in any property source. Returning [null]
10:45:50.914 [main] DEBUG o.s.b.f.s.DefaultListableBeanFactory - Returning cached instance of singleton bean &apos;autoConfigurationReport&apos;
10:45:50.920 [main] DEBUG o.s.b.f.s.DefaultListableBeanFactory - Returning cached instance of singleton bean &apos;autoConfigurationReport&apos;
10:45:50.921 [main] DEBUG o.s.b.f.s.DefaultListableBeanFactory - Returning cached instance of singleton bean &apos;autoConfigurationReport&apos;
10:45:50.922 [main] DEBUG o.s.b.f.s.DefaultListableBeanFactory - Returning cached instance of singleton bean &apos;autoConfigurationReport&apos;
10:45:50.922 [main] DEBUG o.s.b.f.s.DefaultListableBeanFactory - Returning cached instance of singleton bean &apos;autoConfigurationReport&apos;
10:45:50.922 [main] DEBUG o.s.b.f.s.DefaultListableBeanFactory - Returning cached instance of singleton bean &apos;autoConfigurationReport&apos;
10:45:50.926 [main] DEBUG o.s.b.f.s.DefaultListableBeanFactory - Returning cached instance of singleton bean &apos;autoConfigurationReport&apos;
10:45:50.927 [main] DEBUG o.s.b.f.s.DefaultListableBeanFactory - Returning cached instance of singleton bean &apos;autoConfigurationReport&apos;
10:45:50.928 [main] DEBUG o.s.b.f.s.DefaultListableBeanFactory - Returning cached instance of singleton bean &apos;autoConfigurationReport&apos;
10:45:50.942 [main] DEBUG o.s.b.f.s.DefaultListableBeanFactory - Returning cached instance of singleton bean &apos;autoConfigurationReport&apos;
10:45:50.945 [main] DEBUG o.s.c.a.ConfigurationClassBeanDefinitionReader - Registered bean definition for imported @Configuration class org.springframework.boot.autoconfigure.MessageSourceAutoConfiguration
10:45:50.949 [main] DEBUG o.s.c.a.ConfigurationClassBeanDefinitionReader - Registering bean definition for @Bean method org.springframework.boot.autoconfigure.MessageSourceAutoConfiguration.messageSource()
10:45:50.950 [main] DEBUG o.s.c.a.ConfigurationClassBeanDefinitionReader - Registered bean definition for imported @Configuration class org.springframework.boot.autoconfigure.PropertyPlaceholderAutoConfiguration
10:45:50.967 [main] DEBUG o.s.b.f.s.DefaultListableBeanFactory - Returning cached instance of singleton bean &apos;autoConfigurationReport&apos;
10:45:50.969 [main] DEBUG o.s.c.a.ConfigurationClassBeanDefinitionReader - Registering bean definition for @Bean method org.springframework.boot.autoconfigure.PropertyPlaceholderAutoConfiguration.propertySourcesPlaceholderConfigurer()
10:45:50.970 [main] DEBUG o.s.b.f.s.DefaultListableBeanFactory - Returning cached instance of singleton bean &apos;autoConfigurationReport&apos;
10:45:50.971 [main] DEBUG o.s.b.f.s.DefaultListableBeanFactory - Returning cached instance of singleton bean &apos;autoConfigurationReport&apos;
10:45:50.983 [main] DEBUG o.s.b.f.s.DefaultListableBeanFactory - Returning cached instance of singleton bean &apos;autoConfigurationReport&apos;
10:45:50.985 [main] DEBUG o.s.c.a.ConfigurationClassBeanDefinitionReader - Registered bean definition for imported @Configuration class org.springframework.boot.autoconfigure.web.EmbeddedServletContainerAutoConfiguration$EmbeddedTomcat
10:45:50.986 [main] DEBUG o.s.c.a.ConfigurationClassBeanDefinitionReader - Registering bean definition for @Bean method org.springframework.boot.autoconfigure.web.EmbeddedServletContainerAutoConfiguration$EmbeddedTomcat.tomcatEmbeddedServletContainerFactory()
10:45:50.987 [main] DEBUG o.s.c.a.ConfigurationClassBeanDefinitionReader - Registered bean definition for imported @Configuration class org.springframework.boot.autoconfigure.web.EmbeddedServletContainerAutoConfiguration
10:45:50.996 [main] DEBUG o.s.b.f.s.DefaultListableBeanFactory - Returning cached instance of singleton bean &apos;autoConfigurationReport&apos;
10:45:50.996 [main] DEBUG o.s.b.f.s.DefaultListableBeanFactory - Returning cached instance of singleton bean &apos;autoConfigurationReport&apos;
10:45:50.999 [main] DEBUG o.s.b.f.s.DefaultListableBeanFactory - Returning cached instance of singleton bean &apos;autoConfigurationReport&apos;
10:45:50.999 [main] DEBUG o.s.c.a.ConfigurationClassBeanDefinitionReader - Registered bean definition for imported @Configuration class org.springframework.boot.autoconfigure.web.DispatcherServletAutoConfiguration
10:45:51.002 [main] DEBUG o.s.b.f.s.DefaultListableBeanFactory - Returning cached instance of singleton bean &apos;autoConfigurationReport&apos;
10:45:51.003 [main] DEBUG o.s.c.a.ConfigurationClassBeanDefinitionReader - Registering bean definition for @Bean method org.springframework.boot.autoconfigure.web.DispatcherServletAutoConfiguration.dispatcherServlet()
10:45:51.003 [main] DEBUG o.s.b.f.s.DefaultListableBeanFactory - Returning cached instance of singleton bean &apos;autoConfigurationReport&apos;
10:45:51.003 [main] DEBUG o.s.b.f.s.DefaultListableBeanFactory - Returning cached instance of singleton bean &apos;autoConfigurationReport&apos;
10:45:51.004 [main] DEBUG o.s.b.f.s.DefaultListableBeanFactory - Returning cached instance of singleton bean &apos;autoConfigurationReport&apos;
10:45:51.004 [main] DEBUG o.s.c.e.PropertySourcesPropertyResolver - Searching for key &apos;error.whitelabel.enabled:true&apos; in [servletConfigInitParams]
10:45:51.004 [main] DEBUG o.s.c.e.PropertySourcesPropertyResolver - Searching for key &apos;error.whitelabel.enabled:true&apos; in [servletContextInitParams]
10:45:51.004 [main] DEBUG o.s.c.e.PropertySourcesPropertyResolver - Searching for key &apos;error.whitelabel.enabled:true&apos; in [jndiProperties]
10:45:51.004 [main] DEBUG o.springframework.jndi.JndiTemplate - Looking up JNDI object with name [error.whitelabel.enabled:true]
10:45:51.005 [main] DEBUG o.s.jndi.JndiPropertySource - JNDI lookup for name [error.whitelabel.enabled:true] threw NamingException with message: Need to specify class name in environment or system property, or as an applet parameter, or in an application resource file:  java.naming.factory.initial. Returning null.
10:45:51.005 [main] DEBUG o.s.c.e.PropertySourcesPropertyResolver - Searching for key &apos;error.whitelabel.enabled:true&apos; in [systemProperties]
10:45:51.005 [main] DEBUG o.s.c.e.PropertySourcesPropertyResolver - Searching for key &apos;error.whitelabel.enabled:true&apos; in [systemEnvironment]
10:45:51.005 [main] DEBUG o.s.c.e.PropertySourcesPropertyResolver - Could not find key &apos;error.whitelabel.enabled:true&apos; in any property source. Returning [null]
10:45:51.005 [main] DEBUG o.s.c.e.PropertySourcesPropertyResolver - Searching for key &apos;error.whitelabel.enabled&apos; in [servletConfigInitParams]
10:45:51.005 [main] DEBUG o.s.c.e.PropertySourcesPropertyResolver - Searching for key &apos;error.whitelabel.enabled&apos; in [servletContextInitParams]
10:45:51.005 [main] DEBUG o.s.c.e.PropertySourcesPropertyResolver - Searching for key &apos;error.whitelabel.enabled&apos; in [jndiProperties]
10:45:51.005 [main] DEBUG o.springframework.jndi.JndiTemplate - Looking up JNDI object with name [java:comp/env/error.whitelabel.enabled]
10:45:51.005 [main] DEBUG o.s.jndi.JndiLocatorDelegate - Converted JNDI name [java:comp/env/error.whitelabel.enabled] not found - trying original name [error.whitelabel.enabled]. javax.naming.NoInitialContextException: Need to specify class name in environment or system property, or as an applet parameter, or in an application resource file:  java.naming.factory.initial
10:45:51.005 [main] DEBUG o.springframework.jndi.JndiTemplate - Looking up JNDI object with name [error.whitelabel.enabled]
10:45:51.005 [main] DEBUG o.s.jndi.JndiPropertySource - JNDI lookup for name [error.whitelabel.enabled] threw NamingException with message: Need to specify class name in environment or system property, or as an applet parameter, or in an application resource file:  java.naming.factory.initial. Returning null.
10:45:51.006 [main] DEBUG o.s.c.e.PropertySourcesPropertyResolver - Searching for key &apos;error.whitelabel.enabled&apos; in [systemProperties]
10:45:51.006 [main] DEBUG o.s.c.e.PropertySourcesPropertyResolver - Searching for key &apos;error.whitelabel.enabled&apos; in [systemEnvironment]
10:45:51.006 [main] DEBUG o.s.c.e.PropertySourcesPropertyResolver - Could not find key &apos;error.whitelabel.enabled&apos; in any property source. Returning [null]
10:45:51.006 [main] DEBUG o.s.b.f.s.DefaultListableBeanFactory - Returning cached instance of singleton bean &apos;autoConfigurationReport&apos;
10:45:51.006 [main] DEBUG o.s.c.a.ConfigurationClassBeanDefinitionReader - Registered bean definition for imported @Configuration class org.springframework.boot.actuate.autoconfigure.ErrorMvcAutoConfiguration$WhitelabelErrorViewConfiguration
10:45:51.006 [main] DEBUG o.s.b.f.s.DefaultListableBeanFactory - Returning cached instance of singleton bean &apos;autoConfigurationReport&apos;
10:45:51.006 [main] DEBUG o.s.c.a.ConfigurationClassBeanDefinitionReader - Registering bean definition for @Bean method org.springframework.boot.actuate.autoconfigure.ErrorMvcAutoConfiguration$WhitelabelErrorViewConfiguration.error()
10:45:51.010 [main] DEBUG o.s.b.f.s.DefaultListableBeanFactory - Returning cached instance of singleton bean &apos;autoConfigurationReport&apos;
10:45:51.010 [main] DEBUG o.s.c.a.ConfigurationClassBeanDefinitionReader - Registering bean definition for @Bean method org.springframework.boot.actuate.autoconfigure.ErrorMvcAutoConfiguration$WhitelabelErrorViewConfiguration.beanNameViewResolver()
10:45:51.011 [main] DEBUG o.s.c.a.ConfigurationClassBeanDefinitionReader - Registered bean definition for imported @Configuration class org.springframework.boot.actuate.autoconfigure.ErrorMvcAutoConfiguration
10:45:51.014 [main] DEBUG o.s.b.f.s.DefaultListableBeanFactory - Returning cached instance of singleton bean &apos;autoConfigurationReport&apos;
10:45:51.015 [main] DEBUG o.s.c.a.ConfigurationClassBeanDefinitionReader - Registering bean definition for @Bean method org.springframework.boot.actuate.autoconfigure.ErrorMvcAutoConfiguration.basicErrorController()
10:45:51.015 [main] DEBUG o.s.b.f.s.DefaultListableBeanFactory - Returning cached instance of singleton bean &apos;autoConfigurationReport&apos;
10:45:51.015 [main] DEBUG o.s.b.f.s.DefaultListableBeanFactory - Returning cached instance of singleton bean &apos;autoConfigurationReport&apos;
10:45:51.019 [main] DEBUG o.s.b.f.s.DefaultListableBeanFactory - Returning cached instance of singleton bean &apos;autoConfigurationReport&apos;
10:45:51.019 [main] DEBUG o.s.c.a.ConfigurationClassBeanDefinitionReader - Registered bean definition for imported @Configuration class org.springframework.boot.autoconfigure.web.WebMvcAutoConfiguration$WebMvcAutoConfigurationAdapter$FaviconConfiguration
10:45:51.019 [main] DEBUG o.s.c.a.ConfigurationClassBeanDefinitionReader - Registering bean definition for @Bean method org.springframework.boot.autoconfigure.web.WebMvcAutoConfiguration$WebMvcAutoConfigurationAdapter$FaviconConfiguration.faviconHandlerMapping()
10:45:51.019 [main] DEBUG o.s.c.a.ConfigurationClassBeanDefinitionReader - Registering bean definition for @Bean method org.springframework.boot.autoconfigure.web.WebMvcAutoConfiguration$WebMvcAutoConfigurationAdapter$FaviconConfiguration.faviconRequestHandler()
10:45:51.020 [main] DEBUG o.s.c.a.ConfigurationClassBeanDefinitionReader - Registered bean definition for imported @Configuration class org.springframework.web.servlet.config.annotation.DelegatingWebMvcConfiguration
10:45:51.020 [main] DEBUG o.s.c.a.ConfigurationClassBeanDefinitionReader - Registering bean definition for @Bean method org.springframework.web.servlet.config.annotation.DelegatingWebMvcConfiguration.requestMappingHandlerMapping()
10:45:51.020 [main] DEBUG o.s.c.a.ConfigurationClassBeanDefinitionReader - Registering bean definition for @Bean method org.springframework.web.servlet.config.annotation.DelegatingWebMvcConfiguration.mvcContentNegotiationManager()
10:45:51.020 [main] DEBUG o.s.c.a.ConfigurationClassBeanDefinitionReader - Registering bean definition for @Bean method org.springframework.web.servlet.config.annotation.DelegatingWebMvcConfiguration.viewControllerHandlerMapping()
10:45:51.021 [main] DEBUG o.s.c.a.ConfigurationClassBeanDefinitionReader - Registering bean definition for @Bean method org.springframework.web.servlet.config.annotation.DelegatingWebMvcConfiguration.beanNameHandlerMapping()
10:45:51.021 [main] DEBUG o.s.c.a.ConfigurationClassBeanDefinitionReader - Registering bean definition for @Bean method org.springframework.web.servlet.config.annotation.DelegatingWebMvcConfiguration.resourceHandlerMapping()
10:45:51.021 [main] DEBUG o.s.c.a.ConfigurationClassBeanDefinitionReader - Registering bean definition for @Bean method org.springframework.web.servlet.config.annotation.DelegatingWebMvcConfiguration.defaultServletHandlerMapping()
10:45:51.021 [main] DEBUG o.s.c.a.ConfigurationClassBeanDefinitionReader - Registering bean definition for @Bean method org.springframework.web.servlet.config.annotation.DelegatingWebMvcConfiguration.requestMappingHandlerAdapter()
10:45:51.022 [main] DEBUG o.s.c.a.ConfigurationClassBeanDefinitionReader - Registering bean definition for @Bean method org.springframework.web.servlet.config.annotation.DelegatingWebMvcConfiguration.mvcConversionService()
10:45:51.022 [main] DEBUG o.s.c.a.ConfigurationClassBeanDefinitionReader - Registering bean definition for @Bean method org.springframework.web.servlet.config.annotation.DelegatingWebMvcConfiguration.mvcValidator()
10:45:51.022 [main] DEBUG o.s.c.a.ConfigurationClassBeanDefinitionReader - Registering bean definition for @Bean method org.springframework.web.servlet.config.annotation.DelegatingWebMvcConfiguration.mvcUriComponentsContributor()
10:45:51.022 [main] DEBUG o.s.c.a.ConfigurationClassBeanDefinitionReader - Registering bean definition for @Bean method org.springframework.web.servlet.config.annotation.DelegatingWebMvcConfiguration.httpRequestHandlerAdapter()
10:45:51.022 [main] DEBUG o.s.c.a.ConfigurationClassBeanDefinitionReader - Registering bean definition for @Bean method org.springframework.web.servlet.config.annotation.DelegatingWebMvcConfiguration.simpleControllerHandlerAdapter()
10:45:51.023 [main] DEBUG o.s.c.a.ConfigurationClassBeanDefinitionReader - Registering bean definition for @Bean method org.springframework.web.servlet.config.annotation.DelegatingWebMvcConfiguration.handlerExceptionResolver()
10:45:51.023 [main] DEBUG o.s.c.a.ConfigurationClassBeanDefinitionReader - Registered bean definition for imported @Configuration class org.springframework.boot.autoconfigure.web.WebMvcAutoConfiguration$WebMvcAutoConfigurationAdapter
10:45:51.051 [main] DEBUG o.s.b.f.s.DefaultListableBeanFactory - Returning cached instance of singleton bean &apos;autoConfigurationReport&apos;
10:45:51.082 [main] DEBUG o.s.b.f.s.DefaultListableBeanFactory - Returning cached instance of singleton bean &apos;autoConfigurationReport&apos;
10:45:51.082 [main] DEBUG o.s.c.a.ConfigurationClassBeanDefinitionReader - Registering bean definition for @Bean method org.springframework.boot.autoconfigure.web.WebMvcAutoConfiguration$WebMvcAutoConfigurationAdapter.requestContextListener()
10:45:51.091 [main] DEBUG o.s.b.f.s.DefaultListableBeanFactory - Returning cached instance of singleton bean &apos;autoConfigurationReport&apos;
10:45:51.091 [main] DEBUG o.s.c.a.ConfigurationClassBeanDefinitionReader - Registering bean definition for @Bean method org.springframework.boot.autoconfigure.web.WebMvcAutoConfiguration$WebMvcAutoConfigurationAdapter.beanNameViewResolver()
10:45:51.091 [main] INFO  o.s.b.f.s.DefaultListableBeanFactory - Overriding bean definition for bean &apos;beanNameViewResolver&apos;: replacing [Root bean: class [null]; scope=; abstract=false; lazyInit=false; autowireMode=3; dependencyCheck=0; autowireCandidate=true; primary=false; factoryBeanName=org.springframework.boot.actuate.autoconfigure.ErrorMvcAutoConfiguration$WhitelabelErrorViewConfiguration; factoryMethodName=beanNameViewResolver; initMethodName=null; destroyMethodName=(inferred); defined in class path resource [org/springframework/boot/actuate/autoconfigure/ErrorMvcAutoConfiguration$WhitelabelErrorViewConfiguration.class]] with [Root bean: class [null]; scope=; abstract=false; lazyInit=false; autowireMode=3; dependencyCheck=0; autowireCandidate=true; primary=false; factoryBeanName=org.springframework.boot.autoconfigure.web.WebMvcAutoConfiguration$WebMvcAutoConfigurationAdapter; factoryMethodName=beanNameViewResolver; initMethodName=null; destroyMethodName=(inferred); defined in class path resource [org/springframework/boot/autoconfigure/web/WebMvcAutoConfiguration$WebMvcAutoConfigurationAdapter.class]]
10:45:51.104 [main] DEBUG o.s.b.f.s.DefaultListableBeanFactory - Returning cached instance of singleton bean &apos;autoConfigurationReport&apos;
10:45:51.104 [main] DEBUG o.s.c.a.ConfigurationClassBeanDefinitionReader - Registering bean definition for @Bean method org.springframework.boot.autoconfigure.web.WebMvcAutoConfiguration$WebMvcAutoConfigurationAdapter.viewResolver()
10:45:51.104 [main] DEBUG o.s.c.a.ConfigurationClassBeanDefinitionReader - Registered bean definition for imported @Configuration class org.springframework.boot.autoconfigure.web.WebMvcAutoConfiguration
10:45:51.110 [main] DEBUG o.s.b.f.s.DefaultListableBeanFactory - Returning cached instance of singleton bean &apos;autoConfigurationReport&apos;
10:45:51.111 [main] DEBUG o.s.c.a.ConfigurationClassBeanDefinitionReader - Registering bean definition for @Bean method org.springframework.boot.autoconfigure.web.WebMvcAutoConfiguration.hiddenHttpMethodFilter()
10:45:51.119 [main] DEBUG o.s.b.f.s.DefaultListableBeanFactory - Returning cached instance of singleton bean &apos;autoConfigurationReport&apos;
10:45:51.119 [main] DEBUG o.s.c.a.ConfigurationClassBeanDefinitionReader - Registered bean definition for imported @Configuration class org.springframework.boot.actuate.autoconfigure.AuditAutoConfiguration$AuditEventRepositoryConfiguration
10:45:51.120 [main] DEBUG o.s.c.a.ConfigurationClassBeanDefinitionReader - Registering bean definition for @Bean method org.springframework.boot.actuate.autoconfigure.AuditAutoConfiguration$AuditEventRepositoryConfiguration.auditEventRepository()
10:45:51.120 [main] DEBUG o.s.c.a.ConfigurationClassBeanDefinitionReader - Registered bean definition for imported @Configuration class org.springframework.boot.actuate.autoconfigure.AuditAutoConfiguration
10:45:51.120 [main] DEBUG o.s.c.a.ConfigurationClassBeanDefinitionReader - Registering bean definition for @Bean method org.springframework.boot.actuate.autoconfigure.AuditAutoConfiguration.auditListener()
10:45:51.121 [main] DEBUG o.s.b.f.s.DefaultListableBeanFactory - Returning cached instance of singleton bean &apos;autoConfigurationReport&apos;
10:45:51.122 [main] DEBUG o.s.b.f.s.DefaultListableBeanFactory - Returning cached instance of singleton bean &apos;autoConfigurationReport&apos;
10:45:51.123 [main] DEBUG o.s.c.a.ConfigurationClassBeanDefinitionReader - Registered bean definition for imported @Configuration class org.springframework.boot.actuate.autoconfigure.EndpointAutoConfiguration$InfoPropertiesConfiguration
10:45:51.123 [main] DEBUG o.s.c.a.ConfigurationClassBeanDefinitionReader - Registered bean definition for imported @Configuration class org.springframework.boot.actuate.autoconfigure.EndpointAutoConfiguration
10:45:51.136 [main] DEBUG o.s.b.f.s.DefaultListableBeanFactory - Returning cached instance of singleton bean &apos;autoConfigurationReport&apos;
10:45:51.136 [main] DEBUG o.s.c.a.ConfigurationClassBeanDefinitionReader - Registering bean definition for @Bean method org.springframework.boot.actuate.autoconfigure.EndpointAutoConfiguration.environmentEndpoint()
10:45:51.143 [main] DEBUG o.s.b.f.s.DefaultListableBeanFactory - Returning cached instance of singleton bean &apos;autoConfigurationReport&apos;
10:45:51.143 [main] DEBUG o.s.c.a.ConfigurationClassBeanDefinitionReader - Registering bean definition for @Bean method org.springframework.boot.actuate.autoconfigure.EndpointAutoConfiguration.healthEndpoint()
10:45:51.150 [main] DEBUG o.s.b.f.s.DefaultListableBeanFactory - Returning cached instance of singleton bean &apos;autoConfigurationReport&apos;
10:45:51.151 [main] DEBUG o.s.c.a.ConfigurationClassBeanDefinitionReader - Registering bean definition for @Bean method org.springframework.boot.actuate.autoconfigure.EndpointAutoConfiguration.beansEndpoint()
10:45:51.158 [main] DEBUG o.s.b.f.s.DefaultListableBeanFactory - Returning cached instance of singleton bean &apos;autoConfigurationReport&apos;
10:45:51.158 [main] DEBUG o.s.c.a.ConfigurationClassBeanDefinitionReader - Registering bean definition for @Bean method org.springframework.boot.actuate.autoconfigure.EndpointAutoConfiguration.infoEndpoint()
10:45:51.165 [main] DEBUG o.s.b.f.s.DefaultListableBeanFactory - Returning cached instance of singleton bean &apos;autoConfigurationReport&apos;
10:45:51.165 [main] DEBUG o.s.c.a.ConfigurationClassBeanDefinitionReader - Registering bean definition for @Bean method org.springframework.boot.actuate.autoconfigure.EndpointAutoConfiguration.metricsEndpoint()
10:45:51.171 [main] DEBUG o.s.b.f.s.DefaultListableBeanFactory - Returning cached instance of singleton bean &apos;autoConfigurationReport&apos;
10:45:51.171 [main] DEBUG o.s.c.a.ConfigurationClassBeanDefinitionReader - Registering bean definition for @Bean method org.springframework.boot.actuate.autoconfigure.EndpointAutoConfiguration.traceEndpoint()
10:45:51.178 [main] DEBUG o.s.b.f.s.DefaultListableBeanFactory - Returning cached instance of singleton bean &apos;autoConfigurationReport&apos;
10:45:51.179 [main] DEBUG o.s.c.a.ConfigurationClassBeanDefinitionReader - Registering bean definition for @Bean method org.springframework.boot.actuate.autoconfigure.EndpointAutoConfiguration.dumpEndpoint()
10:45:51.193 [main] DEBUG o.s.b.f.s.DefaultListableBeanFactory - Returning cached instance of singleton bean &apos;autoConfigurationReport&apos;
10:45:51.213 [main] DEBUG o.s.b.f.s.DefaultListableBeanFactory - Returning cached instance of singleton bean &apos;autoConfigurationReport&apos;
10:45:51.214 [main] DEBUG o.s.c.a.ConfigurationClassBeanDefinitionReader - Registering bean definition for @Bean method org.springframework.boot.actuate.autoconfigure.EndpointAutoConfiguration.autoConfigurationAuditEndpoint()
10:45:51.224 [main] DEBUG o.s.b.f.s.DefaultListableBeanFactory - Returning cached instance of singleton bean &apos;autoConfigurationReport&apos;
10:45:51.224 [main] DEBUG o.s.c.a.ConfigurationClassBeanDefinitionReader - Registering bean definition for @Bean method org.springframework.boot.actuate.autoconfigure.EndpointAutoConfiguration.shutdownEndpoint()
10:45:51.234 [main] DEBUG o.s.b.f.s.DefaultListableBeanFactory - Returning cached instance of singleton bean &apos;autoConfigurationReport&apos;
10:45:51.234 [main] DEBUG o.s.c.a.ConfigurationClassBeanDefinitionReader - Registering bean definition for @Bean method org.springframework.boot.actuate.autoconfigure.EndpointAutoConfiguration.configurationPropertiesReportEndpoint()
10:45:51.234 [main] DEBUG o.s.c.e.PropertySourcesPropertyResolver - Searching for key &apos;endpoints.jmx.enabled:true&apos; in [servletConfigInitParams]
10:45:51.235 [main] DEBUG o.s.c.e.PropertySourcesPropertyResolver - Searching for key &apos;endpoints.jmx.enabled:true&apos; in [servletContextInitParams]
10:45:51.235 [main] DEBUG o.s.c.e.PropertySourcesPropertyResolver - Searching for key &apos;endpoints.jmx.enabled:true&apos; in [jndiProperties]
10:45:51.235 [main] DEBUG o.springframework.jndi.JndiTemplate - Looking up JNDI object with name [endpoints.jmx.enabled:true]
10:45:51.235 [main] DEBUG o.s.jndi.JndiPropertySource - JNDI lookup for name [endpoints.jmx.enabled:true] threw NamingException with message: Need to specify class name in environment or system property, or as an applet parameter, or in an application resource file:  java.naming.factory.initial. Returning null.
10:45:51.235 [main] DEBUG o.s.c.e.PropertySourcesPropertyResolver - Searching for key &apos;endpoints.jmx.enabled:true&apos; in [systemProperties]
10:45:51.235 [main] DEBUG o.s.c.e.PropertySourcesPropertyResolver - Searching for key &apos;endpoints.jmx.enabled:true&apos; in [systemEnvironment]
10:45:51.235 [main] DEBUG o.s.c.e.PropertySourcesPropertyResolver - Could not find key &apos;endpoints.jmx.enabled:true&apos; in any property source. Returning [null]
10:45:51.235 [main] DEBUG o.s.c.e.PropertySourcesPropertyResolver - Searching for key &apos;endpoints.jmx.enabled&apos; in [servletConfigInitParams]
10:45:51.236 [main] DEBUG o.s.c.e.PropertySourcesPropertyResolver - Searching for key &apos;endpoints.jmx.enabled&apos; in [servletContextInitParams]
10:45:51.236 [main] DEBUG o.s.c.e.PropertySourcesPropertyResolver - Searching for key &apos;endpoints.jmx.enabled&apos; in [jndiProperties]
10:45:51.236 [main] DEBUG o.springframework.jndi.JndiTemplate - Looking up JNDI object with name [java:comp/env/endpoints.jmx.enabled]
10:45:51.236 [main] DEBUG o.s.jndi.JndiLocatorDelegate - Converted JNDI name [java:comp/env/endpoints.jmx.enabled] not found - trying original name [endpoints.jmx.enabled]. javax.naming.NoInitialContextException: Need to specify class name in environment or system property, or as an applet parameter, or in an application resource file:  java.naming.factory.initial
10:45:51.236 [main] DEBUG o.springframework.jndi.JndiTemplate - Looking up JNDI object with name [endpoints.jmx.enabled]
10:45:51.236 [main] DEBUG o.s.jndi.JndiPropertySource - JNDI lookup for name [endpoints.jmx.enabled] threw NamingException with message: Need to specify class name in environment or system property, or as an applet parameter, or in an application resource file:  java.naming.factory.initial. Returning null.
10:45:51.236 [main] DEBUG o.s.c.e.PropertySourcesPropertyResolver - Searching for key &apos;endpoints.jmx.enabled&apos; in [systemProperties]
10:45:51.236 [main] DEBUG o.s.c.e.PropertySourcesPropertyResolver - Searching for key &apos;endpoints.jmx.enabled&apos; in [systemEnvironment]
10:45:51.237 [main] DEBUG o.s.c.e.PropertySourcesPropertyResolver - Could not find key &apos;endpoints.jmx.enabled&apos; in any property source. Returning [null]
10:45:51.237 [main] DEBUG o.s.c.e.PropertySourcesPropertyResolver - Searching for key &apos;spring.jmx.enabled:true&apos; in [servletConfigInitParams]
10:45:51.237 [main] DEBUG o.s.c.e.PropertySourcesPropertyResolver - Searching for key &apos;spring.jmx.enabled:true&apos; in [servletContextInitParams]
10:45:51.237 [main] DEBUG o.s.c.e.PropertySourcesPropertyResolver - Searching for key &apos;spring.jmx.enabled:true&apos; in [jndiProperties]
10:45:51.237 [main] DEBUG o.springframework.jndi.JndiTemplate - Looking up JNDI object with name [spring.jmx.enabled:true]
10:45:51.237 [main] DEBUG o.s.jndi.JndiPropertySource - JNDI lookup for name [spring.jmx.enabled:true] threw NamingException with message: Need to specify class name in environment or system property, or as an applet parameter, or in an application resource file:  java.naming.factory.initial. Returning null.
10:45:51.237 [main] DEBUG o.s.c.e.PropertySourcesPropertyResolver - Searching for key &apos;spring.jmx.enabled:true&apos; in [systemProperties]
10:45:51.237 [main] DEBUG o.s.c.e.PropertySourcesPropertyResolver - Searching for key &apos;spring.jmx.enabled:true&apos; in [systemEnvironment]
10:45:51.238 [main] DEBUG o.s.c.e.PropertySourcesPropertyResolver - Could not find key &apos;spring.jmx.enabled:true&apos; in any property source. Returning [null]
10:45:51.238 [main] DEBUG o.s.c.e.PropertySourcesPropertyResolver - Searching for key &apos;spring.jmx.enabled&apos; in [servletConfigInitParams]
10:45:51.238 [main] DEBUG o.s.c.e.PropertySourcesPropertyResolver - Searching for key &apos;spring.jmx.enabled&apos; in [servletContextInitParams]
10:45:51.238 [main] DEBUG o.s.c.e.PropertySourcesPropertyResolver - Searching for key &apos;spring.jmx.enabled&apos; in [jndiProperties]
10:45:51.238 [main] DEBUG o.springframework.jndi.JndiTemplate - Looking up JNDI object with name [java:comp/env/spring.jmx.enabled]
10:45:51.238 [main] DEBUG o.s.jndi.JndiLocatorDelegate - Converted JNDI name [java:comp/env/spring.jmx.enabled] not found - trying original name [spring.jmx.enabled]. javax.naming.NoInitialContextException: Need to specify class name in environment or system property, or as an applet parameter, or in an application resource file:  java.naming.factory.initial
10:45:51.239 [main] DEBUG o.springframework.jndi.JndiTemplate - Looking up JNDI object with name [spring.jmx.enabled]
10:45:51.239 [main] DEBUG o.s.jndi.JndiPropertySource - JNDI lookup for name [spring.jmx.enabled] threw NamingException with message: Need to specify class name in environment or system property, or as an applet parameter, or in an application resource file:  java.naming.factory.initial. Returning null.
10:45:51.239 [main] DEBUG o.s.c.e.PropertySourcesPropertyResolver - Searching for key &apos;spring.jmx.enabled&apos; in [systemProperties]
10:45:51.239 [main] DEBUG o.s.c.e.PropertySourcesPropertyResolver - Searching for key &apos;spring.jmx.enabled&apos; in [systemEnvironment]
10:45:51.239 [main] DEBUG o.s.c.e.PropertySourcesPropertyResolver - Could not find key &apos;spring.jmx.enabled&apos; in any property source. Returning [null]
10:45:51.239 [main] DEBUG o.s.b.f.s.DefaultListableBeanFactory - Returning cached instance of singleton bean &apos;autoConfigurationReport&apos;
10:45:51.240 [main] DEBUG o.s.c.a.ConfigurationClassBeanDefinitionReader - Registered bean definition for imported @Configuration class org.springframework.boot.actuate.autoconfigure.EndpointMBeanExportAutoConfiguration
10:45:51.240 [main] DEBUG o.s.c.a.ConfigurationClassBeanDefinitionReader - Registering bean definition for @Bean method org.springframework.boot.actuate.autoconfigure.EndpointMBeanExportAutoConfiguration.endpointMBeanExporter()
10:45:51.243 [main] DEBUG o.s.b.f.s.DefaultListableBeanFactory - Returning cached instance of singleton bean &apos;autoConfigurationReport&apos;
10:45:51.243 [main] DEBUG o.s.c.a.ConfigurationClassBeanDefinitionReader - Registered bean definition for imported @Configuration class org.springframework.boot.autoconfigure.web.ServerPropertiesAutoConfiguration
10:45:51.254 [main] DEBUG o.s.b.f.s.DefaultListableBeanFactory - Returning cached instance of singleton bean &apos;autoConfigurationReport&apos;
10:45:51.254 [main] DEBUG o.s.c.a.ConfigurationClassBeanDefinitionReader - Registering bean definition for @Bean method org.springframework.boot.autoconfigure.web.ServerPropertiesAutoConfiguration.org.springframework.boot.autoconfigure.web.ServerProperties()
10:45:51.254 [main] DEBUG o.s.c.a.ConfigurationClassBeanDefinitionReader - Registered bean definition for imported @Configuration class org.springframework.boot.actuate.autoconfigure.ManagementServerPropertiesAutoConfiguration
10:45:51.261 [main] DEBUG o.s.b.f.s.DefaultListableBeanFactory - Returning cached instance of singleton bean &apos;autoConfigurationReport&apos;
10:45:51.261 [main] DEBUG o.s.c.a.ConfigurationClassBeanDefinitionReader - Registering bean definition for @Bean method org.springframework.boot.actuate.autoconfigure.ManagementServerPropertiesAutoConfiguration.org.springframework.actuate.properties.ManagementServerProperties()
10:45:51.267 [main] DEBUG o.s.b.f.s.DefaultListableBeanFactory - Returning cached instance of singleton bean &apos;autoConfigurationReport&apos;
10:45:51.267 [main] DEBUG o.s.b.f.s.DefaultListableBeanFactory - Returning cached instance of singleton bean &apos;autoConfigurationReport&apos;
10:45:51.267 [main] DEBUG o.s.b.f.s.DefaultListableBeanFactory - Returning cached instance of singleton bean &apos;autoConfigurationReport&apos;
10:45:51.268 [main] DEBUG o.s.b.f.s.DefaultListableBeanFactory - Returning cached instance of singleton bean &apos;autoConfigurationReport&apos;
10:45:51.268 [main] DEBUG o.s.c.a.ConfigurationClassBeanDefinitionReader - Registered bean definition for imported @Configuration class org.springframework.boot.actuate.autoconfigure.EndpointWebMvcAutoConfiguration$ApplicationContextFilterConfiguration
10:45:51.268 [main] DEBUG o.s.c.a.ConfigurationClassBeanDefinitionReader - Registering bean definition for @Bean method org.springframework.boot.actuate.autoconfigure.EndpointWebMvcAutoConfiguration$ApplicationContextFilterConfiguration.applicationContextIdFilter()
10:45:51.268 [main] DEBUG o.s.c.a.ConfigurationClassBeanDefinitionReader - Registered bean definition for imported @Configuration class org.springframework.boot.actuate.autoconfigure.EndpointWebMvcAutoConfiguration
10:45:51.276 [main] DEBUG o.s.b.f.s.DefaultListableBeanFactory - Returning cached instance of singleton bean &apos;autoConfigurationReport&apos;
10:45:51.276 [main] DEBUG o.s.c.a.ConfigurationClassBeanDefinitionReader - Registering bean definition for @Bean method org.springframework.boot.actuate.autoconfigure.EndpointWebMvcAutoConfiguration.endpointHandlerMapping()
10:45:51.283 [main] DEBUG o.s.b.f.s.DefaultListableBeanFactory - Returning cached instance of singleton bean &apos;autoConfigurationReport&apos;
10:45:51.283 [main] DEBUG o.s.c.a.ConfigurationClassBeanDefinitionReader - Registering bean definition for @Bean method org.springframework.boot.actuate.autoconfigure.EndpointWebMvcAutoConfiguration.mvcEndpoints()
10:45:51.289 [main] DEBUG o.s.b.f.s.DefaultListableBeanFactory - Returning cached instance of singleton bean &apos;autoConfigurationReport&apos;
10:45:51.289 [main] DEBUG o.s.c.a.ConfigurationClassBeanDefinitionReader - Registering bean definition for @Bean method org.springframework.boot.actuate.autoconfigure.EndpointWebMvcAutoConfiguration.environmentMvcEndpoint()
10:45:51.298 [main] DEBUG o.s.b.f.s.DefaultListableBeanFactory - Returning cached instance of singleton bean &apos;autoConfigurationReport&apos;
10:45:51.299 [main] DEBUG o.s.c.a.ConfigurationClassBeanDefinitionReader - Registering bean definition for @Bean method org.springframework.boot.actuate.autoconfigure.EndpointWebMvcAutoConfiguration.metricsMvcEndpoint()
10:45:51.306 [main] DEBUG o.s.b.f.s.DefaultListableBeanFactory - Returning cached instance of singleton bean &apos;autoConfigurationReport&apos;
10:45:51.306 [main] DEBUG o.s.c.a.ConfigurationClassBeanDefinitionReader - Registering bean definition for @Bean method org.springframework.boot.actuate.autoconfigure.EndpointWebMvcAutoConfiguration.shutdownMvcEndpoint()
10:45:51.314 [main] DEBUG o.s.b.f.s.DefaultListableBeanFactory - Returning cached instance of singleton bean &apos;autoConfigurationReport&apos;
10:45:51.314 [main] DEBUG o.s.c.a.ConfigurationClassBeanDefinitionReader - Registered bean definition for imported @Configuration class org.springframework.boot.actuate.autoconfigure.MetricRepositoryAutoConfiguration$MetricRepositoryConfiguration
10:45:51.314 [main] DEBUG o.s.c.a.ConfigurationClassBeanDefinitionReader - Registering bean definition for @Bean method org.springframework.boot.actuate.autoconfigure.MetricRepositoryAutoConfiguration$MetricRepositoryConfiguration.metricRepository()
10:45:51.314 [main] DEBUG o.s.c.a.ConfigurationClassBeanDefinitionReader - Registered bean definition for imported @Configuration class org.springframework.boot.actuate.autoconfigure.MetricRepositoryAutoConfiguration
10:45:51.324 [main] DEBUG o.s.b.f.s.DefaultListableBeanFactory - Returning cached instance of singleton bean &apos;autoConfigurationReport&apos;
10:45:51.324 [main] DEBUG o.s.c.a.ConfigurationClassBeanDefinitionReader - Registering bean definition for @Bean method org.springframework.boot.actuate.autoconfigure.MetricRepositoryAutoConfiguration.counterService()
10:45:51.329 [main] DEBUG o.s.b.f.s.DefaultListableBeanFactory - Returning cached instance of singleton bean &apos;autoConfigurationReport&apos;
10:45:51.330 [main] DEBUG o.s.c.a.ConfigurationClassBeanDefinitionReader - Registering bean definition for @Bean method org.springframework.boot.actuate.autoconfigure.MetricRepositoryAutoConfiguration.gaugeService()
10:45:51.340 [main] DEBUG o.s.b.f.s.DefaultListableBeanFactory - Returning cached instance of singleton bean &apos;autoConfigurationReport&apos;
10:45:51.341 [main] DEBUG o.s.b.f.s.DefaultListableBeanFactory - Returning cached instance of singleton bean &apos;autoConfigurationReport&apos;
10:45:51.341 [main] DEBUG o.s.c.a.ConfigurationClassBeanDefinitionReader - Registered bean definition for imported @Configuration class org.springframework.boot.actuate.autoconfigure.MetricFilterAutoConfiguration
10:45:51.341 [main] DEBUG o.s.c.a.ConfigurationClassBeanDefinitionReader - Registering bean definition for @Bean method org.springframework.boot.actuate.autoconfigure.MetricFilterAutoConfiguration.metricFilter()
10:45:51.341 [main] DEBUG o.s.c.a.ConfigurationClassBeanDefinitionReader - Registered bean definition for imported @Configuration class org.springframework.boot.actuate.autoconfigure.TraceRepositoryAutoConfiguration
10:45:51.347 [main] DEBUG o.s.b.f.s.DefaultListableBeanFactory - Returning cached instance of singleton bean &apos;autoConfigurationReport&apos;
10:45:51.347 [main] DEBUG o.s.c.a.ConfigurationClassBeanDefinitionReader - Registering bean definition for @Bean method org.springframework.boot.actuate.autoconfigure.TraceRepositoryAutoConfiguration.traceRepository()
10:45:51.348 [main] DEBUG o.s.b.f.s.DefaultListableBeanFactory - Returning cached instance of singleton bean &apos;autoConfigurationReport&apos;
10:45:51.348 [main] DEBUG o.s.c.a.ConfigurationClassBeanDefinitionReader - Registered bean definition for imported @Configuration class org.springframework.boot.actuate.autoconfigure.TraceWebFilterAutoConfiguration
10:45:51.348 [main] DEBUG o.s.c.a.ConfigurationClassBeanDefinitionReader - Registering bean definition for @Bean method org.springframework.boot.actuate.autoconfigure.TraceWebFilterAutoConfiguration.webRequestLoggingFilter()
10:45:51.348 [main] DEBUG o.s.b.f.s.DefaultListableBeanFactory - Returning cached instance of singleton bean &apos;autoConfigurationReport&apos;
10:45:51.348 [main] DEBUG o.s.c.e.PropertySourcesPropertyResolver - Searching for key &apos;spring.aop.auto:true&apos; in [servletConfigInitParams]
10:45:51.348 [main] DEBUG o.s.c.e.PropertySourcesPropertyResolver - Searching for key &apos;spring.aop.auto:true&apos; in [servletContextInitParams]
10:45:51.348 [main] DEBUG o.s.c.e.PropertySourcesPropertyResolver - Searching for key &apos;spring.aop.auto:true&apos; in [jndiProperties]
10:45:51.348 [main] DEBUG o.springframework.jndi.JndiTemplate - Looking up JNDI object with name [spring.aop.auto:true]
10:45:51.348 [main] DEBUG o.s.jndi.JndiPropertySource - JNDI lookup for name [spring.aop.auto:true] threw NamingException with message: Need to specify class name in environment or system property, or as an applet parameter, or in an application resource file:  java.naming.factory.initial. Returning null.
10:45:51.349 [main] DEBUG o.s.c.e.PropertySourcesPropertyResolver - Searching for key &apos;spring.aop.auto:true&apos; in [systemProperties]
10:45:51.349 [main] DEBUG o.s.c.e.PropertySourcesPropertyResolver - Searching for key &apos;spring.aop.auto:true&apos; in [systemEnvironment]
10:45:51.349 [main] DEBUG o.s.c.e.PropertySourcesPropertyResolver - Could not find key &apos;spring.aop.auto:true&apos; in any property source. Returning [null]
10:45:51.349 [main] DEBUG o.s.c.e.PropertySourcesPropertyResolver - Searching for key &apos;spring.aop.auto&apos; in [servletConfigInitParams]
10:45:51.349 [main] DEBUG o.s.c.e.PropertySourcesPropertyResolver - Searching for key &apos;spring.aop.auto&apos; in [servletContextInitParams]
10:45:51.349 [main] DEBUG o.s.c.e.PropertySourcesPropertyResolver - Searching for key &apos;spring.aop.auto&apos; in [jndiProperties]
10:45:51.349 [main] DEBUG o.springframework.jndi.JndiTemplate - Looking up JNDI object with name [java:comp/env/spring.aop.auto]
10:45:51.349 [main] DEBUG o.s.jndi.JndiLocatorDelegate - Converted JNDI name [java:comp/env/spring.aop.auto] not found - trying original name [spring.aop.auto]. javax.naming.NoInitialContextException: Need to specify class name in environment or system property, or as an applet parameter, or in an application resource file:  java.naming.factory.initial
10:45:51.350 [main] DEBUG o.springframework.jndi.JndiTemplate - Looking up JNDI object with name [spring.aop.auto]
10:45:51.350 [main] DEBUG o.s.jndi.JndiPropertySource - JNDI lookup for name [spring.aop.auto] threw NamingException with message: Need to specify class name in environment or system property, or as an applet parameter, or in an application resource file:  java.naming.factory.initial. Returning null.
10:45:51.350 [main] DEBUG o.s.c.e.PropertySourcesPropertyResolver - Searching for key &apos;spring.aop.auto&apos; in [systemProperties]
10:45:51.350 [main] DEBUG o.s.c.e.PropertySourcesPropertyResolver - Searching for key &apos;spring.aop.auto&apos; in [systemEnvironment]
10:45:51.350 [main] DEBUG o.s.c.e.PropertySourcesPropertyResolver - Could not find key &apos;spring.aop.auto&apos; in any property source. Returning [null]
10:45:51.350 [main] DEBUG o.s.b.f.s.DefaultListableBeanFactory - Returning cached instance of singleton bean &apos;autoConfigurationReport&apos;
10:45:51.350 [main] DEBUG o.s.c.e.PropertySourcesPropertyResolver - Searching for key &apos;spring.aop.proxyTargetClass:false&apos; in [servletConfigInitParams]
10:45:51.351 [main] DEBUG o.s.c.e.PropertySourcesPropertyResolver - Searching for key &apos;spring.aop.proxyTargetClass:false&apos; in [servletContextInitParams]
10:45:51.351 [main] DEBUG o.s.c.e.PropertySourcesPropertyResolver - Searching for key &apos;spring.aop.proxyTargetClass:false&apos; in [jndiProperties]
10:45:51.351 [main] DEBUG o.springframework.jndi.JndiTemplate - Looking up JNDI object with name [spring.aop.proxyTargetClass:false]
10:45:51.351 [main] DEBUG o.s.jndi.JndiPropertySource - JNDI lookup for name [spring.aop.proxyTargetClass:false] threw NamingException with message: Need to specify class name in environment or system property, or as an applet parameter, or in an application resource file:  java.naming.factory.initial. Returning null.
10:45:51.351 [main] DEBUG o.s.c.e.PropertySourcesPropertyResolver - Searching for key &apos;spring.aop.proxyTargetClass:false&apos; in [systemProperties]
10:45:51.351 [main] DEBUG o.s.c.e.PropertySourcesPropertyResolver - Searching for key &apos;spring.aop.proxyTargetClass:false&apos; in [systemEnvironment]
10:45:51.351 [main] DEBUG o.s.c.e.PropertySourcesPropertyResolver - Could not find key &apos;spring.aop.proxyTargetClass:false&apos; in any property source. Returning [null]
10:45:51.351 [main] DEBUG o.s.c.e.PropertySourcesPropertyResolver - Searching for key &apos;spring.aop.proxyTargetClass&apos; in [servletConfigInitParams]
10:45:51.351 [main] DEBUG o.s.c.e.PropertySourcesPropertyResolver - Searching for key &apos;spring.aop.proxyTargetClass&apos; in [servletContextInitParams]
10:45:51.352 [main] DEBUG o.s.c.e.PropertySourcesPropertyResolver - Searching for key &apos;spring.aop.proxyTargetClass&apos; in [jndiProperties]
10:45:51.352 [main] DEBUG o.springframework.jndi.JndiTemplate - Looking up JNDI object with name [java:comp/env/spring.aop.proxyTargetClass]
10:45:51.352 [main] DEBUG o.s.jndi.JndiLocatorDelegate - Converted JNDI name [java:comp/env/spring.aop.proxyTargetClass] not found - trying original name [spring.aop.proxyTargetClass]. javax.naming.NoInitialContextException: Need to specify class name in environment or system property, or as an applet parameter, or in an application resource file:  java.naming.factory.initial
10:45:51.352 [main] DEBUG o.springframework.jndi.JndiTemplate - Looking up JNDI object with name [spring.aop.proxyTargetClass]
10:45:51.352 [main] DEBUG o.s.jndi.JndiPropertySource - JNDI lookup for name [spring.aop.proxyTargetClass] threw NamingException with message: Need to specify class name in environment or system property, or as an applet parameter, or in an application resource file:  java.naming.factory.initial. Returning null.
10:45:51.352 [main] DEBUG o.s.c.e.PropertySourcesPropertyResolver - Searching for key &apos;spring.aop.proxyTargetClass&apos; in [systemProperties]
10:45:51.352 [main] DEBUG o.s.c.e.PropertySourcesPropertyResolver - Searching for key &apos;spring.aop.proxyTargetClass&apos; in [systemEnvironment]
10:45:51.352 [main] DEBUG o.s.c.e.PropertySourcesPropertyResolver - Could not find key &apos;spring.aop.proxyTargetClass&apos; in any property source. Returning [null]
10:45:51.352 [main] DEBUG o.s.b.f.s.DefaultListableBeanFactory - Returning cached instance of singleton bean &apos;autoConfigurationReport&apos;
10:45:51.353 [main] DEBUG o.s.c.a.ConfigurationClassBeanDefinitionReader - Registered bean definition for imported @Configuration class org.springframework.boot.autoconfigure.aop.AopAutoConfiguration$JdkDynamicAutoProxyConfiguration
10:45:51.353 [main] DEBUG o.s.c.a.ConfigurationClassBeanDefinitionReader - Registered bean definition for imported @Configuration class org.springframework.boot.autoconfigure.aop.AopAutoConfiguration
10:45:51.353 [main] DEBUG o.s.b.f.s.DefaultListableBeanFactory - Returning cached instance of singleton bean &apos;autoConfigurationReport&apos;
10:45:51.355 [main] DEBUG o.s.c.e.PropertySourcesPropertyResolver - Searching for key &apos;spring.datasource.driverClassName&apos; in [servletConfigInitParams]
10:45:51.355 [main] DEBUG o.s.c.e.PropertySourcesPropertyResolver - Searching for key &apos;spring.datasource.driverClassName&apos; in [servletContextInitParams]
10:45:51.355 [main] DEBUG o.s.c.e.PropertySourcesPropertyResolver - Searching for key &apos;spring.datasource.driverClassName&apos; in [jndiProperties]
10:45:51.355 [main] DEBUG o.springframework.jndi.JndiTemplate - Looking up JNDI object with name [java:comp/env/spring.datasource.driverClassName]
10:45:51.355 [main] DEBUG o.s.jndi.JndiLocatorDelegate - Converted JNDI name [java:comp/env/spring.datasource.driverClassName] not found - trying original name [spring.datasource.driverClassName]. javax.naming.NoInitialContextException: Need to specify class name in environment or system property, or as an applet parameter, or in an application resource file:  java.naming.factory.initial
10:45:51.355 [main] DEBUG o.springframework.jndi.JndiTemplate - Looking up JNDI object with name [spring.datasource.driverClassName]
10:45:51.355 [main] DEBUG o.s.jndi.JndiPropertySource - JNDI lookup for name [spring.datasource.driverClassName] threw NamingException with message: Need to specify class name in environment or system property, or as an applet parameter, or in an application resource file:  java.naming.factory.initial. Returning null.
10:45:51.355 [main] DEBUG o.s.c.e.PropertySourcesPropertyResolver - Searching for key &apos;spring.datasource.driverClassName&apos; in [systemProperties]
10:45:51.356 [main] DEBUG o.s.c.e.PropertySourcesPropertyResolver - Searching for key &apos;spring.datasource.driverClassName&apos; in [systemEnvironment]
10:45:51.356 [main] DEBUG o.s.c.e.PropertySourcesPropertyResolver - Could not find key &apos;spring.datasource.driverClassName&apos; in any property source. Returning [null]
10:45:51.356 [main] DEBUG o.s.c.e.PropertySourcesPropertyResolver - Searching for key &apos;spring.datasource.url&apos; in [servletConfigInitParams]
10:45:51.357 [main] DEBUG o.s.c.e.PropertySourcesPropertyResolver - Searching for key &apos;spring.datasource.url&apos; in [servletContextInitParams]
10:45:51.357 [main] DEBUG o.s.c.e.PropertySourcesPropertyResolver - Searching for key &apos;spring.datasource.url&apos; in [jndiProperties]
10:45:51.357 [main] DEBUG o.springframework.jndi.JndiTemplate - Looking up JNDI object with name [java:comp/env/spring.datasource.url]
10:45:51.357 [main] DEBUG o.s.jndi.JndiLocatorDelegate - Converted JNDI name [java:comp/env/spring.datasource.url] not found - trying original name [spring.datasource.url]. javax.naming.NoInitialContextException: Need to specify class name in environment or system property, or as an applet parameter, or in an application resource file:  java.naming.factory.initial
10:45:51.357 [main] DEBUG o.springframework.jndi.JndiTemplate - Looking up JNDI object with name [spring.datasource.url]
10:45:51.357 [main] DEBUG o.s.jndi.JndiPropertySource - JNDI lookup for name [spring.datasource.url] threw NamingException with message: Need to specify class name in environment or system property, or as an applet parameter, or in an application resource file:  java.naming.factory.initial. Returning null.
10:45:51.357 [main] DEBUG o.s.c.e.PropertySourcesPropertyResolver - Searching for key &apos;spring.datasource.url&apos; in [systemProperties]
10:45:51.357 [main] DEBUG o.s.c.e.PropertySourcesPropertyResolver - Searching for key &apos;spring.datasource.url&apos; in [systemEnvironment]
10:45:51.357 [main] DEBUG o.s.c.e.PropertySourcesPropertyResolver - Could not find key &apos;spring.datasource.url&apos; in any property source. Returning [null]
10:45:51.358 [main] DEBUG o.s.b.f.s.DefaultListableBeanFactory - Returning cached instance of singleton bean &apos;autoConfigurationReport&apos;
10:45:51.358 [main] DEBUG o.s.c.a.ConfigurationClassBeanDefinitionReader - Registered bean definition for imported @Configuration class org.springframework.boot.autoconfigure.jdbc.DataSourceAutoConfiguration$JdbcTemplateConfiguration
10:45:51.368 [main] DEBUG o.s.b.f.s.DefaultListableBeanFactory - Returning cached instance of singleton bean &apos;autoConfigurationReport&apos;
10:45:51.368 [main] DEBUG o.s.c.a.ConfigurationClassBeanDefinitionReader - Registering bean definition for @Bean method org.springframework.boot.autoconfigure.jdbc.DataSourceAutoConfiguration$JdbcTemplateConfiguration.jdbcTemplate()
10:45:51.375 [main] DEBUG o.s.b.f.s.DefaultListableBeanFactory - Returning cached instance of singleton bean &apos;autoConfigurationReport&apos;
10:45:51.376 [main] DEBUG o.s.c.a.ConfigurationClassBeanDefinitionReader - Registering bean definition for @Bean method org.springframework.boot.autoconfigure.jdbc.DataSourceAutoConfiguration$JdbcTemplateConfiguration.namedParameterJdbcTemplate()
10:45:51.377 [main] DEBUG o.s.c.e.PropertySourcesPropertyResolver - Searching for key &apos;spring.datasource.driverClassName&apos; in [servletConfigInitParams]
10:45:51.377 [main] DEBUG o.s.c.e.PropertySourcesPropertyResolver - Searching for key &apos;spring.datasource.driverClassName&apos; in [servletContextInitParams]
10:45:51.377 [main] DEBUG o.s.c.e.PropertySourcesPropertyResolver - Searching for key &apos;spring.datasource.driverClassName&apos; in [jndiProperties]
10:45:51.377 [main] DEBUG o.springframework.jndi.JndiTemplate - Looking up JNDI object with name [java:comp/env/spring.datasource.driverClassName]
10:45:51.377 [main] DEBUG o.s.jndi.JndiLocatorDelegate - Converted JNDI name [java:comp/env/spring.datasource.driverClassName] not found - trying original name [spring.datasource.driverClassName]. javax.naming.NoInitialContextException: Need to specify class name in environment or system property, or as an applet parameter, or in an application resource file:  java.naming.factory.initial
10:45:51.377 [main] DEBUG o.springframework.jndi.JndiTemplate - Looking up JNDI object with name [spring.datasource.driverClassName]
10:45:51.377 [main] DEBUG o.s.jndi.JndiPropertySource - JNDI lookup for name [spring.datasource.driverClassName] threw NamingException with message: Need to specify class name in environment or system property, or as an applet parameter, or in an application resource file:  java.naming.factory.initial. Returning null.
10:45:51.377 [main] DEBUG o.s.c.e.PropertySourcesPropertyResolver - Searching for key &apos;spring.datasource.driverClassName&apos; in [systemProperties]
10:45:51.377 [main] DEBUG o.s.c.e.PropertySourcesPropertyResolver - Searching for key &apos;spring.datasource.driverClassName&apos; in [systemEnvironment]
10:45:51.377 [main] DEBUG o.s.c.e.PropertySourcesPropertyResolver - Could not find key &apos;spring.datasource.driverClassName&apos; in any property source. Returning [null]
10:45:51.378 [main] DEBUG o.s.c.e.PropertySourcesPropertyResolver - Searching for key &apos;spring.datasource.url&apos; in [servletConfigInitParams]
10:45:51.379 [main] DEBUG o.s.c.e.PropertySourcesPropertyResolver - Searching for key &apos;spring.datasource.url&apos; in [servletContextInitParams]
10:45:51.379 [main] DEBUG o.s.c.e.PropertySourcesPropertyResolver - Searching for key &apos;spring.datasource.url&apos; in [jndiProperties]
10:45:51.379 [main] DEBUG o.springframework.jndi.JndiTemplate - Looking up JNDI object with name [java:comp/env/spring.datasource.url]
10:45:51.379 [main] DEBUG o.s.jndi.JndiLocatorDelegate - Converted JNDI name [java:comp/env/spring.datasource.url] not found - trying original name [spring.datasource.url]. javax.naming.NoInitialContextException: Need to specify class name in environment or system property, or as an applet parameter, or in an application resource file:  java.naming.factory.initial
10:45:51.379 [main] DEBUG o.springframework.jndi.JndiTemplate - Looking up JNDI object with name [spring.datasource.url]
10:45:51.379 [main] DEBUG o.s.jndi.JndiPropertySource - JNDI lookup for name [spring.datasource.url] threw NamingException with message: Need to specify class name in environment or system property, or as an applet parameter, or in an application resource file:  java.naming.factory.initial. Returning null.
10:45:51.379 [main] DEBUG o.s.c.e.PropertySourcesPropertyResolver - Searching for key &apos;spring.datasource.url&apos; in [systemProperties]
10:45:51.379 [main] DEBUG o.s.c.e.PropertySourcesPropertyResolver - Searching for key &apos;spring.datasource.url&apos; in [systemEnvironment]
10:45:51.379 [main] DEBUG o.s.c.e.PropertySourcesPropertyResolver - Could not find key &apos;spring.datasource.url&apos; in any property source. Returning [null]
10:45:51.380 [main] DEBUG o.s.b.f.s.DefaultListableBeanFactory - Returning cached instance of singleton bean &apos;autoConfigurationReport&apos;
10:45:51.387 [main] DEBUG o.s.b.f.s.DefaultListableBeanFactory - Returning cached instance of singleton bean &apos;autoConfigurationReport&apos;
10:45:51.388 [main] DEBUG o.s.c.a.ConfigurationClassBeanDefinitionReader - Registered bean definition for imported @Configuration class org.springframework.boot.autoconfigure.jdbc.CommonsDataSourceConfiguration
10:45:51.388 [main] DEBUG o.s.c.a.ConfigurationClassBeanDefinitionReader - Registering bean definition for @Bean method org.springframework.boot.autoconfigure.jdbc.CommonsDataSourceConfiguration.dataSource()
10:45:51.389 [main] DEBUG o.s.c.a.ConfigurationClassBeanDefinitionReader - Registered bean definition for imported @Configuration class org.springframework.boot.autoconfigure.jdbc.DataSourceAutoConfiguration$DbcpConfiguration
10:45:51.389 [main] DEBUG o.s.c.a.ConfigurationClassBeanDefinitionReader - Registered bean definition for imported @Configuration class org.springframework.boot.autoconfigure.jdbc.DataSourceAutoConfiguration
10:45:51.407 [main] DEBUG o.s.b.f.s.DefaultListableBeanFactory - Returning cached instance of singleton bean &apos;autoConfigurationReport&apos;
10:45:51.407 [main] DEBUG o.s.b.f.s.DefaultListableBeanFactory - Returning cached instance of singleton bean &apos;autoConfigurationReport&apos;
10:45:51.408 [main] DEBUG o.s.c.a.ConfigurationClassBeanDefinitionReader - Registered bean definition for imported @Configuration class org.springframework.boot.autoconfigure.jdbc.DataSourceTransactionManagerAutoConfiguration
10:45:51.414 [main] DEBUG o.s.b.f.s.DefaultListableBeanFactory - Returning cached instance of singleton bean &apos;autoConfigurationReport&apos;
10:45:51.415 [main] DEBUG o.s.b.f.s.DefaultListableBeanFactory - Returning cached instance of singleton bean &apos;autoConfigurationReport&apos;
10:45:51.421 [main] DEBUG o.s.b.f.s.DefaultListableBeanFactory - Returning cached instance of singleton bean &apos;autoConfigurationReport&apos;
10:45:51.421 [main] DEBUG o.s.b.f.s.DefaultListableBeanFactory - Returning cached instance of singleton bean &apos;autoConfigurationReport&apos;
10:45:51.422 [main] DEBUG o.s.b.f.s.DefaultListableBeanFactory - Returning cached instance of singleton bean &apos;autoConfigurationReport&apos;
10:45:51.422 [main] DEBUG o.s.c.a.ConfigurationClassBeanDefinitionReader - Registered bean definition for imported @Configuration class org.springframework.boot.autoconfigure.web.HttpMessageConvertersAutoConfiguration$ObjectMappers
10:45:51.430 [main] DEBUG o.s.b.f.s.DefaultListableBeanFactory - Returning cached instance of singleton bean &apos;autoConfigurationReport&apos;
10:45:51.430 [main] DEBUG o.s.c.a.ConfigurationClassBeanDefinitionReader - Registering bean definition for @Bean method org.springframework.boot.autoconfigure.web.HttpMessageConvertersAutoConfiguration$ObjectMappers.jacksonObjectMapper()
10:45:51.438 [main] DEBUG o.s.b.f.s.DefaultListableBeanFactory - Returning cached instance of singleton bean &apos;autoConfigurationReport&apos;
10:45:51.439 [main] DEBUG o.s.c.a.ConfigurationClassBeanDefinitionReader - Registering bean definition for @Bean method org.springframework.boot.autoconfigure.web.HttpMessageConvertersAutoConfiguration$ObjectMappers.mappingJackson2HttpMessageConverter()
10:45:51.439 [main] DEBUG o.s.c.a.ConfigurationClassBeanDefinitionReader - Registered bean definition for imported @Configuration class org.springframework.boot.autoconfigure.web.HttpMessageConvertersAutoConfiguration
10:45:51.445 [main] DEBUG o.s.b.f.s.DefaultListableBeanFactory - Returning cached instance of singleton bean &apos;autoConfigurationReport&apos;
10:45:51.446 [main] DEBUG o.s.c.a.ConfigurationClassBeanDefinitionReader - Registering bean definition for @Bean method org.springframework.boot.autoconfigure.web.HttpMessageConvertersAutoConfiguration.messageConverters()
10:45:51.446 [main] DEBUG o.s.b.f.s.DefaultListableBeanFactory - Returning cached instance of singleton bean &apos;autoConfigurationReport&apos;
10:45:51.453 [main] DEBUG o.s.b.f.s.DefaultListableBeanFactory - Returning cached instance of singleton bean &apos;autoConfigurationReport&apos;
10:45:51.516 [main] DEBUG o.s.c.a.ConfigurationClassEnhancer - Successfully enhanced org.springframework.boot.autoconfigure.MessageSourceAutoConfiguration; enhanced class name is: org.springframework.boot.autoconfigure.MessageSourceAutoConfiguration$$EnhancerByCGLIB$$edf514a3
10:45:51.517 [main] DEBUG o.s.c.a.ConfigurationClassPostProcessor - Replacing bean definition &apos;org.springframework.boot.autoconfigure.MessageSourceAutoConfiguration&apos; existing class name &apos;org.springframework.boot.autoconfigure.MessageSourceAutoConfiguration&apos; with enhanced class name &apos;org.springframework.boot.autoconfigure.MessageSourceAutoConfiguration$$EnhancerByCGLIB$$edf514a3&apos;
10:45:51.519 [main] DEBUG o.s.c.a.ConfigurationClassEnhancer - Successfully enhanced org.springframework.boot.autoconfigure.PropertyPlaceholderAutoConfiguration; enhanced class name is: org.springframework.boot.autoconfigure.PropertyPlaceholderAutoConfiguration$$EnhancerByCGLIB$$af9d3b47
10:45:51.519 [main] DEBUG o.s.c.a.ConfigurationClassPostProcessor - Replacing bean definition &apos;org.springframework.boot.autoconfigure.PropertyPlaceholderAutoConfiguration&apos; existing class name &apos;org.springframework.boot.autoconfigure.PropertyPlaceholderAutoConfiguration&apos; with enhanced class name &apos;org.springframework.boot.autoconfigure.PropertyPlaceholderAutoConfiguration$$EnhancerByCGLIB$$af9d3b47&apos;
10:45:51.521 [main] DEBUG o.s.c.a.ConfigurationClassEnhancer - Successfully enhanced org.springframework.boot.autoconfigure.web.EmbeddedServletContainerAutoConfiguration$EmbeddedTomcat; enhanced class name is: org.springframework.boot.autoconfigure.web.EmbeddedServletContainerAutoConfiguration$EmbeddedTomcat$$EnhancerByCGLIB$$cc884669
10:45:51.521 [main] DEBUG o.s.c.a.ConfigurationClassPostProcessor - Replacing bean definition &apos;org.springframework.boot.autoconfigure.web.EmbeddedServletContainerAutoConfiguration$EmbeddedTomcat&apos; existing class name &apos;org.springframework.boot.autoconfigure.web.EmbeddedServletContainerAutoConfiguration$EmbeddedTomcat&apos; with enhanced class name &apos;org.springframework.boot.autoconfigure.web.EmbeddedServletContainerAutoConfiguration$EmbeddedTomcat$$EnhancerByCGLIB$$cc884669&apos;
10:45:51.523 [main] DEBUG o.s.c.a.ConfigurationClassEnhancer - Successfully enhanced org.springframework.boot.autoconfigure.web.EmbeddedServletContainerAutoConfiguration; enhanced class name is: org.springframework.boot.autoconfigure.web.EmbeddedServletContainerAutoConfiguration$$EnhancerByCGLIB$$bc7c2c8d
10:45:51.523 [main] DEBUG o.s.c.a.ConfigurationClassPostProcessor - Replacing bean definition &apos;org.springframework.boot.autoconfigure.web.EmbeddedServletContainerAutoConfiguration&apos; existing class name &apos;org.springframework.boot.autoconfigure.web.EmbeddedServletContainerAutoConfiguration&apos; with enhanced class name &apos;org.springframework.boot.autoconfigure.web.EmbeddedServletContainerAutoConfiguration$$EnhancerByCGLIB$$bc7c2c8d&apos;
10:45:51.525 [main] DEBUG o.s.c.a.ConfigurationClassEnhancer - Successfully enhanced org.springframework.boot.autoconfigure.web.DispatcherServletAutoConfiguration; enhanced class name is: org.springframework.boot.autoconfigure.web.DispatcherServletAutoConfiguration$$EnhancerByCGLIB$$7c40f3a1
10:45:51.525 [main] DEBUG o.s.c.a.ConfigurationClassPostProcessor - Replacing bean definition &apos;org.springframework.boot.autoconfigure.web.DispatcherServletAutoConfiguration&apos; existing class name &apos;org.springframework.boot.autoconfigure.web.DispatcherServletAutoConfiguration&apos; with enhanced class name &apos;org.springframework.boot.autoconfigure.web.DispatcherServletAutoConfiguration$$EnhancerByCGLIB$$7c40f3a1&apos;
10:45:51.528 [main] DEBUG o.s.c.a.ConfigurationClassEnhancer - Successfully enhanced org.springframework.boot.actuate.autoconfigure.ErrorMvcAutoConfiguration$WhitelabelErrorViewConfiguration; enhanced class name is: org.springframework.boot.actuate.autoconfigure.ErrorMvcAutoConfiguration$WhitelabelErrorViewConfiguration$$EnhancerByCGLIB$$d10881c0
10:45:51.528 [main] DEBUG o.s.c.a.ConfigurationClassPostProcessor - Replacing bean definition &apos;org.springframework.boot.actuate.autoconfigure.ErrorMvcAutoConfiguration$WhitelabelErrorViewConfiguration&apos; existing class name &apos;org.springframework.boot.actuate.autoconfigure.ErrorMvcAutoConfiguration$WhitelabelErrorViewConfiguration&apos; with enhanced class name &apos;org.springframework.boot.actuate.autoconfigure.ErrorMvcAutoConfiguration$WhitelabelErrorViewConfiguration$$EnhancerByCGLIB$$d10881c0&apos;
10:45:51.531 [main] DEBUG o.s.c.a.ConfigurationClassEnhancer - Successfully enhanced org.springframework.boot.autoconfigure.web.WebMvcAutoConfiguration$WebMvcAutoConfigurationAdapter$FaviconConfiguration; enhanced class name is: org.springframework.boot.autoconfigure.web.WebMvcAutoConfiguration$WebMvcAutoConfigurationAdapter$FaviconConfiguration$$EnhancerByCGLIB$$1c2ec541
10:45:51.531 [main] DEBUG o.s.c.a.ConfigurationClassPostProcessor - Replacing bean definition &apos;org.springframework.boot.autoconfigure.web.WebMvcAutoConfiguration$WebMvcAutoConfigurationAdapter$FaviconConfiguration&apos; existing class name &apos;org.springframework.boot.autoconfigure.web.WebMvcAutoConfiguration$WebMvcAutoConfigurationAdapter$FaviconConfiguration&apos; with enhanced class name &apos;org.springframework.boot.autoconfigure.web.WebMvcAutoConfiguration$WebMvcAutoConfigurationAdapter$FaviconConfiguration$$EnhancerByCGLIB$$1c2ec541&apos;
10:45:51.542 [main] DEBUG o.s.c.a.ConfigurationClassEnhancer - Successfully enhanced org.springframework.web.servlet.config.annotation.DelegatingWebMvcConfiguration; enhanced class name is: org.springframework.web.servlet.config.annotation.DelegatingWebMvcConfiguration$$EnhancerByCGLIB$$715d1703
10:45:51.542 [main] DEBUG o.s.c.a.ConfigurationClassPostProcessor - Replacing bean definition &apos;org.springframework.web.servlet.config.annotation.DelegatingWebMvcConfiguration&apos; existing class name &apos;org.springframework.web.servlet.config.annotation.DelegatingWebMvcConfiguration&apos; with enhanced class name &apos;org.springframework.web.servlet.config.annotation.DelegatingWebMvcConfiguration$$EnhancerByCGLIB$$715d1703&apos;
10:45:51.545 [main] DEBUG o.s.c.a.ConfigurationClassEnhancer - Successfully enhanced org.springframework.boot.autoconfigure.web.WebMvcAutoConfiguration; enhanced class name is: org.springframework.boot.autoconfigure.web.WebMvcAutoConfiguration$$EnhancerByCGLIB$$256858d
10:45:51.545 [main] DEBUG o.s.c.a.ConfigurationClassPostProcessor - Replacing bean definition &apos;org.springframework.boot.autoconfigure.web.WebMvcAutoConfiguration&apos; existing class name &apos;org.springframework.boot.autoconfigure.web.WebMvcAutoConfiguration&apos; with enhanced class name &apos;org.springframework.boot.autoconfigure.web.WebMvcAutoConfiguration$$EnhancerByCGLIB$$256858d&apos;
10:45:51.549 [main] DEBUG o.s.c.a.ConfigurationClassEnhancer - Successfully enhanced org.springframework.boot.actuate.autoconfigure.AuditAutoConfiguration; enhanced class name is: org.springframework.boot.actuate.autoconfigure.AuditAutoConfiguration$$EnhancerByCGLIB$$abffa929
10:45:51.549 [main] DEBUG o.s.c.a.ConfigurationClassPostProcessor - Replacing bean definition &apos;org.springframework.boot.actuate.autoconfigure.AuditAutoConfiguration&apos; existing class name &apos;org.springframework.boot.actuate.autoconfigure.AuditAutoConfiguration&apos; with enhanced class name &apos;org.springframework.boot.actuate.autoconfigure.AuditAutoConfiguration$$EnhancerByCGLIB$$abffa929&apos;
10:45:51.552 [main] DEBUG o.s.c.a.ConfigurationClassEnhancer - Successfully enhanced org.springframework.boot.actuate.autoconfigure.EndpointAutoConfiguration$InfoPropertiesConfiguration; enhanced class name is: org.springframework.boot.actuate.autoconfigure.EndpointAutoConfiguration$InfoPropertiesConfiguration$$EnhancerByCGLIB$$b0ceb58a
10:45:51.552 [main] DEBUG o.s.c.a.ConfigurationClassPostProcessor - Replacing bean definition &apos;org.springframework.boot.actuate.autoconfigure.EndpointAutoConfiguration$InfoPropertiesConfiguration&apos; existing class name &apos;org.springframework.boot.actuate.autoconfigure.EndpointAutoConfiguration$InfoPropertiesConfiguration&apos; with enhanced class name &apos;org.springframework.boot.actuate.autoconfigure.EndpointAutoConfiguration$InfoPropertiesConfiguration$$EnhancerByCGLIB$$b0ceb58a&apos;
10:45:51.560 [main] DEBUG o.s.c.a.ConfigurationClassEnhancer - Successfully enhanced org.springframework.boot.actuate.autoconfigure.EndpointAutoConfiguration; enhanced class name is: org.springframework.boot.actuate.autoconfigure.EndpointAutoConfiguration$$EnhancerByCGLIB$$8d424179
10:45:51.561 [main] DEBUG o.s.c.a.ConfigurationClassPostProcessor - Replacing bean definition &apos;org.springframework.boot.actuate.autoconfigure.EndpointAutoConfiguration&apos; existing class name &apos;org.springframework.boot.actuate.autoconfigure.EndpointAutoConfiguration&apos; with enhanced class name &apos;org.springframework.boot.actuate.autoconfigure.EndpointAutoConfiguration$$EnhancerByCGLIB$$8d424179&apos;
10:45:51.563 [main] DEBUG o.s.c.a.ConfigurationClassEnhancer - Successfully enhanced org.springframework.boot.actuate.autoconfigure.EndpointMBeanExportAutoConfiguration; enhanced class name is: org.springframework.boot.actuate.autoconfigure.EndpointMBeanExportAutoConfiguration$$EnhancerByCGLIB$$f34ce988
10:45:51.563 [main] DEBUG o.s.c.a.ConfigurationClassPostProcessor - Replacing bean definition &apos;org.springframework.boot.actuate.autoconfigure.EndpointMBeanExportAutoConfiguration&apos; existing class name &apos;org.springframework.boot.actuate.autoconfigure.EndpointMBeanExportAutoConfiguration&apos; with enhanced class name &apos;org.springframework.boot.actuate.autoconfigure.EndpointMBeanExportAutoConfiguration$$EnhancerByCGLIB$$f34ce988&apos;
10:45:51.567 [main] DEBUG o.s.c.a.ConfigurationClassEnhancer - Successfully enhanced org.springframework.boot.autoconfigure.web.ServerPropertiesAutoConfiguration; enhanced class name is: org.springframework.boot.autoconfigure.web.ServerPropertiesAutoConfiguration$$EnhancerByCGLIB$$b867fc1d
10:45:51.567 [main] DEBUG o.s.c.a.ConfigurationClassPostProcessor - Replacing bean definition &apos;org.springframework.boot.autoconfigure.web.ServerPropertiesAutoConfiguration&apos; existing class name &apos;org.springframework.boot.autoconfigure.web.ServerPropertiesAutoConfiguration&apos; with enhanced class name &apos;org.springframework.boot.autoconfigure.web.ServerPropertiesAutoConfiguration$$EnhancerByCGLIB$$b867fc1d&apos;
10:45:51.571 [main] DEBUG o.s.c.a.ConfigurationClassEnhancer - Successfully enhanced org.springframework.boot.actuate.autoconfigure.ManagementServerPropertiesAutoConfiguration; enhanced class name is: org.springframework.boot.actuate.autoconfigure.ManagementServerPropertiesAutoConfiguration$$EnhancerByCGLIB$$ea8b0f95
10:45:51.571 [main] DEBUG o.s.c.a.ConfigurationClassPostProcessor - Replacing bean definition &apos;org.springframework.boot.actuate.autoconfigure.ManagementServerPropertiesAutoConfiguration&apos; existing class name &apos;org.springframework.boot.actuate.autoconfigure.ManagementServerPropertiesAutoConfiguration&apos; with enhanced class name &apos;org.springframework.boot.actuate.autoconfigure.ManagementServerPropertiesAutoConfiguration$$EnhancerByCGLIB$$ea8b0f95&apos;
10:45:51.576 [main] DEBUG o.s.c.a.ConfigurationClassEnhancer - Successfully enhanced org.springframework.boot.actuate.autoconfigure.EndpointWebMvcAutoConfiguration$ApplicationContextFilterConfiguration; enhanced class name is: org.springframework.boot.actuate.autoconfigure.EndpointWebMvcAutoConfiguration$ApplicationContextFilterConfiguration$$EnhancerByCGLIB$$9ee5a62e
10:45:51.576 [main] DEBUG o.s.c.a.ConfigurationClassPostProcessor - Replacing bean definition &apos;org.springframework.boot.actuate.autoconfigure.EndpointWebMvcAutoConfiguration$ApplicationContextFilterConfiguration&apos; existing class name &apos;org.springframework.boot.actuate.autoconfigure.EndpointWebMvcAutoConfiguration$ApplicationContextFilterConfiguration&apos; with enhanced class name &apos;org.springframework.boot.actuate.autoconfigure.EndpointWebMvcAutoConfiguration$ApplicationContextFilterConfiguration$$EnhancerByCGLIB$$9ee5a62e&apos;
10:45:51.583 [main] DEBUG o.s.c.a.ConfigurationClassEnhancer - Successfully enhanced org.springframework.boot.actuate.autoconfigure.EndpointWebMvcAutoConfiguration; enhanced class name is: org.springframework.boot.actuate.autoconfigure.EndpointWebMvcAutoConfiguration$$EnhancerByCGLIB$$eaf979f3
10:45:51.584 [main] DEBUG o.s.c.a.ConfigurationClassPostProcessor - Replacing bean definition &apos;org.springframework.boot.actuate.autoconfigure.EndpointWebMvcAutoConfiguration&apos; existing class name &apos;org.springframework.boot.actuate.autoconfigure.EndpointWebMvcAutoConfiguration&apos; with enhanced class name &apos;org.springframework.boot.actuate.autoconfigure.EndpointWebMvcAutoConfiguration$$EnhancerByCGLIB$$eaf979f3&apos;
10:45:51.587 [main] DEBUG o.s.c.a.ConfigurationClassEnhancer - Successfully enhanced org.springframework.boot.actuate.autoconfigure.MetricRepositoryAutoConfiguration$MetricRepositoryConfiguration; enhanced class name is: org.springframework.boot.actuate.autoconfigure.MetricRepositoryAutoConfiguration$MetricRepositoryConfiguration$$EnhancerByCGLIB$$4902e06c
10:45:51.588 [main] DEBUG o.s.c.a.ConfigurationClassPostProcessor - Replacing bean definition &apos;org.springframework.boot.actuate.autoconfigure.MetricRepositoryAutoConfiguration$MetricRepositoryConfiguration&apos; existing class name &apos;org.springframework.boot.actuate.autoconfigure.MetricRepositoryAutoConfiguration$MetricRepositoryConfiguration&apos; with enhanced class name &apos;org.springframework.boot.actuate.autoconfigure.MetricRepositoryAutoConfiguration$MetricRepositoryConfiguration$$EnhancerByCGLIB$$4902e06c&apos;
10:45:51.592 [main] DEBUG o.s.c.a.ConfigurationClassEnhancer - Successfully enhanced org.springframework.boot.actuate.autoconfigure.MetricRepositoryAutoConfiguration; enhanced class name is: org.springframework.boot.actuate.autoconfigure.MetricRepositoryAutoConfiguration$$EnhancerByCGLIB$$6ee082b4
10:45:51.592 [main] DEBUG o.s.c.a.ConfigurationClassPostProcessor - Replacing bean definition &apos;org.springframework.boot.actuate.autoconfigure.MetricRepositoryAutoConfiguration&apos; existing class name &apos;org.springframework.boot.actuate.autoconfigure.MetricRepositoryAutoConfiguration&apos; with enhanced class name &apos;org.springframework.boot.actuate.autoconfigure.MetricRepositoryAutoConfiguration$$EnhancerByCGLIB$$6ee082b4&apos;
10:45:51.596 [main] DEBUG o.s.c.a.ConfigurationClassEnhancer - Successfully enhanced org.springframework.boot.actuate.autoconfigure.MetricFilterAutoConfiguration; enhanced class name is: org.springframework.boot.actuate.autoconfigure.MetricFilterAutoConfiguration$$EnhancerByCGLIB$$3ee66386
10:45:51.596 [main] DEBUG o.s.c.a.ConfigurationClassPostProcessor - Replacing bean definition &apos;org.springframework.boot.actuate.autoconfigure.MetricFilterAutoConfiguration&apos; existing class name &apos;org.springframework.boot.actuate.autoconfigure.MetricFilterAutoConfiguration&apos; with enhanced class name &apos;org.springframework.boot.actuate.autoconfigure.MetricFilterAutoConfiguration$$EnhancerByCGLIB$$3ee66386&apos;
10:45:51.598 [main] DEBUG o.s.c.a.ConfigurationClassEnhancer - Successfully enhanced org.springframework.boot.actuate.autoconfigure.TraceRepositoryAutoConfiguration; enhanced class name is: org.springframework.boot.actuate.autoconfigure.TraceRepositoryAutoConfiguration$$EnhancerByCGLIB$$b47bb3d5
10:45:51.598 [main] DEBUG o.s.c.a.ConfigurationClassPostProcessor - Replacing bean definition &apos;org.springframework.boot.actuate.autoconfigure.TraceRepositoryAutoConfiguration&apos; existing class name &apos;org.springframework.boot.actuate.autoconfigure.TraceRepositoryAutoConfiguration&apos; with enhanced class name &apos;org.springframework.boot.actuate.autoconfigure.TraceRepositoryAutoConfiguration$$EnhancerByCGLIB$$b47bb3d5&apos;
10:45:51.600 [main] DEBUG o.s.c.a.ConfigurationClassEnhancer - Successfully enhanced org.springframework.boot.autoconfigure.aop.AopAutoConfiguration$JdkDynamicAutoProxyConfiguration; enhanced class name is: org.springframework.boot.autoconfigure.aop.AopAutoConfiguration$JdkDynamicAutoProxyConfiguration$$EnhancerByCGLIB$$fe60d3fe
10:45:51.600 [main] DEBUG o.s.c.a.ConfigurationClassPostProcessor - Replacing bean definition &apos;org.springframework.boot.autoconfigure.aop.AopAutoConfiguration$JdkDynamicAutoProxyConfiguration&apos; existing class name &apos;org.springframework.boot.autoconfigure.aop.AopAutoConfiguration$JdkDynamicAutoProxyConfiguration&apos; with enhanced class name &apos;org.springframework.boot.autoconfigure.aop.AopAutoConfiguration$JdkDynamicAutoProxyConfiguration$$EnhancerByCGLIB$$fe60d3fe&apos;
10:45:51.602 [main] DEBUG o.s.c.a.ConfigurationClassEnhancer - Successfully enhanced org.springframework.boot.autoconfigure.aop.AopAutoConfiguration; enhanced class name is: org.springframework.boot.autoconfigure.aop.AopAutoConfiguration$$EnhancerByCGLIB$$cf4ac38f
10:45:51.602 [main] DEBUG o.s.c.a.ConfigurationClassPostProcessor - Replacing bean definition &apos;org.springframework.boot.autoconfigure.aop.AopAutoConfiguration&apos; existing class name &apos;org.springframework.boot.autoconfigure.aop.AopAutoConfiguration&apos; with enhanced class name &apos;org.springframework.boot.autoconfigure.aop.AopAutoConfiguration$$EnhancerByCGLIB$$cf4ac38f&apos;
10:45:51.605 [main] DEBUG o.s.c.a.ConfigurationClassEnhancer - Successfully enhanced org.springframework.boot.autoconfigure.jdbc.DataSourceAutoConfiguration$JdbcTemplateConfiguration; enhanced class name is: org.springframework.boot.autoconfigure.jdbc.DataSourceAutoConfiguration$JdbcTemplateConfiguration$$EnhancerByCGLIB$$817b886a
10:45:51.605 [main] DEBUG o.s.c.a.ConfigurationClassPostProcessor - Replacing bean definition &apos;org.springframework.boot.autoconfigure.jdbc.DataSourceAutoConfiguration$JdbcTemplateConfiguration&apos; existing class name &apos;org.springframework.boot.autoconfigure.jdbc.DataSourceAutoConfiguration$JdbcTemplateConfiguration&apos; with enhanced class name &apos;org.springframework.boot.autoconfigure.jdbc.DataSourceAutoConfiguration$JdbcTemplateConfiguration$$EnhancerByCGLIB$$817b886a&apos;
10:45:51.609 [main] DEBUG o.s.c.a.ConfigurationClassEnhancer - Successfully enhanced org.springframework.boot.autoconfigure.jdbc.CommonsDataSourceConfiguration; enhanced class name is: org.springframework.boot.autoconfigure.jdbc.CommonsDataSourceConfiguration$$EnhancerByCGLIB$$fd263de2
10:45:51.609 [main] DEBUG o.s.c.a.ConfigurationClassPostProcessor - Replacing bean definition &apos;org.springframework.boot.autoconfigure.jdbc.CommonsDataSourceConfiguration&apos; existing class name &apos;org.springframework.boot.autoconfigure.jdbc.CommonsDataSourceConfiguration&apos; with enhanced class name &apos;org.springframework.boot.autoconfigure.jdbc.CommonsDataSourceConfiguration$$EnhancerByCGLIB$$fd263de2&apos;
10:45:51.612 [main] DEBUG o.s.c.a.ConfigurationClassEnhancer - Successfully enhanced org.springframework.boot.autoconfigure.jdbc.DataSourceAutoConfiguration; enhanced class name is: org.springframework.boot.autoconfigure.jdbc.DataSourceAutoConfiguration$$EnhancerByCGLIB$$6ad847ad
10:45:51.613 [main] DEBUG o.s.c.a.ConfigurationClassPostProcessor - Replacing bean definition &apos;org.springframework.boot.autoconfigure.jdbc.DataSourceAutoConfiguration&apos; existing class name &apos;org.springframework.boot.autoconfigure.jdbc.DataSourceAutoConfiguration&apos; with enhanced class name &apos;org.springframework.boot.autoconfigure.jdbc.DataSourceAutoConfiguration$$EnhancerByCGLIB$$6ad847ad&apos;
10:45:51.616 [main] DEBUG o.s.c.a.ConfigurationClassEnhancer - Successfully enhanced org.springframework.boot.autoconfigure.jdbc.DataSourceTransactionManagerAutoConfiguration; enhanced class name is: org.springframework.boot.autoconfigure.jdbc.DataSourceTransactionManagerAutoConfiguration$$EnhancerByCGLIB$$a58034de
10:45:51.616 [main] DEBUG o.s.c.a.ConfigurationClassPostProcessor - Replacing bean definition &apos;org.springframework.boot.autoconfigure.jdbc.DataSourceTransactionManagerAutoConfiguration&apos; existing class name &apos;org.springframework.boot.autoconfigure.jdbc.DataSourceTransactionManagerAutoConfiguration&apos; with enhanced class name &apos;org.springframework.boot.autoconfigure.jdbc.DataSourceTransactionManagerAutoConfiguration$$EnhancerByCGLIB$$a58034de&apos;
10:45:51.621 [main] DEBUG o.s.c.a.ConfigurationClassEnhancer - Successfully enhanced org.springframework.boot.autoconfigure.web.HttpMessageConvertersAutoConfiguration$ObjectMappers; enhanced class name is: org.springframework.boot.autoconfigure.web.HttpMessageConvertersAutoConfiguration$ObjectMappers$$EnhancerByCGLIB$$5cb7525c
10:45:51.621 [main] DEBUG o.s.c.a.ConfigurationClassPostProcessor - Replacing bean definition &apos;org.springframework.boot.autoconfigure.web.HttpMessageConvertersAutoConfiguration$ObjectMappers&apos; existing class name &apos;org.springframework.boot.autoconfigure.web.HttpMessageConvertersAutoConfiguration$ObjectMappers&apos; with enhanced class name &apos;org.springframework.boot.autoconfigure.web.HttpMessageConvertersAutoConfiguration$ObjectMappers$$EnhancerByCGLIB$$5cb7525c&apos;
10:45:51.625 [main] DEBUG o.s.c.a.ConfigurationClassEnhancer - Successfully enhanced org.springframework.boot.autoconfigure.web.HttpMessageConvertersAutoConfiguration; enhanced class name is: org.springframework.boot.autoconfigure.web.HttpMessageConvertersAutoConfiguration$$EnhancerByCGLIB$$b68782ad
10:45:51.625 [main] DEBUG o.s.c.a.ConfigurationClassPostProcessor - Replacing bean definition &apos;org.springframework.boot.autoconfigure.web.HttpMessageConvertersAutoConfiguration&apos; existing class name &apos;org.springframework.boot.autoconfigure.web.HttpMessageConvertersAutoConfiguration&apos; with enhanced class name &apos;org.springframework.boot.autoconfigure.web.HttpMessageConvertersAutoConfiguration$$EnhancerByCGLIB$$b68782ad&apos;
10:45:51.648 [main] DEBUG o.s.b.f.s.DefaultListableBeanFactory - Creating shared instance of singleton bean &apos;propertySourcesPlaceholderConfigurer&apos;
10:45:51.648 [main] DEBUG o.s.b.f.s.DefaultListableBeanFactory - Creating instance of bean &apos;propertySourcesPlaceholderConfigurer&apos;
10:45:51.655 [main] DEBUG o.s.b.f.s.DefaultListableBeanFactory - Eagerly caching bean &apos;propertySourcesPlaceholderConfigurer&apos; to allow for resolving potential circular references
10:45:51.656 [main] DEBUG o.s.b.f.s.DefaultListableBeanFactory - Finished creating instance of bean &apos;propertySourcesPlaceholderConfigurer&apos;
10:45:51.656 [main] DEBUG o.s.core.env.MutablePropertySources - Adding [environmentProperties] PropertySource with lowest search precedence
10:45:51.656 [main] DEBUG o.s.core.env.MutablePropertySources - Adding [localProperties] PropertySource with lowest search precedence
10:45:51.682 [main] DEBUG o.s.b.f.s.DefaultListableBeanFactory - Creating shared instance of singleton bean &apos;org.springframework.context.annotation.internalAutowiredAnnotationProcessor&apos;
10:45:51.682 [main] DEBUG o.s.b.f.s.DefaultListableBeanFactory - Creating instance of bean &apos;org.springframework.context.annotation.internalAutowiredAnnotationProcessor&apos;
10:45:51.682 [main] DEBUG o.s.b.f.s.DefaultListableBeanFactory - Eagerly caching bean &apos;org.springframework.context.annotation.internalAutowiredAnnotationProcessor&apos; to allow for resolving potential circular references
10:45:51.682 [main] DEBUG o.s.b.f.s.DefaultListableBeanFactory - Finished creating instance of bean &apos;org.springframework.context.annotation.internalAutowiredAnnotationProcessor&apos;
10:45:51.682 [main] DEBUG o.s.b.f.s.DefaultListableBeanFactory - Creating shared instance of singleton bean &apos;org.springframework.context.annotation.internalRequiredAnnotationProcessor&apos;
10:45:51.682 [main] DEBUG o.s.b.f.s.DefaultListableBeanFactory - Creating instance of bean &apos;org.springframework.context.annotation.internalRequiredAnnotationProcessor&apos;
10:45:51.683 [main] DEBUG o.s.b.f.s.DefaultListableBeanFactory - Eagerly caching bean &apos;org.springframework.context.annotation.internalRequiredAnnotationProcessor&apos; to allow for resolving potential circular references
10:45:51.683 [main] DEBUG o.s.b.f.s.DefaultListableBeanFactory - Finished creating instance of bean &apos;org.springframework.context.annotation.internalRequiredAnnotationProcessor&apos;
10:45:51.683 [main] DEBUG o.s.b.f.s.DefaultListableBeanFactory - Creating shared instance of singleton bean &apos;org.springframework.context.annotation.internalCommonAnnotationProcessor&apos;
10:45:51.683 [main] DEBUG o.s.b.f.s.DefaultListableBeanFactory - Creating instance of bean &apos;org.springframework.context.annotation.internalCommonAnnotationProcessor&apos;
10:45:51.684 [main] DEBUG o.s.b.f.s.DefaultListableBeanFactory - Eagerly caching bean &apos;org.springframework.context.annotation.internalCommonAnnotationProcessor&apos; to allow for resolving potential circular references
10:45:51.684 [main] DEBUG o.s.b.f.s.DefaultListableBeanFactory - Finished creating instance of bean &apos;org.springframework.context.annotation.internalCommonAnnotationProcessor&apos;
10:45:51.684 [main] DEBUG o.s.b.f.s.DefaultListableBeanFactory - Creating shared instance of singleton bean &apos;org.springframework.context.annotation.internalPersistenceAnnotationProcessor&apos;
10:45:51.684 [main] DEBUG o.s.b.f.s.DefaultListableBeanFactory - Creating instance of bean &apos;org.springframework.context.annotation.internalPersistenceAnnotationProcessor&apos;
10:45:51.684 [main] DEBUG o.s.b.f.s.DefaultListableBeanFactory - Eagerly caching bean &apos;org.springframework.context.annotation.internalPersistenceAnnotationProcessor&apos; to allow for resolving potential circular references
10:45:51.684 [main] DEBUG o.s.b.f.s.DefaultListableBeanFactory - Finished creating instance of bean &apos;org.springframework.context.annotation.internalPersistenceAnnotationProcessor&apos;
10:45:51.685 [main] DEBUG o.s.b.f.s.DefaultListableBeanFactory - Creating shared instance of singleton bean &apos;org.springframework.orm.jpa.support.PersistenceAnnotationBeanPostProcessor#0&apos;
10:45:51.685 [main] DEBUG o.s.b.f.s.DefaultListableBeanFactory - Creating instance of bean &apos;org.springframework.orm.jpa.support.PersistenceAnnotationBeanPostProcessor#0&apos;
10:45:51.685 [main] DEBUG o.s.b.f.s.DefaultListableBeanFactory - Eagerly caching bean &apos;org.springframework.orm.jpa.support.PersistenceAnnotationBeanPostProcessor#0&apos; to allow for resolving potential circular references
10:45:51.685 [main] DEBUG o.s.b.f.s.DefaultListableBeanFactory - Finished creating instance of bean &apos;org.springframework.orm.jpa.support.PersistenceAnnotationBeanPostProcessor#0&apos;
10:45:51.685 [main] DEBUG o.s.b.f.s.DefaultListableBeanFactory - Creating shared instance of singleton bean &apos;org.springframework.context.annotation.ConfigurationClassPostProcessor.importAwareProcessor&apos;
10:45:51.685 [main] DEBUG o.s.b.f.s.DefaultListableBeanFactory - Creating instance of bean &apos;org.springframework.context.annotation.ConfigurationClassPostProcessor.importAwareProcessor&apos;
10:45:51.685 [main] DEBUG o.s.b.f.s.DefaultListableBeanFactory - Eagerly caching bean &apos;org.springframework.context.annotation.ConfigurationClassPostProcessor.importAwareProcessor&apos; to allow for resolving potential circular references
10:45:51.685 [main] DEBUG o.s.b.f.s.DefaultListableBeanFactory - Finished creating instance of bean &apos;org.springframework.context.annotation.ConfigurationClassPostProcessor.importAwareProcessor&apos;
10:45:51.685 [main] DEBUG o.s.b.f.s.DefaultListableBeanFactory - Creating shared instance of singleton bean &apos;org.springframework.context.annotation.ConfigurationClassPostProcessor.enhancedConfigurationProcessor&apos;
10:45:51.685 [main] DEBUG o.s.b.f.s.DefaultListableBeanFactory - Creating instance of bean &apos;org.springframework.context.annotation.ConfigurationClassPostProcessor.enhancedConfigurationProcessor&apos;
10:45:51.685 [main] DEBUG o.s.b.f.s.DefaultListableBeanFactory - Eagerly caching bean &apos;org.springframework.context.annotation.ConfigurationClassPostProcessor.enhancedConfigurationProcessor&apos; to allow for resolving potential circular references
10:45:51.685 [main] DEBUG o.s.b.f.s.DefaultListableBeanFactory - Finished creating instance of bean &apos;org.springframework.context.annotation.ConfigurationClassPostProcessor.enhancedConfigurationProcessor&apos;
10:45:51.686 [main] DEBUG o.s.b.f.s.DefaultListableBeanFactory - Creating shared instance of singleton bean &apos;org.springframework.dao.annotation.PersistenceExceptionTranslationPostProcessor#0&apos;
10:45:51.686 [main] DEBUG o.s.b.f.s.DefaultListableBeanFactory - Creating instance of bean &apos;org.springframework.dao.annotation.PersistenceExceptionTranslationPostProcessor#0&apos;
10:45:51.688 [main] DEBUG o.s.b.f.s.DefaultListableBeanFactory - Eagerly caching bean &apos;org.springframework.dao.annotation.PersistenceExceptionTranslationPostProcessor#0&apos; to allow for resolving potential circular references
10:45:51.704 [main] DEBUG o.s.b.f.s.DefaultListableBeanFactory - Creating shared instance of singleton bean &apos;entityManagerFactory&apos;
10:45:51.704 [main] DEBUG o.s.b.f.s.DefaultListableBeanFactory - Creating instance of bean &apos;entityManagerFactory&apos;
10:45:51.707 [main] DEBUG o.s.b.f.s.DefaultListableBeanFactory - Eagerly caching bean &apos;entityManagerFactory&apos; to allow for resolving potential circular references
10:45:51.718 [main] DEBUG o.s.b.f.s.DefaultListableBeanFactory - Invoking afterPropertiesSet() on bean with name &apos;entityManagerFactory&apos;
10:45:51.718 [main] INFO  o.s.o.j.LocalEntityManagerFactoryBean - Building JPA EntityManagerFactory for persistence unit &apos;testPersistenceUnit&apos;
10:45:51.753 [main] DEBUG org.hibernate.type.BasicTypeRegistry - Adding type registration boolean -&gt; org.hibernate.type.BooleanType@e2942da
10:45:51.753 [main] DEBUG org.hibernate.type.BasicTypeRegistry - Adding type registration boolean -&gt; org.hibernate.type.BooleanType@e2942da
10:45:51.753 [main] DEBUG org.hibernate.type.BasicTypeRegistry - Adding type registration java.lang.Boolean -&gt; org.hibernate.type.BooleanType@e2942da
10:45:51.754 [main] DEBUG org.hibernate.type.BasicTypeRegistry - Adding type registration numeric_boolean -&gt; org.hibernate.type.NumericBooleanType@4e6d670a
10:45:51.754 [main] DEBUG org.hibernate.type.BasicTypeRegistry - Adding type registration true_false -&gt; org.hibernate.type.TrueFalseType@40d1e07c
10:45:51.755 [main] DEBUG org.hibernate.type.BasicTypeRegistry - Adding type registration yes_no -&gt; org.hibernate.type.YesNoType@29f2588
10:45:51.756 [main] DEBUG org.hibernate.type.BasicTypeRegistry - Adding type registration byte -&gt; org.hibernate.type.ByteType@3e3a5a9c
10:45:51.756 [main] DEBUG org.hibernate.type.BasicTypeRegistry - Adding type registration byte -&gt; org.hibernate.type.ByteType@3e3a5a9c
10:45:51.756 [main] DEBUG org.hibernate.type.BasicTypeRegistry - Adding type registration java.lang.Byte -&gt; org.hibernate.type.ByteType@3e3a5a9c
10:45:51.757 [main] DEBUG org.hibernate.type.BasicTypeRegistry - Adding type registration character -&gt; org.hibernate.type.CharacterType@68e0ada6
10:45:51.757 [main] DEBUG org.hibernate.type.BasicTypeRegistry - Adding type registration char -&gt; org.hibernate.type.CharacterType@68e0ada6
10:45:51.757 [main] DEBUG org.hibernate.type.BasicTypeRegistry - Adding type registration java.lang.Character -&gt; org.hibernate.type.CharacterType@68e0ada6
10:45:51.758 [main] DEBUG org.hibernate.type.BasicTypeRegistry - Adding type registration short -&gt; org.hibernate.type.ShortType@6adff0ea
10:45:51.758 [main] DEBUG org.hibernate.type.BasicTypeRegistry - Adding type registration short -&gt; org.hibernate.type.ShortType@6adff0ea
10:45:51.758 [main] DEBUG org.hibernate.type.BasicTypeRegistry - Adding type registration java.lang.Short -&gt; org.hibernate.type.ShortType@6adff0ea
10:45:51.759 [main] DEBUG org.hibernate.type.BasicTypeRegistry - Adding type registration integer -&gt; org.hibernate.type.IntegerType@55b7bf86
10:45:51.759 [main] DEBUG org.hibernate.type.BasicTypeRegistry - Adding type registration int -&gt; org.hibernate.type.IntegerType@55b7bf86
10:45:51.759 [main] DEBUG org.hibernate.type.BasicTypeRegistry - Adding type registration java.lang.Integer -&gt; org.hibernate.type.IntegerType@55b7bf86
10:45:51.760 [main] DEBUG org.hibernate.type.BasicTypeRegistry - Adding type registration long -&gt; org.hibernate.type.LongType@1a2e34bf
10:45:51.760 [main] DEBUG org.hibernate.type.BasicTypeRegistry - Adding type registration long -&gt; org.hibernate.type.LongType@1a2e34bf
10:45:51.760 [main] DEBUG org.hibernate.type.BasicTypeRegistry - Adding type registration java.lang.Long -&gt; org.hibernate.type.LongType@1a2e34bf
10:45:51.761 [main] DEBUG org.hibernate.type.BasicTypeRegistry - Adding type registration float -&gt; org.hibernate.type.FloatType@35ad093c
10:45:51.761 [main] DEBUG org.hibernate.type.BasicTypeRegistry - Adding type registration float -&gt; org.hibernate.type.FloatType@35ad093c
10:45:51.761 [main] DEBUG org.hibernate.type.BasicTypeRegistry - Adding type registration java.lang.Float -&gt; org.hibernate.type.FloatType@35ad093c
10:45:51.762 [main] DEBUG org.hibernate.type.BasicTypeRegistry - Adding type registration double -&gt; org.hibernate.type.DoubleType@22dca7d0
10:45:51.762 [main] DEBUG org.hibernate.type.BasicTypeRegistry - Adding type registration double -&gt; org.hibernate.type.DoubleType@22dca7d0
10:45:51.762 [main] DEBUG org.hibernate.type.BasicTypeRegistry - Adding type registration java.lang.Double -&gt; org.hibernate.type.DoubleType@22dca7d0
10:45:51.764 [main] DEBUG org.hibernate.type.BasicTypeRegistry - Adding type registration big_decimal -&gt; org.hibernate.type.BigDecimalType@6165ab39
10:45:51.764 [main] DEBUG org.hibernate.type.BasicTypeRegistry - Adding type registration java.math.BigDecimal -&gt; org.hibernate.type.BigDecimalType@6165ab39
10:45:51.765 [main] DEBUG org.hibernate.type.BasicTypeRegistry - Adding type registration big_integer -&gt; org.hibernate.type.BigIntegerType@6d8f729c
10:45:51.765 [main] DEBUG org.hibernate.type.BasicTypeRegistry - Adding type registration java.math.BigInteger -&gt; org.hibernate.type.BigIntegerType@6d8f729c
10:45:51.765 [main] DEBUG org.hibernate.type.BasicTypeRegistry - Adding type registration string -&gt; org.hibernate.type.StringType@7fe5c339
10:45:51.765 [main] DEBUG org.hibernate.type.BasicTypeRegistry - Adding type registration java.lang.String -&gt; org.hibernate.type.StringType@7fe5c339
10:45:51.766 [main] DEBUG org.hibernate.type.BasicTypeRegistry - Adding type registration url -&gt; org.hibernate.type.UrlType@174fa0ef
10:45:51.766 [main] DEBUG org.hibernate.type.BasicTypeRegistry - Adding type registration java.net.URL -&gt; org.hibernate.type.UrlType@174fa0ef
10:45:51.768 [main] DEBUG org.hibernate.type.BasicTypeRegistry - Adding type registration date -&gt; org.hibernate.type.DateType@16381a53
10:45:51.768 [main] DEBUG org.hibernate.type.BasicTypeRegistry - Adding type registration java.sql.Date -&gt; org.hibernate.type.DateType@16381a53
10:45:51.769 [main] DEBUG org.hibernate.type.BasicTypeRegistry - Adding type registration time -&gt; org.hibernate.type.TimeType@5082277
10:45:51.769 [main] DEBUG org.hibernate.type.BasicTypeRegistry - Adding type registration java.sql.Time -&gt; org.hibernate.type.TimeType@5082277
10:45:51.770 [main] DEBUG org.hibernate.type.BasicTypeRegistry - Adding type registration timestamp -&gt; org.hibernate.type.TimestampType@1639d811
10:45:51.770 [main] DEBUG org.hibernate.type.BasicTypeRegistry - Adding type registration java.sql.Timestamp -&gt; org.hibernate.type.TimestampType@1639d811
10:45:51.770 [main] DEBUG org.hibernate.type.BasicTypeRegistry - Adding type registration java.util.Date -&gt; org.hibernate.type.TimestampType@1639d811
10:45:51.771 [main] DEBUG org.hibernate.type.BasicTypeRegistry - Adding type registration dbtimestamp -&gt; org.hibernate.type.DbTimestampType@3d4e49a
10:45:51.772 [main] DEBUG org.hibernate.type.BasicTypeRegistry - Adding type registration calendar -&gt; org.hibernate.type.CalendarType@76086988
10:45:51.772 [main] DEBUG org.hibernate.type.BasicTypeRegistry - Adding type registration java.util.Calendar -&gt; org.hibernate.type.CalendarType@76086988
10:45:51.772 [main] DEBUG org.hibernate.type.BasicTypeRegistry - Adding type registration java.util.GregorianCalendar -&gt; org.hibernate.type.CalendarType@76086988
10:45:51.773 [main] DEBUG org.hibernate.type.BasicTypeRegistry - Adding type registration calendar_date -&gt; org.hibernate.type.CalendarDateType@4d0ac2a3
10:45:51.773 [main] DEBUG org.hibernate.type.BasicTypeRegistry - Adding type registration locale -&gt; org.hibernate.type.LocaleType@5a01f91
10:45:51.774 [main] DEBUG org.hibernate.type.BasicTypeRegistry - Adding type registration java.util.Locale -&gt; org.hibernate.type.LocaleType@5a01f91
10:45:51.774 [main] DEBUG org.hibernate.type.BasicTypeRegistry - Adding type registration currency -&gt; org.hibernate.type.CurrencyType@4ed7581b
10:45:51.774 [main] DEBUG org.hibernate.type.BasicTypeRegistry - Adding type registration java.util.Currency -&gt; org.hibernate.type.CurrencyType@4ed7581b
10:45:51.775 [main] DEBUG org.hibernate.type.BasicTypeRegistry - Adding type registration timezone -&gt; org.hibernate.type.TimeZoneType@5a9b774e
10:45:51.775 [main] DEBUG org.hibernate.type.BasicTypeRegistry - Adding type registration java.util.TimeZone -&gt; org.hibernate.type.TimeZoneType@5a9b774e
10:45:51.776 [main] DEBUG org.hibernate.type.BasicTypeRegistry - Adding type registration class -&gt; org.hibernate.type.ClassType@f292738
10:45:51.776 [main] DEBUG org.hibernate.type.BasicTypeRegistry - Adding type registration java.lang.Class -&gt; org.hibernate.type.ClassType@f292738
10:45:51.779 [main] DEBUG org.hibernate.type.BasicTypeRegistry - Adding type registration uuid-binary -&gt; org.hibernate.type.UUIDBinaryType@307b56e
10:45:51.779 [main] DEBUG org.hibernate.type.BasicTypeRegistry - Adding type registration java.util.UUID -&gt; org.hibernate.type.UUIDBinaryType@307b56e
10:45:51.780 [main] DEBUG org.hibernate.type.BasicTypeRegistry - Adding type registration uuid-char -&gt; org.hibernate.type.UUIDCharType@23b6c184
10:45:51.780 [main] DEBUG org.hibernate.type.BasicTypeRegistry - Adding type registration pg-uuid -&gt; org.hibernate.type.PostgresUUIDType@47098a
10:45:51.781 [main] DEBUG org.hibernate.type.BasicTypeRegistry - Adding type registration binary -&gt; org.hibernate.type.BinaryType@87b7b11
10:45:51.781 [main] DEBUG org.hibernate.type.BasicTypeRegistry - Adding type registration byte[] -&gt; org.hibernate.type.BinaryType@87b7b11
10:45:51.781 [main] DEBUG org.hibernate.type.BasicTypeRegistry - Adding type registration [B -&gt; org.hibernate.type.BinaryType@87b7b11
10:45:51.782 [main] DEBUG org.hibernate.type.BasicTypeRegistry - Adding type registration wrapper-binary -&gt; org.hibernate.type.WrapperBinaryType@6ea85b4
10:45:51.782 [main] DEBUG org.hibernate.type.BasicTypeRegistry - Adding type registration Byte[] -&gt; org.hibernate.type.WrapperBinaryType@6ea85b4
10:45:51.782 [main] DEBUG org.hibernate.type.BasicTypeRegistry - Adding type registration [Ljava.lang.Byte; -&gt; org.hibernate.type.WrapperBinaryType@6ea85b4
10:45:51.782 [main] DEBUG org.hibernate.type.BasicTypeRegistry - Adding type registration image -&gt; org.hibernate.type.ImageType@786167d
10:45:51.783 [main] DEBUG org.hibernate.type.BasicTypeRegistry - Adding type registration characters -&gt; org.hibernate.type.CharArrayType@40e1f305
10:45:51.783 [main] DEBUG org.hibernate.type.BasicTypeRegistry - Adding type registration char[] -&gt; org.hibernate.type.CharArrayType@40e1f305
10:45:51.783 [main] DEBUG org.hibernate.type.BasicTypeRegistry - Adding type registration [C -&gt; org.hibernate.type.CharArrayType@40e1f305
10:45:51.784 [main] DEBUG org.hibernate.type.BasicTypeRegistry - Adding type registration wrapper-characters -&gt; org.hibernate.type.CharacterArrayType@1867ec28
10:45:51.784 [main] DEBUG org.hibernate.type.BasicTypeRegistry - Adding type registration [Ljava.lang.Character; -&gt; org.hibernate.type.CharacterArrayType@1867ec28
10:45:51.784 [main] DEBUG org.hibernate.type.BasicTypeRegistry - Adding type registration Character[] -&gt; org.hibernate.type.CharacterArrayType@1867ec28
10:45:51.785 [main] DEBUG org.hibernate.type.BasicTypeRegistry - Adding type registration text -&gt; org.hibernate.type.TextType@65cb048e
10:45:51.789 [main] DEBUG org.hibernate.type.BasicTypeRegistry - Adding type registration blob -&gt; org.hibernate.type.BlobType@4b33f6dd
10:45:51.789 [main] DEBUG org.hibernate.type.BasicTypeRegistry - Adding type registration java.sql.Blob -&gt; org.hibernate.type.BlobType@4b33f6dd
10:45:51.789 [main] DEBUG org.hibernate.type.BasicTypeRegistry - Adding type registration materialized_blob -&gt; org.hibernate.type.MaterializedBlobType@487bd46a
10:45:51.790 [main] DEBUG org.hibernate.type.BasicTypeRegistry - Adding type registration wrapper_materialized_blob -&gt; org.hibernate.type.WrappedMaterializedBlobType@4d7c6bf
10:45:51.793 [main] DEBUG org.hibernate.type.BasicTypeRegistry - Adding type registration clob -&gt; org.hibernate.type.ClobType@1f635484
10:45:51.793 [main] DEBUG org.hibernate.type.BasicTypeRegistry - Adding type registration java.sql.Clob -&gt; org.hibernate.type.ClobType@1f635484
10:45:51.793 [main] DEBUG org.hibernate.type.BasicTypeRegistry - Adding type registration materialized_clob -&gt; org.hibernate.type.MaterializedClobType@78216b59
10:45:51.793 [main] DEBUG org.hibernate.type.BasicTypeRegistry - Adding type registration wrapper_characters_clob -&gt; org.hibernate.type.CharacterArrayClobType@5fb7565
10:45:51.794 [main] DEBUG org.hibernate.type.BasicTypeRegistry - Adding type registration characters_clob -&gt; org.hibernate.type.PrimitiveCharacterArrayClobType@d89d7eb
10:45:51.795 [main] DEBUG org.hibernate.type.BasicTypeRegistry - Adding type registration serializable -&gt; org.hibernate.type.SerializableType@1a21b97e
10:45:51.797 [main] DEBUG org.hibernate.type.BasicTypeRegistry - Adding type registration object -&gt; org.hibernate.type.ObjectType@56091d7c
10:45:51.797 [main] DEBUG org.hibernate.type.BasicTypeRegistry - Adding type registration java.lang.Object -&gt; org.hibernate.type.ObjectType@56091d7c
10:45:51.797 [main] DEBUG org.hibernate.type.BasicTypeRegistry - Adding type registration imm_date -&gt; org.hibernate.type.AdaptedImmutableType@3bfc47
10:45:51.797 [main] DEBUG org.hibernate.type.BasicTypeRegistry - Adding type registration imm_time -&gt; org.hibernate.type.AdaptedImmutableType@622f996f
10:45:51.797 [main] DEBUG org.hibernate.type.BasicTypeRegistry - Adding type registration imm_timestamp -&gt; org.hibernate.type.AdaptedImmutableType@230278c5
10:45:51.797 [main] DEBUG org.hibernate.type.BasicTypeRegistry - Adding type registration imm_dbtimestamp -&gt; org.hibernate.type.AdaptedImmutableType@7746df77
10:45:51.797 [main] DEBUG org.hibernate.type.BasicTypeRegistry - Adding type registration imm_calendar -&gt; org.hibernate.type.AdaptedImmutableType@4df93ace
10:45:51.797 [main] DEBUG org.hibernate.type.BasicTypeRegistry - Adding type registration imm_calendar_date -&gt; org.hibernate.type.AdaptedImmutableType@2583d260
10:45:51.797 [main] DEBUG org.hibernate.type.BasicTypeRegistry - Adding type registration imm_binary -&gt; org.hibernate.type.AdaptedImmutableType@7168afdd
10:45:51.797 [main] DEBUG org.hibernate.type.BasicTypeRegistry - Adding type registration imm_serializable -&gt; org.hibernate.type.AdaptedImmutableType@ff21056
10:45:51.809 [main] INFO  o.h.annotations.common.Version - Hibernate Commons Annotations 3.2.0.Final
10:45:51.814 [main] INFO  org.hibernate.cfg.Environment - Hibernate 3.6.10.Final
10:45:51.815 [main] INFO  org.hibernate.cfg.Environment - hibernate.properties not found
10:45:51.817 [main] INFO  org.hibernate.cfg.Environment - Bytecode provider name : javassist
10:45:51.819 [main] INFO  org.hibernate.cfg.Environment - using JDK 1.4 java.sql.Timestamp handling
10:45:51.848 [main] DEBUG o.h.i.f.DefaultIdentifierGeneratorFactory - Registering IdentifierGenerator strategy [uuid2] -&gt; [class org.hibernate.id.UUIDGenerator]
10:45:51.848 [main] DEBUG o.h.i.f.DefaultIdentifierGeneratorFactory - Registering IdentifierGenerator strategy [guid] -&gt; [class org.hibernate.id.GUIDGenerator]
10:45:51.849 [main] DEBUG o.h.i.f.DefaultIdentifierGeneratorFactory - Registering IdentifierGenerator strategy [uuid] -&gt; [class org.hibernate.id.UUIDHexGenerator]
10:45:51.849 [main] DEBUG o.h.i.f.DefaultIdentifierGeneratorFactory - Registering IdentifierGenerator strategy [uuid.hex] -&gt; [class org.hibernate.id.UUIDHexGenerator]
10:45:51.850 [main] DEBUG o.h.i.f.DefaultIdentifierGeneratorFactory - Registering IdentifierGenerator strategy [hilo] -&gt; [class org.hibernate.id.TableHiLoGenerator]
10:45:51.850 [main] DEBUG o.h.i.f.DefaultIdentifierGeneratorFactory - Registering IdentifierGenerator strategy [assigned] -&gt; [class org.hibernate.id.Assigned]
10:45:51.851 [main] DEBUG o.h.i.f.DefaultIdentifierGeneratorFactory - Registering IdentifierGenerator strategy [identity] -&gt; [class org.hibernate.id.IdentityGenerator]
10:45:51.851 [main] DEBUG o.h.i.f.DefaultIdentifierGeneratorFactory - Registering IdentifierGenerator strategy [select] -&gt; [class org.hibernate.id.SelectGenerator]
10:45:51.851 [main] DEBUG o.h.i.f.DefaultIdentifierGeneratorFactory - Registering IdentifierGenerator strategy [sequence] -&gt; [class org.hibernate.id.SequenceGenerator]
10:45:51.852 [main] DEBUG o.h.i.f.DefaultIdentifierGeneratorFactory - Registering IdentifierGenerator strategy [seqhilo] -&gt; [class org.hibernate.id.SequenceHiLoGenerator]
10:45:51.852 [main] DEBUG o.h.i.f.DefaultIdentifierGeneratorFactory - Registering IdentifierGenerator strategy [increment] -&gt; [class org.hibernate.id.IncrementGenerator]
10:45:51.852 [main] DEBUG o.h.i.f.DefaultIdentifierGeneratorFactory - Registering IdentifierGenerator strategy [foreign] -&gt; [class org.hibernate.id.ForeignGenerator]
10:45:51.853 [main] DEBUG o.h.i.f.DefaultIdentifierGeneratorFactory - Registering IdentifierGenerator strategy [sequence-identity] -&gt; [class org.hibernate.id.SequenceIdentityGenerator]
10:45:51.853 [main] DEBUG o.h.i.f.DefaultIdentifierGeneratorFactory - Registering IdentifierGenerator strategy [enhanced-sequence] -&gt; [class org.hibernate.id.enhanced.SequenceStyleGenerator]
10:45:51.853 [main] DEBUG o.h.i.f.DefaultIdentifierGeneratorFactory - Registering IdentifierGenerator strategy [enhanced-table] -&gt; [class org.hibernate.id.enhanced.TableGenerator]
10:45:51.855 [main] INFO  org.hibernate.ejb.Version - Hibernate EntityManager 3.6.10.Final
10:45:51.855 [main] DEBUG org.hibernate.type.BasicTypeRegistry - Adding type registration boolean -&gt; org.hibernate.type.BooleanType@e2942da
10:45:51.855 [main] DEBUG org.hibernate.type.BasicTypeRegistry - Adding type registration boolean -&gt; org.hibernate.type.BooleanType@e2942da
10:45:51.855 [main] DEBUG org.hibernate.type.BasicTypeRegistry - Adding type registration java.lang.Boolean -&gt; org.hibernate.type.BooleanType@e2942da
10:45:51.855 [main] DEBUG org.hibernate.type.BasicTypeRegistry - Adding type registration numeric_boolean -&gt; org.hibernate.type.NumericBooleanType@4e6d670a
10:45:51.855 [main] DEBUG org.hibernate.type.BasicTypeRegistry - Adding type registration true_false -&gt; org.hibernate.type.TrueFalseType@40d1e07c
10:45:51.855 [main] DEBUG org.hibernate.type.BasicTypeRegistry - Adding type registration yes_no -&gt; org.hibernate.type.YesNoType@29f2588
10:45:51.855 [main] DEBUG org.hibernate.type.BasicTypeRegistry - Adding type registration byte -&gt; org.hibernate.type.ByteType@3e3a5a9c
10:45:51.855 [main] DEBUG org.hibernate.type.BasicTypeRegistry - Adding type registration byte -&gt; org.hibernate.type.ByteType@3e3a5a9c
10:45:51.855 [main] DEBUG org.hibernate.type.BasicTypeRegistry - Adding type registration java.lang.Byte -&gt; org.hibernate.type.ByteType@3e3a5a9c
10:45:51.855 [main] DEBUG org.hibernate.type.BasicTypeRegistry - Adding type registration character -&gt; org.hibernate.type.CharacterType@68e0ada6
10:45:51.855 [main] DEBUG org.hibernate.type.BasicTypeRegistry - Adding type registration char -&gt; org.hibernate.type.CharacterType@68e0ada6
10:45:51.855 [main] DEBUG org.hibernate.type.BasicTypeRegistry - Adding type registration java.lang.Character -&gt; org.hibernate.type.CharacterType@68e0ada6
10:45:51.855 [main] DEBUG org.hibernate.type.BasicTypeRegistry - Adding type registration short -&gt; org.hibernate.type.ShortType@6adff0ea
10:45:51.855 [main] DEBUG org.hibernate.type.BasicTypeRegistry - Adding type registration short -&gt; org.hibernate.type.ShortType@6adff0ea
10:45:51.855 [main] DEBUG org.hibernate.type.BasicTypeRegistry - Adding type registration java.lang.Short -&gt; org.hibernate.type.ShortType@6adff0ea
10:45:51.855 [main] DEBUG org.hibernate.type.BasicTypeRegistry - Adding type registration integer -&gt; org.hibernate.type.IntegerType@55b7bf86
10:45:51.855 [main] DEBUG org.hibernate.type.BasicTypeRegistry - Adding type registration int -&gt; org.hibernate.type.IntegerType@55b7bf86
10:45:51.855 [main] DEBUG org.hibernate.type.BasicTypeRegistry - Adding type registration java.lang.Integer -&gt; org.hibernate.type.IntegerType@55b7bf86
10:45:51.855 [main] DEBUG org.hibernate.type.BasicTypeRegistry - Adding type registration long -&gt; org.hibernate.type.LongType@1a2e34bf
10:45:51.855 [main] DEBUG org.hibernate.type.BasicTypeRegistry - Adding type registration long -&gt; org.hibernate.type.LongType@1a2e34bf
10:45:51.855 [main] DEBUG org.hibernate.type.BasicTypeRegistry - Adding type registration java.lang.Long -&gt; org.hibernate.type.LongType@1a2e34bf
10:45:51.855 [main] DEBUG org.hibernate.type.BasicTypeRegistry - Adding type registration float -&gt; org.hibernate.type.FloatType@35ad093c
10:45:51.856 [main] DEBUG org.hibernate.type.BasicTypeRegistry - Adding type registration float -&gt; org.hibernate.type.FloatType@35ad093c
10:45:51.856 [main] DEBUG org.hibernate.type.BasicTypeRegistry - Adding type registration java.lang.Float -&gt; org.hibernate.type.FloatType@35ad093c
10:45:51.856 [main] DEBUG org.hibernate.type.BasicTypeRegistry - Adding type registration double -&gt; org.hibernate.type.DoubleType@22dca7d0
10:45:51.856 [main] DEBUG org.hibernate.type.BasicTypeRegistry - Adding type registration double -&gt; org.hibernate.type.DoubleType@22dca7d0
10:45:51.856 [main] DEBUG org.hibernate.type.BasicTypeRegistry - Adding type registration java.lang.Double -&gt; org.hibernate.type.DoubleType@22dca7d0
10:45:51.856 [main] DEBUG org.hibernate.type.BasicTypeRegistry - Adding type registration big_decimal -&gt; org.hibernate.type.BigDecimalType@6165ab39
10:45:51.856 [main] DEBUG org.hibernate.type.BasicTypeRegistry - Adding type registration java.math.BigDecimal -&gt; org.hibernate.type.BigDecimalType@6165ab39
10:45:51.856 [main] DEBUG org.hibernate.type.BasicTypeRegistry - Adding type registration big_integer -&gt; org.hibernate.type.BigIntegerType@6d8f729c
10:45:51.856 [main] DEBUG org.hibernate.type.BasicTypeRegistry - Adding type registration java.math.BigInteger -&gt; org.hibernate.type.BigIntegerType@6d8f729c
10:45:51.856 [main] DEBUG org.hibernate.type.BasicTypeRegistry - Adding type registration string -&gt; org.hibernate.type.StringType@7fe5c339
10:45:51.856 [main] DEBUG org.hibernate.type.BasicTypeRegistry - Adding type registration java.lang.String -&gt; org.hibernate.type.StringType@7fe5c339
10:45:51.856 [main] DEBUG org.hibernate.type.BasicTypeRegistry - Adding type registration url -&gt; org.hibernate.type.UrlType@174fa0ef
10:45:51.856 [main] DEBUG org.hibernate.type.BasicTypeRegistry - Adding type registration java.net.URL -&gt; org.hibernate.type.UrlType@174fa0ef
10:45:51.856 [main] DEBUG org.hibernate.type.BasicTypeRegistry - Adding type registration date -&gt; org.hibernate.type.DateType@16381a53
10:45:51.856 [main] DEBUG org.hibernate.type.BasicTypeRegistry - Adding type registration java.sql.Date -&gt; org.hibernate.type.DateType@16381a53
10:45:51.856 [main] DEBUG org.hibernate.type.BasicTypeRegistry - Adding type registration time -&gt; org.hibernate.type.TimeType@5082277
10:45:51.856 [main] DEBUG org.hibernate.type.BasicTypeRegistry - Adding type registration java.sql.Time -&gt; org.hibernate.type.TimeType@5082277
10:45:51.856 [main] DEBUG org.hibernate.type.BasicTypeRegistry - Adding type registration timestamp -&gt; org.hibernate.type.TimestampType@1639d811
10:45:51.856 [main] DEBUG org.hibernate.type.BasicTypeRegistry - Adding type registration java.sql.Timestamp -&gt; org.hibernate.type.TimestampType@1639d811
10:45:51.856 [main] DEBUG org.hibernate.type.BasicTypeRegistry - Adding type registration java.util.Date -&gt; org.hibernate.type.TimestampType@1639d811
10:45:51.856 [main] DEBUG org.hibernate.type.BasicTypeRegistry - Adding type registration dbtimestamp -&gt; org.hibernate.type.DbTimestampType@3d4e49a
10:45:51.856 [main] DEBUG org.hibernate.type.BasicTypeRegistry - Adding type registration calendar -&gt; org.hibernate.type.CalendarType@76086988
10:45:51.856 [main] DEBUG org.hibernate.type.BasicTypeRegistry - Adding type registration java.util.Calendar -&gt; org.hibernate.type.CalendarType@76086988
10:45:51.856 [main] DEBUG org.hibernate.type.BasicTypeRegistry - Adding type registration java.util.GregorianCalendar -&gt; org.hibernate.type.CalendarType@76086988
10:45:51.856 [main] DEBUG org.hibernate.type.BasicTypeRegistry - Adding type registration calendar_date -&gt; org.hibernate.type.CalendarDateType@4d0ac2a3
10:45:51.856 [main] DEBUG org.hibernate.type.BasicTypeRegistry - Adding type registration locale -&gt; org.hibernate.type.LocaleType@5a01f91
10:45:51.857 [main] DEBUG org.hibernate.type.BasicTypeRegistry - Adding type registration java.util.Locale -&gt; org.hibernate.type.LocaleType@5a01f91
10:45:51.857 [main] DEBUG org.hibernate.type.BasicTypeRegistry - Adding type registration currency -&gt; org.hibernate.type.CurrencyType@4ed7581b
10:45:51.857 [main] DEBUG org.hibernate.type.BasicTypeRegistry - Adding type registration java.util.Currency -&gt; org.hibernate.type.CurrencyType@4ed7581b
10:45:51.857 [main] DEBUG org.hibernate.type.BasicTypeRegistry - Adding type registration timezone -&gt; org.hibernate.type.TimeZoneType@5a9b774e
10:45:51.857 [main] DEBUG org.hibernate.type.BasicTypeRegistry - Adding type registration java.util.TimeZone -&gt; org.hibernate.type.TimeZoneType@5a9b774e
10:45:51.857 [main] DEBUG org.hibernate.type.BasicTypeRegistry - Adding type registration class -&gt; org.hibernate.type.ClassType@f292738
10:45:51.857 [main] DEBUG org.hibernate.type.BasicTypeRegistry - Adding type registration java.lang.Class -&gt; org.hibernate.type.ClassType@f292738
10:45:51.857 [main] DEBUG org.hibernate.type.BasicTypeRegistry - Adding type registration uuid-binary -&gt; org.hibernate.type.UUIDBinaryType@307b56e
10:45:51.857 [main] DEBUG org.hibernate.type.BasicTypeRegistry - Adding type registration java.util.UUID -&gt; org.hibernate.type.UUIDBinaryType@307b56e
10:45:51.857 [main] DEBUG org.hibernate.type.BasicTypeRegistry - Adding type registration uuid-char -&gt; org.hibernate.type.UUIDCharType@23b6c184
10:45:51.857 [main] DEBUG org.hibernate.type.BasicTypeRegistry - Adding type registration pg-uuid -&gt; org.hibernate.type.PostgresUUIDType@47098a
10:45:51.857 [main] DEBUG org.hibernate.type.BasicTypeRegistry - Adding type registration binary -&gt; org.hibernate.type.BinaryType@87b7b11
10:45:51.857 [main] DEBUG org.hibernate.type.BasicTypeRegistry - Adding type registration byte[] -&gt; org.hibernate.type.BinaryType@87b7b11
10:45:51.857 [main] DEBUG org.hibernate.type.BasicTypeRegistry - Adding type registration [B -&gt; org.hibernate.type.BinaryType@87b7b11
10:45:51.857 [main] DEBUG org.hibernate.type.BasicTypeRegistry - Adding type registration wrapper-binary -&gt; org.hibernate.type.WrapperBinaryType@6ea85b4
10:45:51.857 [main] DEBUG org.hibernate.type.BasicTypeRegistry - Adding type registration Byte[] -&gt; org.hibernate.type.WrapperBinaryType@6ea85b4
10:45:51.857 [main] DEBUG org.hibernate.type.BasicTypeRegistry - Adding type registration [Ljava.lang.Byte; -&gt; org.hibernate.type.WrapperBinaryType@6ea85b4
10:45:51.857 [main] DEBUG org.hibernate.type.BasicTypeRegistry - Adding type registration image -&gt; org.hibernate.type.ImageType@786167d
10:45:51.857 [main] DEBUG org.hibernate.type.BasicTypeRegistry - Adding type registration characters -&gt; org.hibernate.type.CharArrayType@40e1f305
10:45:51.857 [main] DEBUG org.hibernate.type.BasicTypeRegistry - Adding type registration char[] -&gt; org.hibernate.type.CharArrayType@40e1f305
10:45:51.857 [main] DEBUG org.hibernate.type.BasicTypeRegistry - Adding type registration [C -&gt; org.hibernate.type.CharArrayType@40e1f305
10:45:51.858 [main] DEBUG org.hibernate.type.BasicTypeRegistry - Adding type registration wrapper-characters -&gt; org.hibernate.type.CharacterArrayType@1867ec28
10:45:51.858 [main] DEBUG org.hibernate.type.BasicTypeRegistry - Adding type registration [Ljava.lang.Character; -&gt; org.hibernate.type.CharacterArrayType@1867ec28
10:45:51.858 [main] DEBUG org.hibernate.type.BasicTypeRegistry - Adding type registration Character[] -&gt; org.hibernate.type.CharacterArrayType@1867ec28
10:45:51.858 [main] DEBUG org.hibernate.type.BasicTypeRegistry - Adding type registration text -&gt; org.hibernate.type.TextType@65cb048e
10:45:51.858 [main] DEBUG org.hibernate.type.BasicTypeRegistry - Adding type registration blob -&gt; org.hibernate.type.BlobType@4b33f6dd
10:45:51.858 [main] DEBUG org.hibernate.type.BasicTypeRegistry - Adding type registration java.sql.Blob -&gt; org.hibernate.type.BlobType@4b33f6dd
10:45:51.858 [main] DEBUG org.hibernate.type.BasicTypeRegistry - Adding type registration materialized_blob -&gt; org.hibernate.type.MaterializedBlobType@487bd46a
10:45:51.858 [main] DEBUG org.hibernate.type.BasicTypeRegistry - Adding type registration wrapper_materialized_blob -&gt; org.hibernate.type.WrappedMaterializedBlobType@4d7c6bf
10:45:51.858 [main] DEBUG org.hibernate.type.BasicTypeRegistry - Adding type registration clob -&gt; org.hibernate.type.ClobType@1f635484
10:45:51.858 [main] DEBUG org.hibernate.type.BasicTypeRegistry - Adding type registration java.sql.Clob -&gt; org.hibernate.type.ClobType@1f635484
10:45:51.858 [main] DEBUG org.hibernate.type.BasicTypeRegistry - Adding type registration materialized_clob -&gt; org.hibernate.type.MaterializedClobType@78216b59
10:45:51.858 [main] DEBUG org.hibernate.type.BasicTypeRegistry - Adding type registration wrapper_characters_clob -&gt; org.hibernate.type.CharacterArrayClobType@5fb7565
10:45:51.858 [main] DEBUG org.hibernate.type.BasicTypeRegistry - Adding type registration characters_clob -&gt; org.hibernate.type.PrimitiveCharacterArrayClobType@d89d7eb
10:45:51.858 [main] DEBUG org.hibernate.type.BasicTypeRegistry - Adding type registration serializable -&gt; org.hibernate.type.SerializableType@1a21b97e
10:45:51.858 [main] DEBUG org.hibernate.type.BasicTypeRegistry - Adding type registration object -&gt; org.hibernate.type.ObjectType@56091d7c
10:45:51.858 [main] DEBUG org.hibernate.type.BasicTypeRegistry - Adding type registration java.lang.Object -&gt; org.hibernate.type.ObjectType@56091d7c
10:45:51.858 [main] DEBUG org.hibernate.type.BasicTypeRegistry - Adding type registration imm_date -&gt; org.hibernate.type.AdaptedImmutableType@61e58565
10:45:51.858 [main] DEBUG org.hibernate.type.BasicTypeRegistry - Adding type registration imm_time -&gt; org.hibernate.type.AdaptedImmutableType@2398dc19
10:45:51.858 [main] DEBUG org.hibernate.type.BasicTypeRegistry - Adding type registration imm_timestamp -&gt; org.hibernate.type.AdaptedImmutableType@899ff91
10:45:51.859 [main] DEBUG org.hibernate.type.BasicTypeRegistry - Adding type registration imm_dbtimestamp -&gt; org.hibernate.type.AdaptedImmutableType@36598d00
10:45:51.859 [main] DEBUG org.hibernate.type.BasicTypeRegistry - Adding type registration imm_calendar -&gt; org.hibernate.type.AdaptedImmutableType@313816e0
10:45:51.859 [main] DEBUG org.hibernate.type.BasicTypeRegistry - Adding type registration imm_calendar_date -&gt; org.hibernate.type.AdaptedImmutableType@5965e55e
10:45:51.859 [main] DEBUG org.hibernate.type.BasicTypeRegistry - Adding type registration imm_binary -&gt; org.hibernate.type.AdaptedImmutableType@30b5ac2c
10:45:51.859 [main] DEBUG org.hibernate.type.BasicTypeRegistry - Adding type registration imm_serializable -&gt; org.hibernate.type.AdaptedImmutableType@673a95af
10:45:51.859 [main] DEBUG o.h.i.f.DefaultIdentifierGeneratorFactory - Registering IdentifierGenerator strategy [uuid2] -&gt; [class org.hibernate.id.UUIDGenerator]
10:45:51.859 [main] DEBUG o.h.i.f.DefaultIdentifierGeneratorFactory - Registering IdentifierGenerator strategy [guid] -&gt; [class org.hibernate.id.GUIDGenerator]
10:45:51.859 [main] DEBUG o.h.i.f.DefaultIdentifierGeneratorFactory - Registering IdentifierGenerator strategy [uuid] -&gt; [class org.hibernate.id.UUIDHexGenerator]
10:45:51.859 [main] DEBUG o.h.i.f.DefaultIdentifierGeneratorFactory - Registering IdentifierGenerator strategy [uuid.hex] -&gt; [class org.hibernate.id.UUIDHexGenerator]
10:45:51.859 [main] DEBUG o.h.i.f.DefaultIdentifierGeneratorFactory - Registering IdentifierGenerator strategy [hilo] -&gt; [class org.hibernate.id.TableHiLoGenerator]
10:45:51.859 [main] DEBUG o.h.i.f.DefaultIdentifierGeneratorFactory - Registering IdentifierGenerator strategy [assigned] -&gt; [class org.hibernate.id.Assigned]
10:45:51.859 [main] DEBUG o.h.i.f.DefaultIdentifierGeneratorFactory - Registering IdentifierGenerator strategy [identity] -&gt; [class org.hibernate.id.IdentityGenerator]
10:45:51.859 [main] DEBUG o.h.i.f.DefaultIdentifierGeneratorFactory - Registering IdentifierGenerator strategy [select] -&gt; [class org.hibernate.id.SelectGenerator]
10:45:51.859 [main] DEBUG o.h.i.f.DefaultIdentifierGeneratorFactory - Registering IdentifierGenerator strategy [sequence] -&gt; [class org.hibernate.id.SequenceGenerator]
10:45:51.859 [main] DEBUG o.h.i.f.DefaultIdentifierGeneratorFactory - Registering IdentifierGenerator strategy [seqhilo] -&gt; [class org.hibernate.id.SequenceHiLoGenerator]
10:45:51.859 [main] DEBUG o.h.i.f.DefaultIdentifierGeneratorFactory - Registering IdentifierGenerator strategy [increment] -&gt; [class org.hibernate.id.IncrementGenerator]
10:45:51.859 [main] DEBUG o.h.i.f.DefaultIdentifierGeneratorFactory - Registering IdentifierGenerator strategy [foreign] -&gt; [class org.hibernate.id.ForeignGenerator]
10:45:51.859 [main] DEBUG o.h.i.f.DefaultIdentifierGeneratorFactory - Registering IdentifierGenerator strategy [sequence-identity] -&gt; [class org.hibernate.id.SequenceIdentityGenerator]
10:45:51.860 [main] DEBUG o.h.i.f.DefaultIdentifierGeneratorFactory - Registering IdentifierGenerator strategy [enhanced-sequence] -&gt; [class org.hibernate.id.enhanced.SequenceStyleGenerator]
10:45:51.860 [main] DEBUG o.h.i.f.DefaultIdentifierGeneratorFactory - Registering IdentifierGenerator strategy [enhanced-table] -&gt; [class org.hibernate.id.enhanced.TableGenerator]
10:45:51.868 [main] DEBUG org.hibernate.ejb.Ejb3Configuration - Look up for persistence unit: testPersistenceUnit
10:45:51.900 [main] DEBUG o.s.b.f.s.DefaultListableBeanFactory - Destroying singletons in org.springframework.beans.factory.support.DefaultListableBeanFactory@31554233: defining beans [userController,org.springframework.context.annotation.internalConfigurationAnnotationProcessor,org.springframework.context.annotation.internalAutowiredAnnotationProcessor,org.springframework.context.annotation.internalRequiredAnnotationProcessor,org.springframework.context.annotation.internalCommonAnnotationProcessor,org.springframework.context.annotation.internalPersistenceAnnotationProcessor,org.springframework.web.servlet.view.InternalResourceViewResolver#0,userRepository,org.springframework.data.repository.core.support.RepositoryInterfaceAwareBeanPostProcessor#0,org.springframework.dao.annotation.PersistenceExceptionTranslationPostProcessor#0,org.springframework.orm.jpa.support.PersistenceAnnotationBeanPostProcessor#0,entityManagerFactory,transactionManager,org.springframework.aop.config.internalAutoProxyCreator,org.springframework.transaction.annotation.AnnotationTransactionAttributeSource#0,org.springframework.transaction.interceptor.TransactionInterceptor#0,org.springframework.transaction.config.internalTransactionAdvisor,org.springframework.context.annotation.ConfigurationClassPostProcessor.importAwareProcessor,org.springframework.context.annotation.ConfigurationClassPostProcessor.enhancedConfigurationProcessor,org.springframework.boot.autoconfigure.AutoConfigurationPackages,org.springframework.boot.autoconfigure.MessageSourceAutoConfiguration,messageSource,org.springframework.boot.autoconfigure.PropertyPlaceholderAutoConfiguration,propertySourcesPlaceholderConfigurer,org.springframework.boot.autoconfigure.web.EmbeddedServletContainerAutoConfiguration$EmbeddedTomcat,tomcatEmbeddedServletContainerFactory,org.springframework.boot.autoconfigure.web.EmbeddedServletContainerAutoConfiguration,embeddedServletContainerCustomizerBeanPostProcessor,org.springframework.boot.autoconfigure.web.DispatcherServletAutoConfiguration,dispatcherServlet,org.springframework.boot.actuate.autoconfigure.ErrorMvcAutoConfiguration$WhitelabelErrorViewConfiguration,error,beanNameViewResolver,org.springframework.boot.actuate.autoconfigure.ErrorMvcAutoConfiguration,basicErrorController,org.springframework.boot.autoconfigure.web.WebMvcAutoConfiguration$WebMvcAutoConfigurationAdapter$FaviconConfiguration,faviconHandlerMapping,faviconRequestHandler,org.springframework.web.servlet.config.annotation.DelegatingWebMvcConfiguration,requestMappingHandlerMapping,mvcContentNegotiationManager,viewControllerHandlerMapping,beanNameHandlerMapping,resourceHandlerMapping,defaultServletHandlerMapping,requestMappingHandlerAdapter,mvcConversionService,mvcValidator,mvcUriComponentsContributor,httpRequestHandlerAdapter,simpleControllerHandlerAdapter,handlerExceptionResolver,org.springframework.boot.autoconfigure.web.WebMvcAutoConfiguration$WebMvcAutoConfigurationAdapter,requestContextListener,viewResolver,org.springframework.boot.autoconfigure.web.WebMvcAutoConfiguration,hiddenHttpMethodFilter,org.springframework.boot.actuate.autoconfigure.AuditAutoConfiguration$AuditEventRepositoryConfiguration,auditEventRepository,org.springframework.boot.actuate.autoconfigure.AuditAutoConfiguration,auditListener,org.springframework.boot.actuate.autoconfigure.EndpointAutoConfiguration$InfoPropertiesConfiguration,org.springframework.boot.actuate.autoconfigure.EndpointAutoConfiguration,environmentEndpoint,healthEndpoint,beansEndpoint,infoEndpoint,metricsEndpoint,traceEndpoint,dumpEndpoint,autoConfigurationAuditEndpoint,shutdownEndpoint,configurationPropertiesReportEndpoint,org.springframework.boot.actuate.autoconfigure.EndpointMBeanExportAutoConfiguration,endpointMBeanExporter,org.springframework.boot.actuate.autoconfigure.EndpointMBeanExportAutoConfiguration$EndpointMBeanExportProperties,org.springframework.boot.context.properties.ConfigurationPropertiesBindingPostProcessor,org.springframework.boot.autoconfigure.web.ServerPropertiesAutoConfiguration,org.springframework.boot.autoconfigure.web.ServerProperties,org.springframework.boot.actuate.autoconfigure.ManagementServerPropertiesAutoConfiguration,org.springframework.actuate.properties.ManagementServerProperties,org.springframework.boot.actuate.autoconfigure.EndpointWebMvcAutoConfiguration$ApplicationContextFilterConfiguration,applicationContextIdFilter,org.springframework.boot.actuate.autoconfigure.EndpointWebMvcAutoConfiguration,endpointHandlerMapping,mvcEndpoints,environmentMvcEndpoint,metricsMvcEndpoint,shutdownMvcEndpoint,org.springframework.boot.actuate.autoconfigure.MetricRepositoryAutoConfiguration$MetricRepositoryConfiguration,metricRepository,org.springframework.boot.actuate.autoconfigure.MetricRepositoryAutoConfiguration,counterService,gaugeService,org.springframework.boot.actuate.autoconfigure.MetricFilterAutoConfiguration,metricFilter,org.springframework.boot.actuate.autoconfigure.TraceRepositoryAutoConfiguration,traceRepository,org.springframework.boot.actuate.autoconfigure.TraceWebFilterAutoConfiguration,webRequestLoggingFilter,org.springframework.boot.autoconfigure.aop.AopAutoConfiguration$JdkDynamicAutoProxyConfiguration,org.springframework.boot.autoconfigure.aop.AopAutoConfiguration,org.springframework.boot.autoconfigure.jdbc.DataSourceAutoConfiguration$JdbcTemplateConfiguration,jdbcTemplate,namedParameterJdbcTemplate,org.springframework.boot.autoconfigure.jdbc.CommonsDataSourceConfiguration,dataSource,org.springframework.boot.autoconfigure.jdbc.DataSourceAutoConfiguration$DbcpConfiguration,org.springframework.boot.autoconfigure.jdbc.DataSourceAutoConfiguration,org.springframework.boot.autoconfigure.jdbc.DataSourceTransactionManagerAutoConfiguration,org.springframework.boot.autoconfigure.web.HttpMessageConvertersAutoConfiguration$ObjectMappers,jacksonObjectMapper,mappingJackson2HttpMessageConverter,org.springframework.boot.autoconfigure.web.HttpMessageConvertersAutoConfiguration,messageConverters]; root of factory hierarchy
10:45:51.903 [main] ERROR o.s.test.context.TestContextManager - Caught exception while allowing TestExecutionListener [org.springframework.test.context.web.ServletTestExecutionListener@2beb717e] to prepare test instance [com.springapp.mvc.AppTest@6e681db8]
java.lang.IllegalStateException: Failed to load ApplicationContext
	at org.springframework.test.context.CacheAwareContextLoaderDelegate.loadContext(CacheAwareContextLoaderDelegate.java:99) ~[spring-test-4.0.1.RELEASE.jar:4.0.1.RELEASE]
	at org.springframework.test.context.DefaultTestContext.getApplicationContext(DefaultTestContext.java:101) ~[spring-test-4.0.1.RELEASE.jar:4.0.1.RELEASE]
	at org.springframework.test.context.web.ServletTestExecutionListener.setUpRequestContextIfNecessary(ServletTestExecutionListener.java:155) ~[spring-test-4.0.1.RELEASE.jar:4.0.1.RELEASE]
	at org.springframework.test.context.web.ServletTestExecutionListener.prepareTestInstance(ServletTestExecutionListener.java:100) ~[spring-test-4.0.1.RELEASE.jar:4.0.1.RELEASE]
	at org.springframework.test.context.TestContextManager.prepareTestInstance(TestContextManager.java:319) ~[spring-test-4.0.1.RELEASE.jar:4.0.1.RELEASE]
	at org.springframework.test.context.junit4.SpringJUnit4ClassRunner.createTest(SpringJUnit4ClassRunner.java:212) [spring-test-4.0.1.RELEASE.jar:4.0.1.RELEASE]
	at org.springframework.test.context.junit4.SpringJUnit4ClassRunner$1.runReflectiveCall(SpringJUnit4ClassRunner.java:289) [spring-test-4.0.1.RELEASE.jar:4.0.1.RELEASE]
	at org.junit.internal.runners.model.ReflectiveCallable.run(ReflectiveCallable.java:15) [junit-4.8.2.jar:na]
	at org.springframework.test.context.junit4.SpringJUnit4ClassRunner.methodBlock(SpringJUnit4ClassRunner.java:291) [spring-test-4.0.1.RELEASE.jar:4.0.1.RELEASE]
	at org.springframework.test.context.junit4.SpringJUnit4ClassRunner.runChild(SpringJUnit4ClassRunner.java:232) [spring-test-4.0.1.RELEASE.jar:4.0.1.RELEASE]
	at org.springframework.test.context.junit4.SpringJUnit4ClassRunner.runChild(SpringJUnit4ClassRunner.java:89) [spring-test-4.0.1.RELEASE.jar:4.0.1.RELEASE]
	at org.junit.runners.ParentRunner$3.run(ParentRunner.java:193) [junit-4.8.2.jar:na]
	at org.junit.runners.ParentRunner$1.schedule(ParentRunner.java:52) [junit-4.8.2.jar:na]
	at org.junit.runners.ParentRunner.runChildren(ParentRunner.java:191) [junit-4.8.2.jar:na]
	at org.junit.runners.ParentRunner.access$000(ParentRunner.java:42) [junit-4.8.2.jar:na]
	at org.junit.runners.ParentRunner$2.evaluate(ParentRunner.java:184) [junit-4.8.2.jar:na]
	at org.springframework.test.context.junit4.statements.RunBeforeTestClassCallbacks.evaluate(RunBeforeTestClassCallbacks.java:61) [spring-test-4.0.1.RELEASE.jar:4.0.1.RELEASE]
	at org.springframework.test.context.junit4.statements.RunAfterTestClassCallbacks.evaluate(RunAfterTestClassCallbacks.java:71) [spring-test-4.0.1.RELEASE.jar:4.0.1.RELEASE]
	at org.junit.runners.ParentRunner.run(ParentRunner.java:236) [junit-4.8.2.jar:na]
	at org.springframework.test.context.junit4.SpringJUnit4ClassRunner.run(SpringJUnit4ClassRunner.java:175) [spring-test-4.0.1.RELEASE.jar:4.0.1.RELEASE]
	at org.apache.maven.surefire.junit4.JUnit4TestSet.execute(JUnit4TestSet.java:53) [surefire-junit4-2.10.jar:2.10]
	at org.apache.maven.surefire.junit4.JUnit4Provider.executeTestSet(JUnit4Provider.java:123) [surefire-junit4-2.10.jar:2.10]
	at org.apache.maven.surefire.junit4.JUnit4Provider.invoke(JUnit4Provider.java:104) [surefire-junit4-2.10.jar:2.10]
	at sun.reflect.NativeMethodAccessorImpl.invoke0(Native Method) ~[na:1.6.0_51]
	at sun.reflect.NativeMethodAccessorImpl.invoke(NativeMethodAccessorImpl.java:39) ~[na:1.6.0_51]
	at sun.reflect.DelegatingMethodAccessorImpl.invoke(DelegatingMethodAccessorImpl.java:25) ~[na:1.6.0_51]
	at java.lang.reflect.Method.invoke(Method.java:597) ~[na:1.6.0_51]
	at org.apache.maven.surefire.util.ReflectionUtils.invokeMethodWithArray(ReflectionUtils.java:164) [surefire-api-2.10.jar:2.10]
	at org.apache.maven.surefire.booter.ProviderFactory$ProviderProxy.invoke(ProviderFactory.java:110) [surefire-booter-2.10.jar:2.10]
	at org.apache.maven.surefire.booter.SurefireStarter.invokeProvider(SurefireStarter.java:175) [surefire-booter-2.10.jar:2.10]
	at org.apache.maven.surefire.booter.SurefireStarter.runSuitesInProcessWhenForked(SurefireStarter.java:107) [surefire-booter-2.10.jar:2.10]
	at org.apache.maven.surefire.booter.ForkedBooter.main(ForkedBooter.java:68) [surefire-booter-2.10.jar:2.10]
Caused by: org.springframework.beans.factory.BeanCreationException: Error creating bean with name &apos;org.springframework.dao.annotation.PersistenceExceptionTranslationPostProcessor#0&apos;: Initialization of bean failed; nested exception is org.springframework.beans.factory.BeanCreationException: Error creating bean with name &apos;entityManagerFactory&apos; defined in URL [file:src/main/webapp/WEB-INF/test-dispatcher-servlet.xml]: Invocation of init method failed; nested exception is javax.persistence.PersistenceException: No Persistence provider for EntityManager named testPersistenceUnit
	at org.springframework.beans.factory.support.AbstractAutowireCapableBeanFactory.doCreateBean(AbstractAutowireCapableBeanFactory.java:547) ~[spring-beans-4.0.1.RELEASE.jar:4.0.1.RELEASE]
	at org.springframework.beans.factory.support.AbstractAutowireCapableBeanFactory.createBean(AbstractAutowireCapableBeanFactory.java:475) ~[spring-beans-4.0.1.RELEASE.jar:4.0.1.RELEASE]
	at org.springframework.beans.factory.support.AbstractBeanFactory$1.getObject(AbstractBeanFactory.java:304) ~[spring-beans-4.0.1.RELEASE.jar:4.0.1.RELEASE]
	at org.springframework.beans.factory.support.DefaultSingletonBeanRegistry.getSingleton(DefaultSingletonBeanRegistry.java:228) ~[spring-beans-4.0.1.RELEASE.jar:4.0.1.RELEASE]
	at org.springframework.beans.factory.support.AbstractBeanFactory.doGetBean(AbstractBeanFactory.java:300) ~[spring-beans-4.0.1.RELEASE.jar:4.0.1.RELEASE]
	at org.springframework.beans.factory.support.AbstractBeanFactory.getBean(AbstractBeanFactory.java:200) ~[spring-beans-4.0.1.RELEASE.jar:4.0.1.RELEASE]
	at org.springframework.context.support.PostProcessorRegistrationDelegate.registerBeanPostProcessors(PostProcessorRegistrationDelegate.java:220) ~[spring-context-4.0.1.RELEASE.jar:4.0.1.RELEASE]
	at org.springframework.context.support.AbstractApplicationContext.registerBeanPostProcessors(AbstractApplicationContext.java:618) ~[spring-context-4.0.1.RELEASE.jar:4.0.1.RELEASE]
	at org.springframework.context.support.AbstractApplicationContext.refresh(AbstractApplicationContext.java:467) ~[spring-context-4.0.1.RELEASE.jar:4.0.1.RELEASE]
	at org.springframework.test.context.web.AbstractGenericWebContextLoader.loadContext(AbstractGenericWebContextLoader.java:129) ~[spring-test-4.0.1.RELEASE.jar:4.0.1.RELEASE]
	at org.springframework.test.context.web.AbstractGenericWebContextLoader.loadContext(AbstractGenericWebContextLoader.java:60) ~[spring-test-4.0.1.RELEASE.jar:4.0.1.RELEASE]
	at org.springframework.test.context.support.AbstractDelegatingSmartContextLoader.delegateLoading(AbstractDelegatingSmartContextLoader.java:100) ~[spring-test-4.0.1.RELEASE.jar:4.0.1.RELEASE]
	at org.springframework.test.context.support.AbstractDelegatingSmartContextLoader.loadContext(AbstractDelegatingSmartContextLoader.java:250) ~[spring-test-4.0.1.RELEASE.jar:4.0.1.RELEASE]
	at org.springframework.test.context.CacheAwareContextLoaderDelegate.loadContextInternal(CacheAwareContextLoaderDelegate.java:64) ~[spring-test-4.0.1.RELEASE.jar:4.0.1.RELEASE]
	at org.springframework.test.context.CacheAwareContextLoaderDelegate.loadContext(CacheAwareContextLoaderDelegate.java:91) ~[spring-test-4.0.1.RELEASE.jar:4.0.1.RELEASE]
	... 31 common frames omitted
Caused by: org.springframework.beans.factory.BeanCreationException: Error creating bean with name &apos;entityManagerFactory&apos; defined in URL [file:src/main/webapp/WEB-INF/test-dispatcher-servlet.xml]: Invocation of init method failed; nested exception is javax.persistence.PersistenceException: No Persistence provider for EntityManager named testPersistenceUnit
	at org.springframework.beans.factory.support.AbstractAutowireCapableBeanFactory.initializeBean(AbstractAutowireCapableBeanFactory.java:1553) ~[spring-beans-4.0.1.RELEASE.jar:4.0.1.RELEASE]
	at org.springframework.beans.factory.support.AbstractAutowireCapableBeanFactory.doCreateBean(AbstractAutowireCapableBeanFactory.java:539) ~[spring-beans-4.0.1.RELEASE.jar:4.0.1.RELEASE]
	at org.springframework.beans.factory.support.AbstractAutowireCapableBeanFactory.createBean(AbstractAutowireCapableBeanFactory.java:475) ~[spring-beans-4.0.1.RELEASE.jar:4.0.1.RELEASE]
	at org.springframework.beans.factory.support.AbstractBeanFactory$1.getObject(AbstractBeanFactory.java:304) ~[spring-beans-4.0.1.RELEASE.jar:4.0.1.RELEASE]
	at org.springframework.beans.factory.support.DefaultSingletonBeanRegistry.getSingleton(DefaultSingletonBeanRegistry.java:228) ~[spring-beans-4.0.1.RELEASE.jar:4.0.1.RELEASE]
	at org.springframework.beans.factory.support.AbstractBeanFactory.doGetBean(AbstractBeanFactory.java:300) ~[spring-beans-4.0.1.RELEASE.jar:4.0.1.RELEASE]
	at org.springframework.beans.factory.support.AbstractBeanFactory.getBean(AbstractBeanFactory.java:200) ~[spring-beans-4.0.1.RELEASE.jar:4.0.1.RELEASE]
	at org.springframework.beans.factory.support.DefaultListableBeanFactory.getBeansOfType(DefaultListableBeanFactory.java:467) ~[spring-beans-4.0.1.RELEASE.jar:4.0.1.RELEASE]
	at org.springframework.beans.factory.BeanFactoryUtils.beansOfTypeIncludingAncestors(BeanFactoryUtils.java:277) ~[spring-beans-4.0.1.RELEASE.jar:4.0.1.RELEASE]
	at org.springframework.dao.support.PersistenceExceptionTranslationInterceptor.detectPersistenceExceptionTranslators(PersistenceExceptionTranslationInterceptor.java:139) ~[spring-tx-3.1.2.RELEASE.jar:3.1.2.RELEASE]
	at org.springframework.dao.support.PersistenceExceptionTranslationInterceptor.&lt;init&gt;(PersistenceExceptionTranslationInterceptor.java:79) ~[spring-tx-3.1.2.RELEASE.jar:3.1.2.RELEASE]
	at org.springframework.dao.annotation.PersistenceExceptionTranslationAdvisor.&lt;init&gt;(PersistenceExceptionTranslationAdvisor.java:70) ~[spring-tx-3.1.2.RELEASE.jar:3.1.2.RELEASE]
	at org.springframework.dao.annotation.PersistenceExceptionTranslationPostProcessor.setBeanFactory(PersistenceExceptionTranslationPostProcessor.java:103) ~[spring-tx-3.1.2.RELEASE.jar:3.1.2.RELEASE]
	at org.springframework.beans.factory.support.AbstractAutowireCapableBeanFactory.invokeAwareMethods(AbstractAutowireCapableBeanFactory.java:1572) ~[spring-beans-4.0.1.RELEASE.jar:4.0.1.RELEASE]
	at org.springframework.beans.factory.support.AbstractAutowireCapableBeanFactory.initializeBean(AbstractAutowireCapableBeanFactory.java:1540) ~[spring-beans-4.0.1.RELEASE.jar:4.0.1.RELEASE]
	at org.springframework.beans.factory.support.AbstractAutowireCapableBeanFactory.doCreateBean(AbstractAutowireCapableBeanFactory.java:539) ~[spring-beans-4.0.1.RELEASE.jar:4.0.1.RELEASE]
	... 45 common frames omitted
Caused by: javax.persistence.PersistenceException: No Persistence provider for EntityManager named testPersistenceUnit
	at javax.persistence.Persistence.createEntityManagerFactory(Persistence.java:54) ~[hibernate-jpa-2.0-api-1.0.0.Final.jar:1.0.0.Final]
	at org.springframework.orm.jpa.LocalEntityManagerFactoryBean.createNativeEntityManagerFactory(LocalEntityManagerFactoryBean.java:92) ~[spring-orm-3.1.2.RELEASE.jar:3.1.2.RELEASE]
	at org.springframework.orm.jpa.AbstractEntityManagerFactoryBean.afterPropertiesSet(AbstractEntityManagerFactoryBean.java:310) ~[spring-orm-3.1.2.RELEASE.jar:3.1.2.RELEASE]
	at org.springframework.beans.factory.support.AbstractAutowireCapableBeanFactory.invokeInitMethods(AbstractAutowireCapableBeanFactory.java:1612) ~[spring-beans-4.0.1.RELEASE.jar:4.0.1.RELEASE]
	at org.springframework.beans.factory.support.AbstractAutowireCapableBeanFactory.initializeBean(AbstractAutowireCapableBeanFactory.java:1549) ~[spring-beans-4.0.1.RELEASE.jar:4.0.1.RELEASE]
	... 60 common frames omitted
</system-out>
    <system-err>SLF4J: Class path contains multiple SLF4J bindings.
SLF4J: Found binding in [jar:file:/Users/pivotal/.m2/repository/ch/qos/logback/logback-classic/1.0.13/logback-classic-1.0.13.jar!/org/slf4j/impl/StaticLoggerBinder.class]
SLF4J: Found binding in [jar:file:/Users/pivotal/.m2/repository/org/slf4j/slf4j-simple/1.5.6/slf4j-simple-1.5.6.jar!/org/slf4j/impl/StaticLoggerBinder.class]
SLF4J: See http://www.slf4j.org/codes.html#multiple_bindings for an explanation.
SLF4J: Actual binding is of type [ch.qos.logback.classic.util.ContextSelectorStaticBinder]
</system-err>
  </testcase>
  <testcase time="0.456" classname="com.springapp.mvc.AppTest" name="postForm">
    <error message="Failed to load ApplicationContext" type="java.lang.IllegalStateException">java.lang.IllegalStateException: Failed to load ApplicationContext
	at org.springframework.test.context.CacheAwareContextLoaderDelegate.loadContext(CacheAwareContextLoaderDelegate.java:99)
	at org.springframework.test.context.DefaultTestContext.getApplicationContext(DefaultTestContext.java:101)
	at org.springframework.test.context.web.ServletTestExecutionListener.setUpRequestContextIfNecessary(ServletTestExecutionListener.java:155)
	at org.springframework.test.context.web.ServletTestExecutionListener.prepareTestInstance(ServletTestExecutionListener.java:100)
	at org.springframework.test.context.TestContextManager.prepareTestInstance(TestContextManager.java:319)
	at org.springframework.test.context.junit4.SpringJUnit4ClassRunner.createTest(SpringJUnit4ClassRunner.java:212)
	at org.springframework.test.context.junit4.SpringJUnit4ClassRunner$1.runReflectiveCall(SpringJUnit4ClassRunner.java:289)
	at org.junit.internal.runners.model.ReflectiveCallable.run(ReflectiveCallable.java:15)
	at org.springframework.test.context.junit4.SpringJUnit4ClassRunner.methodBlock(SpringJUnit4ClassRunner.java:291)
	at org.springframework.test.context.junit4.SpringJUnit4ClassRunner.runChild(SpringJUnit4ClassRunner.java:232)
	at org.springframework.test.context.junit4.SpringJUnit4ClassRunner.runChild(SpringJUnit4ClassRunner.java:89)
	at org.junit.runners.ParentRunner$3.run(ParentRunner.java:193)
	at org.junit.runners.ParentRunner$1.schedule(ParentRunner.java:52)
	at org.junit.runners.ParentRunner.runChildren(ParentRunner.java:191)
	at org.junit.runners.ParentRunner.access$000(ParentRunner.java:42)
	at org.junit.runners.ParentRunner$2.evaluate(ParentRunner.java:184)
	at org.springframework.test.context.junit4.statements.RunBeforeTestClassCallbacks.evaluate(RunBeforeTestClassCallbacks.java:61)
	at org.springframework.test.context.junit4.statements.RunAfterTestClassCallbacks.evaluate(RunAfterTestClassCallbacks.java:71)
	at org.junit.runners.ParentRunner.run(ParentRunner.java:236)
	at org.springframework.test.context.junit4.SpringJUnit4ClassRunner.run(SpringJUnit4ClassRunner.java:175)
	at org.apache.maven.surefire.junit4.JUnit4TestSet.execute(JUnit4TestSet.java:53)
	at org.apache.maven.surefire.junit4.JUnit4Provider.executeTestSet(JUnit4Provider.java:123)
	at org.apache.maven.surefire.junit4.JUnit4Provider.invoke(JUnit4Provider.java:104)
	at sun.reflect.NativeMethodAccessorImpl.invoke0(Native Method)
	at sun.reflect.NativeMethodAccessorImpl.invoke(NativeMethodAccessorImpl.java:39)
	at sun.reflect.DelegatingMethodAccessorImpl.invoke(DelegatingMethodAccessorImpl.java:25)
	at java.lang.reflect.Method.invoke(Method.java:597)
	at org.apache.maven.surefire.util.ReflectionUtils.invokeMethodWithArray(ReflectionUtils.java:164)
	at org.apache.maven.surefire.booter.ProviderFactory$ProviderProxy.invoke(ProviderFactory.java:110)
	at org.apache.maven.surefire.booter.SurefireStarter.invokeProvider(SurefireStarter.java:175)
	at org.apache.maven.surefire.booter.SurefireStarter.runSuitesInProcessWhenForked(SurefireStarter.java:107)
	at org.apache.maven.surefire.booter.ForkedBooter.main(ForkedBooter.java:68)
Caused by: org.springframework.beans.factory.BeanCreationException: Error creating bean with name &apos;org.springframework.dao.annotation.PersistenceExceptionTranslationPostProcessor#0&apos;: Initialization of bean failed; nested exception is org.springframework.beans.factory.BeanCreationException: Error creating bean with name &apos;entityManagerFactory&apos; defined in URL [file:src/main/webapp/WEB-INF/test-dispatcher-servlet.xml]: Invocation of init method failed; nested exception is javax.persistence.PersistenceException: No Persistence provider for EntityManager named testPersistenceUnit
	at org.springframework.beans.factory.support.AbstractAutowireCapableBeanFactory.doCreateBean(AbstractAutowireCapableBeanFactory.java:547)
	at org.springframework.beans.factory.support.AbstractAutowireCapableBeanFactory.createBean(AbstractAutowireCapableBeanFactory.java:475)
	at org.springframework.beans.factory.support.AbstractBeanFactory$1.getObject(AbstractBeanFactory.java:304)
	at org.springframework.beans.factory.support.DefaultSingletonBeanRegistry.getSingleton(DefaultSingletonBeanRegistry.java:228)
	at org.springframework.beans.factory.support.AbstractBeanFactory.doGetBean(AbstractBeanFactory.java:300)
	at org.springframework.beans.factory.support.AbstractBeanFactory.getBean(AbstractBeanFactory.java:200)
	at org.springframework.context.support.PostProcessorRegistrationDelegate.registerBeanPostProcessors(PostProcessorRegistrationDelegate.java:220)
	at org.springframework.context.support.AbstractApplicationContext.registerBeanPostProcessors(AbstractApplicationContext.java:618)
	at org.springframework.context.support.AbstractApplicationContext.refresh(AbstractApplicationContext.java:467)
	at org.springframework.test.context.web.AbstractGenericWebContextLoader.loadContext(AbstractGenericWebContextLoader.java:129)
	at org.springframework.test.context.web.AbstractGenericWebContextLoader.loadContext(AbstractGenericWebContextLoader.java:60)
	at org.springframework.test.context.support.AbstractDelegatingSmartContextLoader.delegateLoading(AbstractDelegatingSmartContextLoader.java:100)
	at org.springframework.test.context.support.AbstractDelegatingSmartContextLoader.loadContext(AbstractDelegatingSmartContextLoader.java:250)
	at org.springframework.test.context.CacheAwareContextLoaderDelegate.loadContextInternal(CacheAwareContextLoaderDelegate.java:64)
	at org.springframework.test.context.CacheAwareContextLoaderDelegate.loadContext(CacheAwareContextLoaderDelegate.java:91)
	... 31 more
Caused by: org.springframework.beans.factory.BeanCreationException: Error creating bean with name &apos;entityManagerFactory&apos; defined in URL [file:src/main/webapp/WEB-INF/test-dispatcher-servlet.xml]: Invocation of init method failed; nested exception is javax.persistence.PersistenceException: No Persistence provider for EntityManager named testPersistenceUnit
	at org.springframework.beans.factory.support.AbstractAutowireCapableBeanFactory.initializeBean(AbstractAutowireCapableBeanFactory.java:1553)
	at org.springframework.beans.factory.support.AbstractAutowireCapableBeanFactory.doCreateBean(AbstractAutowireCapableBeanFactory.java:539)
	at org.springframework.beans.factory.support.AbstractAutowireCapableBeanFactory.createBean(AbstractAutowireCapableBeanFactory.java:475)
	at org.springframework.beans.factory.support.AbstractBeanFactory$1.getObject(AbstractBeanFactory.java:304)
	at org.springframework.beans.factory.support.DefaultSingletonBeanRegistry.getSingleton(DefaultSingletonBeanRegistry.java:228)
	at org.springframework.beans.factory.support.AbstractBeanFactory.doGetBean(AbstractBeanFactory.java:300)
	at org.springframework.beans.factory.support.AbstractBeanFactory.getBean(AbstractBeanFactory.java:200)
	at org.springframework.beans.factory.support.DefaultListableBeanFactory.getBeansOfType(DefaultListableBeanFactory.java:467)
	at org.springframework.beans.factory.BeanFactoryUtils.beansOfTypeIncludingAncestors(BeanFactoryUtils.java:277)
	at org.springframework.dao.support.PersistenceExceptionTranslationInterceptor.detectPersistenceExceptionTranslators(PersistenceExceptionTranslationInterceptor.java:139)
	at org.springframework.dao.support.PersistenceExceptionTranslationInterceptor.&lt;init&gt;(PersistenceExceptionTranslationInterceptor.java:79)
	at org.springframework.dao.annotation.PersistenceExceptionTranslationAdvisor.&lt;init&gt;(PersistenceExceptionTranslationAdvisor.java:70)
	at org.springframework.dao.annotation.PersistenceExceptionTranslationPostProcessor.setBeanFactory(PersistenceExceptionTranslationPostProcessor.java:103)
	at org.springframework.beans.factory.support.AbstractAutowireCapableBeanFactory.invokeAwareMethods(AbstractAutowireCapableBeanFactory.java:1572)
	at org.springframework.beans.factory.support.AbstractAutowireCapableBeanFactory.initializeBean(AbstractAutowireCapableBeanFactory.java:1540)
	at org.springframework.beans.factory.support.AbstractAutowireCapableBeanFactory.doCreateBean(AbstractAutowireCapableBeanFactory.java:539)
	... 45 more
Caused by: javax.persistence.PersistenceException: No Persistence provider for EntityManager named testPersistenceUnit
	at javax.persistence.Persistence.createEntityManagerFactory(Persistence.java:54)
	at org.springframework.orm.jpa.LocalEntityManagerFactoryBean.createNativeEntityManagerFactory(LocalEntityManagerFactoryBean.java:92)
	at org.springframework.orm.jpa.AbstractEntityManagerFactoryBean.afterPropertiesSet(AbstractEntityManagerFactoryBean.java:310)
	at org.springframework.beans.factory.support.AbstractAutowireCapableBeanFactory.invokeInitMethods(AbstractAutowireCapableBeanFactory.java:1612)
	at org.springframework.beans.factory.support.AbstractAutowireCapableBeanFactory.initializeBean(AbstractAutowireCapableBeanFactory.java:1549)
	... 60 more
</error>
    <system-out>10:45:51.905 [main] DEBUG o.s.t.annotation.ProfileValueUtils - Retrieved @ProfileValueSourceConfiguration [null] for test class [com.springapp.mvc.AppTest]
10:45:51.905 [main] DEBUG o.s.t.annotation.ProfileValueUtils - Retrieved ProfileValueSource type [class org.springframework.test.annotation.SystemProfileValueSource] for class [com.springapp.mvc.AppTest]
10:45:51.906 [main] DEBUG o.s.t.c.s.AbstractDelegatingSmartContextLoader - Delegating to GenericXmlWebContextLoader to load context from [WebMergedContextConfiguration@3c3c9217 testClass = AppTest, locations = &apos;{file:src/main/webapp/WEB-INF/test-dispatcher-servlet.xml}&apos;, classes = &apos;{}&apos;, contextInitializerClasses = &apos;[]&apos;, activeProfiles = &apos;{}&apos;, resourceBasePath = &apos;src/main/webapp&apos;, contextLoader = &apos;org.springframework.test.context.web.WebDelegatingSmartContextLoader&apos;, parent = [null]].
10:45:51.906 [main] DEBUG o.s.t.c.w.AbstractGenericWebContextLoader - Loading WebApplicationContext for merged context configuration [WebMergedContextConfiguration@3c3c9217 testClass = AppTest, locations = &apos;{file:src/main/webapp/WEB-INF/test-dispatcher-servlet.xml}&apos;, classes = &apos;{}&apos;, contextInitializerClasses = &apos;[]&apos;, activeProfiles = &apos;{}&apos;, resourceBasePath = &apos;src/main/webapp&apos;, contextLoader = &apos;org.springframework.test.context.web.WebDelegatingSmartContextLoader&apos;, parent = [null]].
10:45:51.908 [main] DEBUG o.s.w.c.s.StandardServletEnvironment - Initializing new StandardServletEnvironment
10:45:51.908 [main] DEBUG o.s.w.c.s.StandardServletEnvironment - Adding [servletConfigInitParams] PropertySource with lowest search precedence
10:45:51.908 [main] DEBUG o.s.w.c.s.StandardServletEnvironment - Adding [servletContextInitParams] PropertySource with lowest search precedence
10:45:51.908 [main] DEBUG o.s.w.c.s.StandardServletEnvironment - Adding [jndiProperties] PropertySource with lowest search precedence
10:45:51.908 [main] DEBUG o.s.w.c.s.StandardServletEnvironment - Adding [systemProperties] PropertySource with lowest search precedence
10:45:51.908 [main] DEBUG o.s.w.c.s.StandardServletEnvironment - Adding [systemEnvironment] PropertySource with lowest search precedence
10:45:51.908 [main] DEBUG o.s.w.c.s.StandardServletEnvironment - Initialized StandardServletEnvironment with PropertySources [servletConfigInitParams,servletContextInitParams,jndiProperties,systemProperties,systemEnvironment]
10:45:51.909 [main] INFO  o.s.b.f.xml.XmlBeanDefinitionReader - Loading XML bean definitions from URL [file:src/main/webapp/WEB-INF/test-dispatcher-servlet.xml]
10:45:51.910 [main] DEBUG o.s.b.f.xml.DefaultDocumentLoader - Using JAXP provider [org.apache.xerces.jaxp.DocumentBuilderFactoryImpl]
10:45:51.911 [main] DEBUG o.s.b.f.xml.PluggableSchemaResolver - Loading schema mappings from [META-INF/spring.schemas]
10:45:51.912 [main] DEBUG o.s.b.f.xml.PluggableSchemaResolver - Loaded schema mappings: {http://www.springframework.org/schema/tx/spring-tx-2.5.xsd=org/springframework/transaction/config/spring-tx-2.5.xsd, http://www.springframework.org/schema/context/spring-context-3.1.xsd=org/springframework/context/config/spring-context-3.1.xsd, http://www.springframework.org/schema/data/repository/spring-repository-1.4.xsd=org/springframework/data/repository/config/spring-repository-1.4.xsd, http://www.springframework.org/schema/util/spring-util-3.0.xsd=org/springframework/beans/factory/xml/spring-util-3.0.xsd, http://www.springframework.org/schema/data/jpa/spring-jpa.xsd=org/springframework/data/jpa/repository/config/spring-jpa-1.2.xsd, http://www.springframework.org/schema/tool/spring-tool.xsd=org/springframework/beans/factory/xml/spring-tool-4.0.xsd, http://www.springframework.org/schema/aop/spring-aop-3.2.xsd=org/springframework/aop/config/spring-aop-3.2.xsd, http://www.springframework.org/schema/context/spring-context-4.0.xsd=org/springframework/context/config/spring-context-4.0.xsd, http://www.springframework.org/schema/mvc/spring-mvc-3.2.xsd=org/springframework/web/servlet/config/spring-mvc-3.2.xsd, http://www.springframework.org/schema/lang/spring-lang-3.2.xsd=org/springframework/scripting/config/spring-lang-3.2.xsd, http://www.springframework.org/schema/cache/spring-cache-3.2.xsd=org/springframework/cache/config/spring-cache-3.2.xsd, http://www.springframework.org/schema/jdbc/spring-jdbc-3.1.xsd=org/springframework/jdbc/config/spring-jdbc-3.1.xsd, http://www.springframework.org/schema/util/spring-util-2.0.xsd=org/springframework/beans/factory/xml/spring-util-2.0.xsd, http://www.springframework.org/schema/tool/spring-tool-3.2.xsd=org/springframework/beans/factory/xml/spring-tool-3.2.xsd, http://www.springframework.org/schema/context/spring-context.xsd=org/springframework/context/config/spring-context-4.0.xsd, http://www.springframework.org/schema/aop/spring-aop-4.0.xsd=org/springframework/aop/config/spring-aop-4.0.xsd, http://www.springframework.org/schema/jee/spring-jee-3.2.xsd=org/springframework/ejb/config/spring-jee-3.2.xsd, http://www.springframework.org/schema/context/spring-context-3.0.xsd=org/springframework/context/config/spring-context-3.0.xsd, http://www.springframework.org/schema/jdbc/spring-jdbc-4.0.xsd=org/springframework/jdbc/config/spring-jdbc-4.0.xsd, http://www.springframework.org/schema/util/spring-util-2.5.xsd=org/springframework/beans/factory/xml/spring-util-2.5.xsd, http://www.springframework.org/schema/mvc/spring-mvc-4.0.xsd=org/springframework/web/servlet/config/spring-mvc-4.0.xsd, http://www.springframework.org/schema/beans/spring-beans-3.2.xsd=org/springframework/beans/factory/xml/spring-beans-3.2.xsd, http://www.springframework.org/schema/aop/spring-aop-3.1.xsd=org/springframework/aop/config/spring-aop-3.1.xsd, http://www.springframework.org/schema/lang/spring-lang-4.0.xsd=org/springframework/scripting/config/spring-lang-4.0.xsd, http://www.springframework.org/schema/mvc/spring-mvc.xsd=org/springframework/web/servlet/config/spring-mvc-4.0.xsd, http://www.springframework.org/schema/mvc/spring-mvc-3.1.xsd=org/springframework/web/servlet/config/spring-mvc-3.1.xsd, http://www.springframework.org/schema/tool/spring-tool-4.0.xsd=org/springframework/beans/factory/xml/spring-tool-4.0.xsd, http://www.springframework.org/schema/lang/spring-lang-3.1.xsd=org/springframework/scripting/config/spring-lang-3.1.xsd, http://www.springframework.org/schema/cache/spring-cache-3.1.xsd=org/springframework/cache/config/spring-cache-3.1.xsd, http://www.springframework.org/schema/jee/spring-jee-4.0.xsd=org/springframework/ejb/config/spring-jee-4.0.xsd, http://www.springframework.org/schema/jdbc/spring-jdbc-3.0.xsd=org/springframework/jdbc/config/spring-jdbc-3.0.xsd, http://www.springframework.org/schema/jdbc/spring-jdbc.xsd=org/springframework/jdbc/config/spring-jdbc-4.0.xsd, http://www.springframework.org/schema/tool/spring-tool-3.1.xsd=org/springframework/beans/factory/xml/spring-tool-3.1.xsd, http://www.springframework.org/schema/cache/spring-cache-4.0.xsd=org/springframework/cache/config/spring-cache-4.0.xsd, http://www.springframework.org/schema/jee/spring-jee-3.1.xsd=org/springframework/ejb/config/spring-jee-3.1.xsd, http://www.springframework.org/schema/task/spring-task-3.2.xsd=org/springframework/scheduling/config/spring-task-3.2.xsd, http://www.springframework.org/schema/beans/spring-beans-3.1.xsd=org/springframework/beans/factory/xml/spring-beans-3.1.xsd, http://www.springframework.org/schema/util/spring-util.xsd=org/springframework/beans/factory/xml/spring-util-4.0.xsd, http://www.springframework.org/schema/aop/spring-aop-3.0.xsd=org/springframework/aop/config/spring-aop-3.0.xsd, http://www.springframework.org/schema/data/repository/spring-repository.xsd=org/springframework/data/repository/config/spring-repository-1.4.xsd, http://www.springframework.org/schema/mvc/spring-mvc-3.0.xsd=org/springframework/web/servlet/config/spring-mvc-3.0.xsd, http://www.springframework.org/schema/beans/spring-beans-4.0.xsd=org/springframework/beans/factory/xml/spring-beans-4.0.xsd, http://www.springframework.org/schema/beans/spring-beans.xsd=org/springframework/beans/factory/xml/spring-beans-4.0.xsd, http://www.springframework.org/schema/tx/spring-tx-3.1.xsd=org/springframework/transaction/config/spring-tx-3.1.xsd, http://www.springframework.org/schema/lang/spring-lang-3.0.xsd=org/springframework/scripting/config/spring-lang-3.0.xsd, http://www.springframework.org/schema/context/spring-context-2.5.xsd=org/springframework/context/config/spring-context-2.5.xsd, http://www.springframework.org/schema/task/spring-task-4.0.xsd=org/springframework/scheduling/config/spring-task-4.0.xsd, http://www.springframework.org/schema/tool/spring-tool-3.0.xsd=org/springframework/beans/factory/xml/spring-tool-3.0.xsd, http://www.springframework.org/schema/aop/spring-aop-2.0.xsd=org/springframework/aop/config/spring-aop-2.0.xsd, http://www.springframework.org/schema/jee/spring-jee-3.0.xsd=org/springframework/ejb/config/spring-jee-3.0.xsd, http://www.springframework.org/schema/task/spring-task-3.1.xsd=org/springframework/scheduling/config/spring-task-3.1.xsd, http://www.springframework.org/schema/beans/spring-beans-3.0.xsd=org/springframework/beans/factory/xml/spring-beans-3.0.xsd, http://www.springframework.org/schema/data/jpa/spring-jpa-1.2.xsd=org/springframework/data/jpa/repository/config/spring-jpa-1.2.xsd, http://www.springframework.org/schema/jee/spring-jee.xsd=org/springframework/ejb/config/spring-jee-4.0.xsd, http://www.springframework.org/schema/aop/spring-aop-2.5.xsd=org/springframework/aop/config/spring-aop-2.5.xsd, http://www.springframework.org/schema/lang/spring-lang-2.0.xsd=org/springframework/scripting/config/spring-lang-2.0.xsd, http://www.springframework.org/schema/util/spring-util-3.2.xsd=org/springframework/beans/factory/xml/spring-util-3.2.xsd, http://www.springframework.org/schema/task/spring-task.xsd=org/springframework/scheduling/config/spring-task-4.0.xsd, http://www.springframework.org/schema/tool/spring-tool-2.0.xsd=org/springframework/beans/factory/xml/spring-tool-2.0.xsd, http://www.springframework.org/schema/tx/spring-tx-3.0.xsd=org/springframework/transaction/config/spring-tx-3.0.xsd, http://www.springframework.org/schema/lang/spring-lang-2.5.xsd=org/springframework/scripting/config/spring-lang-2.5.xsd, http://www.springframework.org/schema/jee/spring-jee-2.0.xsd=org/springframework/ejb/config/spring-jee-2.0.xsd, http://www.springframework.org/schema/tool/spring-tool-2.5.xsd=org/springframework/beans/factory/xml/spring-tool-2.5.xsd, http://www.springframework.org/schema/jee/spring-jee-2.5.xsd=org/springframework/ejb/config/spring-jee-2.5.xsd, http://www.springframework.org/schema/data/repository/spring-repository-1.0.xsd=org/springframework/data/repository/config/spring-repository-1.0.xsd, http://www.springframework.org/schema/util/spring-util-4.0.xsd=org/springframework/beans/factory/xml/spring-util-4.0.xsd, http://www.springframework.org/schema/task/spring-task-3.0.xsd=org/springframework/scheduling/config/spring-task-3.0.xsd, http://www.springframework.org/schema/data/jpa/spring-jpa-1.1.xsd=org/springframework/data/jpa/repository/config/spring-jpa-1.1.xsd, http://www.springframework.org/schema/lang/spring-lang.xsd=org/springframework/scripting/config/spring-lang-4.0.xsd, http://www.springframework.org/schema/context/spring-context-3.2.xsd=org/springframework/context/config/spring-context-3.2.xsd, http://www.springframework.org/schema/util/spring-util-3.1.xsd=org/springframework/beans/factory/xml/spring-util-3.1.xsd, http://www.springframework.org/schema/beans/spring-beans-2.0.xsd=org/springframework/beans/factory/xml/spring-beans-2.0.xsd, http://www.springframework.org/schema/cache/spring-cache.xsd=org/springframework/cache/config/spring-cache-4.0.xsd, http://www.springframework.org/schema/tx/spring-tx.xsd=org/springframework/transaction/config/spring-tx-3.1.xsd, http://www.springframework.org/schema/beans/spring-beans-2.5.xsd=org/springframework/beans/factory/xml/spring-beans-2.5.xsd, http://www.springframework.org/schema/tx/spring-tx-2.0.xsd=org/springframework/transaction/config/spring-tx-2.0.xsd, http://www.springframework.org/schema/jdbc/spring-jdbc-3.2.xsd=org/springframework/jdbc/config/spring-jdbc-3.2.xsd, http://www.springframework.org/schema/aop/spring-aop.xsd=org/springframework/aop/config/spring-aop-4.0.xsd, http://www.springframework.org/schema/data/jpa/spring-jpa-1.0.xsd=org/springframework/data/jpa/repository/config/spring-jpa-1.0.xsd}
10:45:51.913 [main] DEBUG o.s.b.f.xml.PluggableSchemaResolver - Found XML schema [http://www.springframework.org/schema/beans/spring-beans.xsd] in classpath: org/springframework/beans/factory/xml/spring-beans-4.0.xsd
10:45:51.924 [main] DEBUG o.s.b.f.xml.PluggableSchemaResolver - Found XML schema [http://www.springframework.org/schema/context/spring-context.xsd] in classpath: org/springframework/context/config/spring-context-4.0.xsd
10:45:51.928 [main] DEBUG o.s.b.f.xml.PluggableSchemaResolver - Found XML schema [http://www.springframework.org/schema/tool/spring-tool-4.0.xsd] in classpath: org/springframework/beans/factory/xml/spring-tool-4.0.xsd
10:45:51.945 [main] DEBUG o.s.b.f.xml.PluggableSchemaResolver - Found XML schema [http://www.springframework.org/schema/data/jpa/spring-jpa.xsd] in classpath: org/springframework/data/jpa/repository/config/spring-jpa-1.2.xsd
10:45:51.950 [main] DEBUG o.s.b.f.xml.PluggableSchemaResolver - Found XML schema [http://www.springframework.org/schema/data/repository/spring-repository.xsd] in classpath: org/springframework/data/repository/config/spring-repository-1.4.xsd
10:45:51.964 [main] DEBUG o.s.b.f.xml.PluggableSchemaResolver - Found XML schema [http://www.springframework.org/schema/tx/spring-tx.xsd] in classpath: org/springframework/transaction/config/spring-tx-3.1.xsd
10:45:51.977 [main] DEBUG o.s.b.f.x.DefaultBeanDefinitionDocumentReader - Loading bean definitions
10:45:51.983 [main] DEBUG o.s.b.f.x.DefaultNamespaceHandlerResolver - Loaded NamespaceHandler mappings: {http://www.springframework.org/schema/p=org.springframework.beans.factory.xml.SimplePropertyNamespaceHandler, http://www.springframework.org/schema/mvc=org.springframework.web.servlet.config.MvcNamespaceHandler, http://www.springframework.org/schema/util=org.springframework.beans.factory.xml.UtilNamespaceHandler, http://www.springframework.org/schema/jee=org.springframework.ejb.config.JeeNamespaceHandler, http://www.springframework.org/schema/aop=org.springframework.aop.config.AopNamespaceHandler, http://www.springframework.org/schema/jdbc=org.springframework.jdbc.config.JdbcNamespaceHandler, http://www.springframework.org/schema/data/repository=org.springframework.data.repository.config.RepositoryNameSpaceHandler, http://www.springframework.org/schema/data/jpa=org.springframework.data.jpa.repository.config.JpaRepositoryNameSpaceHandler, http://www.springframework.org/schema/cache=org.springframework.cache.config.CacheNamespaceHandler, http://www.springframework.org/schema/c=org.springframework.beans.factory.xml.SimpleConstructorNamespaceHandler, http://www.springframework.org/schema/tx=org.springframework.transaction.config.TxNamespaceHandler, http://www.springframework.org/schema/task=org.springframework.scheduling.config.TaskNamespaceHandler, http://www.springframework.org/schema/lang=org.springframework.scripting.config.LangNamespaceHandler, http://www.springframework.org/schema/context=org.springframework.context.config.ContextNamespaceHandler}
10:45:51.985 [main] DEBUG o.s.c.a.ClassPathBeanDefinitionScanner - JSR-250 &apos;javax.annotation.ManagedBean&apos; found and supported for component scanning
10:45:51.987 [main] DEBUG o.s.c.i.s.PathMatchingResourcePatternResolver - Looking for matching resources in directory tree [/Users/pivotal/workspace/spring-boot/target/test-classes/com/springapp/mvc]
10:45:51.988 [main] DEBUG o.s.c.i.s.PathMatchingResourcePatternResolver - Searching directory [/Users/pivotal/workspace/spring-boot/target/test-classes/com/springapp/mvc] for files matching pattern [/Users/pivotal/workspace/spring-boot/target/test-classes/com/springapp/mvc/**/*.class]
10:45:51.991 [main] DEBUG o.s.c.i.s.PathMatchingResourcePatternResolver - Looking for matching resources in directory tree [/Users/pivotal/workspace/spring-boot/target/classes/com/springapp/mvc]
10:45:51.992 [main] DEBUG o.s.c.i.s.PathMatchingResourcePatternResolver - Searching directory [/Users/pivotal/workspace/spring-boot/target/classes/com/springapp/mvc] for files matching pattern [/Users/pivotal/workspace/spring-boot/target/classes/com/springapp/mvc/**/*.class]
10:45:51.994 [main] DEBUG o.s.c.i.s.PathMatchingResourcePatternResolver - Resolved location pattern [classpath*:com/springapp/mvc/**/*.class] to resources [file [/Users/pivotal/workspace/spring-boot/target/test-classes/com/springapp/mvc/AppTest.class], file [/Users/pivotal/workspace/spring-boot/target/test-classes/com/springapp/mvc/FormTest.class], file [/Users/pivotal/workspace/spring-boot/target/test-classes/com/springapp/mvc/UserTest.class], file [/Users/pivotal/workspace/spring-boot/target/classes/com/springapp/mvc/IntegrationTestUtil.class], file [/Users/pivotal/workspace/spring-boot/target/classes/com/springapp/mvc/User.class], file [/Users/pivotal/workspace/spring-boot/target/classes/com/springapp/mvc/UserController.class], file [/Users/pivotal/workspace/spring-boot/target/classes/com/springapp/mvc/UserRepository.class]]
10:45:52.002 [main] DEBUG o.s.c.a.ClassPathBeanDefinitionScanner - Identified candidate component class: file [/Users/pivotal/workspace/spring-boot/target/classes/com/springapp/mvc/UserController.class]
10:45:52.002 [main] DEBUG o.s.b.f.x.BeanDefinitionParserDelegate - Neither XML &apos;id&apos; nor &apos;name&apos; specified - using generated bean name [org.springframework.web.servlet.view.InternalResourceViewResolver#0]
10:45:52.004 [main] DEBUG o.s.core.env.StandardEnvironment - Initializing new StandardEnvironment
10:45:52.004 [main] DEBUG o.s.core.env.StandardEnvironment - Adding [systemProperties] PropertySource with lowest search precedence
10:45:52.004 [main] DEBUG o.s.core.env.StandardEnvironment - Adding [systemEnvironment] PropertySource with lowest search precedence
10:45:52.004 [main] DEBUG o.s.core.env.StandardEnvironment - Initialized StandardEnvironment with PropertySources [systemProperties,systemEnvironment]
10:45:52.004 [main] DEBUG o.s.c.i.s.PathMatchingResourcePatternResolver - Looking for matching resources in directory tree [/Users/pivotal/workspace/spring-boot/target/test-classes/com/springapp/mvc]
10:45:52.004 [main] DEBUG o.s.c.i.s.PathMatchingResourcePatternResolver - Searching directory [/Users/pivotal/workspace/spring-boot/target/test-classes/com/springapp/mvc] for files matching pattern [/Users/pivotal/workspace/spring-boot/target/test-classes/com/springapp/mvc/**/*.class]
10:45:52.005 [main] DEBUG o.s.c.i.s.PathMatchingResourcePatternResolver - Looking for matching resources in directory tree [/Users/pivotal/workspace/spring-boot/target/classes/com/springapp/mvc]
10:45:52.005 [main] DEBUG o.s.c.i.s.PathMatchingResourcePatternResolver - Searching directory [/Users/pivotal/workspace/spring-boot/target/classes/com/springapp/mvc] for files matching pattern [/Users/pivotal/workspace/spring-boot/target/classes/com/springapp/mvc/**/*.class]
10:45:52.005 [main] DEBUG o.s.c.i.s.PathMatchingResourcePatternResolver - Resolved location pattern [classpath*:com/springapp/mvc/**/*.class] to resources [file [/Users/pivotal/workspace/spring-boot/target/test-classes/com/springapp/mvc/AppTest.class], file [/Users/pivotal/workspace/spring-boot/target/test-classes/com/springapp/mvc/FormTest.class], file [/Users/pivotal/workspace/spring-boot/target/test-classes/com/springapp/mvc/UserTest.class], file [/Users/pivotal/workspace/spring-boot/target/classes/com/springapp/mvc/IntegrationTestUtil.class], file [/Users/pivotal/workspace/spring-boot/target/classes/com/springapp/mvc/User.class], file [/Users/pivotal/workspace/spring-boot/target/classes/com/springapp/mvc/UserController.class], file [/Users/pivotal/workspace/spring-boot/target/classes/com/springapp/mvc/UserRepository.class]]
10:45:52.009 [main] DEBUG o.s.d.r.c.RepositoryComponentProvider - Identified candidate component class: file [/Users/pivotal/workspace/spring-boot/target/classes/com/springapp/mvc/UserRepository.class]
10:45:52.011 [main] DEBUG o.s.core.env.StandardEnvironment - Initializing new StandardEnvironment
10:45:52.011 [main] DEBUG o.s.core.env.StandardEnvironment - Adding [systemProperties] PropertySource with lowest search precedence
10:45:52.011 [main] DEBUG o.s.core.env.StandardEnvironment - Adding [systemEnvironment] PropertySource with lowest search precedence
10:45:52.011 [main] DEBUG o.s.core.env.StandardEnvironment - Initialized StandardEnvironment with PropertySources [systemProperties,systemEnvironment]
10:45:52.011 [main] DEBUG o.s.c.i.s.PathMatchingResourcePatternResolver - Looking for matching resources in directory tree [/Users/pivotal/workspace/spring-boot/target/test-classes/com/springapp/mvc]
10:45:52.011 [main] DEBUG o.s.c.i.s.PathMatchingResourcePatternResolver - Searching directory [/Users/pivotal/workspace/spring-boot/target/test-classes/com/springapp/mvc] for files matching pattern [/Users/pivotal/workspace/spring-boot/target/test-classes/com/springapp/mvc/**/*.class]
10:45:52.012 [main] DEBUG o.s.c.i.s.PathMatchingResourcePatternResolver - Looking for matching resources in directory tree [/Users/pivotal/workspace/spring-boot/target/classes/com/springapp/mvc]
10:45:52.012 [main] DEBUG o.s.c.i.s.PathMatchingResourcePatternResolver - Searching directory [/Users/pivotal/workspace/spring-boot/target/classes/com/springapp/mvc] for files matching pattern [/Users/pivotal/workspace/spring-boot/target/classes/com/springapp/mvc/**/*.class]
10:45:52.012 [main] DEBUG o.s.c.i.s.PathMatchingResourcePatternResolver - Resolved location pattern [classpath*:com/springapp/mvc/**/*.class] to resources [file [/Users/pivotal/workspace/spring-boot/target/test-classes/com/springapp/mvc/AppTest.class], file [/Users/pivotal/workspace/spring-boot/target/test-classes/com/springapp/mvc/FormTest.class], file [/Users/pivotal/workspace/spring-boot/target/test-classes/com/springapp/mvc/UserTest.class], file [/Users/pivotal/workspace/spring-boot/target/classes/com/springapp/mvc/IntegrationTestUtil.class], file [/Users/pivotal/workspace/spring-boot/target/classes/com/springapp/mvc/User.class], file [/Users/pivotal/workspace/spring-boot/target/classes/com/springapp/mvc/UserController.class], file [/Users/pivotal/workspace/spring-boot/target/classes/com/springapp/mvc/UserRepository.class]]
10:45:52.014 [main] DEBUG o.s.d.r.c.RepositoryBeanDefinitionParser - Registering repository: userRepository - Interface: com.springapp.mvc.UserRepository - Factory: org.springframework.data.jpa.repository.support.JpaRepositoryFactoryBean
10:45:52.015 [main] DEBUG o.s.b.f.xml.XmlBeanDefinitionReader - Loaded 17 bean definitions from location pattern [file:src/main/webapp/WEB-INF/test-dispatcher-servlet.xml]
10:45:52.015 [main] INFO  o.s.w.c.s.GenericWebApplicationContext - Refreshing org.springframework.web.context.support.GenericWebApplicationContext@6434d75f: startup date [Thu Feb 13 10:45:52 EST 2014]; root of context hierarchy
10:45:52.016 [main] DEBUG o.s.w.c.s.StandardServletEnvironment - Replacing [servletContextInitParams] PropertySource with [servletContextInitParams]
10:45:52.016 [main] DEBUG o.s.w.c.s.GenericWebApplicationContext - Bean factory for org.springframework.web.context.support.GenericWebApplicationContext@6434d75f: org.springframework.beans.factory.support.DefaultListableBeanFactory@8c3d31c: defining beans [userController,org.springframework.context.annotation.internalConfigurationAnnotationProcessor,org.springframework.context.annotation.internalAutowiredAnnotationProcessor,org.springframework.context.annotation.internalRequiredAnnotationProcessor,org.springframework.context.annotation.internalCommonAnnotationProcessor,org.springframework.context.annotation.internalPersistenceAnnotationProcessor,org.springframework.web.servlet.view.InternalResourceViewResolver#0,userRepository,org.springframework.data.repository.core.support.RepositoryInterfaceAwareBeanPostProcessor#0,org.springframework.dao.annotation.PersistenceExceptionTranslationPostProcessor#0,org.springframework.orm.jpa.support.PersistenceAnnotationBeanPostProcessor#0,entityManagerFactory,transactionManager,org.springframework.aop.config.internalAutoProxyCreator,org.springframework.transaction.annotation.AnnotationTransactionAttributeSource#0,org.springframework.transaction.interceptor.TransactionInterceptor#0,org.springframework.transaction.config.internalTransactionAdvisor]; root of factory hierarchy
10:45:52.016 [main] DEBUG o.s.b.f.s.DefaultListableBeanFactory - Creating shared instance of singleton bean &apos;org.springframework.context.annotation.internalConfigurationAnnotationProcessor&apos;
10:45:52.016 [main] DEBUG o.s.b.f.s.DefaultListableBeanFactory - Creating instance of bean &apos;org.springframework.context.annotation.internalConfigurationAnnotationProcessor&apos;
10:45:52.016 [main] DEBUG o.s.b.f.s.DefaultListableBeanFactory - Eagerly caching bean &apos;org.springframework.context.annotation.internalConfigurationAnnotationProcessor&apos; to allow for resolving potential circular references
10:45:52.016 [main] DEBUG o.s.b.f.s.DefaultListableBeanFactory - Finished creating instance of bean &apos;org.springframework.context.annotation.internalConfigurationAnnotationProcessor&apos;
10:45:52.035 [main] DEBUG o.s.c.t.c.AnnotationAttributesReadingVisitor - Failed to class-load type while reading annotation metadata. This is a non-fatal error, but certain annotation metadata may be unavailable.
java.lang.ClassNotFoundException: org.springframework.web.socket.config.annotation.EnableWebSocket
	at java.net.URLClassLoader$1.run(URLClassLoader.java:202) ~[na:1.6.0_51]
	at java.security.AccessController.doPrivileged(Native Method) ~[na:1.6.0_51]
	at java.net.URLClassLoader.findClass(URLClassLoader.java:190) ~[na:1.6.0_51]
	at java.lang.ClassLoader.loadClass(ClassLoader.java:306) ~[na:1.6.0_51]
	at sun.misc.Launcher$AppClassLoader.loadClass(Launcher.java:301) ~[na:1.6.0_51]
	at java.lang.ClassLoader.loadClass(ClassLoader.java:247) ~[na:1.6.0_51]
	at org.springframework.core.type.classreading.RecursiveAnnotationAttributesVisitor.visitEnd(AnnotationAttributesReadingVisitor.java:180) ~[spring-core-4.0.1.RELEASE.jar:4.0.1.RELEASE]
	at org.springframework.asm.ClassReader.readAnnotationValues(ClassReader.java:1491) [spring-core-4.0.1.RELEASE.jar:4.0.1.RELEASE]
	at org.springframework.asm.ClassReader.accept(ClassReader.java:634) [spring-core-4.0.1.RELEASE.jar:4.0.1.RELEASE]
	at org.springframework.asm.ClassReader.accept(ClassReader.java:508) [spring-core-4.0.1.RELEASE.jar:4.0.1.RELEASE]
	at org.springframework.core.type.classreading.SimpleMetadataReader.&lt;init&gt;(SimpleMetadataReader.java:64) [spring-core-4.0.1.RELEASE.jar:4.0.1.RELEASE]
	at org.springframework.core.type.classreading.SimpleMetadataReaderFactory.getMetadataReader(SimpleMetadataReaderFactory.java:82) [spring-core-4.0.1.RELEASE.jar:4.0.1.RELEASE]
	at org.springframework.core.type.classreading.CachingMetadataReaderFactory.getMetadataReader(CachingMetadataReaderFactory.java:102) [spring-core-4.0.1.RELEASE.jar:4.0.1.RELEASE]
	at org.springframework.core.type.classreading.SimpleMetadataReaderFactory.getMetadataReader(SimpleMetadataReaderFactory.java:77) [spring-core-4.0.1.RELEASE.jar:4.0.1.RELEASE]
	at org.springframework.boot.autoconfigure.AutoConfigurationSorter$AutoConfigurationClasses.&lt;init&gt;(AutoConfigurationSorter.java:125) [spring-boot-autoconfigure-1.0.0.RC1.jar:1.0.0.RC1]
	at org.springframework.boot.autoconfigure.AutoConfigurationSorter.getInPriorityOrder(AutoConfigurationSorter.java:60) [spring-boot-autoconfigure-1.0.0.RC1.jar:1.0.0.RC1]
	at org.springframework.boot.autoconfigure.EnableAutoConfigurationImportSelector.selectImports(EnableAutoConfigurationImportSelector.java:66) [spring-boot-autoconfigure-1.0.0.RC1.jar:1.0.0.RC1]
	at org.springframework.context.annotation.ConfigurationClassParser.processDeferredImportSelectors(ConfigurationClassParser.java:379) [spring-context-4.0.1.RELEASE.jar:4.0.1.RELEASE]
	at org.springframework.context.annotation.ConfigurationClassParser.parse(ConfigurationClassParser.java:162) [spring-context-4.0.1.RELEASE.jar:4.0.1.RELEASE]
	at org.springframework.context.annotation.ConfigurationClassPostProcessor.processConfigBeanDefinitions(ConfigurationClassPostProcessor.java:299) [spring-context-4.0.1.RELEASE.jar:4.0.1.RELEASE]
	at org.springframework.context.annotation.ConfigurationClassPostProcessor.postProcessBeanDefinitionRegistry(ConfigurationClassPostProcessor.java:243) [spring-context-4.0.1.RELEASE.jar:4.0.1.RELEASE]
	at org.springframework.context.support.PostProcessorRegistrationDelegate.invokeBeanDefinitionRegistryPostProcessors(PostProcessorRegistrationDelegate.java:254) [spring-context-4.0.1.RELEASE.jar:4.0.1.RELEASE]
	at org.springframework.context.support.PostProcessorRegistrationDelegate.invokeBeanFactoryPostProcessors(PostProcessorRegistrationDelegate.java:94) [spring-context-4.0.1.RELEASE.jar:4.0.1.RELEASE]
	at org.springframework.context.support.AbstractApplicationContext.invokeBeanFactoryPostProcessors(AbstractApplicationContext.java:609) [spring-context-4.0.1.RELEASE.jar:4.0.1.RELEASE]
	at org.springframework.context.support.AbstractApplicationContext.refresh(AbstractApplicationContext.java:464) [spring-context-4.0.1.RELEASE.jar:4.0.1.RELEASE]
	at org.springframework.test.context.web.AbstractGenericWebContextLoader.loadContext(AbstractGenericWebContextLoader.java:129) [spring-test-4.0.1.RELEASE.jar:4.0.1.RELEASE]
	at org.springframework.test.context.web.AbstractGenericWebContextLoader.loadContext(AbstractGenericWebContextLoader.java:60) [spring-test-4.0.1.RELEASE.jar:4.0.1.RELEASE]
	at org.springframework.test.context.support.AbstractDelegatingSmartContextLoader.delegateLoading(AbstractDelegatingSmartContextLoader.java:100) [spring-test-4.0.1.RELEASE.jar:4.0.1.RELEASE]
	at org.springframework.test.context.support.AbstractDelegatingSmartContextLoader.loadContext(AbstractDelegatingSmartContextLoader.java:250) [spring-test-4.0.1.RELEASE.jar:4.0.1.RELEASE]
	at org.springframework.test.context.CacheAwareContextLoaderDelegate.loadContextInternal(CacheAwareContextLoaderDelegate.java:64) [spring-test-4.0.1.RELEASE.jar:4.0.1.RELEASE]
	at org.springframework.test.context.CacheAwareContextLoaderDelegate.loadContext(CacheAwareContextLoaderDelegate.java:91) [spring-test-4.0.1.RELEASE.jar:4.0.1.RELEASE]
	at org.springframework.test.context.DefaultTestContext.getApplicationContext(DefaultTestContext.java:101) [spring-test-4.0.1.RELEASE.jar:4.0.1.RELEASE]
	at org.springframework.test.context.web.ServletTestExecutionListener.setUpRequestContextIfNecessary(ServletTestExecutionListener.java:155) [spring-test-4.0.1.RELEASE.jar:4.0.1.RELEASE]
	at org.springframework.test.context.web.ServletTestExecutionListener.prepareTestInstance(ServletTestExecutionListener.java:100) [spring-test-4.0.1.RELEASE.jar:4.0.1.RELEASE]
	at org.springframework.test.context.TestContextManager.prepareTestInstance(TestContextManager.java:319) [spring-test-4.0.1.RELEASE.jar:4.0.1.RELEASE]
	at org.springframework.test.context.junit4.SpringJUnit4ClassRunner.createTest(SpringJUnit4ClassRunner.java:212) [spring-test-4.0.1.RELEASE.jar:4.0.1.RELEASE]
	at org.springframework.test.context.junit4.SpringJUnit4ClassRunner$1.runReflectiveCall(SpringJUnit4ClassRunner.java:289) [spring-test-4.0.1.RELEASE.jar:4.0.1.RELEASE]
	at org.junit.internal.runners.model.ReflectiveCallable.run(ReflectiveCallable.java:15) [junit-4.8.2.jar:na]
	at org.springframework.test.context.junit4.SpringJUnit4ClassRunner.methodBlock(SpringJUnit4ClassRunner.java:291) [spring-test-4.0.1.RELEASE.jar:4.0.1.RELEASE]
	at org.springframework.test.context.junit4.SpringJUnit4ClassRunner.runChild(SpringJUnit4ClassRunner.java:232) [spring-test-4.0.1.RELEASE.jar:4.0.1.RELEASE]
	at org.springframework.test.context.junit4.SpringJUnit4ClassRunner.runChild(SpringJUnit4ClassRunner.java:89) [spring-test-4.0.1.RELEASE.jar:4.0.1.RELEASE]
	at org.junit.runners.ParentRunner$3.run(ParentRunner.java:193) [junit-4.8.2.jar:na]
	at org.junit.runners.ParentRunner$1.schedule(ParentRunner.java:52) [junit-4.8.2.jar:na]
	at org.junit.runners.ParentRunner.runChildren(ParentRunner.java:191) [junit-4.8.2.jar:na]
	at org.junit.runners.ParentRunner.access$000(ParentRunner.java:42) [junit-4.8.2.jar:na]
	at org.junit.runners.ParentRunner$2.evaluate(ParentRunner.java:184) [junit-4.8.2.jar:na]
	at org.springframework.test.context.junit4.statements.RunBeforeTestClassCallbacks.evaluate(RunBeforeTestClassCallbacks.java:61) [spring-test-4.0.1.RELEASE.jar:4.0.1.RELEASE]
	at org.springframework.test.context.junit4.statements.RunAfterTestClassCallbacks.evaluate(RunAfterTestClassCallbacks.java:71) [spring-test-4.0.1.RELEASE.jar:4.0.1.RELEASE]
	at org.junit.runners.ParentRunner.run(ParentRunner.java:236) [junit-4.8.2.jar:na]
	at org.springframework.test.context.junit4.SpringJUnit4ClassRunner.run(SpringJUnit4ClassRunner.java:175) [spring-test-4.0.1.RELEASE.jar:4.0.1.RELEASE]
	at org.apache.maven.surefire.junit4.JUnit4TestSet.execute(JUnit4TestSet.java:53) [surefire-junit4-2.10.jar:2.10]
	at org.apache.maven.surefire.junit4.JUnit4Provider.executeTestSet(JUnit4Provider.java:123) [surefire-junit4-2.10.jar:2.10]
	at org.apache.maven.surefire.junit4.JUnit4Provider.invoke(JUnit4Provider.java:104) [surefire-junit4-2.10.jar:2.10]
	at sun.reflect.NativeMethodAccessorImpl.invoke0(Native Method) ~[na:1.6.0_51]
	at sun.reflect.NativeMethodAccessorImpl.invoke(NativeMethodAccessorImpl.java:39) ~[na:1.6.0_51]
	at sun.reflect.DelegatingMethodAccessorImpl.invoke(DelegatingMethodAccessorImpl.java:25) ~[na:1.6.0_51]
	at java.lang.reflect.Method.invoke(Method.java:597) ~[na:1.6.0_51]
	at org.apache.maven.surefire.util.ReflectionUtils.invokeMethodWithArray(ReflectionUtils.java:164) [surefire-api-2.10.jar:2.10]
	at org.apache.maven.surefire.booter.ProviderFactory$ProviderProxy.invoke(ProviderFactory.java:110) [surefire-booter-2.10.jar:2.10]
	at org.apache.maven.surefire.booter.SurefireStarter.invokeProvider(SurefireStarter.java:175) [surefire-booter-2.10.jar:2.10]
	at org.apache.maven.surefire.booter.SurefireStarter.runSuitesInProcessWhenForked(SurefireStarter.java:107) [surefire-booter-2.10.jar:2.10]
	at org.apache.maven.surefire.booter.ForkedBooter.main(ForkedBooter.java:68) [surefire-booter-2.10.jar:2.10]
10:45:52.050 [main] DEBUG o.s.c.t.c.AnnotationAttributesReadingVisitor - Failed to class-load type while reading annotation metadata. This is a non-fatal error, but certain annotation metadata may be unavailable.
java.lang.ClassNotFoundException: org.springframework.web.socket.config.annotation.EnableWebSocket
	at java.net.URLClassLoader$1.run(URLClassLoader.java:202) ~[na:1.6.0_51]
	at java.security.AccessController.doPrivileged(Native Method) ~[na:1.6.0_51]
	at java.net.URLClassLoader.findClass(URLClassLoader.java:190) ~[na:1.6.0_51]
	at java.lang.ClassLoader.loadClass(ClassLoader.java:306) ~[na:1.6.0_51]
	at sun.misc.Launcher$AppClassLoader.loadClass(Launcher.java:301) ~[na:1.6.0_51]
	at java.lang.ClassLoader.loadClass(ClassLoader.java:247) ~[na:1.6.0_51]
	at org.springframework.core.type.classreading.RecursiveAnnotationAttributesVisitor.visitEnd(AnnotationAttributesReadingVisitor.java:180) ~[spring-core-4.0.1.RELEASE.jar:4.0.1.RELEASE]
	at org.springframework.asm.ClassReader.readAnnotationValues(ClassReader.java:1491) [spring-core-4.0.1.RELEASE.jar:4.0.1.RELEASE]
	at org.springframework.asm.ClassReader.accept(ClassReader.java:634) [spring-core-4.0.1.RELEASE.jar:4.0.1.RELEASE]
	at org.springframework.asm.ClassReader.accept(ClassReader.java:508) [spring-core-4.0.1.RELEASE.jar:4.0.1.RELEASE]
	at org.springframework.core.type.classreading.SimpleMetadataReader.&lt;init&gt;(SimpleMetadataReader.java:64) [spring-core-4.0.1.RELEASE.jar:4.0.1.RELEASE]
	at org.springframework.core.type.classreading.SimpleMetadataReaderFactory.getMetadataReader(SimpleMetadataReaderFactory.java:82) [spring-core-4.0.1.RELEASE.jar:4.0.1.RELEASE]
	at org.springframework.core.type.classreading.CachingMetadataReaderFactory.getMetadataReader(CachingMetadataReaderFactory.java:102) [spring-core-4.0.1.RELEASE.jar:4.0.1.RELEASE]
	at org.springframework.core.type.classreading.SimpleMetadataReaderFactory.getMetadataReader(SimpleMetadataReaderFactory.java:77) [spring-core-4.0.1.RELEASE.jar:4.0.1.RELEASE]
	at org.springframework.context.annotation.ConfigurationClassParser.asSourceClass(ConfigurationClassParser.java:551) [spring-context-4.0.1.RELEASE.jar:4.0.1.RELEASE]
	at org.springframework.context.annotation.ConfigurationClassParser.asSourceClasses(ConfigurationClassParser.java:538) [spring-context-4.0.1.RELEASE.jar:4.0.1.RELEASE]
	at org.springframework.context.annotation.ConfigurationClassParser.processDeferredImportSelectors(ConfigurationClassParser.java:380) [spring-context-4.0.1.RELEASE.jar:4.0.1.RELEASE]
	at org.springframework.context.annotation.ConfigurationClassParser.parse(ConfigurationClassParser.java:162) [spring-context-4.0.1.RELEASE.jar:4.0.1.RELEASE]
	at org.springframework.context.annotation.ConfigurationClassPostProcessor.processConfigBeanDefinitions(ConfigurationClassPostProcessor.java:299) [spring-context-4.0.1.RELEASE.jar:4.0.1.RELEASE]
	at org.springframework.context.annotation.ConfigurationClassPostProcessor.postProcessBeanDefinitionRegistry(ConfigurationClassPostProcessor.java:243) [spring-context-4.0.1.RELEASE.jar:4.0.1.RELEASE]
	at org.springframework.context.support.PostProcessorRegistrationDelegate.invokeBeanDefinitionRegistryPostProcessors(PostProcessorRegistrationDelegate.java:254) [spring-context-4.0.1.RELEASE.jar:4.0.1.RELEASE]
	at org.springframework.context.support.PostProcessorRegistrationDelegate.invokeBeanFactoryPostProcessors(PostProcessorRegistrationDelegate.java:94) [spring-context-4.0.1.RELEASE.jar:4.0.1.RELEASE]
	at org.springframework.context.support.AbstractApplicationContext.invokeBeanFactoryPostProcessors(AbstractApplicationContext.java:609) [spring-context-4.0.1.RELEASE.jar:4.0.1.RELEASE]
	at org.springframework.context.support.AbstractApplicationContext.refresh(AbstractApplicationContext.java:464) [spring-context-4.0.1.RELEASE.jar:4.0.1.RELEASE]
	at org.springframework.test.context.web.AbstractGenericWebContextLoader.loadContext(AbstractGenericWebContextLoader.java:129) [spring-test-4.0.1.RELEASE.jar:4.0.1.RELEASE]
	at org.springframework.test.context.web.AbstractGenericWebContextLoader.loadContext(AbstractGenericWebContextLoader.java:60) [spring-test-4.0.1.RELEASE.jar:4.0.1.RELEASE]
	at org.springframework.test.context.support.AbstractDelegatingSmartContextLoader.delegateLoading(AbstractDelegatingSmartContextLoader.java:100) [spring-test-4.0.1.RELEASE.jar:4.0.1.RELEASE]
	at org.springframework.test.context.support.AbstractDelegatingSmartContextLoader.loadContext(AbstractDelegatingSmartContextLoader.java:250) [spring-test-4.0.1.RELEASE.jar:4.0.1.RELEASE]
	at org.springframework.test.context.CacheAwareContextLoaderDelegate.loadContextInternal(CacheAwareContextLoaderDelegate.java:64) [spring-test-4.0.1.RELEASE.jar:4.0.1.RELEASE]
	at org.springframework.test.context.CacheAwareContextLoaderDelegate.loadContext(CacheAwareContextLoaderDelegate.java:91) [spring-test-4.0.1.RELEASE.jar:4.0.1.RELEASE]
	at org.springframework.test.context.DefaultTestContext.getApplicationContext(DefaultTestContext.java:101) [spring-test-4.0.1.RELEASE.jar:4.0.1.RELEASE]
	at org.springframework.test.context.web.ServletTestExecutionListener.setUpRequestContextIfNecessary(ServletTestExecutionListener.java:155) [spring-test-4.0.1.RELEASE.jar:4.0.1.RELEASE]
	at org.springframework.test.context.web.ServletTestExecutionListener.prepareTestInstance(ServletTestExecutionListener.java:100) [spring-test-4.0.1.RELEASE.jar:4.0.1.RELEASE]
	at org.springframework.test.context.TestContextManager.prepareTestInstance(TestContextManager.java:319) [spring-test-4.0.1.RELEASE.jar:4.0.1.RELEASE]
	at org.springframework.test.context.junit4.SpringJUnit4ClassRunner.createTest(SpringJUnit4ClassRunner.java:212) [spring-test-4.0.1.RELEASE.jar:4.0.1.RELEASE]
	at org.springframework.test.context.junit4.SpringJUnit4ClassRunner$1.runReflectiveCall(SpringJUnit4ClassRunner.java:289) [spring-test-4.0.1.RELEASE.jar:4.0.1.RELEASE]
	at org.junit.internal.runners.model.ReflectiveCallable.run(ReflectiveCallable.java:15) [junit-4.8.2.jar:na]
	at org.springframework.test.context.junit4.SpringJUnit4ClassRunner.methodBlock(SpringJUnit4ClassRunner.java:291) [spring-test-4.0.1.RELEASE.jar:4.0.1.RELEASE]
	at org.springframework.test.context.junit4.SpringJUnit4ClassRunner.runChild(SpringJUnit4ClassRunner.java:232) [spring-test-4.0.1.RELEASE.jar:4.0.1.RELEASE]
	at org.springframework.test.context.junit4.SpringJUnit4ClassRunner.runChild(SpringJUnit4ClassRunner.java:89) [spring-test-4.0.1.RELEASE.jar:4.0.1.RELEASE]
	at org.junit.runners.ParentRunner$3.run(ParentRunner.java:193) [junit-4.8.2.jar:na]
	at org.junit.runners.ParentRunner$1.schedule(ParentRunner.java:52) [junit-4.8.2.jar:na]
	at org.junit.runners.ParentRunner.runChildren(ParentRunner.java:191) [junit-4.8.2.jar:na]
	at org.junit.runners.ParentRunner.access$000(ParentRunner.java:42) [junit-4.8.2.jar:na]
	at org.junit.runners.ParentRunner$2.evaluate(ParentRunner.java:184) [junit-4.8.2.jar:na]
	at org.springframework.test.context.junit4.statements.RunBeforeTestClassCallbacks.evaluate(RunBeforeTestClassCallbacks.java:61) [spring-test-4.0.1.RELEASE.jar:4.0.1.RELEASE]
	at org.springframework.test.context.junit4.statements.RunAfterTestClassCallbacks.evaluate(RunAfterTestClassCallbacks.java:71) [spring-test-4.0.1.RELEASE.jar:4.0.1.RELEASE]
	at org.junit.runners.ParentRunner.run(ParentRunner.java:236) [junit-4.8.2.jar:na]
	at org.springframework.test.context.junit4.SpringJUnit4ClassRunner.run(SpringJUnit4ClassRunner.java:175) [spring-test-4.0.1.RELEASE.jar:4.0.1.RELEASE]
	at org.apache.maven.surefire.junit4.JUnit4TestSet.execute(JUnit4TestSet.java:53) [surefire-junit4-2.10.jar:2.10]
	at org.apache.maven.surefire.junit4.JUnit4Provider.executeTestSet(JUnit4Provider.java:123) [surefire-junit4-2.10.jar:2.10]
	at org.apache.maven.surefire.junit4.JUnit4Provider.invoke(JUnit4Provider.java:104) [surefire-junit4-2.10.jar:2.10]
	at sun.reflect.NativeMethodAccessorImpl.invoke0(Native Method) ~[na:1.6.0_51]
	at sun.reflect.NativeMethodAccessorImpl.invoke(NativeMethodAccessorImpl.java:39) ~[na:1.6.0_51]
	at sun.reflect.DelegatingMethodAccessorImpl.invoke(DelegatingMethodAccessorImpl.java:25) ~[na:1.6.0_51]
	at java.lang.reflect.Method.invoke(Method.java:597) ~[na:1.6.0_51]
	at org.apache.maven.surefire.util.ReflectionUtils.invokeMethodWithArray(ReflectionUtils.java:164) [surefire-api-2.10.jar:2.10]
	at org.apache.maven.surefire.booter.ProviderFactory$ProviderProxy.invoke(ProviderFactory.java:110) [surefire-booter-2.10.jar:2.10]
	at org.apache.maven.surefire.booter.SurefireStarter.invokeProvider(SurefireStarter.java:175) [surefire-booter-2.10.jar:2.10]
	at org.apache.maven.surefire.booter.SurefireStarter.runSuitesInProcessWhenForked(SurefireStarter.java:107) [surefire-booter-2.10.jar:2.10]
	at org.apache.maven.surefire.booter.ForkedBooter.main(ForkedBooter.java:68) [surefire-booter-2.10.jar:2.10]
10:45:52.102 [main] DEBUG o.s.b.f.s.DefaultListableBeanFactory - Returning cached instance of singleton bean &apos;autoConfigurationReport&apos;
10:45:52.104 [main] DEBUG o.s.b.f.s.DefaultListableBeanFactory - Returning cached instance of singleton bean &apos;autoConfigurationReport&apos;
10:45:52.104 [main] DEBUG o.s.b.f.s.DefaultListableBeanFactory - Returning cached instance of singleton bean &apos;autoConfigurationReport&apos;
10:45:52.106 [main] DEBUG o.s.b.f.s.DefaultListableBeanFactory - Returning cached instance of singleton bean &apos;autoConfigurationReport&apos;
10:45:52.106 [main] DEBUG o.s.b.f.s.DefaultListableBeanFactory - Returning cached instance of singleton bean &apos;autoConfigurationReport&apos;
10:45:52.107 [main] DEBUG o.s.b.f.s.DefaultListableBeanFactory - Returning cached instance of singleton bean &apos;autoConfigurationReport&apos;
10:45:52.107 [main] DEBUG o.s.b.f.s.DefaultListableBeanFactory - Returning cached instance of singleton bean &apos;autoConfigurationReport&apos;
10:45:52.109 [main] DEBUG o.s.b.f.s.DefaultListableBeanFactory - Returning cached instance of singleton bean &apos;autoConfigurationReport&apos;
10:45:52.109 [main] DEBUG o.s.c.e.PropertySourcesPropertyResolver - Searching for key &apos;error.whitelabel.enabled:true&apos; in [servletConfigInitParams]
10:45:52.109 [main] DEBUG o.s.c.e.PropertySourcesPropertyResolver - Searching for key &apos;error.whitelabel.enabled:true&apos; in [servletContextInitParams]
10:45:52.109 [main] DEBUG o.s.c.e.PropertySourcesPropertyResolver - Searching for key &apos;error.whitelabel.enabled:true&apos; in [jndiProperties]
10:45:52.109 [main] DEBUG o.springframework.jndi.JndiTemplate - Looking up JNDI object with name [error.whitelabel.enabled:true]
10:45:52.109 [main] DEBUG o.s.jndi.JndiPropertySource - JNDI lookup for name [error.whitelabel.enabled:true] threw NamingException with message: Need to specify class name in environment or system property, or as an applet parameter, or in an application resource file:  java.naming.factory.initial. Returning null.
10:45:52.109 [main] DEBUG o.s.c.e.PropertySourcesPropertyResolver - Searching for key &apos;error.whitelabel.enabled:true&apos; in [systemProperties]
10:45:52.110 [main] DEBUG o.s.c.e.PropertySourcesPropertyResolver - Searching for key &apos;error.whitelabel.enabled:true&apos; in [systemEnvironment]
10:45:52.110 [main] DEBUG o.s.c.e.PropertySourcesPropertyResolver - Could not find key &apos;error.whitelabel.enabled:true&apos; in any property source. Returning [null]
10:45:52.110 [main] DEBUG o.s.c.e.PropertySourcesPropertyResolver - Searching for key &apos;error.whitelabel.enabled&apos; in [servletConfigInitParams]
10:45:52.110 [main] DEBUG o.s.c.e.PropertySourcesPropertyResolver - Searching for key &apos;error.whitelabel.enabled&apos; in [servletContextInitParams]
10:45:52.110 [main] DEBUG o.s.c.e.PropertySourcesPropertyResolver - Searching for key &apos;error.whitelabel.enabled&apos; in [jndiProperties]
10:45:52.110 [main] DEBUG o.springframework.jndi.JndiTemplate - Looking up JNDI object with name [java:comp/env/error.whitelabel.enabled]
10:45:52.110 [main] DEBUG o.s.jndi.JndiLocatorDelegate - Converted JNDI name [java:comp/env/error.whitelabel.enabled] not found - trying original name [error.whitelabel.enabled]. javax.naming.NoInitialContextException: Need to specify class name in environment or system property, or as an applet parameter, or in an application resource file:  java.naming.factory.initial
10:45:52.110 [main] DEBUG o.springframework.jndi.JndiTemplate - Looking up JNDI object with name [error.whitelabel.enabled]
10:45:52.110 [main] DEBUG o.s.jndi.JndiPropertySource - JNDI lookup for name [error.whitelabel.enabled] threw NamingException with message: Need to specify class name in environment or system property, or as an applet parameter, or in an application resource file:  java.naming.factory.initial. Returning null.
10:45:52.110 [main] DEBUG o.s.c.e.PropertySourcesPropertyResolver - Searching for key &apos;error.whitelabel.enabled&apos; in [systemProperties]
10:45:52.110 [main] DEBUG o.s.c.e.PropertySourcesPropertyResolver - Searching for key &apos;error.whitelabel.enabled&apos; in [systemEnvironment]
10:45:52.111 [main] DEBUG o.s.c.e.PropertySourcesPropertyResolver - Could not find key &apos;error.whitelabel.enabled&apos; in any property source. Returning [null]
10:45:52.111 [main] DEBUG o.s.b.f.s.DefaultListableBeanFactory - Returning cached instance of singleton bean &apos;autoConfigurationReport&apos;
10:45:52.112 [main] DEBUG o.s.b.f.s.DefaultListableBeanFactory - Returning cached instance of singleton bean &apos;autoConfigurationReport&apos;
10:45:52.112 [main] DEBUG o.s.b.f.s.DefaultListableBeanFactory - Returning cached instance of singleton bean &apos;autoConfigurationReport&apos;
10:45:52.117 [main] DEBUG o.s.b.f.s.DefaultListableBeanFactory - Returning cached instance of singleton bean &apos;autoConfigurationReport&apos;
10:45:52.117 [main] DEBUG o.s.b.f.s.DefaultListableBeanFactory - Returning cached instance of singleton bean &apos;autoConfigurationReport&apos;
10:45:52.117 [main] DEBUG o.s.b.f.s.DefaultListableBeanFactory - Returning cached instance of singleton bean &apos;autoConfigurationReport&apos;
10:45:52.118 [main] DEBUG o.s.b.f.s.DefaultListableBeanFactory - Returning cached instance of singleton bean &apos;autoConfigurationReport&apos;
10:45:52.118 [main] DEBUG o.s.b.f.s.DefaultListableBeanFactory - Returning cached instance of singleton bean &apos;autoConfigurationReport&apos;
10:45:52.119 [main] DEBUG o.s.c.e.PropertySourcesPropertyResolver - Searching for key &apos;endpoints.jmx.enabled:true&apos; in [servletConfigInitParams]
10:45:52.119 [main] DEBUG o.s.c.e.PropertySourcesPropertyResolver - Searching for key &apos;endpoints.jmx.enabled:true&apos; in [servletContextInitParams]
10:45:52.119 [main] DEBUG o.s.c.e.PropertySourcesPropertyResolver - Searching for key &apos;endpoints.jmx.enabled:true&apos; in [jndiProperties]
10:45:52.119 [main] DEBUG o.springframework.jndi.JndiTemplate - Looking up JNDI object with name [endpoints.jmx.enabled:true]
10:45:52.119 [main] DEBUG o.s.jndi.JndiPropertySource - JNDI lookup for name [endpoints.jmx.enabled:true] threw NamingException with message: Need to specify class name in environment or system property, or as an applet parameter, or in an application resource file:  java.naming.factory.initial. Returning null.
10:45:52.119 [main] DEBUG o.s.c.e.PropertySourcesPropertyResolver - Searching for key &apos;endpoints.jmx.enabled:true&apos; in [systemProperties]
10:45:52.119 [main] DEBUG o.s.c.e.PropertySourcesPropertyResolver - Searching for key &apos;endpoints.jmx.enabled:true&apos; in [systemEnvironment]
10:45:52.119 [main] DEBUG o.s.c.e.PropertySourcesPropertyResolver - Could not find key &apos;endpoints.jmx.enabled:true&apos; in any property source. Returning [null]
10:45:52.119 [main] DEBUG o.s.c.e.PropertySourcesPropertyResolver - Searching for key &apos;endpoints.jmx.enabled&apos; in [servletConfigInitParams]
10:45:52.120 [main] DEBUG o.s.c.e.PropertySourcesPropertyResolver - Searching for key &apos;endpoints.jmx.enabled&apos; in [servletContextInitParams]
10:45:52.120 [main] DEBUG o.s.c.e.PropertySourcesPropertyResolver - Searching for key &apos;endpoints.jmx.enabled&apos; in [jndiProperties]
10:45:52.120 [main] DEBUG o.springframework.jndi.JndiTemplate - Looking up JNDI object with name [java:comp/env/endpoints.jmx.enabled]
10:45:52.120 [main] DEBUG o.s.jndi.JndiLocatorDelegate - Converted JNDI name [java:comp/env/endpoints.jmx.enabled] not found - trying original name [endpoints.jmx.enabled]. javax.naming.NoInitialContextException: Need to specify class name in environment or system property, or as an applet parameter, or in an application resource file:  java.naming.factory.initial
10:45:52.120 [main] DEBUG o.springframework.jndi.JndiTemplate - Looking up JNDI object with name [endpoints.jmx.enabled]
10:45:52.120 [main] DEBUG o.s.jndi.JndiPropertySource - JNDI lookup for name [endpoints.jmx.enabled] threw NamingException with message: Need to specify class name in environment or system property, or as an applet parameter, or in an application resource file:  java.naming.factory.initial. Returning null.
10:45:52.120 [main] DEBUG o.s.c.e.PropertySourcesPropertyResolver - Searching for key &apos;endpoints.jmx.enabled&apos; in [systemProperties]
10:45:52.120 [main] DEBUG o.s.c.e.PropertySourcesPropertyResolver - Searching for key &apos;endpoints.jmx.enabled&apos; in [systemEnvironment]
10:45:52.120 [main] DEBUG o.s.c.e.PropertySourcesPropertyResolver - Could not find key &apos;endpoints.jmx.enabled&apos; in any property source. Returning [null]
10:45:52.120 [main] DEBUG o.s.c.e.PropertySourcesPropertyResolver - Searching for key &apos;spring.jmx.enabled:true&apos; in [servletConfigInitParams]
10:45:52.120 [main] DEBUG o.s.c.e.PropertySourcesPropertyResolver - Searching for key &apos;spring.jmx.enabled:true&apos; in [servletContextInitParams]
10:45:52.120 [main] DEBUG o.s.c.e.PropertySourcesPropertyResolver - Searching for key &apos;spring.jmx.enabled:true&apos; in [jndiProperties]
10:45:52.120 [main] DEBUG o.springframework.jndi.JndiTemplate - Looking up JNDI object with name [spring.jmx.enabled:true]
10:45:52.120 [main] DEBUG o.s.jndi.JndiPropertySource - JNDI lookup for name [spring.jmx.enabled:true] threw NamingException with message: Need to specify class name in environment or system property, or as an applet parameter, or in an application resource file:  java.naming.factory.initial. Returning null.
10:45:52.120 [main] DEBUG o.s.c.e.PropertySourcesPropertyResolver - Searching for key &apos;spring.jmx.enabled:true&apos; in [systemProperties]
10:45:52.121 [main] DEBUG o.s.c.e.PropertySourcesPropertyResolver - Searching for key &apos;spring.jmx.enabled:true&apos; in [systemEnvironment]
10:45:52.121 [main] DEBUG o.s.c.e.PropertySourcesPropertyResolver - Could not find key &apos;spring.jmx.enabled:true&apos; in any property source. Returning [null]
10:45:52.121 [main] DEBUG o.s.c.e.PropertySourcesPropertyResolver - Searching for key &apos;spring.jmx.enabled&apos; in [servletConfigInitParams]
10:45:52.121 [main] DEBUG o.s.c.e.PropertySourcesPropertyResolver - Searching for key &apos;spring.jmx.enabled&apos; in [servletContextInitParams]
10:45:52.121 [main] DEBUG o.s.c.e.PropertySourcesPropertyResolver - Searching for key &apos;spring.jmx.enabled&apos; in [jndiProperties]
10:45:52.121 [main] DEBUG o.springframework.jndi.JndiTemplate - Looking up JNDI object with name [java:comp/env/spring.jmx.enabled]
10:45:52.121 [main] DEBUG o.s.jndi.JndiLocatorDelegate - Converted JNDI name [java:comp/env/spring.jmx.enabled] not found - trying original name [spring.jmx.enabled]. javax.naming.NoInitialContextException: Need to specify class name in environment or system property, or as an applet parameter, or in an application resource file:  java.naming.factory.initial
10:45:52.121 [main] DEBUG o.springframework.jndi.JndiTemplate - Looking up JNDI object with name [spring.jmx.enabled]
10:45:52.121 [main] DEBUG o.s.jndi.JndiPropertySource - JNDI lookup for name [spring.jmx.enabled] threw NamingException with message: Need to specify class name in environment or system property, or as an applet parameter, or in an application resource file:  java.naming.factory.initial. Returning null.
10:45:52.122 [main] DEBUG o.s.c.e.PropertySourcesPropertyResolver - Searching for key &apos;spring.jmx.enabled&apos; in [systemProperties]
10:45:52.122 [main] DEBUG o.s.c.e.PropertySourcesPropertyResolver - Searching for key &apos;spring.jmx.enabled&apos; in [systemEnvironment]
10:45:52.122 [main] DEBUG o.s.c.e.PropertySourcesPropertyResolver - Could not find key &apos;spring.jmx.enabled&apos; in any property source. Returning [null]
10:45:52.122 [main] DEBUG o.s.b.f.s.DefaultListableBeanFactory - Returning cached instance of singleton bean &apos;autoConfigurationReport&apos;
10:45:52.125 [main] DEBUG o.s.b.f.s.DefaultListableBeanFactory - Returning cached instance of singleton bean &apos;autoConfigurationReport&apos;
10:45:52.127 [main] DEBUG o.s.b.f.s.DefaultListableBeanFactory - Returning cached instance of singleton bean &apos;autoConfigurationReport&apos;
10:45:52.127 [main] DEBUG o.s.b.f.s.DefaultListableBeanFactory - Returning cached instance of singleton bean &apos;autoConfigurationReport&apos;
10:45:52.131 [main] DEBUG o.s.b.f.s.DefaultListableBeanFactory - Returning cached instance of singleton bean &apos;autoConfigurationReport&apos;
10:45:52.132 [main] DEBUG o.s.b.f.s.DefaultListableBeanFactory - Returning cached instance of singleton bean &apos;autoConfigurationReport&apos;
10:45:52.132 [main] DEBUG o.s.b.f.s.DefaultListableBeanFactory - Returning cached instance of singleton bean &apos;autoConfigurationReport&apos;
10:45:52.133 [main] DEBUG o.s.b.f.s.DefaultListableBeanFactory - Returning cached instance of singleton bean &apos;autoConfigurationReport&apos;
10:45:52.133 [main] DEBUG o.s.b.f.s.DefaultListableBeanFactory - Returning cached instance of singleton bean &apos;autoConfigurationReport&apos;
10:45:52.134 [main] DEBUG o.s.b.f.s.DefaultListableBeanFactory - Returning cached instance of singleton bean &apos;autoConfigurationReport&apos;
10:45:52.134 [main] DEBUG o.s.c.e.PropertySourcesPropertyResolver - Searching for key &apos;spring.aop.auto:true&apos; in [servletConfigInitParams]
10:45:52.134 [main] DEBUG o.s.c.e.PropertySourcesPropertyResolver - Searching for key &apos;spring.aop.auto:true&apos; in [servletContextInitParams]
10:45:52.134 [main] DEBUG o.s.c.e.PropertySourcesPropertyResolver - Searching for key &apos;spring.aop.auto:true&apos; in [jndiProperties]
10:45:52.134 [main] DEBUG o.springframework.jndi.JndiTemplate - Looking up JNDI object with name [spring.aop.auto:true]
10:45:52.134 [main] DEBUG o.s.jndi.JndiPropertySource - JNDI lookup for name [spring.aop.auto:true] threw NamingException with message: Need to specify class name in environment or system property, or as an applet parameter, or in an application resource file:  java.naming.factory.initial. Returning null.
10:45:52.134 [main] DEBUG o.s.c.e.PropertySourcesPropertyResolver - Searching for key &apos;spring.aop.auto:true&apos; in [systemProperties]
10:45:52.134 [main] DEBUG o.s.c.e.PropertySourcesPropertyResolver - Searching for key &apos;spring.aop.auto:true&apos; in [systemEnvironment]
10:45:52.134 [main] DEBUG o.s.c.e.PropertySourcesPropertyResolver - Could not find key &apos;spring.aop.auto:true&apos; in any property source. Returning [null]
10:45:52.134 [main] DEBUG o.s.c.e.PropertySourcesPropertyResolver - Searching for key &apos;spring.aop.auto&apos; in [servletConfigInitParams]
10:45:52.134 [main] DEBUG o.s.c.e.PropertySourcesPropertyResolver - Searching for key &apos;spring.aop.auto&apos; in [servletContextInitParams]
10:45:52.135 [main] DEBUG o.s.c.e.PropertySourcesPropertyResolver - Searching for key &apos;spring.aop.auto&apos; in [jndiProperties]
10:45:52.135 [main] DEBUG o.springframework.jndi.JndiTemplate - Looking up JNDI object with name [java:comp/env/spring.aop.auto]
10:45:52.135 [main] DEBUG o.s.jndi.JndiLocatorDelegate - Converted JNDI name [java:comp/env/spring.aop.auto] not found - trying original name [spring.aop.auto]. javax.naming.NoInitialContextException: Need to specify class name in environment or system property, or as an applet parameter, or in an application resource file:  java.naming.factory.initial
10:45:52.135 [main] DEBUG o.springframework.jndi.JndiTemplate - Looking up JNDI object with name [spring.aop.auto]
10:45:52.135 [main] DEBUG o.s.jndi.JndiPropertySource - JNDI lookup for name [spring.aop.auto] threw NamingException with message: Need to specify class name in environment or system property, or as an applet parameter, or in an application resource file:  java.naming.factory.initial. Returning null.
10:45:52.135 [main] DEBUG o.s.c.e.PropertySourcesPropertyResolver - Searching for key &apos;spring.aop.auto&apos; in [systemProperties]
10:45:52.135 [main] DEBUG o.s.c.e.PropertySourcesPropertyResolver - Searching for key &apos;spring.aop.auto&apos; in [systemEnvironment]
10:45:52.135 [main] DEBUG o.s.c.e.PropertySourcesPropertyResolver - Could not find key &apos;spring.aop.auto&apos; in any property source. Returning [null]
10:45:52.135 [main] DEBUG o.s.b.f.s.DefaultListableBeanFactory - Returning cached instance of singleton bean &apos;autoConfigurationReport&apos;
10:45:52.136 [main] DEBUG o.s.c.e.PropertySourcesPropertyResolver - Searching for key &apos;spring.aop.proxyTargetClass:false&apos; in [servletConfigInitParams]
10:45:52.136 [main] DEBUG o.s.c.e.PropertySourcesPropertyResolver - Searching for key &apos;spring.aop.proxyTargetClass:false&apos; in [servletContextInitParams]
10:45:52.136 [main] DEBUG o.s.c.e.PropertySourcesPropertyResolver - Searching for key &apos;spring.aop.proxyTargetClass:false&apos; in [jndiProperties]
10:45:52.136 [main] DEBUG o.springframework.jndi.JndiTemplate - Looking up JNDI object with name [spring.aop.proxyTargetClass:false]
10:45:52.136 [main] DEBUG o.s.jndi.JndiPropertySource - JNDI lookup for name [spring.aop.proxyTargetClass:false] threw NamingException with message: Need to specify class name in environment or system property, or as an applet parameter, or in an application resource file:  java.naming.factory.initial. Returning null.
10:45:52.136 [main] DEBUG o.s.c.e.PropertySourcesPropertyResolver - Searching for key &apos;spring.aop.proxyTargetClass:false&apos; in [systemProperties]
10:45:52.136 [main] DEBUG o.s.c.e.PropertySourcesPropertyResolver - Searching for key &apos;spring.aop.proxyTargetClass:false&apos; in [systemEnvironment]
10:45:52.136 [main] DEBUG o.s.c.e.PropertySourcesPropertyResolver - Could not find key &apos;spring.aop.proxyTargetClass:false&apos; in any property source. Returning [null]
10:45:52.136 [main] DEBUG o.s.c.e.PropertySourcesPropertyResolver - Searching for key &apos;spring.aop.proxyTargetClass&apos; in [servletConfigInitParams]
10:45:52.137 [main] DEBUG o.s.c.e.PropertySourcesPropertyResolver - Searching for key &apos;spring.aop.proxyTargetClass&apos; in [servletContextInitParams]
10:45:52.137 [main] DEBUG o.s.c.e.PropertySourcesPropertyResolver - Searching for key &apos;spring.aop.proxyTargetClass&apos; in [jndiProperties]
10:45:52.137 [main] DEBUG o.springframework.jndi.JndiTemplate - Looking up JNDI object with name [java:comp/env/spring.aop.proxyTargetClass]
10:45:52.137 [main] DEBUG o.s.jndi.JndiLocatorDelegate - Converted JNDI name [java:comp/env/spring.aop.proxyTargetClass] not found - trying original name [spring.aop.proxyTargetClass]. javax.naming.NoInitialContextException: Need to specify class name in environment or system property, or as an applet parameter, or in an application resource file:  java.naming.factory.initial
10:45:52.137 [main] DEBUG o.springframework.jndi.JndiTemplate - Looking up JNDI object with name [spring.aop.proxyTargetClass]
10:45:52.137 [main] DEBUG o.s.jndi.JndiPropertySource - JNDI lookup for name [spring.aop.proxyTargetClass] threw NamingException with message: Need to specify class name in environment or system property, or as an applet parameter, or in an application resource file:  java.naming.factory.initial. Returning null.
10:45:52.137 [main] DEBUG o.s.c.e.PropertySourcesPropertyResolver - Searching for key &apos;spring.aop.proxyTargetClass&apos; in [systemProperties]
10:45:52.137 [main] DEBUG o.s.c.e.PropertySourcesPropertyResolver - Searching for key &apos;spring.aop.proxyTargetClass&apos; in [systemEnvironment]
10:45:52.137 [main] DEBUG o.s.c.e.PropertySourcesPropertyResolver - Could not find key &apos;spring.aop.proxyTargetClass&apos; in any property source. Returning [null]
10:45:52.137 [main] DEBUG o.s.b.f.s.DefaultListableBeanFactory - Returning cached instance of singleton bean &apos;autoConfigurationReport&apos;
10:45:52.137 [main] DEBUG o.s.c.e.PropertySourcesPropertyResolver - Searching for key &apos;spring.aop.proxyTargetClass:false&apos; in [servletConfigInitParams]
10:45:52.138 [main] DEBUG o.s.c.e.PropertySourcesPropertyResolver - Searching for key &apos;spring.aop.proxyTargetClass:false&apos; in [servletContextInitParams]
10:45:52.138 [main] DEBUG o.s.c.e.PropertySourcesPropertyResolver - Searching for key &apos;spring.aop.proxyTargetClass:false&apos; in [jndiProperties]
10:45:52.138 [main] DEBUG o.springframework.jndi.JndiTemplate - Looking up JNDI object with name [spring.aop.proxyTargetClass:false]
10:45:52.138 [main] DEBUG o.s.jndi.JndiPropertySource - JNDI lookup for name [spring.aop.proxyTargetClass:false] threw NamingException with message: Need to specify class name in environment or system property, or as an applet parameter, or in an application resource file:  java.naming.factory.initial. Returning null.
10:45:52.138 [main] DEBUG o.s.c.e.PropertySourcesPropertyResolver - Searching for key &apos;spring.aop.proxyTargetClass:false&apos; in [systemProperties]
10:45:52.138 [main] DEBUG o.s.c.e.PropertySourcesPropertyResolver - Searching for key &apos;spring.aop.proxyTargetClass:false&apos; in [systemEnvironment]
10:45:52.138 [main] DEBUG o.s.c.e.PropertySourcesPropertyResolver - Could not find key &apos;spring.aop.proxyTargetClass:false&apos; in any property source. Returning [null]
10:45:52.138 [main] DEBUG o.s.c.e.PropertySourcesPropertyResolver - Searching for key &apos;spring.aop.proxyTargetClass&apos; in [servletConfigInitParams]
10:45:52.138 [main] DEBUG o.s.c.e.PropertySourcesPropertyResolver - Searching for key &apos;spring.aop.proxyTargetClass&apos; in [servletContextInitParams]
10:45:52.138 [main] DEBUG o.s.c.e.PropertySourcesPropertyResolver - Searching for key &apos;spring.aop.proxyTargetClass&apos; in [jndiProperties]
10:45:52.138 [main] DEBUG o.springframework.jndi.JndiTemplate - Looking up JNDI object with name [java:comp/env/spring.aop.proxyTargetClass]
10:45:52.138 [main] DEBUG o.s.jndi.JndiLocatorDelegate - Converted JNDI name [java:comp/env/spring.aop.proxyTargetClass] not found - trying original name [spring.aop.proxyTargetClass]. javax.naming.NoInitialContextException: Need to specify class name in environment or system property, or as an applet parameter, or in an application resource file:  java.naming.factory.initial
10:45:52.138 [main] DEBUG o.springframework.jndi.JndiTemplate - Looking up JNDI object with name [spring.aop.proxyTargetClass]
10:45:52.138 [main] DEBUG o.s.jndi.JndiPropertySource - JNDI lookup for name [spring.aop.proxyTargetClass] threw NamingException with message: Need to specify class name in environment or system property, or as an applet parameter, or in an application resource file:  java.naming.factory.initial. Returning null.
10:45:52.138 [main] DEBUG o.s.c.e.PropertySourcesPropertyResolver - Searching for key &apos;spring.aop.proxyTargetClass&apos; in [systemProperties]
10:45:52.138 [main] DEBUG o.s.c.e.PropertySourcesPropertyResolver - Searching for key &apos;spring.aop.proxyTargetClass&apos; in [systemEnvironment]
10:45:52.138 [main] DEBUG o.s.c.e.PropertySourcesPropertyResolver - Could not find key &apos;spring.aop.proxyTargetClass&apos; in any property source. Returning [null]
10:45:52.139 [main] DEBUG o.s.b.f.s.DefaultListableBeanFactory - Returning cached instance of singleton bean &apos;autoConfigurationReport&apos;
10:45:52.139 [main] DEBUG o.s.b.f.s.DefaultListableBeanFactory - Returning cached instance of singleton bean &apos;autoConfigurationReport&apos;
10:45:52.142 [main] DEBUG o.s.c.e.PropertySourcesPropertyResolver - Searching for key &apos;spring.datasource.driverClassName&apos; in [servletConfigInitParams]
10:45:52.143 [main] DEBUG o.s.c.e.PropertySourcesPropertyResolver - Searching for key &apos;spring.datasource.driverClassName&apos; in [servletContextInitParams]
10:45:52.143 [main] DEBUG o.s.c.e.PropertySourcesPropertyResolver - Searching for key &apos;spring.datasource.driverClassName&apos; in [jndiProperties]
10:45:52.143 [main] DEBUG o.springframework.jndi.JndiTemplate - Looking up JNDI object with name [java:comp/env/spring.datasource.driverClassName]
10:45:52.143 [main] DEBUG o.s.jndi.JndiLocatorDelegate - Converted JNDI name [java:comp/env/spring.datasource.driverClassName] not found - trying original name [spring.datasource.driverClassName]. javax.naming.NoInitialContextException: Need to specify class name in environment or system property, or as an applet parameter, or in an application resource file:  java.naming.factory.initial
10:45:52.143 [main] DEBUG o.springframework.jndi.JndiTemplate - Looking up JNDI object with name [spring.datasource.driverClassName]
10:45:52.143 [main] DEBUG o.s.jndi.JndiPropertySource - JNDI lookup for name [spring.datasource.driverClassName] threw NamingException with message: Need to specify class name in environment or system property, or as an applet parameter, or in an application resource file:  java.naming.factory.initial. Returning null.
10:45:52.143 [main] DEBUG o.s.c.e.PropertySourcesPropertyResolver - Searching for key &apos;spring.datasource.driverClassName&apos; in [systemProperties]
10:45:52.143 [main] DEBUG o.s.c.e.PropertySourcesPropertyResolver - Searching for key &apos;spring.datasource.driverClassName&apos; in [systemEnvironment]
10:45:52.143 [main] DEBUG o.s.c.e.PropertySourcesPropertyResolver - Could not find key &apos;spring.datasource.driverClassName&apos; in any property source. Returning [null]
10:45:52.144 [main] DEBUG o.s.c.e.PropertySourcesPropertyResolver - Searching for key &apos;spring.datasource.url&apos; in [servletConfigInitParams]
10:45:52.144 [main] DEBUG o.s.c.e.PropertySourcesPropertyResolver - Searching for key &apos;spring.datasource.url&apos; in [servletContextInitParams]
10:45:52.144 [main] DEBUG o.s.c.e.PropertySourcesPropertyResolver - Searching for key &apos;spring.datasource.url&apos; in [jndiProperties]
10:45:52.144 [main] DEBUG o.springframework.jndi.JndiTemplate - Looking up JNDI object with name [java:comp/env/spring.datasource.url]
10:45:52.144 [main] DEBUG o.s.jndi.JndiLocatorDelegate - Converted JNDI name [java:comp/env/spring.datasource.url] not found - trying original name [spring.datasource.url]. javax.naming.NoInitialContextException: Need to specify class name in environment or system property, or as an applet parameter, or in an application resource file:  java.naming.factory.initial
10:45:52.144 [main] DEBUG o.springframework.jndi.JndiTemplate - Looking up JNDI object with name [spring.datasource.url]
10:45:52.144 [main] DEBUG o.s.jndi.JndiPropertySource - JNDI lookup for name [spring.datasource.url] threw NamingException with message: Need to specify class name in environment or system property, or as an applet parameter, or in an application resource file:  java.naming.factory.initial. Returning null.
10:45:52.144 [main] DEBUG o.s.c.e.PropertySourcesPropertyResolver - Searching for key &apos;spring.datasource.url&apos; in [systemProperties]
10:45:52.144 [main] DEBUG o.s.c.e.PropertySourcesPropertyResolver - Searching for key &apos;spring.datasource.url&apos; in [systemEnvironment]
10:45:52.144 [main] DEBUG o.s.c.e.PropertySourcesPropertyResolver - Could not find key &apos;spring.datasource.url&apos; in any property source. Returning [null]
10:45:52.145 [main] DEBUG o.s.b.f.s.DefaultListableBeanFactory - Returning cached instance of singleton bean &apos;autoConfigurationReport&apos;
10:45:52.145 [main] DEBUG o.s.c.e.PropertySourcesPropertyResolver - Searching for key &apos;spring.datasource.driverClassName&apos; in [servletConfigInitParams]
10:45:52.145 [main] DEBUG o.s.c.e.PropertySourcesPropertyResolver - Searching for key &apos;spring.datasource.driverClassName&apos; in [servletContextInitParams]
10:45:52.145 [main] DEBUG o.s.c.e.PropertySourcesPropertyResolver - Searching for key &apos;spring.datasource.driverClassName&apos; in [jndiProperties]
10:45:52.146 [main] DEBUG o.springframework.jndi.JndiTemplate - Looking up JNDI object with name [java:comp/env/spring.datasource.driverClassName]
10:45:52.146 [main] DEBUG o.s.jndi.JndiLocatorDelegate - Converted JNDI name [java:comp/env/spring.datasource.driverClassName] not found - trying original name [spring.datasource.driverClassName]. javax.naming.NoInitialContextException: Need to specify class name in environment or system property, or as an applet parameter, or in an application resource file:  java.naming.factory.initial
10:45:52.146 [main] DEBUG o.springframework.jndi.JndiTemplate - Looking up JNDI object with name [spring.datasource.driverClassName]
10:45:52.146 [main] DEBUG o.s.jndi.JndiPropertySource - JNDI lookup for name [spring.datasource.driverClassName] threw NamingException with message: Need to specify class name in environment or system property, or as an applet parameter, or in an application resource file:  java.naming.factory.initial. Returning null.
10:45:52.146 [main] DEBUG o.s.c.e.PropertySourcesPropertyResolver - Searching for key &apos;spring.datasource.driverClassName&apos; in [systemProperties]
10:45:52.146 [main] DEBUG o.s.c.e.PropertySourcesPropertyResolver - Searching for key &apos;spring.datasource.driverClassName&apos; in [systemEnvironment]
10:45:52.146 [main] DEBUG o.s.c.e.PropertySourcesPropertyResolver - Could not find key &apos;spring.datasource.driverClassName&apos; in any property source. Returning [null]
10:45:52.146 [main] DEBUG o.s.c.e.PropertySourcesPropertyResolver - Searching for key &apos;spring.datasource.url&apos; in [servletConfigInitParams]
10:45:52.147 [main] DEBUG o.s.c.e.PropertySourcesPropertyResolver - Searching for key &apos;spring.datasource.url&apos; in [servletContextInitParams]
10:45:52.147 [main] DEBUG o.s.c.e.PropertySourcesPropertyResolver - Searching for key &apos;spring.datasource.url&apos; in [jndiProperties]
10:45:52.147 [main] DEBUG o.springframework.jndi.JndiTemplate - Looking up JNDI object with name [java:comp/env/spring.datasource.url]
10:45:52.147 [main] DEBUG o.s.jndi.JndiLocatorDelegate - Converted JNDI name [java:comp/env/spring.datasource.url] not found - trying original name [spring.datasource.url]. javax.naming.NoInitialContextException: Need to specify class name in environment or system property, or as an applet parameter, or in an application resource file:  java.naming.factory.initial
10:45:52.147 [main] DEBUG o.springframework.jndi.JndiTemplate - Looking up JNDI object with name [spring.datasource.url]
10:45:52.147 [main] DEBUG o.s.jndi.JndiPropertySource - JNDI lookup for name [spring.datasource.url] threw NamingException with message: Need to specify class name in environment or system property, or as an applet parameter, or in an application resource file:  java.naming.factory.initial. Returning null.
10:45:52.147 [main] DEBUG o.s.c.e.PropertySourcesPropertyResolver - Searching for key &apos;spring.datasource.url&apos; in [systemProperties]
10:45:52.147 [main] DEBUG o.s.c.e.PropertySourcesPropertyResolver - Searching for key &apos;spring.datasource.url&apos; in [systemEnvironment]
10:45:52.147 [main] DEBUG o.s.c.e.PropertySourcesPropertyResolver - Could not find key &apos;spring.datasource.url&apos; in any property source. Returning [null]
10:45:52.148 [main] DEBUG o.s.b.f.s.DefaultListableBeanFactory - Returning cached instance of singleton bean &apos;autoConfigurationReport&apos;
10:45:52.150 [main] DEBUG o.s.b.f.s.DefaultListableBeanFactory - Returning cached instance of singleton bean &apos;autoConfigurationReport&apos;
10:45:52.150 [main] DEBUG o.s.c.e.PropertySourcesPropertyResolver - Searching for key &apos;spring.datasource.driverClassName&apos; in [servletConfigInitParams]
10:45:52.150 [main] DEBUG o.s.c.e.PropertySourcesPropertyResolver - Searching for key &apos;spring.datasource.driverClassName&apos; in [servletContextInitParams]
10:45:52.151 [main] DEBUG o.s.c.e.PropertySourcesPropertyResolver - Searching for key &apos;spring.datasource.driverClassName&apos; in [jndiProperties]
10:45:52.151 [main] DEBUG o.springframework.jndi.JndiTemplate - Looking up JNDI object with name [java:comp/env/spring.datasource.driverClassName]
10:45:52.151 [main] DEBUG o.s.jndi.JndiLocatorDelegate - Converted JNDI name [java:comp/env/spring.datasource.driverClassName] not found - trying original name [spring.datasource.driverClassName]. javax.naming.NoInitialContextException: Need to specify class name in environment or system property, or as an applet parameter, or in an application resource file:  java.naming.factory.initial
10:45:52.151 [main] DEBUG o.springframework.jndi.JndiTemplate - Looking up JNDI object with name [spring.datasource.driverClassName]
10:45:52.151 [main] DEBUG o.s.jndi.JndiPropertySource - JNDI lookup for name [spring.datasource.driverClassName] threw NamingException with message: Need to specify class name in environment or system property, or as an applet parameter, or in an application resource file:  java.naming.factory.initial. Returning null.
10:45:52.151 [main] DEBUG o.s.c.e.PropertySourcesPropertyResolver - Searching for key &apos;spring.datasource.driverClassName&apos; in [systemProperties]
10:45:52.151 [main] DEBUG o.s.c.e.PropertySourcesPropertyResolver - Searching for key &apos;spring.datasource.driverClassName&apos; in [systemEnvironment]
10:45:52.151 [main] DEBUG o.s.c.e.PropertySourcesPropertyResolver - Could not find key &apos;spring.datasource.driverClassName&apos; in any property source. Returning [null]
10:45:52.152 [main] DEBUG o.s.c.e.PropertySourcesPropertyResolver - Searching for key &apos;spring.datasource.url&apos; in [servletConfigInitParams]
10:45:52.152 [main] DEBUG o.s.c.e.PropertySourcesPropertyResolver - Searching for key &apos;spring.datasource.url&apos; in [servletContextInitParams]
10:45:52.152 [main] DEBUG o.s.c.e.PropertySourcesPropertyResolver - Searching for key &apos;spring.datasource.url&apos; in [jndiProperties]
10:45:52.152 [main] DEBUG o.springframework.jndi.JndiTemplate - Looking up JNDI object with name [java:comp/env/spring.datasource.url]
10:45:52.152 [main] DEBUG o.s.jndi.JndiLocatorDelegate - Converted JNDI name [java:comp/env/spring.datasource.url] not found - trying original name [spring.datasource.url]. javax.naming.NoInitialContextException: Need to specify class name in environment or system property, or as an applet parameter, or in an application resource file:  java.naming.factory.initial
10:45:52.152 [main] DEBUG o.springframework.jndi.JndiTemplate - Looking up JNDI object with name [spring.datasource.url]
10:45:52.152 [main] DEBUG o.s.jndi.JndiPropertySource - JNDI lookup for name [spring.datasource.url] threw NamingException with message: Need to specify class name in environment or system property, or as an applet parameter, or in an application resource file:  java.naming.factory.initial. Returning null.
10:45:52.152 [main] DEBUG o.s.c.e.PropertySourcesPropertyResolver - Searching for key &apos;spring.datasource.url&apos; in [systemProperties]
10:45:52.152 [main] DEBUG o.s.c.e.PropertySourcesPropertyResolver - Searching for key &apos;spring.datasource.url&apos; in [systemEnvironment]
10:45:52.152 [main] DEBUG o.s.c.e.PropertySourcesPropertyResolver - Could not find key &apos;spring.datasource.url&apos; in any property source. Returning [null]
10:45:52.153 [main] DEBUG o.s.b.f.s.DefaultListableBeanFactory - Returning cached instance of singleton bean &apos;autoConfigurationReport&apos;
10:45:52.154 [main] DEBUG o.s.b.f.s.DefaultListableBeanFactory - Returning cached instance of singleton bean &apos;autoConfigurationReport&apos;
10:45:52.154 [main] DEBUG o.s.b.f.s.DefaultListableBeanFactory - Returning cached instance of singleton bean &apos;autoConfigurationReport&apos;
10:45:52.154 [main] DEBUG o.s.b.f.s.DefaultListableBeanFactory - Returning cached instance of singleton bean &apos;autoConfigurationReport&apos;
10:45:52.156 [main] DEBUG o.s.c.t.c.AnnotationAttributesReadingVisitor - Failed to class-load type while reading annotation metadata. This is a non-fatal error, but certain annotation metadata may be unavailable.
java.lang.ClassNotFoundException: org.springframework.data.web.config.EnableSpringDataWebSupport
	at java.net.URLClassLoader$1.run(URLClassLoader.java:202) ~[na:1.6.0_51]
	at java.security.AccessController.doPrivileged(Native Method) ~[na:1.6.0_51]
	at java.net.URLClassLoader.findClass(URLClassLoader.java:190) ~[na:1.6.0_51]
	at java.lang.ClassLoader.loadClass(ClassLoader.java:306) ~[na:1.6.0_51]
	at sun.misc.Launcher$AppClassLoader.loadClass(Launcher.java:301) ~[na:1.6.0_51]
	at java.lang.ClassLoader.loadClass(ClassLoader.java:247) ~[na:1.6.0_51]
	at org.springframework.core.type.classreading.RecursiveAnnotationAttributesVisitor.visitEnd(AnnotationAttributesReadingVisitor.java:180) ~[spring-core-4.0.1.RELEASE.jar:4.0.1.RELEASE]
	at org.springframework.asm.ClassReader.readAnnotationValues(ClassReader.java:1491) [spring-core-4.0.1.RELEASE.jar:4.0.1.RELEASE]
	at org.springframework.asm.ClassReader.accept(ClassReader.java:634) [spring-core-4.0.1.RELEASE.jar:4.0.1.RELEASE]
	at org.springframework.asm.ClassReader.accept(ClassReader.java:508) [spring-core-4.0.1.RELEASE.jar:4.0.1.RELEASE]
	at org.springframework.core.type.classreading.SimpleMetadataReader.&lt;init&gt;(SimpleMetadataReader.java:64) [spring-core-4.0.1.RELEASE.jar:4.0.1.RELEASE]
	at org.springframework.core.type.classreading.SimpleMetadataReaderFactory.getMetadataReader(SimpleMetadataReaderFactory.java:82) [spring-core-4.0.1.RELEASE.jar:4.0.1.RELEASE]
	at org.springframework.core.type.classreading.CachingMetadataReaderFactory.getMetadataReader(CachingMetadataReaderFactory.java:102) [spring-core-4.0.1.RELEASE.jar:4.0.1.RELEASE]
	at org.springframework.core.type.classreading.SimpleMetadataReaderFactory.getMetadataReader(SimpleMetadataReaderFactory.java:77) [spring-core-4.0.1.RELEASE.jar:4.0.1.RELEASE]
	at org.springframework.context.annotation.ConfigurationClassParser.asSourceClass(ConfigurationClassParser.java:551) [spring-context-4.0.1.RELEASE.jar:4.0.1.RELEASE]
	at org.springframework.context.annotation.ConfigurationClassParser$SourceClass.getMemberClasses(ConfigurationClassParser.java:700) [spring-context-4.0.1.RELEASE.jar:4.0.1.RELEASE]
	at org.springframework.context.annotation.ConfigurationClassParser.processMemberClasses(ConfigurationClassParser.java:292) [spring-context-4.0.1.RELEASE.jar:4.0.1.RELEASE]
	at org.springframework.context.annotation.ConfigurationClassParser.doProcessConfigurationClass(ConfigurationClassParser.java:222) [spring-context-4.0.1.RELEASE.jar:4.0.1.RELEASE]
	at org.springframework.context.annotation.ConfigurationClassParser.processConfigurationClass(ConfigurationClassParser.java:205) [spring-context-4.0.1.RELEASE.jar:4.0.1.RELEASE]
	at org.springframework.context.annotation.ConfigurationClassParser.processImports(ConfigurationClassParser.java:426) [spring-context-4.0.1.RELEASE.jar:4.0.1.RELEASE]
	at org.springframework.context.annotation.ConfigurationClassParser.processDeferredImportSelectors(ConfigurationClassParser.java:380) [spring-context-4.0.1.RELEASE.jar:4.0.1.RELEASE]
	at org.springframework.context.annotation.ConfigurationClassParser.parse(ConfigurationClassParser.java:162) [spring-context-4.0.1.RELEASE.jar:4.0.1.RELEASE]
	at org.springframework.context.annotation.ConfigurationClassPostProcessor.processConfigBeanDefinitions(ConfigurationClassPostProcessor.java:299) [spring-context-4.0.1.RELEASE.jar:4.0.1.RELEASE]
	at org.springframework.context.annotation.ConfigurationClassPostProcessor.postProcessBeanDefinitionRegistry(ConfigurationClassPostProcessor.java:243) [spring-context-4.0.1.RELEASE.jar:4.0.1.RELEASE]
	at org.springframework.context.support.PostProcessorRegistrationDelegate.invokeBeanDefinitionRegistryPostProcessors(PostProcessorRegistrationDelegate.java:254) [spring-context-4.0.1.RELEASE.jar:4.0.1.RELEASE]
	at org.springframework.context.support.PostProcessorRegistrationDelegate.invokeBeanFactoryPostProcessors(PostProcessorRegistrationDelegate.java:94) [spring-context-4.0.1.RELEASE.jar:4.0.1.RELEASE]
	at org.springframework.context.support.AbstractApplicationContext.invokeBeanFactoryPostProcessors(AbstractApplicationContext.java:609) [spring-context-4.0.1.RELEASE.jar:4.0.1.RELEASE]
	at org.springframework.context.support.AbstractApplicationContext.refresh(AbstractApplicationContext.java:464) [spring-context-4.0.1.RELEASE.jar:4.0.1.RELEASE]
	at org.springframework.test.context.web.AbstractGenericWebContextLoader.loadContext(AbstractGenericWebContextLoader.java:129) [spring-test-4.0.1.RELEASE.jar:4.0.1.RELEASE]
	at org.springframework.test.context.web.AbstractGenericWebContextLoader.loadContext(AbstractGenericWebContextLoader.java:60) [spring-test-4.0.1.RELEASE.jar:4.0.1.RELEASE]
	at org.springframework.test.context.support.AbstractDelegatingSmartContextLoader.delegateLoading(AbstractDelegatingSmartContextLoader.java:100) [spring-test-4.0.1.RELEASE.jar:4.0.1.RELEASE]
	at org.springframework.test.context.support.AbstractDelegatingSmartContextLoader.loadContext(AbstractDelegatingSmartContextLoader.java:250) [spring-test-4.0.1.RELEASE.jar:4.0.1.RELEASE]
	at org.springframework.test.context.CacheAwareContextLoaderDelegate.loadContextInternal(CacheAwareContextLoaderDelegate.java:64) [spring-test-4.0.1.RELEASE.jar:4.0.1.RELEASE]
	at org.springframework.test.context.CacheAwareContextLoaderDelegate.loadContext(CacheAwareContextLoaderDelegate.java:91) [spring-test-4.0.1.RELEASE.jar:4.0.1.RELEASE]
	at org.springframework.test.context.DefaultTestContext.getApplicationContext(DefaultTestContext.java:101) [spring-test-4.0.1.RELEASE.jar:4.0.1.RELEASE]
	at org.springframework.test.context.web.ServletTestExecutionListener.setUpRequestContextIfNecessary(ServletTestExecutionListener.java:155) [spring-test-4.0.1.RELEASE.jar:4.0.1.RELEASE]
	at org.springframework.test.context.web.ServletTestExecutionListener.prepareTestInstance(ServletTestExecutionListener.java:100) [spring-test-4.0.1.RELEASE.jar:4.0.1.RELEASE]
	at org.springframework.test.context.TestContextManager.prepareTestInstance(TestContextManager.java:319) [spring-test-4.0.1.RELEASE.jar:4.0.1.RELEASE]
	at org.springframework.test.context.junit4.SpringJUnit4ClassRunner.createTest(SpringJUnit4ClassRunner.java:212) [spring-test-4.0.1.RELEASE.jar:4.0.1.RELEASE]
	at org.springframework.test.context.junit4.SpringJUnit4ClassRunner$1.runReflectiveCall(SpringJUnit4ClassRunner.java:289) [spring-test-4.0.1.RELEASE.jar:4.0.1.RELEASE]
	at org.junit.internal.runners.model.ReflectiveCallable.run(ReflectiveCallable.java:15) [junit-4.8.2.jar:na]
	at org.springframework.test.context.junit4.SpringJUnit4ClassRunner.methodBlock(SpringJUnit4ClassRunner.java:291) [spring-test-4.0.1.RELEASE.jar:4.0.1.RELEASE]
	at org.springframework.test.context.junit4.SpringJUnit4ClassRunner.runChild(SpringJUnit4ClassRunner.java:232) [spring-test-4.0.1.RELEASE.jar:4.0.1.RELEASE]
	at org.springframework.test.context.junit4.SpringJUnit4ClassRunner.runChild(SpringJUnit4ClassRunner.java:89) [spring-test-4.0.1.RELEASE.jar:4.0.1.RELEASE]
	at org.junit.runners.ParentRunner$3.run(ParentRunner.java:193) [junit-4.8.2.jar:na]
	at org.junit.runners.ParentRunner$1.schedule(ParentRunner.java:52) [junit-4.8.2.jar:na]
	at org.junit.runners.ParentRunner.runChildren(ParentRunner.java:191) [junit-4.8.2.jar:na]
	at org.junit.runners.ParentRunner.access$000(ParentRunner.java:42) [junit-4.8.2.jar:na]
	at org.junit.runners.ParentRunner$2.evaluate(ParentRunner.java:184) [junit-4.8.2.jar:na]
	at org.springframework.test.context.junit4.statements.RunBeforeTestClassCallbacks.evaluate(RunBeforeTestClassCallbacks.java:61) [spring-test-4.0.1.RELEASE.jar:4.0.1.RELEASE]
	at org.springframework.test.context.junit4.statements.RunAfterTestClassCallbacks.evaluate(RunAfterTestClassCallbacks.java:71) [spring-test-4.0.1.RELEASE.jar:4.0.1.RELEASE]
	at org.junit.runners.ParentRunner.run(ParentRunner.java:236) [junit-4.8.2.jar:na]
	at org.springframework.test.context.junit4.SpringJUnit4ClassRunner.run(SpringJUnit4ClassRunner.java:175) [spring-test-4.0.1.RELEASE.jar:4.0.1.RELEASE]
	at org.apache.maven.surefire.junit4.JUnit4TestSet.execute(JUnit4TestSet.java:53) [surefire-junit4-2.10.jar:2.10]
	at org.apache.maven.surefire.junit4.JUnit4Provider.executeTestSet(JUnit4Provider.java:123) [surefire-junit4-2.10.jar:2.10]
	at org.apache.maven.surefire.junit4.JUnit4Provider.invoke(JUnit4Provider.java:104) [surefire-junit4-2.10.jar:2.10]
	at sun.reflect.NativeMethodAccessorImpl.invoke0(Native Method) ~[na:1.6.0_51]
	at sun.reflect.NativeMethodAccessorImpl.invoke(NativeMethodAccessorImpl.java:39) ~[na:1.6.0_51]
	at sun.reflect.DelegatingMethodAccessorImpl.invoke(DelegatingMethodAccessorImpl.java:25) ~[na:1.6.0_51]
	at java.lang.reflect.Method.invoke(Method.java:597) ~[na:1.6.0_51]
	at org.apache.maven.surefire.util.ReflectionUtils.invokeMethodWithArray(ReflectionUtils.java:164) [surefire-api-2.10.jar:2.10]
	at org.apache.maven.surefire.booter.ProviderFactory$ProviderProxy.invoke(ProviderFactory.java:110) [surefire-booter-2.10.jar:2.10]
	at org.apache.maven.surefire.booter.SurefireStarter.invokeProvider(SurefireStarter.java:175) [surefire-booter-2.10.jar:2.10]
	at org.apache.maven.surefire.booter.SurefireStarter.runSuitesInProcessWhenForked(SurefireStarter.java:107) [surefire-booter-2.10.jar:2.10]
	at org.apache.maven.surefire.booter.ForkedBooter.main(ForkedBooter.java:68) [surefire-booter-2.10.jar:2.10]
10:45:52.156 [main] DEBUG o.s.b.f.s.DefaultListableBeanFactory - Returning cached instance of singleton bean &apos;autoConfigurationReport&apos;
10:45:52.158 [main] DEBUG o.s.b.f.s.DefaultListableBeanFactory - Returning cached instance of singleton bean &apos;autoConfigurationReport&apos;
10:45:52.158 [main] DEBUG o.s.b.f.s.DefaultListableBeanFactory - Returning cached instance of singleton bean &apos;autoConfigurationReport&apos;
10:45:52.159 [main] DEBUG o.s.b.f.s.DefaultListableBeanFactory - Returning cached instance of singleton bean &apos;autoConfigurationReport&apos;
10:45:52.159 [main] DEBUG o.s.b.f.s.DefaultListableBeanFactory - Returning cached instance of singleton bean &apos;autoConfigurationReport&apos;
10:45:52.160 [main] DEBUG o.s.b.f.s.DefaultListableBeanFactory - Returning cached instance of singleton bean &apos;autoConfigurationReport&apos;
10:45:52.160 [main] DEBUG o.s.c.e.PropertySourcesPropertyResolver - Searching for key &apos;spring.jmx.enabled:true&apos; in [servletConfigInitParams]
10:45:52.160 [main] DEBUG o.s.c.e.PropertySourcesPropertyResolver - Searching for key &apos;spring.jmx.enabled:true&apos; in [servletContextInitParams]
10:45:52.160 [main] DEBUG o.s.c.e.PropertySourcesPropertyResolver - Searching for key &apos;spring.jmx.enabled:true&apos; in [jndiProperties]
10:45:52.160 [main] DEBUG o.springframework.jndi.JndiTemplate - Looking up JNDI object with name [spring.jmx.enabled:true]
10:45:52.160 [main] DEBUG o.s.jndi.JndiPropertySource - JNDI lookup for name [spring.jmx.enabled:true] threw NamingException with message: Need to specify class name in environment or system property, or as an applet parameter, or in an application resource file:  java.naming.factory.initial. Returning null.
10:45:52.160 [main] DEBUG o.s.c.e.PropertySourcesPropertyResolver - Searching for key &apos;spring.jmx.enabled:true&apos; in [systemProperties]
10:45:52.160 [main] DEBUG o.s.c.e.PropertySourcesPropertyResolver - Searching for key &apos;spring.jmx.enabled:true&apos; in [systemEnvironment]
10:45:52.160 [main] DEBUG o.s.c.e.PropertySourcesPropertyResolver - Could not find key &apos;spring.jmx.enabled:true&apos; in any property source. Returning [null]
10:45:52.160 [main] DEBUG o.s.c.e.PropertySourcesPropertyResolver - Searching for key &apos;spring.jmx.enabled&apos; in [servletConfigInitParams]
10:45:52.160 [main] DEBUG o.s.c.e.PropertySourcesPropertyResolver - Searching for key &apos;spring.jmx.enabled&apos; in [servletContextInitParams]
10:45:52.160 [main] DEBUG o.s.c.e.PropertySourcesPropertyResolver - Searching for key &apos;spring.jmx.enabled&apos; in [jndiProperties]
10:45:52.161 [main] DEBUG o.springframework.jndi.JndiTemplate - Looking up JNDI object with name [java:comp/env/spring.jmx.enabled]
10:45:52.161 [main] DEBUG o.s.jndi.JndiLocatorDelegate - Converted JNDI name [java:comp/env/spring.jmx.enabled] not found - trying original name [spring.jmx.enabled]. javax.naming.NoInitialContextException: Need to specify class name in environment or system property, or as an applet parameter, or in an application resource file:  java.naming.factory.initial
10:45:52.161 [main] DEBUG o.springframework.jndi.JndiTemplate - Looking up JNDI object with name [spring.jmx.enabled]
10:45:52.161 [main] DEBUG o.s.jndi.JndiPropertySource - JNDI lookup for name [spring.jmx.enabled] threw NamingException with message: Need to specify class name in environment or system property, or as an applet parameter, or in an application resource file:  java.naming.factory.initial. Returning null.
10:45:52.161 [main] DEBUG o.s.c.e.PropertySourcesPropertyResolver - Searching for key &apos;spring.jmx.enabled&apos; in [systemProperties]
10:45:52.161 [main] DEBUG o.s.c.e.PropertySourcesPropertyResolver - Searching for key &apos;spring.jmx.enabled&apos; in [systemEnvironment]
10:45:52.161 [main] DEBUG o.s.c.e.PropertySourcesPropertyResolver - Could not find key &apos;spring.jmx.enabled&apos; in any property source. Returning [null]
10:45:52.161 [main] DEBUG o.s.b.f.s.DefaultListableBeanFactory - Returning cached instance of singleton bean &apos;autoConfigurationReport&apos;
10:45:52.163 [main] DEBUG o.s.b.f.s.DefaultListableBeanFactory - Returning cached instance of singleton bean &apos;autoConfigurationReport&apos;
10:45:52.164 [main] DEBUG o.s.b.f.s.DefaultListableBeanFactory - Returning cached instance of singleton bean &apos;autoConfigurationReport&apos;
10:45:52.165 [main] DEBUG o.s.b.f.s.DefaultListableBeanFactory - Returning cached instance of singleton bean &apos;autoConfigurationReport&apos;
10:45:52.165 [main] DEBUG o.s.b.f.s.DefaultListableBeanFactory - Returning cached instance of singleton bean &apos;autoConfigurationReport&apos;
10:45:52.165 [main] DEBUG o.s.b.f.s.DefaultListableBeanFactory - Returning cached instance of singleton bean &apos;autoConfigurationReport&apos;
10:45:52.166 [main] DEBUG o.s.b.f.s.DefaultListableBeanFactory - Returning cached instance of singleton bean &apos;autoConfigurationReport&apos;
10:45:52.167 [main] DEBUG o.s.b.f.s.DefaultListableBeanFactory - Returning cached instance of singleton bean &apos;autoConfigurationReport&apos;
10:45:52.167 [main] DEBUG o.s.b.f.s.DefaultListableBeanFactory - Returning cached instance of singleton bean &apos;autoConfigurationReport&apos;
10:45:52.168 [main] DEBUG o.s.b.f.s.DefaultListableBeanFactory - Returning cached instance of singleton bean &apos;autoConfigurationReport&apos;
10:45:52.168 [main] DEBUG o.s.c.a.ConfigurationClassBeanDefinitionReader - Registered bean definition for imported @Configuration class org.springframework.boot.autoconfigure.MessageSourceAutoConfiguration
10:45:52.168 [main] DEBUG o.s.c.a.ConfigurationClassBeanDefinitionReader - Registering bean definition for @Bean method org.springframework.boot.autoconfigure.MessageSourceAutoConfiguration.messageSource()
10:45:52.169 [main] DEBUG o.s.c.a.ConfigurationClassBeanDefinitionReader - Registered bean definition for imported @Configuration class org.springframework.boot.autoconfigure.PropertyPlaceholderAutoConfiguration
10:45:52.169 [main] DEBUG o.s.b.f.s.DefaultListableBeanFactory - Returning cached instance of singleton bean &apos;autoConfigurationReport&apos;
10:45:52.169 [main] DEBUG o.s.c.a.ConfigurationClassBeanDefinitionReader - Registering bean definition for @Bean method org.springframework.boot.autoconfigure.PropertyPlaceholderAutoConfiguration.propertySourcesPlaceholderConfigurer()
10:45:52.169 [main] DEBUG o.s.b.f.s.DefaultListableBeanFactory - Returning cached instance of singleton bean &apos;autoConfigurationReport&apos;
10:45:52.169 [main] DEBUG o.s.b.f.s.DefaultListableBeanFactory - Returning cached instance of singleton bean &apos;autoConfigurationReport&apos;
10:45:52.169 [main] DEBUG o.s.b.f.s.DefaultListableBeanFactory - Returning cached instance of singleton bean &apos;autoConfigurationReport&apos;
10:45:52.169 [main] DEBUG o.s.c.a.ConfigurationClassBeanDefinitionReader - Registered bean definition for imported @Configuration class org.springframework.boot.autoconfigure.web.EmbeddedServletContainerAutoConfiguration$EmbeddedTomcat
10:45:52.170 [main] DEBUG o.s.c.a.ConfigurationClassBeanDefinitionReader - Registering bean definition for @Bean method org.springframework.boot.autoconfigure.web.EmbeddedServletContainerAutoConfiguration$EmbeddedTomcat.tomcatEmbeddedServletContainerFactory()
10:45:52.170 [main] DEBUG o.s.c.a.ConfigurationClassBeanDefinitionReader - Registered bean definition for imported @Configuration class org.springframework.boot.autoconfigure.web.EmbeddedServletContainerAutoConfiguration
10:45:52.170 [main] DEBUG o.s.b.f.s.DefaultListableBeanFactory - Returning cached instance of singleton bean &apos;autoConfigurationReport&apos;
10:45:52.170 [main] DEBUG o.s.b.f.s.DefaultListableBeanFactory - Returning cached instance of singleton bean &apos;autoConfigurationReport&apos;
10:45:52.171 [main] DEBUG o.s.b.f.s.DefaultListableBeanFactory - Returning cached instance of singleton bean &apos;autoConfigurationReport&apos;
10:45:52.171 [main] DEBUG o.s.c.a.ConfigurationClassBeanDefinitionReader - Registered bean definition for imported @Configuration class org.springframework.boot.autoconfigure.web.DispatcherServletAutoConfiguration
10:45:52.171 [main] DEBUG o.s.b.f.s.DefaultListableBeanFactory - Returning cached instance of singleton bean &apos;autoConfigurationReport&apos;
10:45:52.172 [main] DEBUG o.s.c.a.ConfigurationClassBeanDefinitionReader - Registering bean definition for @Bean method org.springframework.boot.autoconfigure.web.DispatcherServletAutoConfiguration.dispatcherServlet()
10:45:52.172 [main] DEBUG o.s.b.f.s.DefaultListableBeanFactory - Returning cached instance of singleton bean &apos;autoConfigurationReport&apos;
10:45:52.172 [main] DEBUG o.s.b.f.s.DefaultListableBeanFactory - Returning cached instance of singleton bean &apos;autoConfigurationReport&apos;
10:45:52.173 [main] DEBUG o.s.b.f.s.DefaultListableBeanFactory - Returning cached instance of singleton bean &apos;autoConfigurationReport&apos;
10:45:52.173 [main] DEBUG o.s.c.e.PropertySourcesPropertyResolver - Searching for key &apos;error.whitelabel.enabled:true&apos; in [servletConfigInitParams]
10:45:52.173 [main] DEBUG o.s.c.e.PropertySourcesPropertyResolver - Searching for key &apos;error.whitelabel.enabled:true&apos; in [servletContextInitParams]
10:45:52.173 [main] DEBUG o.s.c.e.PropertySourcesPropertyResolver - Searching for key &apos;error.whitelabel.enabled:true&apos; in [jndiProperties]
10:45:52.173 [main] DEBUG o.springframework.jndi.JndiTemplate - Looking up JNDI object with name [error.whitelabel.enabled:true]
10:45:52.173 [main] DEBUG o.s.jndi.JndiPropertySource - JNDI lookup for name [error.whitelabel.enabled:true] threw NamingException with message: Need to specify class name in environment or system property, or as an applet parameter, or in an application resource file:  java.naming.factory.initial. Returning null.
10:45:52.173 [main] DEBUG o.s.c.e.PropertySourcesPropertyResolver - Searching for key &apos;error.whitelabel.enabled:true&apos; in [systemProperties]
10:45:52.173 [main] DEBUG o.s.c.e.PropertySourcesPropertyResolver - Searching for key &apos;error.whitelabel.enabled:true&apos; in [systemEnvironment]
10:45:52.174 [main] DEBUG o.s.c.e.PropertySourcesPropertyResolver - Could not find key &apos;error.whitelabel.enabled:true&apos; in any property source. Returning [null]
10:45:52.174 [main] DEBUG o.s.c.e.PropertySourcesPropertyResolver - Searching for key &apos;error.whitelabel.enabled&apos; in [servletConfigInitParams]
10:45:52.174 [main] DEBUG o.s.c.e.PropertySourcesPropertyResolver - Searching for key &apos;error.whitelabel.enabled&apos; in [servletContextInitParams]
10:45:52.174 [main] DEBUG o.s.c.e.PropertySourcesPropertyResolver - Searching for key &apos;error.whitelabel.enabled&apos; in [jndiProperties]
10:45:52.174 [main] DEBUG o.springframework.jndi.JndiTemplate - Looking up JNDI object with name [java:comp/env/error.whitelabel.enabled]
10:45:52.174 [main] DEBUG o.s.jndi.JndiLocatorDelegate - Converted JNDI name [java:comp/env/error.whitelabel.enabled] not found - trying original name [error.whitelabel.enabled]. javax.naming.NoInitialContextException: Need to specify class name in environment or system property, or as an applet parameter, or in an application resource file:  java.naming.factory.initial
10:45:52.174 [main] DEBUG o.springframework.jndi.JndiTemplate - Looking up JNDI object with name [error.whitelabel.enabled]
10:45:52.174 [main] DEBUG o.s.jndi.JndiPropertySource - JNDI lookup for name [error.whitelabel.enabled] threw NamingException with message: Need to specify class name in environment or system property, or as an applet parameter, or in an application resource file:  java.naming.factory.initial. Returning null.
10:45:52.174 [main] DEBUG o.s.c.e.PropertySourcesPropertyResolver - Searching for key &apos;error.whitelabel.enabled&apos; in [systemProperties]
10:45:52.174 [main] DEBUG o.s.c.e.PropertySourcesPropertyResolver - Searching for key &apos;error.whitelabel.enabled&apos; in [systemEnvironment]
10:45:52.174 [main] DEBUG o.s.c.e.PropertySourcesPropertyResolver - Could not find key &apos;error.whitelabel.enabled&apos; in any property source. Returning [null]
10:45:52.174 [main] DEBUG o.s.b.f.s.DefaultListableBeanFactory - Returning cached instance of singleton bean &apos;autoConfigurationReport&apos;
10:45:52.175 [main] DEBUG o.s.c.a.ConfigurationClassBeanDefinitionReader - Registered bean definition for imported @Configuration class org.springframework.boot.actuate.autoconfigure.ErrorMvcAutoConfiguration$WhitelabelErrorViewConfiguration
10:45:52.175 [main] DEBUG o.s.b.f.s.DefaultListableBeanFactory - Returning cached instance of singleton bean &apos;autoConfigurationReport&apos;
10:45:52.175 [main] DEBUG o.s.c.a.ConfigurationClassBeanDefinitionReader - Registering bean definition for @Bean method org.springframework.boot.actuate.autoconfigure.ErrorMvcAutoConfiguration$WhitelabelErrorViewConfiguration.error()
10:45:52.176 [main] DEBUG o.s.b.f.s.DefaultListableBeanFactory - Returning cached instance of singleton bean &apos;autoConfigurationReport&apos;
10:45:52.176 [main] DEBUG o.s.c.a.ConfigurationClassBeanDefinitionReader - Registering bean definition for @Bean method org.springframework.boot.actuate.autoconfigure.ErrorMvcAutoConfiguration$WhitelabelErrorViewConfiguration.beanNameViewResolver()
10:45:52.176 [main] DEBUG o.s.c.a.ConfigurationClassBeanDefinitionReader - Registered bean definition for imported @Configuration class org.springframework.boot.actuate.autoconfigure.ErrorMvcAutoConfiguration
10:45:52.177 [main] DEBUG o.s.b.f.s.DefaultListableBeanFactory - Returning cached instance of singleton bean &apos;autoConfigurationReport&apos;
10:45:52.177 [main] DEBUG o.s.c.a.ConfigurationClassBeanDefinitionReader - Registering bean definition for @Bean method org.springframework.boot.actuate.autoconfigure.ErrorMvcAutoConfiguration.basicErrorController()
10:45:52.177 [main] DEBUG o.s.b.f.s.DefaultListableBeanFactory - Returning cached instance of singleton bean &apos;autoConfigurationReport&apos;
10:45:52.178 [main] DEBUG o.s.b.f.s.DefaultListableBeanFactory - Returning cached instance of singleton bean &apos;autoConfigurationReport&apos;
10:45:52.178 [main] DEBUG o.s.b.f.s.DefaultListableBeanFactory - Returning cached instance of singleton bean &apos;autoConfigurationReport&apos;
10:45:52.178 [main] DEBUG o.s.c.a.ConfigurationClassBeanDefinitionReader - Registered bean definition for imported @Configuration class org.springframework.boot.autoconfigure.web.WebMvcAutoConfiguration$WebMvcAutoConfigurationAdapter$FaviconConfiguration
10:45:52.178 [main] DEBUG o.s.c.a.ConfigurationClassBeanDefinitionReader - Registering bean definition for @Bean method org.springframework.boot.autoconfigure.web.WebMvcAutoConfiguration$WebMvcAutoConfigurationAdapter$FaviconConfiguration.faviconHandlerMapping()
10:45:52.178 [main] DEBUG o.s.c.a.ConfigurationClassBeanDefinitionReader - Registering bean definition for @Bean method org.springframework.boot.autoconfigure.web.WebMvcAutoConfiguration$WebMvcAutoConfigurationAdapter$FaviconConfiguration.faviconRequestHandler()
10:45:52.178 [main] DEBUG o.s.c.a.ConfigurationClassBeanDefinitionReader - Registered bean definition for imported @Configuration class org.springframework.web.servlet.config.annotation.DelegatingWebMvcConfiguration
10:45:52.179 [main] DEBUG o.s.c.a.ConfigurationClassBeanDefinitionReader - Registering bean definition for @Bean method org.springframework.web.servlet.config.annotation.DelegatingWebMvcConfiguration.requestMappingHandlerMapping()
10:45:52.179 [main] DEBUG o.s.c.a.ConfigurationClassBeanDefinitionReader - Registering bean definition for @Bean method org.springframework.web.servlet.config.annotation.DelegatingWebMvcConfiguration.mvcContentNegotiationManager()
10:45:52.179 [main] DEBUG o.s.c.a.ConfigurationClassBeanDefinitionReader - Registering bean definition for @Bean method org.springframework.web.servlet.config.annotation.DelegatingWebMvcConfiguration.viewControllerHandlerMapping()
10:45:52.179 [main] DEBUG o.s.c.a.ConfigurationClassBeanDefinitionReader - Registering bean definition for @Bean method org.springframework.web.servlet.config.annotation.DelegatingWebMvcConfiguration.beanNameHandlerMapping()
10:45:52.179 [main] DEBUG o.s.c.a.ConfigurationClassBeanDefinitionReader - Registering bean definition for @Bean method org.springframework.web.servlet.config.annotation.DelegatingWebMvcConfiguration.resourceHandlerMapping()
10:45:52.179 [main] DEBUG o.s.c.a.ConfigurationClassBeanDefinitionReader - Registering bean definition for @Bean method org.springframework.web.servlet.config.annotation.DelegatingWebMvcConfiguration.defaultServletHandlerMapping()
10:45:52.179 [main] DEBUG o.s.c.a.ConfigurationClassBeanDefinitionReader - Registering bean definition for @Bean method org.springframework.web.servlet.config.annotation.DelegatingWebMvcConfiguration.requestMappingHandlerAdapter()
10:45:52.180 [main] DEBUG o.s.c.a.ConfigurationClassBeanDefinitionReader - Registering bean definition for @Bean method org.springframework.web.servlet.config.annotation.DelegatingWebMvcConfiguration.mvcConversionService()
10:45:52.180 [main] DEBUG o.s.c.a.ConfigurationClassBeanDefinitionReader - Registering bean definition for @Bean method org.springframework.web.servlet.config.annotation.DelegatingWebMvcConfiguration.mvcValidator()
10:45:52.180 [main] DEBUG o.s.c.a.ConfigurationClassBeanDefinitionReader - Registering bean definition for @Bean method org.springframework.web.servlet.config.annotation.DelegatingWebMvcConfiguration.mvcUriComponentsContributor()
10:45:52.180 [main] DEBUG o.s.c.a.ConfigurationClassBeanDefinitionReader - Registering bean definition for @Bean method org.springframework.web.servlet.config.annotation.DelegatingWebMvcConfiguration.httpRequestHandlerAdapter()
10:45:52.180 [main] DEBUG o.s.c.a.ConfigurationClassBeanDefinitionReader - Registering bean definition for @Bean method org.springframework.web.servlet.config.annotation.DelegatingWebMvcConfiguration.simpleControllerHandlerAdapter()
10:45:52.180 [main] DEBUG o.s.c.a.ConfigurationClassBeanDefinitionReader - Registering bean definition for @Bean method org.springframework.web.servlet.config.annotation.DelegatingWebMvcConfiguration.handlerExceptionResolver()
10:45:52.180 [main] DEBUG o.s.c.a.ConfigurationClassBeanDefinitionReader - Registered bean definition for imported @Configuration class org.springframework.boot.autoconfigure.web.WebMvcAutoConfiguration$WebMvcAutoConfigurationAdapter
10:45:52.185 [main] DEBUG o.s.b.f.s.DefaultListableBeanFactory - Returning cached instance of singleton bean &apos;autoConfigurationReport&apos;
10:45:52.186 [main] DEBUG o.s.b.f.s.DefaultListableBeanFactory - Returning cached instance of singleton bean &apos;autoConfigurationReport&apos;
10:45:52.187 [main] DEBUG o.s.c.a.ConfigurationClassBeanDefinitionReader - Registering bean definition for @Bean method org.springframework.boot.autoconfigure.web.WebMvcAutoConfiguration$WebMvcAutoConfigurationAdapter.requestContextListener()
10:45:52.188 [main] DEBUG o.s.b.f.s.DefaultListableBeanFactory - Returning cached instance of singleton bean &apos;autoConfigurationReport&apos;
10:45:52.188 [main] DEBUG o.s.c.a.ConfigurationClassBeanDefinitionReader - Registering bean definition for @Bean method org.springframework.boot.autoconfigure.web.WebMvcAutoConfiguration$WebMvcAutoConfigurationAdapter.beanNameViewResolver()
10:45:52.188 [main] INFO  o.s.b.f.s.DefaultListableBeanFactory - Overriding bean definition for bean &apos;beanNameViewResolver&apos;: replacing [Root bean: class [null]; scope=; abstract=false; lazyInit=false; autowireMode=3; dependencyCheck=0; autowireCandidate=true; primary=false; factoryBeanName=org.springframework.boot.actuate.autoconfigure.ErrorMvcAutoConfiguration$WhitelabelErrorViewConfiguration; factoryMethodName=beanNameViewResolver; initMethodName=null; destroyMethodName=(inferred); defined in class path resource [org/springframework/boot/actuate/autoconfigure/ErrorMvcAutoConfiguration$WhitelabelErrorViewConfiguration.class]] with [Root bean: class [null]; scope=; abstract=false; lazyInit=false; autowireMode=3; dependencyCheck=0; autowireCandidate=true; primary=false; factoryBeanName=org.springframework.boot.autoconfigure.web.WebMvcAutoConfiguration$WebMvcAutoConfigurationAdapter; factoryMethodName=beanNameViewResolver; initMethodName=null; destroyMethodName=(inferred); defined in class path resource [org/springframework/boot/autoconfigure/web/WebMvcAutoConfiguration$WebMvcAutoConfigurationAdapter.class]]
10:45:52.190 [main] DEBUG o.s.b.f.s.DefaultListableBeanFactory - Returning cached instance of singleton bean &apos;autoConfigurationReport&apos;
10:45:52.190 [main] DEBUG o.s.c.a.ConfigurationClassBeanDefinitionReader - Registering bean definition for @Bean method org.springframework.boot.autoconfigure.web.WebMvcAutoConfiguration$WebMvcAutoConfigurationAdapter.viewResolver()
10:45:52.190 [main] DEBUG o.s.c.a.ConfigurationClassBeanDefinitionReader - Registered bean definition for imported @Configuration class org.springframework.boot.autoconfigure.web.WebMvcAutoConfiguration
10:45:52.192 [main] DEBUG o.s.b.f.s.DefaultListableBeanFactory - Returning cached instance of singleton bean &apos;autoConfigurationReport&apos;
10:45:52.192 [main] DEBUG o.s.c.a.ConfigurationClassBeanDefinitionReader - Registering bean definition for @Bean method org.springframework.boot.autoconfigure.web.WebMvcAutoConfiguration.hiddenHttpMethodFilter()
10:45:52.193 [main] DEBUG o.s.b.f.s.DefaultListableBeanFactory - Returning cached instance of singleton bean &apos;autoConfigurationReport&apos;
10:45:52.194 [main] DEBUG o.s.c.a.ConfigurationClassBeanDefinitionReader - Registered bean definition for imported @Configuration class org.springframework.boot.actuate.autoconfigure.AuditAutoConfiguration$AuditEventRepositoryConfiguration
10:45:52.194 [main] DEBUG o.s.c.a.ConfigurationClassBeanDefinitionReader - Registering bean definition for @Bean method org.springframework.boot.actuate.autoconfigure.AuditAutoConfiguration$AuditEventRepositoryConfiguration.auditEventRepository()
10:45:52.194 [main] DEBUG o.s.c.a.ConfigurationClassBeanDefinitionReader - Registered bean definition for imported @Configuration class org.springframework.boot.actuate.autoconfigure.AuditAutoConfiguration
10:45:52.194 [main] DEBUG o.s.c.a.ConfigurationClassBeanDefinitionReader - Registering bean definition for @Bean method org.springframework.boot.actuate.autoconfigure.AuditAutoConfiguration.auditListener()
10:45:52.195 [main] DEBUG o.s.b.f.s.DefaultListableBeanFactory - Returning cached instance of singleton bean &apos;autoConfigurationReport&apos;
10:45:52.195 [main] DEBUG o.s.b.f.s.DefaultListableBeanFactory - Returning cached instance of singleton bean &apos;autoConfigurationReport&apos;
10:45:52.195 [main] DEBUG o.s.c.a.ConfigurationClassBeanDefinitionReader - Registered bean definition for imported @Configuration class org.springframework.boot.actuate.autoconfigure.EndpointAutoConfiguration$InfoPropertiesConfiguration
10:45:52.195 [main] DEBUG o.s.c.a.ConfigurationClassBeanDefinitionReader - Registered bean definition for imported @Configuration class org.springframework.boot.actuate.autoconfigure.EndpointAutoConfiguration
10:45:52.197 [main] DEBUG o.s.b.f.s.DefaultListableBeanFactory - Returning cached instance of singleton bean &apos;autoConfigurationReport&apos;
10:45:52.197 [main] DEBUG o.s.c.a.ConfigurationClassBeanDefinitionReader - Registering bean definition for @Bean method org.springframework.boot.actuate.autoconfigure.EndpointAutoConfiguration.environmentEndpoint()
10:45:52.198 [main] DEBUG o.s.b.f.s.DefaultListableBeanFactory - Returning cached instance of singleton bean &apos;autoConfigurationReport&apos;
10:45:52.198 [main] DEBUG o.s.c.a.ConfigurationClassBeanDefinitionReader - Registering bean definition for @Bean method org.springframework.boot.actuate.autoconfigure.EndpointAutoConfiguration.healthEndpoint()
10:45:52.200 [main] DEBUG o.s.b.f.s.DefaultListableBeanFactory - Returning cached instance of singleton bean &apos;autoConfigurationReport&apos;
10:45:52.201 [main] DEBUG o.s.c.a.ConfigurationClassBeanDefinitionReader - Registering bean definition for @Bean method org.springframework.boot.actuate.autoconfigure.EndpointAutoConfiguration.beansEndpoint()
10:45:52.202 [main] DEBUG o.s.b.f.s.DefaultListableBeanFactory - Returning cached instance of singleton bean &apos;autoConfigurationReport&apos;
10:45:52.202 [main] DEBUG o.s.c.a.ConfigurationClassBeanDefinitionReader - Registering bean definition for @Bean method org.springframework.boot.actuate.autoconfigure.EndpointAutoConfiguration.infoEndpoint()
10:45:52.204 [main] DEBUG o.s.b.f.s.DefaultListableBeanFactory - Returning cached instance of singleton bean &apos;autoConfigurationReport&apos;
10:45:52.204 [main] DEBUG o.s.c.a.ConfigurationClassBeanDefinitionReader - Registering bean definition for @Bean method org.springframework.boot.actuate.autoconfigure.EndpointAutoConfiguration.metricsEndpoint()
10:45:52.205 [main] DEBUG o.s.b.f.s.DefaultListableBeanFactory - Returning cached instance of singleton bean &apos;autoConfigurationReport&apos;
10:45:52.206 [main] DEBUG o.s.c.a.ConfigurationClassBeanDefinitionReader - Registering bean definition for @Bean method org.springframework.boot.actuate.autoconfigure.EndpointAutoConfiguration.traceEndpoint()
10:45:52.209 [main] DEBUG o.s.b.f.s.DefaultListableBeanFactory - Returning cached instance of singleton bean &apos;autoConfigurationReport&apos;
10:45:52.209 [main] DEBUG o.s.c.a.ConfigurationClassBeanDefinitionReader - Registering bean definition for @Bean method org.springframework.boot.actuate.autoconfigure.EndpointAutoConfiguration.dumpEndpoint()
10:45:52.222 [main] DEBUG o.s.b.f.s.DefaultListableBeanFactory - Returning cached instance of singleton bean &apos;autoConfigurationReport&apos;
10:45:52.227 [main] DEBUG o.s.b.f.s.DefaultListableBeanFactory - Returning cached instance of singleton bean &apos;autoConfigurationReport&apos;
10:45:52.227 [main] DEBUG o.s.c.a.ConfigurationClassBeanDefinitionReader - Registering bean definition for @Bean method org.springframework.boot.actuate.autoconfigure.EndpointAutoConfiguration.autoConfigurationAuditEndpoint()
10:45:52.229 [main] DEBUG o.s.b.f.s.DefaultListableBeanFactory - Returning cached instance of singleton bean &apos;autoConfigurationReport&apos;
10:45:52.229 [main] DEBUG o.s.c.a.ConfigurationClassBeanDefinitionReader - Registering bean definition for @Bean method org.springframework.boot.actuate.autoconfigure.EndpointAutoConfiguration.shutdownEndpoint()
10:45:52.230 [main] DEBUG o.s.b.f.s.DefaultListableBeanFactory - Returning cached instance of singleton bean &apos;autoConfigurationReport&apos;
10:45:52.230 [main] DEBUG o.s.c.a.ConfigurationClassBeanDefinitionReader - Registering bean definition for @Bean method org.springframework.boot.actuate.autoconfigure.EndpointAutoConfiguration.configurationPropertiesReportEndpoint()
10:45:52.231 [main] DEBUG o.s.c.e.PropertySourcesPropertyResolver - Searching for key &apos;endpoints.jmx.enabled:true&apos; in [servletConfigInitParams]
10:45:52.231 [main] DEBUG o.s.c.e.PropertySourcesPropertyResolver - Searching for key &apos;endpoints.jmx.enabled:true&apos; in [servletContextInitParams]
10:45:52.231 [main] DEBUG o.s.c.e.PropertySourcesPropertyResolver - Searching for key &apos;endpoints.jmx.enabled:true&apos; in [jndiProperties]
10:45:52.231 [main] DEBUG o.springframework.jndi.JndiTemplate - Looking up JNDI object with name [endpoints.jmx.enabled:true]
10:45:52.231 [main] DEBUG o.s.jndi.JndiPropertySource - JNDI lookup for name [endpoints.jmx.enabled:true] threw NamingException with message: Need to specify class name in environment or system property, or as an applet parameter, or in an application resource file:  java.naming.factory.initial. Returning null.
10:45:52.231 [main] DEBUG o.s.c.e.PropertySourcesPropertyResolver - Searching for key &apos;endpoints.jmx.enabled:true&apos; in [systemProperties]
10:45:52.231 [main] DEBUG o.s.c.e.PropertySourcesPropertyResolver - Searching for key &apos;endpoints.jmx.enabled:true&apos; in [systemEnvironment]
10:45:52.231 [main] DEBUG o.s.c.e.PropertySourcesPropertyResolver - Could not find key &apos;endpoints.jmx.enabled:true&apos; in any property source. Returning [null]
10:45:52.231 [main] DEBUG o.s.c.e.PropertySourcesPropertyResolver - Searching for key &apos;endpoints.jmx.enabled&apos; in [servletConfigInitParams]
10:45:52.231 [main] DEBUG o.s.c.e.PropertySourcesPropertyResolver - Searching for key &apos;endpoints.jmx.enabled&apos; in [servletContextInitParams]
10:45:52.231 [main] DEBUG o.s.c.e.PropertySourcesPropertyResolver - Searching for key &apos;endpoints.jmx.enabled&apos; in [jndiProperties]
10:45:52.231 [main] DEBUG o.springframework.jndi.JndiTemplate - Looking up JNDI object with name [java:comp/env/endpoints.jmx.enabled]
10:45:52.231 [main] DEBUG o.s.jndi.JndiLocatorDelegate - Converted JNDI name [java:comp/env/endpoints.jmx.enabled] not found - trying original name [endpoints.jmx.enabled]. javax.naming.NoInitialContextException: Need to specify class name in environment or system property, or as an applet parameter, or in an application resource file:  java.naming.factory.initial
10:45:52.231 [main] DEBUG o.springframework.jndi.JndiTemplate - Looking up JNDI object with name [endpoints.jmx.enabled]
10:45:52.231 [main] DEBUG o.s.jndi.JndiPropertySource - JNDI lookup for name [endpoints.jmx.enabled] threw NamingException with message: Need to specify class name in environment or system property, or as an applet parameter, or in an application resource file:  java.naming.factory.initial. Returning null.
10:45:52.231 [main] DEBUG o.s.c.e.PropertySourcesPropertyResolver - Searching for key &apos;endpoints.jmx.enabled&apos; in [systemProperties]
10:45:52.231 [main] DEBUG o.s.c.e.PropertySourcesPropertyResolver - Searching for key &apos;endpoints.jmx.enabled&apos; in [systemEnvironment]
10:45:52.231 [main] DEBUG o.s.c.e.PropertySourcesPropertyResolver - Could not find key &apos;endpoints.jmx.enabled&apos; in any property source. Returning [null]
10:45:52.231 [main] DEBUG o.s.c.e.PropertySourcesPropertyResolver - Searching for key &apos;spring.jmx.enabled:true&apos; in [servletConfigInitParams]
10:45:52.232 [main] DEBUG o.s.c.e.PropertySourcesPropertyResolver - Searching for key &apos;spring.jmx.enabled:true&apos; in [servletContextInitParams]
10:45:52.232 [main] DEBUG o.s.c.e.PropertySourcesPropertyResolver - Searching for key &apos;spring.jmx.enabled:true&apos; in [jndiProperties]
10:45:52.232 [main] DEBUG o.springframework.jndi.JndiTemplate - Looking up JNDI object with name [spring.jmx.enabled:true]
10:45:52.232 [main] DEBUG o.s.jndi.JndiPropertySource - JNDI lookup for name [spring.jmx.enabled:true] threw NamingException with message: Need to specify class name in environment or system property, or as an applet parameter, or in an application resource file:  java.naming.factory.initial. Returning null.
10:45:52.232 [main] DEBUG o.s.c.e.PropertySourcesPropertyResolver - Searching for key &apos;spring.jmx.enabled:true&apos; in [systemProperties]
10:45:52.232 [main] DEBUG o.s.c.e.PropertySourcesPropertyResolver - Searching for key &apos;spring.jmx.enabled:true&apos; in [systemEnvironment]
10:45:52.232 [main] DEBUG o.s.c.e.PropertySourcesPropertyResolver - Could not find key &apos;spring.jmx.enabled:true&apos; in any property source. Returning [null]
10:45:52.232 [main] DEBUG o.s.c.e.PropertySourcesPropertyResolver - Searching for key &apos;spring.jmx.enabled&apos; in [servletConfigInitParams]
10:45:52.232 [main] DEBUG o.s.c.e.PropertySourcesPropertyResolver - Searching for key &apos;spring.jmx.enabled&apos; in [servletContextInitParams]
10:45:52.232 [main] DEBUG o.s.c.e.PropertySourcesPropertyResolver - Searching for key &apos;spring.jmx.enabled&apos; in [jndiProperties]
10:45:52.232 [main] DEBUG o.springframework.jndi.JndiTemplate - Looking up JNDI object with name [java:comp/env/spring.jmx.enabled]
10:45:52.232 [main] DEBUG o.s.jndi.JndiLocatorDelegate - Converted JNDI name [java:comp/env/spring.jmx.enabled] not found - trying original name [spring.jmx.enabled]. javax.naming.NoInitialContextException: Need to specify class name in environment or system property, or as an applet parameter, or in an application resource file:  java.naming.factory.initial
10:45:52.232 [main] DEBUG o.springframework.jndi.JndiTemplate - Looking up JNDI object with name [spring.jmx.enabled]
10:45:52.232 [main] DEBUG o.s.jndi.JndiPropertySource - JNDI lookup for name [spring.jmx.enabled] threw NamingException with message: Need to specify class name in environment or system property, or as an applet parameter, or in an application resource file:  java.naming.factory.initial. Returning null.
10:45:52.232 [main] DEBUG o.s.c.e.PropertySourcesPropertyResolver - Searching for key &apos;spring.jmx.enabled&apos; in [systemProperties]
10:45:52.232 [main] DEBUG o.s.c.e.PropertySourcesPropertyResolver - Searching for key &apos;spring.jmx.enabled&apos; in [systemEnvironment]
10:45:52.232 [main] DEBUG o.s.c.e.PropertySourcesPropertyResolver - Could not find key &apos;spring.jmx.enabled&apos; in any property source. Returning [null]
10:45:52.232 [main] DEBUG o.s.b.f.s.DefaultListableBeanFactory - Returning cached instance of singleton bean &apos;autoConfigurationReport&apos;
10:45:52.233 [main] DEBUG o.s.c.a.ConfigurationClassBeanDefinitionReader - Registered bean definition for imported @Configuration class org.springframework.boot.actuate.autoconfigure.EndpointMBeanExportAutoConfiguration
10:45:52.233 [main] DEBUG o.s.c.a.ConfigurationClassBeanDefinitionReader - Registering bean definition for @Bean method org.springframework.boot.actuate.autoconfigure.EndpointMBeanExportAutoConfiguration.endpointMBeanExporter()
10:45:52.233 [main] DEBUG o.s.b.f.s.DefaultListableBeanFactory - Returning cached instance of singleton bean &apos;autoConfigurationReport&apos;
10:45:52.233 [main] DEBUG o.s.c.a.ConfigurationClassBeanDefinitionReader - Registered bean definition for imported @Configuration class org.springframework.boot.autoconfigure.web.ServerPropertiesAutoConfiguration
10:45:52.236 [main] DEBUG o.s.b.f.s.DefaultListableBeanFactory - Returning cached instance of singleton bean &apos;autoConfigurationReport&apos;
10:45:52.236 [main] DEBUG o.s.c.a.ConfigurationClassBeanDefinitionReader - Registering bean definition for @Bean method org.springframework.boot.autoconfigure.web.ServerPropertiesAutoConfiguration.org.springframework.boot.autoconfigure.web.ServerProperties()
10:45:52.236 [main] DEBUG o.s.c.a.ConfigurationClassBeanDefinitionReader - Registered bean definition for imported @Configuration class org.springframework.boot.actuate.autoconfigure.ManagementServerPropertiesAutoConfiguration
10:45:52.238 [main] DEBUG o.s.b.f.s.DefaultListableBeanFactory - Returning cached instance of singleton bean &apos;autoConfigurationReport&apos;
10:45:52.238 [main] DEBUG o.s.c.a.ConfigurationClassBeanDefinitionReader - Registering bean definition for @Bean method org.springframework.boot.actuate.autoconfigure.ManagementServerPropertiesAutoConfiguration.org.springframework.actuate.properties.ManagementServerProperties()
10:45:52.241 [main] DEBUG o.s.b.f.s.DefaultListableBeanFactory - Returning cached instance of singleton bean &apos;autoConfigurationReport&apos;
10:45:52.242 [main] DEBUG o.s.b.f.s.DefaultListableBeanFactory - Returning cached instance of singleton bean &apos;autoConfigurationReport&apos;
10:45:52.242 [main] DEBUG o.s.b.f.s.DefaultListableBeanFactory - Returning cached instance of singleton bean &apos;autoConfigurationReport&apos;
10:45:52.243 [main] DEBUG o.s.b.f.s.DefaultListableBeanFactory - Returning cached instance of singleton bean &apos;autoConfigurationReport&apos;
10:45:52.243 [main] DEBUG o.s.c.a.ConfigurationClassBeanDefinitionReader - Registered bean definition for imported @Configuration class org.springframework.boot.actuate.autoconfigure.EndpointWebMvcAutoConfiguration$ApplicationContextFilterConfiguration
10:45:52.243 [main] DEBUG o.s.c.a.ConfigurationClassBeanDefinitionReader - Registering bean definition for @Bean method org.springframework.boot.actuate.autoconfigure.EndpointWebMvcAutoConfiguration$ApplicationContextFilterConfiguration.applicationContextIdFilter()
10:45:52.243 [main] DEBUG o.s.c.a.ConfigurationClassBeanDefinitionReader - Registered bean definition for imported @Configuration class org.springframework.boot.actuate.autoconfigure.EndpointWebMvcAutoConfiguration
10:45:52.247 [main] DEBUG o.s.b.f.s.DefaultListableBeanFactory - Returning cached instance of singleton bean &apos;autoConfigurationReport&apos;
10:45:52.247 [main] DEBUG o.s.c.a.ConfigurationClassBeanDefinitionReader - Registering bean definition for @Bean method org.springframework.boot.actuate.autoconfigure.EndpointWebMvcAutoConfiguration.endpointHandlerMapping()
10:45:52.251 [main] DEBUG o.s.b.f.s.DefaultListableBeanFactory - Returning cached instance of singleton bean &apos;autoConfigurationReport&apos;
10:45:52.251 [main] DEBUG o.s.c.a.ConfigurationClassBeanDefinitionReader - Registering bean definition for @Bean method org.springframework.boot.actuate.autoconfigure.EndpointWebMvcAutoConfiguration.mvcEndpoints()
10:45:52.254 [main] DEBUG o.s.b.f.s.DefaultListableBeanFactory - Returning cached instance of singleton bean &apos;autoConfigurationReport&apos;
10:45:52.255 [main] DEBUG o.s.c.a.ConfigurationClassBeanDefinitionReader - Registering bean definition for @Bean method org.springframework.boot.actuate.autoconfigure.EndpointWebMvcAutoConfiguration.environmentMvcEndpoint()
10:45:52.257 [main] DEBUG o.s.b.f.s.DefaultListableBeanFactory - Returning cached instance of singleton bean &apos;autoConfigurationReport&apos;
10:45:52.258 [main] DEBUG o.s.c.a.ConfigurationClassBeanDefinitionReader - Registering bean definition for @Bean method org.springframework.boot.actuate.autoconfigure.EndpointWebMvcAutoConfiguration.metricsMvcEndpoint()
10:45:52.259 [main] DEBUG o.s.b.f.s.DefaultListableBeanFactory - Returning cached instance of singleton bean &apos;autoConfigurationReport&apos;
10:45:52.260 [main] DEBUG o.s.c.a.ConfigurationClassBeanDefinitionReader - Registering bean definition for @Bean method org.springframework.boot.actuate.autoconfigure.EndpointWebMvcAutoConfiguration.shutdownMvcEndpoint()
10:45:52.262 [main] DEBUG o.s.b.f.s.DefaultListableBeanFactory - Returning cached instance of singleton bean &apos;autoConfigurationReport&apos;
10:45:52.262 [main] DEBUG o.s.c.a.ConfigurationClassBeanDefinitionReader - Registered bean definition for imported @Configuration class org.springframework.boot.actuate.autoconfigure.MetricRepositoryAutoConfiguration$MetricRepositoryConfiguration
10:45:52.262 [main] DEBUG o.s.c.a.ConfigurationClassBeanDefinitionReader - Registering bean definition for @Bean method org.springframework.boot.actuate.autoconfigure.MetricRepositoryAutoConfiguration$MetricRepositoryConfiguration.metricRepository()
10:45:52.262 [main] DEBUG o.s.c.a.ConfigurationClassBeanDefinitionReader - Registered bean definition for imported @Configuration class org.springframework.boot.actuate.autoconfigure.MetricRepositoryAutoConfiguration
10:45:52.264 [main] DEBUG o.s.b.f.s.DefaultListableBeanFactory - Returning cached instance of singleton bean &apos;autoConfigurationReport&apos;
10:45:52.264 [main] DEBUG o.s.c.a.ConfigurationClassBeanDefinitionReader - Registering bean definition for @Bean method org.springframework.boot.actuate.autoconfigure.MetricRepositoryAutoConfiguration.counterService()
10:45:52.267 [main] DEBUG o.s.b.f.s.DefaultListableBeanFactory - Returning cached instance of singleton bean &apos;autoConfigurationReport&apos;
10:45:52.267 [main] DEBUG o.s.c.a.ConfigurationClassBeanDefinitionReader - Registering bean definition for @Bean method org.springframework.boot.actuate.autoconfigure.MetricRepositoryAutoConfiguration.gaugeService()
10:45:52.278 [main] DEBUG o.s.b.f.s.DefaultListableBeanFactory - Returning cached instance of singleton bean &apos;autoConfigurationReport&apos;
10:45:52.279 [main] DEBUG o.s.b.f.s.DefaultListableBeanFactory - Returning cached instance of singleton bean &apos;autoConfigurationReport&apos;
10:45:52.280 [main] DEBUG o.s.c.a.ConfigurationClassBeanDefinitionReader - Registered bean definition for imported @Configuration class org.springframework.boot.actuate.autoconfigure.MetricFilterAutoConfiguration
10:45:52.281 [main] DEBUG o.s.c.a.ConfigurationClassBeanDefinitionReader - Registering bean definition for @Bean method org.springframework.boot.actuate.autoconfigure.MetricFilterAutoConfiguration.metricFilter()
10:45:52.281 [main] DEBUG o.s.c.a.ConfigurationClassBeanDefinitionReader - Registered bean definition for imported @Configuration class org.springframework.boot.actuate.autoconfigure.TraceRepositoryAutoConfiguration
10:45:52.290 [main] DEBUG o.s.b.f.s.DefaultListableBeanFactory - Returning cached instance of singleton bean &apos;autoConfigurationReport&apos;
10:45:52.290 [main] DEBUG o.s.c.a.ConfigurationClassBeanDefinitionReader - Registering bean definition for @Bean method org.springframework.boot.actuate.autoconfigure.TraceRepositoryAutoConfiguration.traceRepository()
10:45:52.291 [main] DEBUG o.s.b.f.s.DefaultListableBeanFactory - Returning cached instance of singleton bean &apos;autoConfigurationReport&apos;
10:45:52.291 [main] DEBUG o.s.c.a.ConfigurationClassBeanDefinitionReader - Registered bean definition for imported @Configuration class org.springframework.boot.actuate.autoconfigure.TraceWebFilterAutoConfiguration
10:45:52.291 [main] DEBUG o.s.c.a.ConfigurationClassBeanDefinitionReader - Registering bean definition for @Bean method org.springframework.boot.actuate.autoconfigure.TraceWebFilterAutoConfiguration.webRequestLoggingFilter()
10:45:52.291 [main] DEBUG o.s.b.f.s.DefaultListableBeanFactory - Returning cached instance of singleton bean &apos;autoConfigurationReport&apos;
10:45:52.291 [main] DEBUG o.s.c.e.PropertySourcesPropertyResolver - Searching for key &apos;spring.aop.auto:true&apos; in [servletConfigInitParams]
10:45:52.291 [main] DEBUG o.s.c.e.PropertySourcesPropertyResolver - Searching for key &apos;spring.aop.auto:true&apos; in [servletContextInitParams]
10:45:52.291 [main] DEBUG o.s.c.e.PropertySourcesPropertyResolver - Searching for key &apos;spring.aop.auto:true&apos; in [jndiProperties]
10:45:52.291 [main] DEBUG o.springframework.jndi.JndiTemplate - Looking up JNDI object with name [spring.aop.auto:true]
10:45:52.291 [main] DEBUG o.s.jndi.JndiPropertySource - JNDI lookup for name [spring.aop.auto:true] threw NamingException with message: Need to specify class name in environment or system property, or as an applet parameter, or in an application resource file:  java.naming.factory.initial. Returning null.
10:45:52.291 [main] DEBUG o.s.c.e.PropertySourcesPropertyResolver - Searching for key &apos;spring.aop.auto:true&apos; in [systemProperties]
10:45:52.291 [main] DEBUG o.s.c.e.PropertySourcesPropertyResolver - Searching for key &apos;spring.aop.auto:true&apos; in [systemEnvironment]
10:45:52.291 [main] DEBUG o.s.c.e.PropertySourcesPropertyResolver - Could not find key &apos;spring.aop.auto:true&apos; in any property source. Returning [null]
10:45:52.291 [main] DEBUG o.s.c.e.PropertySourcesPropertyResolver - Searching for key &apos;spring.aop.auto&apos; in [servletConfigInitParams]
10:45:52.292 [main] DEBUG o.s.c.e.PropertySourcesPropertyResolver - Searching for key &apos;spring.aop.auto&apos; in [servletContextInitParams]
10:45:52.292 [main] DEBUG o.s.c.e.PropertySourcesPropertyResolver - Searching for key &apos;spring.aop.auto&apos; in [jndiProperties]
10:45:52.292 [main] DEBUG o.springframework.jndi.JndiTemplate - Looking up JNDI object with name [java:comp/env/spring.aop.auto]
10:45:52.292 [main] DEBUG o.s.jndi.JndiLocatorDelegate - Converted JNDI name [java:comp/env/spring.aop.auto] not found - trying original name [spring.aop.auto]. javax.naming.NoInitialContextException: Need to specify class name in environment or system property, or as an applet parameter, or in an application resource file:  java.naming.factory.initial
10:45:52.292 [main] DEBUG o.springframework.jndi.JndiTemplate - Looking up JNDI object with name [spring.aop.auto]
10:45:52.292 [main] DEBUG o.s.jndi.JndiPropertySource - JNDI lookup for name [spring.aop.auto] threw NamingException with message: Need to specify class name in environment or system property, or as an applet parameter, or in an application resource file:  java.naming.factory.initial. Returning null.
10:45:52.292 [main] DEBUG o.s.c.e.PropertySourcesPropertyResolver - Searching for key &apos;spring.aop.auto&apos; in [systemProperties]
10:45:52.292 [main] DEBUG o.s.c.e.PropertySourcesPropertyResolver - Searching for key &apos;spring.aop.auto&apos; in [systemEnvironment]
10:45:52.292 [main] DEBUG o.s.c.e.PropertySourcesPropertyResolver - Could not find key &apos;spring.aop.auto&apos; in any property source. Returning [null]
10:45:52.292 [main] DEBUG o.s.b.f.s.DefaultListableBeanFactory - Returning cached instance of singleton bean &apos;autoConfigurationReport&apos;
10:45:52.292 [main] DEBUG o.s.c.e.PropertySourcesPropertyResolver - Searching for key &apos;spring.aop.proxyTargetClass:false&apos; in [servletConfigInitParams]
10:45:52.292 [main] DEBUG o.s.c.e.PropertySourcesPropertyResolver - Searching for key &apos;spring.aop.proxyTargetClass:false&apos; in [servletContextInitParams]
10:45:52.292 [main] DEBUG o.s.c.e.PropertySourcesPropertyResolver - Searching for key &apos;spring.aop.proxyTargetClass:false&apos; in [jndiProperties]
10:45:52.292 [main] DEBUG o.springframework.jndi.JndiTemplate - Looking up JNDI object with name [spring.aop.proxyTargetClass:false]
10:45:52.292 [main] DEBUG o.s.jndi.JndiPropertySource - JNDI lookup for name [spring.aop.proxyTargetClass:false] threw NamingException with message: Need to specify class name in environment or system property, or as an applet parameter, or in an application resource file:  java.naming.factory.initial. Returning null.
10:45:52.293 [main] DEBUG o.s.c.e.PropertySourcesPropertyResolver - Searching for key &apos;spring.aop.proxyTargetClass:false&apos; in [systemProperties]
10:45:52.293 [main] DEBUG o.s.c.e.PropertySourcesPropertyResolver - Searching for key &apos;spring.aop.proxyTargetClass:false&apos; in [systemEnvironment]
10:45:52.293 [main] DEBUG o.s.c.e.PropertySourcesPropertyResolver - Could not find key &apos;spring.aop.proxyTargetClass:false&apos; in any property source. Returning [null]
10:45:52.293 [main] DEBUG o.s.c.e.PropertySourcesPropertyResolver - Searching for key &apos;spring.aop.proxyTargetClass&apos; in [servletConfigInitParams]
10:45:52.293 [main] DEBUG o.s.c.e.PropertySourcesPropertyResolver - Searching for key &apos;spring.aop.proxyTargetClass&apos; in [servletContextInitParams]
10:45:52.293 [main] DEBUG o.s.c.e.PropertySourcesPropertyResolver - Searching for key &apos;spring.aop.proxyTargetClass&apos; in [jndiProperties]
10:45:52.293 [main] DEBUG o.springframework.jndi.JndiTemplate - Looking up JNDI object with name [java:comp/env/spring.aop.proxyTargetClass]
10:45:52.293 [main] DEBUG o.s.jndi.JndiLocatorDelegate - Converted JNDI name [java:comp/env/spring.aop.proxyTargetClass] not found - trying original name [spring.aop.proxyTargetClass]. javax.naming.NoInitialContextException: Need to specify class name in environment or system property, or as an applet parameter, or in an application resource file:  java.naming.factory.initial
10:45:52.293 [main] DEBUG o.springframework.jndi.JndiTemplate - Looking up JNDI object with name [spring.aop.proxyTargetClass]
10:45:52.293 [main] DEBUG o.s.jndi.JndiPropertySource - JNDI lookup for name [spring.aop.proxyTargetClass] threw NamingException with message: Need to specify class name in environment or system property, or as an applet parameter, or in an application resource file:  java.naming.factory.initial. Returning null.
10:45:52.293 [main] DEBUG o.s.c.e.PropertySourcesPropertyResolver - Searching for key &apos;spring.aop.proxyTargetClass&apos; in [systemProperties]
10:45:52.293 [main] DEBUG o.s.c.e.PropertySourcesPropertyResolver - Searching for key &apos;spring.aop.proxyTargetClass&apos; in [systemEnvironment]
10:45:52.293 [main] DEBUG o.s.c.e.PropertySourcesPropertyResolver - Could not find key &apos;spring.aop.proxyTargetClass&apos; in any property source. Returning [null]
10:45:52.293 [main] DEBUG o.s.b.f.s.DefaultListableBeanFactory - Returning cached instance of singleton bean &apos;autoConfigurationReport&apos;
10:45:52.294 [main] DEBUG o.s.c.a.ConfigurationClassBeanDefinitionReader - Registered bean definition for imported @Configuration class org.springframework.boot.autoconfigure.aop.AopAutoConfiguration$JdkDynamicAutoProxyConfiguration
10:45:52.294 [main] DEBUG o.s.c.a.ConfigurationClassBeanDefinitionReader - Registered bean definition for imported @Configuration class org.springframework.boot.autoconfigure.aop.AopAutoConfiguration
10:45:52.294 [main] DEBUG o.s.b.f.s.DefaultListableBeanFactory - Returning cached instance of singleton bean &apos;autoConfigurationReport&apos;
10:45:52.295 [main] DEBUG o.s.c.e.PropertySourcesPropertyResolver - Searching for key &apos;spring.datasource.driverClassName&apos; in [servletConfigInitParams]
10:45:52.295 [main] DEBUG o.s.c.e.PropertySourcesPropertyResolver - Searching for key &apos;spring.datasource.driverClassName&apos; in [servletContextInitParams]
10:45:52.295 [main] DEBUG o.s.c.e.PropertySourcesPropertyResolver - Searching for key &apos;spring.datasource.driverClassName&apos; in [jndiProperties]
10:45:52.295 [main] DEBUG o.springframework.jndi.JndiTemplate - Looking up JNDI object with name [java:comp/env/spring.datasource.driverClassName]
10:45:52.295 [main] DEBUG o.s.jndi.JndiLocatorDelegate - Converted JNDI name [java:comp/env/spring.datasource.driverClassName] not found - trying original name [spring.datasource.driverClassName]. javax.naming.NoInitialContextException: Need to specify class name in environment or system property, or as an applet parameter, or in an application resource file:  java.naming.factory.initial
10:45:52.295 [main] DEBUG o.springframework.jndi.JndiTemplate - Looking up JNDI object with name [spring.datasource.driverClassName]
10:45:52.295 [main] DEBUG o.s.jndi.JndiPropertySource - JNDI lookup for name [spring.datasource.driverClassName] threw NamingException with message: Need to specify class name in environment or system property, or as an applet parameter, or in an application resource file:  java.naming.factory.initial. Returning null.
10:45:52.295 [main] DEBUG o.s.c.e.PropertySourcesPropertyResolver - Searching for key &apos;spring.datasource.driverClassName&apos; in [systemProperties]
10:45:52.295 [main] DEBUG o.s.c.e.PropertySourcesPropertyResolver - Searching for key &apos;spring.datasource.driverClassName&apos; in [systemEnvironment]
10:45:52.295 [main] DEBUG o.s.c.e.PropertySourcesPropertyResolver - Could not find key &apos;spring.datasource.driverClassName&apos; in any property source. Returning [null]
10:45:52.296 [main] DEBUG o.s.c.e.PropertySourcesPropertyResolver - Searching for key &apos;spring.datasource.url&apos; in [servletConfigInitParams]
10:45:52.296 [main] DEBUG o.s.c.e.PropertySourcesPropertyResolver - Searching for key &apos;spring.datasource.url&apos; in [servletContextInitParams]
10:45:52.296 [main] DEBUG o.s.c.e.PropertySourcesPropertyResolver - Searching for key &apos;spring.datasource.url&apos; in [jndiProperties]
10:45:52.296 [main] DEBUG o.springframework.jndi.JndiTemplate - Looking up JNDI object with name [java:comp/env/spring.datasource.url]
10:45:52.296 [main] DEBUG o.s.jndi.JndiLocatorDelegate - Converted JNDI name [java:comp/env/spring.datasource.url] not found - trying original name [spring.datasource.url]. javax.naming.NoInitialContextException: Need to specify class name in environment or system property, or as an applet parameter, or in an application resource file:  java.naming.factory.initial
10:45:52.296 [main] DEBUG o.springframework.jndi.JndiTemplate - Looking up JNDI object with name [spring.datasource.url]
10:45:52.296 [main] DEBUG o.s.jndi.JndiPropertySource - JNDI lookup for name [spring.datasource.url] threw NamingException with message: Need to specify class name in environment or system property, or as an applet parameter, or in an application resource file:  java.naming.factory.initial. Returning null.
10:45:52.296 [main] DEBUG o.s.c.e.PropertySourcesPropertyResolver - Searching for key &apos;spring.datasource.url&apos; in [systemProperties]
10:45:52.296 [main] DEBUG o.s.c.e.PropertySourcesPropertyResolver - Searching for key &apos;spring.datasource.url&apos; in [systemEnvironment]
10:45:52.296 [main] DEBUG o.s.c.e.PropertySourcesPropertyResolver - Could not find key &apos;spring.datasource.url&apos; in any property source. Returning [null]
10:45:52.297 [main] DEBUG o.s.b.f.s.DefaultListableBeanFactory - Returning cached instance of singleton bean &apos;autoConfigurationReport&apos;
10:45:52.297 [main] DEBUG o.s.c.a.ConfigurationClassBeanDefinitionReader - Registered bean definition for imported @Configuration class org.springframework.boot.autoconfigure.jdbc.DataSourceAutoConfiguration$JdbcTemplateConfiguration
10:45:52.299 [main] DEBUG o.s.b.f.s.DefaultListableBeanFactory - Returning cached instance of singleton bean &apos;autoConfigurationReport&apos;
10:45:52.299 [main] DEBUG o.s.c.a.ConfigurationClassBeanDefinitionReader - Registering bean definition for @Bean method org.springframework.boot.autoconfigure.jdbc.DataSourceAutoConfiguration$JdbcTemplateConfiguration.jdbcTemplate()
10:45:52.302 [main] DEBUG o.s.b.f.s.DefaultListableBeanFactory - Returning cached instance of singleton bean &apos;autoConfigurationReport&apos;
10:45:52.303 [main] DEBUG o.s.c.a.ConfigurationClassBeanDefinitionReader - Registering bean definition for @Bean method org.springframework.boot.autoconfigure.jdbc.DataSourceAutoConfiguration$JdbcTemplateConfiguration.namedParameterJdbcTemplate()
10:45:52.303 [main] DEBUG o.s.c.e.PropertySourcesPropertyResolver - Searching for key &apos;spring.datasource.driverClassName&apos; in [servletConfigInitParams]
10:45:52.303 [main] DEBUG o.s.c.e.PropertySourcesPropertyResolver - Searching for key &apos;spring.datasource.driverClassName&apos; in [servletContextInitParams]
10:45:52.303 [main] DEBUG o.s.c.e.PropertySourcesPropertyResolver - Searching for key &apos;spring.datasource.driverClassName&apos; in [jndiProperties]
10:45:52.303 [main] DEBUG o.springframework.jndi.JndiTemplate - Looking up JNDI object with name [java:comp/env/spring.datasource.driverClassName]
10:45:52.303 [main] DEBUG o.s.jndi.JndiLocatorDelegate - Converted JNDI name [java:comp/env/spring.datasource.driverClassName] not found - trying original name [spring.datasource.driverClassName]. javax.naming.NoInitialContextException: Need to specify class name in environment or system property, or as an applet parameter, or in an application resource file:  java.naming.factory.initial
10:45:52.303 [main] DEBUG o.springframework.jndi.JndiTemplate - Looking up JNDI object with name [spring.datasource.driverClassName]
10:45:52.304 [main] DEBUG o.s.jndi.JndiPropertySource - JNDI lookup for name [spring.datasource.driverClassName] threw NamingException with message: Need to specify class name in environment or system property, or as an applet parameter, or in an application resource file:  java.naming.factory.initial. Returning null.
10:45:52.304 [main] DEBUG o.s.c.e.PropertySourcesPropertyResolver - Searching for key &apos;spring.datasource.driverClassName&apos; in [systemProperties]
10:45:52.304 [main] DEBUG o.s.c.e.PropertySourcesPropertyResolver - Searching for key &apos;spring.datasource.driverClassName&apos; in [systemEnvironment]
10:45:52.304 [main] DEBUG o.s.c.e.PropertySourcesPropertyResolver - Could not find key &apos;spring.datasource.driverClassName&apos; in any property source. Returning [null]
10:45:52.304 [main] DEBUG o.s.c.e.PropertySourcesPropertyResolver - Searching for key &apos;spring.datasource.url&apos; in [servletConfigInitParams]
10:45:52.304 [main] DEBUG o.s.c.e.PropertySourcesPropertyResolver - Searching for key &apos;spring.datasource.url&apos; in [servletContextInitParams]
10:45:52.304 [main] DEBUG o.s.c.e.PropertySourcesPropertyResolver - Searching for key &apos;spring.datasource.url&apos; in [jndiProperties]
10:45:52.304 [main] DEBUG o.springframework.jndi.JndiTemplate - Looking up JNDI object with name [java:comp/env/spring.datasource.url]
10:45:52.304 [main] DEBUG o.s.jndi.JndiLocatorDelegate - Converted JNDI name [java:comp/env/spring.datasource.url] not found - trying original name [spring.datasource.url]. javax.naming.NoInitialContextException: Need to specify class name in environment or system property, or as an applet parameter, or in an application resource file:  java.naming.factory.initial
10:45:52.304 [main] DEBUG o.springframework.jndi.JndiTemplate - Looking up JNDI object with name [spring.datasource.url]
10:45:52.305 [main] DEBUG o.s.jndi.JndiPropertySource - JNDI lookup for name [spring.datasource.url] threw NamingException with message: Need to specify class name in environment or system property, or as an applet parameter, or in an application resource file:  java.naming.factory.initial. Returning null.
10:45:52.305 [main] DEBUG o.s.c.e.PropertySourcesPropertyResolver - Searching for key &apos;spring.datasource.url&apos; in [systemProperties]
10:45:52.305 [main] DEBUG o.s.c.e.PropertySourcesPropertyResolver - Searching for key &apos;spring.datasource.url&apos; in [systemEnvironment]
10:45:52.305 [main] DEBUG o.s.c.e.PropertySourcesPropertyResolver - Could not find key &apos;spring.datasource.url&apos; in any property source. Returning [null]
10:45:52.305 [main] DEBUG o.s.b.f.s.DefaultListableBeanFactory - Returning cached instance of singleton bean &apos;autoConfigurationReport&apos;
10:45:52.307 [main] DEBUG o.s.b.f.s.DefaultListableBeanFactory - Returning cached instance of singleton bean &apos;autoConfigurationReport&apos;
10:45:52.307 [main] DEBUG o.s.c.a.ConfigurationClassBeanDefinitionReader - Registered bean definition for imported @Configuration class org.springframework.boot.autoconfigure.jdbc.CommonsDataSourceConfiguration
10:45:52.307 [main] DEBUG o.s.c.a.ConfigurationClassBeanDefinitionReader - Registering bean definition for @Bean method org.springframework.boot.autoconfigure.jdbc.CommonsDataSourceConfiguration.dataSource()
10:45:52.308 [main] DEBUG o.s.c.a.ConfigurationClassBeanDefinitionReader - Registered bean definition for imported @Configuration class org.springframework.boot.autoconfigure.jdbc.DataSourceAutoConfiguration$DbcpConfiguration
10:45:52.308 [main] DEBUG o.s.c.a.ConfigurationClassBeanDefinitionReader - Registered bean definition for imported @Configuration class org.springframework.boot.autoconfigure.jdbc.DataSourceAutoConfiguration
10:45:52.312 [main] DEBUG o.s.b.f.s.DefaultListableBeanFactory - Returning cached instance of singleton bean &apos;autoConfigurationReport&apos;
10:45:52.312 [main] DEBUG o.s.b.f.s.DefaultListableBeanFactory - Returning cached instance of singleton bean &apos;autoConfigurationReport&apos;
10:45:52.312 [main] DEBUG o.s.c.a.ConfigurationClassBeanDefinitionReader - Registered bean definition for imported @Configuration class org.springframework.boot.autoconfigure.jdbc.DataSourceTransactionManagerAutoConfiguration
10:45:52.314 [main] DEBUG o.s.b.f.s.DefaultListableBeanFactory - Returning cached instance of singleton bean &apos;autoConfigurationReport&apos;
10:45:52.314 [main] DEBUG o.s.b.f.s.DefaultListableBeanFactory - Returning cached instance of singleton bean &apos;autoConfigurationReport&apos;
10:45:52.316 [main] DEBUG o.s.b.f.s.DefaultListableBeanFactory - Returning cached instance of singleton bean &apos;autoConfigurationReport&apos;
10:45:52.316 [main] DEBUG o.s.b.f.s.DefaultListableBeanFactory - Returning cached instance of singleton bean &apos;autoConfigurationReport&apos;
10:45:52.316 [main] DEBUG o.s.b.f.s.DefaultListableBeanFactory - Returning cached instance of singleton bean &apos;autoConfigurationReport&apos;
10:45:52.316 [main] DEBUG o.s.c.a.ConfigurationClassBeanDefinitionReader - Registered bean definition for imported @Configuration class org.springframework.boot.autoconfigure.web.HttpMessageConvertersAutoConfiguration$ObjectMappers
10:45:52.320 [main] DEBUG o.s.b.f.s.DefaultListableBeanFactory - Returning cached instance of singleton bean &apos;autoConfigurationReport&apos;
10:45:52.320 [main] DEBUG o.s.c.a.ConfigurationClassBeanDefinitionReader - Registering bean definition for @Bean method org.springframework.boot.autoconfigure.web.HttpMessageConvertersAutoConfiguration$ObjectMappers.jacksonObjectMapper()
10:45:52.322 [main] DEBUG o.s.b.f.s.DefaultListableBeanFactory - Returning cached instance of singleton bean &apos;autoConfigurationReport&apos;
10:45:52.322 [main] DEBUG o.s.c.a.ConfigurationClassBeanDefinitionReader - Registering bean definition for @Bean method org.springframework.boot.autoconfigure.web.HttpMessageConvertersAutoConfiguration$ObjectMappers.mappingJackson2HttpMessageConverter()
10:45:52.322 [main] DEBUG o.s.c.a.ConfigurationClassBeanDefinitionReader - Registered bean definition for imported @Configuration class org.springframework.boot.autoconfigure.web.HttpMessageConvertersAutoConfiguration
10:45:52.324 [main] DEBUG o.s.b.f.s.DefaultListableBeanFactory - Returning cached instance of singleton bean &apos;autoConfigurationReport&apos;
10:45:52.324 [main] DEBUG o.s.c.a.ConfigurationClassBeanDefinitionReader - Registering bean definition for @Bean method org.springframework.boot.autoconfigure.web.HttpMessageConvertersAutoConfiguration.messageConverters()
10:45:52.325 [main] DEBUG o.s.b.f.s.DefaultListableBeanFactory - Returning cached instance of singleton bean &apos;autoConfigurationReport&apos;
10:45:52.327 [main] DEBUG o.s.b.f.s.DefaultListableBeanFactory - Returning cached instance of singleton bean &apos;autoConfigurationReport&apos;
10:45:52.329 [main] DEBUG o.s.c.a.ConfigurationClassEnhancer - Successfully enhanced org.springframework.boot.autoconfigure.MessageSourceAutoConfiguration; enhanced class name is: org.springframework.boot.autoconfigure.MessageSourceAutoConfiguration$$EnhancerByCGLIB$$edf514a3
10:45:52.329 [main] DEBUG o.s.c.a.ConfigurationClassPostProcessor - Replacing bean definition &apos;org.springframework.boot.autoconfigure.MessageSourceAutoConfiguration&apos; existing class name &apos;org.springframework.boot.autoconfigure.MessageSourceAutoConfiguration&apos; with enhanced class name &apos;org.springframework.boot.autoconfigure.MessageSourceAutoConfiguration$$EnhancerByCGLIB$$edf514a3&apos;
10:45:52.329 [main] DEBUG o.s.c.a.ConfigurationClassEnhancer - Successfully enhanced org.springframework.boot.autoconfigure.PropertyPlaceholderAutoConfiguration; enhanced class name is: org.springframework.boot.autoconfigure.PropertyPlaceholderAutoConfiguration$$EnhancerByCGLIB$$af9d3b47
10:45:52.330 [main] DEBUG o.s.c.a.ConfigurationClassPostProcessor - Replacing bean definition &apos;org.springframework.boot.autoconfigure.PropertyPlaceholderAutoConfiguration&apos; existing class name &apos;org.springframework.boot.autoconfigure.PropertyPlaceholderAutoConfiguration&apos; with enhanced class name &apos;org.springframework.boot.autoconfigure.PropertyPlaceholderAutoConfiguration$$EnhancerByCGLIB$$af9d3b47&apos;
10:45:52.330 [main] DEBUG o.s.c.a.ConfigurationClassEnhancer - Successfully enhanced org.springframework.boot.autoconfigure.web.EmbeddedServletContainerAutoConfiguration$EmbeddedTomcat; enhanced class name is: org.springframework.boot.autoconfigure.web.EmbeddedServletContainerAutoConfiguration$EmbeddedTomcat$$EnhancerByCGLIB$$cc884669
10:45:52.330 [main] DEBUG o.s.c.a.ConfigurationClassPostProcessor - Replacing bean definition &apos;org.springframework.boot.autoconfigure.web.EmbeddedServletContainerAutoConfiguration$EmbeddedTomcat&apos; existing class name &apos;org.springframework.boot.autoconfigure.web.EmbeddedServletContainerAutoConfiguration$EmbeddedTomcat&apos; with enhanced class name &apos;org.springframework.boot.autoconfigure.web.EmbeddedServletContainerAutoConfiguration$EmbeddedTomcat$$EnhancerByCGLIB$$cc884669&apos;
10:45:52.330 [main] DEBUG o.s.c.a.ConfigurationClassEnhancer - Successfully enhanced org.springframework.boot.autoconfigure.web.EmbeddedServletContainerAutoConfiguration; enhanced class name is: org.springframework.boot.autoconfigure.web.EmbeddedServletContainerAutoConfiguration$$EnhancerByCGLIB$$bc7c2c8d
10:45:52.330 [main] DEBUG o.s.c.a.ConfigurationClassPostProcessor - Replacing bean definition &apos;org.springframework.boot.autoconfigure.web.EmbeddedServletContainerAutoConfiguration&apos; existing class name &apos;org.springframework.boot.autoconfigure.web.EmbeddedServletContainerAutoConfiguration&apos; with enhanced class name &apos;org.springframework.boot.autoconfigure.web.EmbeddedServletContainerAutoConfiguration$$EnhancerByCGLIB$$bc7c2c8d&apos;
10:45:52.330 [main] DEBUG o.s.c.a.ConfigurationClassEnhancer - Successfully enhanced org.springframework.boot.autoconfigure.web.DispatcherServletAutoConfiguration; enhanced class name is: org.springframework.boot.autoconfigure.web.DispatcherServletAutoConfiguration$$EnhancerByCGLIB$$7c40f3a1
10:45:52.330 [main] DEBUG o.s.c.a.ConfigurationClassPostProcessor - Replacing bean definition &apos;org.springframework.boot.autoconfigure.web.DispatcherServletAutoConfiguration&apos; existing class name &apos;org.springframework.boot.autoconfigure.web.DispatcherServletAutoConfiguration&apos; with enhanced class name &apos;org.springframework.boot.autoconfigure.web.DispatcherServletAutoConfiguration$$EnhancerByCGLIB$$7c40f3a1&apos;
10:45:52.330 [main] DEBUG o.s.c.a.ConfigurationClassEnhancer - Successfully enhanced org.springframework.boot.actuate.autoconfigure.ErrorMvcAutoConfiguration$WhitelabelErrorViewConfiguration; enhanced class name is: org.springframework.boot.actuate.autoconfigure.ErrorMvcAutoConfiguration$WhitelabelErrorViewConfiguration$$EnhancerByCGLIB$$d10881c0
10:45:52.330 [main] DEBUG o.s.c.a.ConfigurationClassPostProcessor - Replacing bean definition &apos;org.springframework.boot.actuate.autoconfigure.ErrorMvcAutoConfiguration$WhitelabelErrorViewConfiguration&apos; existing class name &apos;org.springframework.boot.actuate.autoconfigure.ErrorMvcAutoConfiguration$WhitelabelErrorViewConfiguration&apos; with enhanced class name &apos;org.springframework.boot.actuate.autoconfigure.ErrorMvcAutoConfiguration$WhitelabelErrorViewConfiguration$$EnhancerByCGLIB$$d10881c0&apos;
10:45:52.330 [main] DEBUG o.s.c.a.ConfigurationClassEnhancer - Successfully enhanced org.springframework.boot.autoconfigure.web.WebMvcAutoConfiguration$WebMvcAutoConfigurationAdapter$FaviconConfiguration; enhanced class name is: org.springframework.boot.autoconfigure.web.WebMvcAutoConfiguration$WebMvcAutoConfigurationAdapter$FaviconConfiguration$$EnhancerByCGLIB$$1c2ec541
10:45:52.330 [main] DEBUG o.s.c.a.ConfigurationClassPostProcessor - Replacing bean definition &apos;org.springframework.boot.autoconfigure.web.WebMvcAutoConfiguration$WebMvcAutoConfigurationAdapter$FaviconConfiguration&apos; existing class name &apos;org.springframework.boot.autoconfigure.web.WebMvcAutoConfiguration$WebMvcAutoConfigurationAdapter$FaviconConfiguration&apos; with enhanced class name &apos;org.springframework.boot.autoconfigure.web.WebMvcAutoConfiguration$WebMvcAutoConfigurationAdapter$FaviconConfiguration$$EnhancerByCGLIB$$1c2ec541&apos;
10:45:52.330 [main] DEBUG o.s.c.a.ConfigurationClassEnhancer - Successfully enhanced org.springframework.web.servlet.config.annotation.DelegatingWebMvcConfiguration; enhanced class name is: org.springframework.web.servlet.config.annotation.DelegatingWebMvcConfiguration$$EnhancerByCGLIB$$715d1703
10:45:52.330 [main] DEBUG o.s.c.a.ConfigurationClassPostProcessor - Replacing bean definition &apos;org.springframework.web.servlet.config.annotation.DelegatingWebMvcConfiguration&apos; existing class name &apos;org.springframework.web.servlet.config.annotation.DelegatingWebMvcConfiguration&apos; with enhanced class name &apos;org.springframework.web.servlet.config.annotation.DelegatingWebMvcConfiguration$$EnhancerByCGLIB$$715d1703&apos;
10:45:52.331 [main] DEBUG o.s.c.a.ConfigurationClassEnhancer - Successfully enhanced org.springframework.boot.autoconfigure.web.WebMvcAutoConfiguration; enhanced class name is: org.springframework.boot.autoconfigure.web.WebMvcAutoConfiguration$$EnhancerByCGLIB$$256858d
10:45:52.331 [main] DEBUG o.s.c.a.ConfigurationClassPostProcessor - Replacing bean definition &apos;org.springframework.boot.autoconfigure.web.WebMvcAutoConfiguration&apos; existing class name &apos;org.springframework.boot.autoconfigure.web.WebMvcAutoConfiguration&apos; with enhanced class name &apos;org.springframework.boot.autoconfigure.web.WebMvcAutoConfiguration$$EnhancerByCGLIB$$256858d&apos;
10:45:52.331 [main] DEBUG o.s.c.a.ConfigurationClassEnhancer - Successfully enhanced org.springframework.boot.actuate.autoconfigure.AuditAutoConfiguration; enhanced class name is: org.springframework.boot.actuate.autoconfigure.AuditAutoConfiguration$$EnhancerByCGLIB$$abffa929
10:45:52.331 [main] DEBUG o.s.c.a.ConfigurationClassPostProcessor - Replacing bean definition &apos;org.springframework.boot.actuate.autoconfigure.AuditAutoConfiguration&apos; existing class name &apos;org.springframework.boot.actuate.autoconfigure.AuditAutoConfiguration&apos; with enhanced class name &apos;org.springframework.boot.actuate.autoconfigure.AuditAutoConfiguration$$EnhancerByCGLIB$$abffa929&apos;
10:45:52.331 [main] DEBUG o.s.c.a.ConfigurationClassEnhancer - Successfully enhanced org.springframework.boot.actuate.autoconfigure.EndpointAutoConfiguration$InfoPropertiesConfiguration; enhanced class name is: org.springframework.boot.actuate.autoconfigure.EndpointAutoConfiguration$InfoPropertiesConfiguration$$EnhancerByCGLIB$$b0ceb58a
10:45:52.331 [main] DEBUG o.s.c.a.ConfigurationClassPostProcessor - Replacing bean definition &apos;org.springframework.boot.actuate.autoconfigure.EndpointAutoConfiguration$InfoPropertiesConfiguration&apos; existing class name &apos;org.springframework.boot.actuate.autoconfigure.EndpointAutoConfiguration$InfoPropertiesConfiguration&apos; with enhanced class name &apos;org.springframework.boot.actuate.autoconfigure.EndpointAutoConfiguration$InfoPropertiesConfiguration$$EnhancerByCGLIB$$b0ceb58a&apos;
10:45:52.331 [main] DEBUG o.s.c.a.ConfigurationClassEnhancer - Successfully enhanced org.springframework.boot.actuate.autoconfigure.EndpointAutoConfiguration; enhanced class name is: org.springframework.boot.actuate.autoconfigure.EndpointAutoConfiguration$$EnhancerByCGLIB$$8d424179
10:45:52.331 [main] DEBUG o.s.c.a.ConfigurationClassPostProcessor - Replacing bean definition &apos;org.springframework.boot.actuate.autoconfigure.EndpointAutoConfiguration&apos; existing class name &apos;org.springframework.boot.actuate.autoconfigure.EndpointAutoConfiguration&apos; with enhanced class name &apos;org.springframework.boot.actuate.autoconfigure.EndpointAutoConfiguration$$EnhancerByCGLIB$$8d424179&apos;
10:45:52.331 [main] DEBUG o.s.c.a.ConfigurationClassEnhancer - Successfully enhanced org.springframework.boot.actuate.autoconfigure.EndpointMBeanExportAutoConfiguration; enhanced class name is: org.springframework.boot.actuate.autoconfigure.EndpointMBeanExportAutoConfiguration$$EnhancerByCGLIB$$f34ce988
10:45:52.331 [main] DEBUG o.s.c.a.ConfigurationClassPostProcessor - Replacing bean definition &apos;org.springframework.boot.actuate.autoconfigure.EndpointMBeanExportAutoConfiguration&apos; existing class name &apos;org.springframework.boot.actuate.autoconfigure.EndpointMBeanExportAutoConfiguration&apos; with enhanced class name &apos;org.springframework.boot.actuate.autoconfigure.EndpointMBeanExportAutoConfiguration$$EnhancerByCGLIB$$f34ce988&apos;
10:45:52.331 [main] DEBUG o.s.c.a.ConfigurationClassEnhancer - Successfully enhanced org.springframework.boot.autoconfigure.web.ServerPropertiesAutoConfiguration; enhanced class name is: org.springframework.boot.autoconfigure.web.ServerPropertiesAutoConfiguration$$EnhancerByCGLIB$$b867fc1d
10:45:52.331 [main] DEBUG o.s.c.a.ConfigurationClassPostProcessor - Replacing bean definition &apos;org.springframework.boot.autoconfigure.web.ServerPropertiesAutoConfiguration&apos; existing class name &apos;org.springframework.boot.autoconfigure.web.ServerPropertiesAutoConfiguration&apos; with enhanced class name &apos;org.springframework.boot.autoconfigure.web.ServerPropertiesAutoConfiguration$$EnhancerByCGLIB$$b867fc1d&apos;
10:45:52.331 [main] DEBUG o.s.c.a.ConfigurationClassEnhancer - Successfully enhanced org.springframework.boot.actuate.autoconfigure.ManagementServerPropertiesAutoConfiguration; enhanced class name is: org.springframework.boot.actuate.autoconfigure.ManagementServerPropertiesAutoConfiguration$$EnhancerByCGLIB$$ea8b0f95
10:45:52.331 [main] DEBUG o.s.c.a.ConfigurationClassPostProcessor - Replacing bean definition &apos;org.springframework.boot.actuate.autoconfigure.ManagementServerPropertiesAutoConfiguration&apos; existing class name &apos;org.springframework.boot.actuate.autoconfigure.ManagementServerPropertiesAutoConfiguration&apos; with enhanced class name &apos;org.springframework.boot.actuate.autoconfigure.ManagementServerPropertiesAutoConfiguration$$EnhancerByCGLIB$$ea8b0f95&apos;
10:45:52.331 [main] DEBUG o.s.c.a.ConfigurationClassEnhancer - Successfully enhanced org.springframework.boot.actuate.autoconfigure.EndpointWebMvcAutoConfiguration$ApplicationContextFilterConfiguration; enhanced class name is: org.springframework.boot.actuate.autoconfigure.EndpointWebMvcAutoConfiguration$ApplicationContextFilterConfiguration$$EnhancerByCGLIB$$9ee5a62e
10:45:52.331 [main] DEBUG o.s.c.a.ConfigurationClassPostProcessor - Replacing bean definition &apos;org.springframework.boot.actuate.autoconfigure.EndpointWebMvcAutoConfiguration$ApplicationContextFilterConfiguration&apos; existing class name &apos;org.springframework.boot.actuate.autoconfigure.EndpointWebMvcAutoConfiguration$ApplicationContextFilterConfiguration&apos; with enhanced class name &apos;org.springframework.boot.actuate.autoconfigure.EndpointWebMvcAutoConfiguration$ApplicationContextFilterConfiguration$$EnhancerByCGLIB$$9ee5a62e&apos;
10:45:52.331 [main] DEBUG o.s.c.a.ConfigurationClassEnhancer - Successfully enhanced org.springframework.boot.actuate.autoconfigure.EndpointWebMvcAutoConfiguration; enhanced class name is: org.springframework.boot.actuate.autoconfigure.EndpointWebMvcAutoConfiguration$$EnhancerByCGLIB$$eaf979f3
10:45:52.332 [main] DEBUG o.s.c.a.ConfigurationClassPostProcessor - Replacing bean definition &apos;org.springframework.boot.actuate.autoconfigure.EndpointWebMvcAutoConfiguration&apos; existing class name &apos;org.springframework.boot.actuate.autoconfigure.EndpointWebMvcAutoConfiguration&apos; with enhanced class name &apos;org.springframework.boot.actuate.autoconfigure.EndpointWebMvcAutoConfiguration$$EnhancerByCGLIB$$eaf979f3&apos;
10:45:52.332 [main] DEBUG o.s.c.a.ConfigurationClassEnhancer - Successfully enhanced org.springframework.boot.actuate.autoconfigure.MetricRepositoryAutoConfiguration$MetricRepositoryConfiguration; enhanced class name is: org.springframework.boot.actuate.autoconfigure.MetricRepositoryAutoConfiguration$MetricRepositoryConfiguration$$EnhancerByCGLIB$$4902e06c
10:45:52.332 [main] DEBUG o.s.c.a.ConfigurationClassPostProcessor - Replacing bean definition &apos;org.springframework.boot.actuate.autoconfigure.MetricRepositoryAutoConfiguration$MetricRepositoryConfiguration&apos; existing class name &apos;org.springframework.boot.actuate.autoconfigure.MetricRepositoryAutoConfiguration$MetricRepositoryConfiguration&apos; with enhanced class name &apos;org.springframework.boot.actuate.autoconfigure.MetricRepositoryAutoConfiguration$MetricRepositoryConfiguration$$EnhancerByCGLIB$$4902e06c&apos;
10:45:52.332 [main] DEBUG o.s.c.a.ConfigurationClassEnhancer - Successfully enhanced org.springframework.boot.actuate.autoconfigure.MetricRepositoryAutoConfiguration; enhanced class name is: org.springframework.boot.actuate.autoconfigure.MetricRepositoryAutoConfiguration$$EnhancerByCGLIB$$6ee082b4
10:45:52.332 [main] DEBUG o.s.c.a.ConfigurationClassPostProcessor - Replacing bean definition &apos;org.springframework.boot.actuate.autoconfigure.MetricRepositoryAutoConfiguration&apos; existing class name &apos;org.springframework.boot.actuate.autoconfigure.MetricRepositoryAutoConfiguration&apos; with enhanced class name &apos;org.springframework.boot.actuate.autoconfigure.MetricRepositoryAutoConfiguration$$EnhancerByCGLIB$$6ee082b4&apos;
10:45:52.332 [main] DEBUG o.s.c.a.ConfigurationClassEnhancer - Successfully enhanced org.springframework.boot.actuate.autoconfigure.MetricFilterAutoConfiguration; enhanced class name is: org.springframework.boot.actuate.autoconfigure.MetricFilterAutoConfiguration$$EnhancerByCGLIB$$3ee66386
10:45:52.332 [main] DEBUG o.s.c.a.ConfigurationClassPostProcessor - Replacing bean definition &apos;org.springframework.boot.actuate.autoconfigure.MetricFilterAutoConfiguration&apos; existing class name &apos;org.springframework.boot.actuate.autoconfigure.MetricFilterAutoConfiguration&apos; with enhanced class name &apos;org.springframework.boot.actuate.autoconfigure.MetricFilterAutoConfiguration$$EnhancerByCGLIB$$3ee66386&apos;
10:45:52.332 [main] DEBUG o.s.c.a.ConfigurationClassEnhancer - Successfully enhanced org.springframework.boot.actuate.autoconfigure.TraceRepositoryAutoConfiguration; enhanced class name is: org.springframework.boot.actuate.autoconfigure.TraceRepositoryAutoConfiguration$$EnhancerByCGLIB$$b47bb3d5
10:45:52.332 [main] DEBUG o.s.c.a.ConfigurationClassPostProcessor - Replacing bean definition &apos;org.springframework.boot.actuate.autoconfigure.TraceRepositoryAutoConfiguration&apos; existing class name &apos;org.springframework.boot.actuate.autoconfigure.TraceRepositoryAutoConfiguration&apos; with enhanced class name &apos;org.springframework.boot.actuate.autoconfigure.TraceRepositoryAutoConfiguration$$EnhancerByCGLIB$$b47bb3d5&apos;
10:45:52.332 [main] DEBUG o.s.c.a.ConfigurationClassEnhancer - Successfully enhanced org.springframework.boot.autoconfigure.aop.AopAutoConfiguration$JdkDynamicAutoProxyConfiguration; enhanced class name is: org.springframework.boot.autoconfigure.aop.AopAutoConfiguration$JdkDynamicAutoProxyConfiguration$$EnhancerByCGLIB$$fe60d3fe
10:45:52.332 [main] DEBUG o.s.c.a.ConfigurationClassPostProcessor - Replacing bean definition &apos;org.springframework.boot.autoconfigure.aop.AopAutoConfiguration$JdkDynamicAutoProxyConfiguration&apos; existing class name &apos;org.springframework.boot.autoconfigure.aop.AopAutoConfiguration$JdkDynamicAutoProxyConfiguration&apos; with enhanced class name &apos;org.springframework.boot.autoconfigure.aop.AopAutoConfiguration$JdkDynamicAutoProxyConfiguration$$EnhancerByCGLIB$$fe60d3fe&apos;
10:45:52.332 [main] DEBUG o.s.c.a.ConfigurationClassEnhancer - Successfully enhanced org.springframework.boot.autoconfigure.aop.AopAutoConfiguration; enhanced class name is: org.springframework.boot.autoconfigure.aop.AopAutoConfiguration$$EnhancerByCGLIB$$cf4ac38f
10:45:52.332 [main] DEBUG o.s.c.a.ConfigurationClassPostProcessor - Replacing bean definition &apos;org.springframework.boot.autoconfigure.aop.AopAutoConfiguration&apos; existing class name &apos;org.springframework.boot.autoconfigure.aop.AopAutoConfiguration&apos; with enhanced class name &apos;org.springframework.boot.autoconfigure.aop.AopAutoConfiguration$$EnhancerByCGLIB$$cf4ac38f&apos;
10:45:52.332 [main] DEBUG o.s.c.a.ConfigurationClassEnhancer - Successfully enhanced org.springframework.boot.autoconfigure.jdbc.DataSourceAutoConfiguration$JdbcTemplateConfiguration; enhanced class name is: org.springframework.boot.autoconfigure.jdbc.DataSourceAutoConfiguration$JdbcTemplateConfiguration$$EnhancerByCGLIB$$817b886a
10:45:52.332 [main] DEBUG o.s.c.a.ConfigurationClassPostProcessor - Replacing bean definition &apos;org.springframework.boot.autoconfigure.jdbc.DataSourceAutoConfiguration$JdbcTemplateConfiguration&apos; existing class name &apos;org.springframework.boot.autoconfigure.jdbc.DataSourceAutoConfiguration$JdbcTemplateConfiguration&apos; with enhanced class name &apos;org.springframework.boot.autoconfigure.jdbc.DataSourceAutoConfiguration$JdbcTemplateConfiguration$$EnhancerByCGLIB$$817b886a&apos;
10:45:52.333 [main] DEBUG o.s.c.a.ConfigurationClassEnhancer - Successfully enhanced org.springframework.boot.autoconfigure.jdbc.CommonsDataSourceConfiguration; enhanced class name is: org.springframework.boot.autoconfigure.jdbc.CommonsDataSourceConfiguration$$EnhancerByCGLIB$$fd263de2
10:45:52.333 [main] DEBUG o.s.c.a.ConfigurationClassPostProcessor - Replacing bean definition &apos;org.springframework.boot.autoconfigure.jdbc.CommonsDataSourceConfiguration&apos; existing class name &apos;org.springframework.boot.autoconfigure.jdbc.CommonsDataSourceConfiguration&apos; with enhanced class name &apos;org.springframework.boot.autoconfigure.jdbc.CommonsDataSourceConfiguration$$EnhancerByCGLIB$$fd263de2&apos;
10:45:52.333 [main] DEBUG o.s.c.a.ConfigurationClassEnhancer - Successfully enhanced org.springframework.boot.autoconfigure.jdbc.DataSourceAutoConfiguration; enhanced class name is: org.springframework.boot.autoconfigure.jdbc.DataSourceAutoConfiguration$$EnhancerByCGLIB$$6ad847ad
10:45:52.333 [main] DEBUG o.s.c.a.ConfigurationClassPostProcessor - Replacing bean definition &apos;org.springframework.boot.autoconfigure.jdbc.DataSourceAutoConfiguration&apos; existing class name &apos;org.springframework.boot.autoconfigure.jdbc.DataSourceAutoConfiguration&apos; with enhanced class name &apos;org.springframework.boot.autoconfigure.jdbc.DataSourceAutoConfiguration$$EnhancerByCGLIB$$6ad847ad&apos;
10:45:52.333 [main] DEBUG o.s.c.a.ConfigurationClassEnhancer - Successfully enhanced org.springframework.boot.autoconfigure.jdbc.DataSourceTransactionManagerAutoConfiguration; enhanced class name is: org.springframework.boot.autoconfigure.jdbc.DataSourceTransactionManagerAutoConfiguration$$EnhancerByCGLIB$$a58034de
10:45:52.333 [main] DEBUG o.s.c.a.ConfigurationClassPostProcessor - Replacing bean definition &apos;org.springframework.boot.autoconfigure.jdbc.DataSourceTransactionManagerAutoConfiguration&apos; existing class name &apos;org.springframework.boot.autoconfigure.jdbc.DataSourceTransactionManagerAutoConfiguration&apos; with enhanced class name &apos;org.springframework.boot.autoconfigure.jdbc.DataSourceTransactionManagerAutoConfiguration$$EnhancerByCGLIB$$a58034de&apos;
10:45:52.333 [main] DEBUG o.s.c.a.ConfigurationClassEnhancer - Successfully enhanced org.springframework.boot.autoconfigure.web.HttpMessageConvertersAutoConfiguration$ObjectMappers; enhanced class name is: org.springframework.boot.autoconfigure.web.HttpMessageConvertersAutoConfiguration$ObjectMappers$$EnhancerByCGLIB$$5cb7525c
10:45:52.333 [main] DEBUG o.s.c.a.ConfigurationClassPostProcessor - Replacing bean definition &apos;org.springframework.boot.autoconfigure.web.HttpMessageConvertersAutoConfiguration$ObjectMappers&apos; existing class name &apos;org.springframework.boot.autoconfigure.web.HttpMessageConvertersAutoConfiguration$ObjectMappers&apos; with enhanced class name &apos;org.springframework.boot.autoconfigure.web.HttpMessageConvertersAutoConfiguration$ObjectMappers$$EnhancerByCGLIB$$5cb7525c&apos;
10:45:52.333 [main] DEBUG o.s.c.a.ConfigurationClassEnhancer - Successfully enhanced org.springframework.boot.autoconfigure.web.HttpMessageConvertersAutoConfiguration; enhanced class name is: org.springframework.boot.autoconfigure.web.HttpMessageConvertersAutoConfiguration$$EnhancerByCGLIB$$b68782ad
10:45:52.333 [main] DEBUG o.s.c.a.ConfigurationClassPostProcessor - Replacing bean definition &apos;org.springframework.boot.autoconfigure.web.HttpMessageConvertersAutoConfiguration&apos; existing class name &apos;org.springframework.boot.autoconfigure.web.HttpMessageConvertersAutoConfiguration&apos; with enhanced class name &apos;org.springframework.boot.autoconfigure.web.HttpMessageConvertersAutoConfiguration$$EnhancerByCGLIB$$b68782ad&apos;
10:45:52.337 [main] DEBUG o.s.b.f.s.DefaultListableBeanFactory - Creating shared instance of singleton bean &apos;propertySourcesPlaceholderConfigurer&apos;
10:45:52.337 [main] DEBUG o.s.b.f.s.DefaultListableBeanFactory - Creating instance of bean &apos;propertySourcesPlaceholderConfigurer&apos;
10:45:52.338 [main] DEBUG o.s.b.f.s.DefaultListableBeanFactory - Eagerly caching bean &apos;propertySourcesPlaceholderConfigurer&apos; to allow for resolving potential circular references
10:45:52.338 [main] DEBUG o.s.b.f.s.DefaultListableBeanFactory - Finished creating instance of bean &apos;propertySourcesPlaceholderConfigurer&apos;
10:45:52.338 [main] DEBUG o.s.core.env.MutablePropertySources - Adding [environmentProperties] PropertySource with lowest search precedence
10:45:52.338 [main] DEBUG o.s.core.env.MutablePropertySources - Adding [localProperties] PropertySource with lowest search precedence
10:45:52.342 [main] DEBUG o.s.b.f.s.DefaultListableBeanFactory - Creating shared instance of singleton bean &apos;org.springframework.context.annotation.internalAutowiredAnnotationProcessor&apos;
10:45:52.342 [main] DEBUG o.s.b.f.s.DefaultListableBeanFactory - Creating instance of bean &apos;org.springframework.context.annotation.internalAutowiredAnnotationProcessor&apos;
10:45:52.342 [main] DEBUG o.s.b.f.s.DefaultListableBeanFactory - Eagerly caching bean &apos;org.springframework.context.annotation.internalAutowiredAnnotationProcessor&apos; to allow for resolving potential circular references
10:45:52.342 [main] DEBUG o.s.b.f.s.DefaultListableBeanFactory - Finished creating instance of bean &apos;org.springframework.context.annotation.internalAutowiredAnnotationProcessor&apos;
10:45:52.342 [main] DEBUG o.s.b.f.s.DefaultListableBeanFactory - Creating shared instance of singleton bean &apos;org.springframework.context.annotation.internalRequiredAnnotationProcessor&apos;
10:45:52.342 [main] DEBUG o.s.b.f.s.DefaultListableBeanFactory - Creating instance of bean &apos;org.springframework.context.annotation.internalRequiredAnnotationProcessor&apos;
10:45:52.342 [main] DEBUG o.s.b.f.s.DefaultListableBeanFactory - Eagerly caching bean &apos;org.springframework.context.annotation.internalRequiredAnnotationProcessor&apos; to allow for resolving potential circular references
10:45:52.342 [main] DEBUG o.s.b.f.s.DefaultListableBeanFactory - Finished creating instance of bean &apos;org.springframework.context.annotation.internalRequiredAnnotationProcessor&apos;
10:45:52.342 [main] DEBUG o.s.b.f.s.DefaultListableBeanFactory - Creating shared instance of singleton bean &apos;org.springframework.context.annotation.internalCommonAnnotationProcessor&apos;
10:45:52.342 [main] DEBUG o.s.b.f.s.DefaultListableBeanFactory - Creating instance of bean &apos;org.springframework.context.annotation.internalCommonAnnotationProcessor&apos;
10:45:52.342 [main] DEBUG o.s.b.f.s.DefaultListableBeanFactory - Eagerly caching bean &apos;org.springframework.context.annotation.internalCommonAnnotationProcessor&apos; to allow for resolving potential circular references
10:45:52.342 [main] DEBUG o.s.b.f.s.DefaultListableBeanFactory - Finished creating instance of bean &apos;org.springframework.context.annotation.internalCommonAnnotationProcessor&apos;
10:45:52.342 [main] DEBUG o.s.b.f.s.DefaultListableBeanFactory - Creating shared instance of singleton bean &apos;org.springframework.context.annotation.internalPersistenceAnnotationProcessor&apos;
10:45:52.342 [main] DEBUG o.s.b.f.s.DefaultListableBeanFactory - Creating instance of bean &apos;org.springframework.context.annotation.internalPersistenceAnnotationProcessor&apos;
10:45:52.343 [main] DEBUG o.s.b.f.s.DefaultListableBeanFactory - Eagerly caching bean &apos;org.springframework.context.annotation.internalPersistenceAnnotationProcessor&apos; to allow for resolving potential circular references
10:45:52.343 [main] DEBUG o.s.b.f.s.DefaultListableBeanFactory - Finished creating instance of bean &apos;org.springframework.context.annotation.internalPersistenceAnnotationProcessor&apos;
10:45:52.343 [main] DEBUG o.s.b.f.s.DefaultListableBeanFactory - Creating shared instance of singleton bean &apos;org.springframework.orm.jpa.support.PersistenceAnnotationBeanPostProcessor#0&apos;
10:45:52.343 [main] DEBUG o.s.b.f.s.DefaultListableBeanFactory - Creating instance of bean &apos;org.springframework.orm.jpa.support.PersistenceAnnotationBeanPostProcessor#0&apos;
10:45:52.343 [main] DEBUG o.s.b.f.s.DefaultListableBeanFactory - Eagerly caching bean &apos;org.springframework.orm.jpa.support.PersistenceAnnotationBeanPostProcessor#0&apos; to allow for resolving potential circular references
10:45:52.343 [main] DEBUG o.s.b.f.s.DefaultListableBeanFactory - Finished creating instance of bean &apos;org.springframework.orm.jpa.support.PersistenceAnnotationBeanPostProcessor#0&apos;
10:45:52.343 [main] DEBUG o.s.b.f.s.DefaultListableBeanFactory - Creating shared instance of singleton bean &apos;org.springframework.context.annotation.ConfigurationClassPostProcessor.importAwareProcessor&apos;
10:45:52.343 [main] DEBUG o.s.b.f.s.DefaultListableBeanFactory - Creating instance of bean &apos;org.springframework.context.annotation.ConfigurationClassPostProcessor.importAwareProcessor&apos;
10:45:52.343 [main] DEBUG o.s.b.f.s.DefaultListableBeanFactory - Eagerly caching bean &apos;org.springframework.context.annotation.ConfigurationClassPostProcessor.importAwareProcessor&apos; to allow for resolving potential circular references
10:45:52.343 [main] DEBUG o.s.b.f.s.DefaultListableBeanFactory - Finished creating instance of bean &apos;org.springframework.context.annotation.ConfigurationClassPostProcessor.importAwareProcessor&apos;
10:45:52.343 [main] DEBUG o.s.b.f.s.DefaultListableBeanFactory - Creating shared instance of singleton bean &apos;org.springframework.context.annotation.ConfigurationClassPostProcessor.enhancedConfigurationProcessor&apos;
10:45:52.343 [main] DEBUG o.s.b.f.s.DefaultListableBeanFactory - Creating instance of bean &apos;org.springframework.context.annotation.ConfigurationClassPostProcessor.enhancedConfigurationProcessor&apos;
10:45:52.343 [main] DEBUG o.s.b.f.s.DefaultListableBeanFactory - Eagerly caching bean &apos;org.springframework.context.annotation.ConfigurationClassPostProcessor.enhancedConfigurationProcessor&apos; to allow for resolving potential circular references
10:45:52.343 [main] DEBUG o.s.b.f.s.DefaultListableBeanFactory - Finished creating instance of bean &apos;org.springframework.context.annotation.ConfigurationClassPostProcessor.enhancedConfigurationProcessor&apos;
10:45:52.343 [main] DEBUG o.s.b.f.s.DefaultListableBeanFactory - Creating shared instance of singleton bean &apos;org.springframework.dao.annotation.PersistenceExceptionTranslationPostProcessor#0&apos;
10:45:52.343 [main] DEBUG o.s.b.f.s.DefaultListableBeanFactory - Creating instance of bean &apos;org.springframework.dao.annotation.PersistenceExceptionTranslationPostProcessor#0&apos;
10:45:52.345 [main] DEBUG o.s.b.f.s.DefaultListableBeanFactory - Eagerly caching bean &apos;org.springframework.dao.annotation.PersistenceExceptionTranslationPostProcessor#0&apos; to allow for resolving potential circular references
10:45:52.348 [main] DEBUG o.s.b.f.s.DefaultListableBeanFactory - Creating shared instance of singleton bean &apos;entityManagerFactory&apos;
10:45:52.349 [main] DEBUG o.s.b.f.s.DefaultListableBeanFactory - Creating instance of bean &apos;entityManagerFactory&apos;
10:45:52.349 [main] DEBUG o.s.b.f.s.DefaultListableBeanFactory - Eagerly caching bean &apos;entityManagerFactory&apos; to allow for resolving potential circular references
10:45:52.350 [main] DEBUG o.s.b.f.s.DefaultListableBeanFactory - Invoking afterPropertiesSet() on bean with name &apos;entityManagerFactory&apos;
10:45:52.350 [main] INFO  o.s.o.j.LocalEntityManagerFactoryBean - Building JPA EntityManagerFactory for persistence unit &apos;testPersistenceUnit&apos;
10:45:52.350 [main] DEBUG org.hibernate.type.BasicTypeRegistry - Adding type registration boolean -&gt; org.hibernate.type.BooleanType@e2942da
10:45:52.350 [main] DEBUG org.hibernate.type.BasicTypeRegistry - Adding type registration boolean -&gt; org.hibernate.type.BooleanType@e2942da
10:45:52.350 [main] DEBUG org.hibernate.type.BasicTypeRegistry - Adding type registration java.lang.Boolean -&gt; org.hibernate.type.BooleanType@e2942da
10:45:52.350 [main] DEBUG org.hibernate.type.BasicTypeRegistry - Adding type registration numeric_boolean -&gt; org.hibernate.type.NumericBooleanType@4e6d670a
10:45:52.350 [main] DEBUG org.hibernate.type.BasicTypeRegistry - Adding type registration true_false -&gt; org.hibernate.type.TrueFalseType@40d1e07c
10:45:52.350 [main] DEBUG org.hibernate.type.BasicTypeRegistry - Adding type registration yes_no -&gt; org.hibernate.type.YesNoType@29f2588
10:45:52.350 [main] DEBUG org.hibernate.type.BasicTypeRegistry - Adding type registration byte -&gt; org.hibernate.type.ByteType@3e3a5a9c
10:45:52.350 [main] DEBUG org.hibernate.type.BasicTypeRegistry - Adding type registration byte -&gt; org.hibernate.type.ByteType@3e3a5a9c
10:45:52.351 [main] DEBUG org.hibernate.type.BasicTypeRegistry - Adding type registration java.lang.Byte -&gt; org.hibernate.type.ByteType@3e3a5a9c
10:45:52.351 [main] DEBUG org.hibernate.type.BasicTypeRegistry - Adding type registration character -&gt; org.hibernate.type.CharacterType@68e0ada6
10:45:52.351 [main] DEBUG org.hibernate.type.BasicTypeRegistry - Adding type registration char -&gt; org.hibernate.type.CharacterType@68e0ada6
10:45:52.351 [main] DEBUG org.hibernate.type.BasicTypeRegistry - Adding type registration java.lang.Character -&gt; org.hibernate.type.CharacterType@68e0ada6
10:45:52.351 [main] DEBUG org.hibernate.type.BasicTypeRegistry - Adding type registration short -&gt; org.hibernate.type.ShortType@6adff0ea
10:45:52.351 [main] DEBUG org.hibernate.type.BasicTypeRegistry - Adding type registration short -&gt; org.hibernate.type.ShortType@6adff0ea
10:45:52.351 [main] DEBUG org.hibernate.type.BasicTypeRegistry - Adding type registration java.lang.Short -&gt; org.hibernate.type.ShortType@6adff0ea
10:45:52.351 [main] DEBUG org.hibernate.type.BasicTypeRegistry - Adding type registration integer -&gt; org.hibernate.type.IntegerType@55b7bf86
10:45:52.351 [main] DEBUG org.hibernate.type.BasicTypeRegistry - Adding type registration int -&gt; org.hibernate.type.IntegerType@55b7bf86
10:45:52.351 [main] DEBUG org.hibernate.type.BasicTypeRegistry - Adding type registration java.lang.Integer -&gt; org.hibernate.type.IntegerType@55b7bf86
10:45:52.351 [main] DEBUG org.hibernate.type.BasicTypeRegistry - Adding type registration long -&gt; org.hibernate.type.LongType@1a2e34bf
10:45:52.351 [main] DEBUG org.hibernate.type.BasicTypeRegistry - Adding type registration long -&gt; org.hibernate.type.LongType@1a2e34bf
10:45:52.351 [main] DEBUG org.hibernate.type.BasicTypeRegistry - Adding type registration java.lang.Long -&gt; org.hibernate.type.LongType@1a2e34bf
10:45:52.351 [main] DEBUG org.hibernate.type.BasicTypeRegistry - Adding type registration float -&gt; org.hibernate.type.FloatType@35ad093c
10:45:52.351 [main] DEBUG org.hibernate.type.BasicTypeRegistry - Adding type registration float -&gt; org.hibernate.type.FloatType@35ad093c
10:45:52.351 [main] DEBUG org.hibernate.type.BasicTypeRegistry - Adding type registration java.lang.Float -&gt; org.hibernate.type.FloatType@35ad093c
10:45:52.351 [main] DEBUG org.hibernate.type.BasicTypeRegistry - Adding type registration double -&gt; org.hibernate.type.DoubleType@22dca7d0
10:45:52.351 [main] DEBUG org.hibernate.type.BasicTypeRegistry - Adding type registration double -&gt; org.hibernate.type.DoubleType@22dca7d0
10:45:52.351 [main] DEBUG org.hibernate.type.BasicTypeRegistry - Adding type registration java.lang.Double -&gt; org.hibernate.type.DoubleType@22dca7d0
10:45:52.351 [main] DEBUG org.hibernate.type.BasicTypeRegistry - Adding type registration big_decimal -&gt; org.hibernate.type.BigDecimalType@6165ab39
10:45:52.351 [main] DEBUG org.hibernate.type.BasicTypeRegistry - Adding type registration java.math.BigDecimal -&gt; org.hibernate.type.BigDecimalType@6165ab39
10:45:52.351 [main] DEBUG org.hibernate.type.BasicTypeRegistry - Adding type registration big_integer -&gt; org.hibernate.type.BigIntegerType@6d8f729c
10:45:52.351 [main] DEBUG org.hibernate.type.BasicTypeRegistry - Adding type registration java.math.BigInteger -&gt; org.hibernate.type.BigIntegerType@6d8f729c
10:45:52.351 [main] DEBUG org.hibernate.type.BasicTypeRegistry - Adding type registration string -&gt; org.hibernate.type.StringType@7fe5c339
10:45:52.351 [main] DEBUG org.hibernate.type.BasicTypeRegistry - Adding type registration java.lang.String -&gt; org.hibernate.type.StringType@7fe5c339
10:45:52.351 [main] DEBUG org.hibernate.type.BasicTypeRegistry - Adding type registration url -&gt; org.hibernate.type.UrlType@174fa0ef
10:45:52.351 [main] DEBUG org.hibernate.type.BasicTypeRegistry - Adding type registration java.net.URL -&gt; org.hibernate.type.UrlType@174fa0ef
10:45:52.351 [main] DEBUG org.hibernate.type.BasicTypeRegistry - Adding type registration date -&gt; org.hibernate.type.DateType@16381a53
10:45:52.351 [main] DEBUG org.hibernate.type.BasicTypeRegistry - Adding type registration java.sql.Date -&gt; org.hibernate.type.DateType@16381a53
10:45:52.351 [main] DEBUG org.hibernate.type.BasicTypeRegistry - Adding type registration time -&gt; org.hibernate.type.TimeType@5082277
10:45:52.352 [main] DEBUG org.hibernate.type.BasicTypeRegistry - Adding type registration java.sql.Time -&gt; org.hibernate.type.TimeType@5082277
10:45:52.352 [main] DEBUG org.hibernate.type.BasicTypeRegistry - Adding type registration timestamp -&gt; org.hibernate.type.TimestampType@1639d811
10:45:52.352 [main] DEBUG org.hibernate.type.BasicTypeRegistry - Adding type registration java.sql.Timestamp -&gt; org.hibernate.type.TimestampType@1639d811
10:45:52.352 [main] DEBUG org.hibernate.type.BasicTypeRegistry - Adding type registration java.util.Date -&gt; org.hibernate.type.TimestampType@1639d811
10:45:52.352 [main] DEBUG org.hibernate.type.BasicTypeRegistry - Adding type registration dbtimestamp -&gt; org.hibernate.type.DbTimestampType@3d4e49a
10:45:52.352 [main] DEBUG org.hibernate.type.BasicTypeRegistry - Adding type registration calendar -&gt; org.hibernate.type.CalendarType@76086988
10:45:52.352 [main] DEBUG org.hibernate.type.BasicTypeRegistry - Adding type registration java.util.Calendar -&gt; org.hibernate.type.CalendarType@76086988
10:45:52.352 [main] DEBUG org.hibernate.type.BasicTypeRegistry - Adding type registration java.util.GregorianCalendar -&gt; org.hibernate.type.CalendarType@76086988
10:45:52.352 [main] DEBUG org.hibernate.type.BasicTypeRegistry - Adding type registration calendar_date -&gt; org.hibernate.type.CalendarDateType@4d0ac2a3
10:45:52.352 [main] DEBUG org.hibernate.type.BasicTypeRegistry - Adding type registration locale -&gt; org.hibernate.type.LocaleType@5a01f91
10:45:52.352 [main] DEBUG org.hibernate.type.BasicTypeRegistry - Adding type registration java.util.Locale -&gt; org.hibernate.type.LocaleType@5a01f91
10:45:52.352 [main] DEBUG org.hibernate.type.BasicTypeRegistry - Adding type registration currency -&gt; org.hibernate.type.CurrencyType@4ed7581b
10:45:52.352 [main] DEBUG org.hibernate.type.BasicTypeRegistry - Adding type registration java.util.Currency -&gt; org.hibernate.type.CurrencyType@4ed7581b
10:45:52.352 [main] DEBUG org.hibernate.type.BasicTypeRegistry - Adding type registration timezone -&gt; org.hibernate.type.TimeZoneType@5a9b774e
10:45:52.352 [main] DEBUG org.hibernate.type.BasicTypeRegistry - Adding type registration java.util.TimeZone -&gt; org.hibernate.type.TimeZoneType@5a9b774e
10:45:52.352 [main] DEBUG org.hibernate.type.BasicTypeRegistry - Adding type registration class -&gt; org.hibernate.type.ClassType@f292738
10:45:52.352 [main] DEBUG org.hibernate.type.BasicTypeRegistry - Adding type registration java.lang.Class -&gt; org.hibernate.type.ClassType@f292738
10:45:52.352 [main] DEBUG org.hibernate.type.BasicTypeRegistry - Adding type registration uuid-binary -&gt; org.hibernate.type.UUIDBinaryType@307b56e
10:45:52.352 [main] DEBUG org.hibernate.type.BasicTypeRegistry - Adding type registration java.util.UUID -&gt; org.hibernate.type.UUIDBinaryType@307b56e
10:45:52.352 [main] DEBUG org.hibernate.type.BasicTypeRegistry - Adding type registration uuid-char -&gt; org.hibernate.type.UUIDCharType@23b6c184
10:45:52.352 [main] DEBUG org.hibernate.type.BasicTypeRegistry - Adding type registration pg-uuid -&gt; org.hibernate.type.PostgresUUIDType@47098a
10:45:52.352 [main] DEBUG org.hibernate.type.BasicTypeRegistry - Adding type registration binary -&gt; org.hibernate.type.BinaryType@87b7b11
10:45:52.352 [main] DEBUG org.hibernate.type.BasicTypeRegistry - Adding type registration byte[] -&gt; org.hibernate.type.BinaryType@87b7b11
10:45:52.352 [main] DEBUG org.hibernate.type.BasicTypeRegistry - Adding type registration [B -&gt; org.hibernate.type.BinaryType@87b7b11
10:45:52.352 [main] DEBUG org.hibernate.type.BasicTypeRegistry - Adding type registration wrapper-binary -&gt; org.hibernate.type.WrapperBinaryType@6ea85b4
10:45:52.352 [main] DEBUG org.hibernate.type.BasicTypeRegistry - Adding type registration Byte[] -&gt; org.hibernate.type.WrapperBinaryType@6ea85b4
10:45:52.352 [main] DEBUG org.hibernate.type.BasicTypeRegistry - Adding type registration [Ljava.lang.Byte; -&gt; org.hibernate.type.WrapperBinaryType@6ea85b4
10:45:52.352 [main] DEBUG org.hibernate.type.BasicTypeRegistry - Adding type registration image -&gt; org.hibernate.type.ImageType@786167d
10:45:52.352 [main] DEBUG org.hibernate.type.BasicTypeRegistry - Adding type registration characters -&gt; org.hibernate.type.CharArrayType@40e1f305
10:45:52.352 [main] DEBUG org.hibernate.type.BasicTypeRegistry - Adding type registration char[] -&gt; org.hibernate.type.CharArrayType@40e1f305
10:45:52.352 [main] DEBUG org.hibernate.type.BasicTypeRegistry - Adding type registration [C -&gt; org.hibernate.type.CharArrayType@40e1f305
10:45:52.352 [main] DEBUG org.hibernate.type.BasicTypeRegistry - Adding type registration wrapper-characters -&gt; org.hibernate.type.CharacterArrayType@1867ec28
10:45:52.352 [main] DEBUG org.hibernate.type.BasicTypeRegistry - Adding type registration [Ljava.lang.Character; -&gt; org.hibernate.type.CharacterArrayType@1867ec28
10:45:52.352 [main] DEBUG org.hibernate.type.BasicTypeRegistry - Adding type registration Character[] -&gt; org.hibernate.type.CharacterArrayType@1867ec28
10:45:52.352 [main] DEBUG org.hibernate.type.BasicTypeRegistry - Adding type registration text -&gt; org.hibernate.type.TextType@65cb048e
10:45:52.353 [main] DEBUG org.hibernate.type.BasicTypeRegistry - Adding type registration blob -&gt; org.hibernate.type.BlobType@4b33f6dd
10:45:52.353 [main] DEBUG org.hibernate.type.BasicTypeRegistry - Adding type registration java.sql.Blob -&gt; org.hibernate.type.BlobType@4b33f6dd
10:45:52.353 [main] DEBUG org.hibernate.type.BasicTypeRegistry - Adding type registration materialized_blob -&gt; org.hibernate.type.MaterializedBlobType@487bd46a
10:45:52.353 [main] DEBUG org.hibernate.type.BasicTypeRegistry - Adding type registration wrapper_materialized_blob -&gt; org.hibernate.type.WrappedMaterializedBlobType@4d7c6bf
10:45:52.353 [main] DEBUG org.hibernate.type.BasicTypeRegistry - Adding type registration clob -&gt; org.hibernate.type.ClobType@1f635484
10:45:52.353 [main] DEBUG org.hibernate.type.BasicTypeRegistry - Adding type registration java.sql.Clob -&gt; org.hibernate.type.ClobType@1f635484
10:45:52.353 [main] DEBUG org.hibernate.type.BasicTypeRegistry - Adding type registration materialized_clob -&gt; org.hibernate.type.MaterializedClobType@78216b59
10:45:52.353 [main] DEBUG org.hibernate.type.BasicTypeRegistry - Adding type registration wrapper_characters_clob -&gt; org.hibernate.type.CharacterArrayClobType@5fb7565
10:45:52.353 [main] DEBUG org.hibernate.type.BasicTypeRegistry - Adding type registration characters_clob -&gt; org.hibernate.type.PrimitiveCharacterArrayClobType@d89d7eb
10:45:52.353 [main] DEBUG org.hibernate.type.BasicTypeRegistry - Adding type registration serializable -&gt; org.hibernate.type.SerializableType@1a21b97e
10:45:52.353 [main] DEBUG org.hibernate.type.BasicTypeRegistry - Adding type registration object -&gt; org.hibernate.type.ObjectType@56091d7c
10:45:52.353 [main] DEBUG org.hibernate.type.BasicTypeRegistry - Adding type registration java.lang.Object -&gt; org.hibernate.type.ObjectType@56091d7c
10:45:52.353 [main] DEBUG org.hibernate.type.BasicTypeRegistry - Adding type registration imm_date -&gt; org.hibernate.type.AdaptedImmutableType@199de181
10:45:52.353 [main] DEBUG org.hibernate.type.BasicTypeRegistry - Adding type registration imm_time -&gt; org.hibernate.type.AdaptedImmutableType@4c3fe94a
10:45:52.353 [main] DEBUG org.hibernate.type.BasicTypeRegistry - Adding type registration imm_timestamp -&gt; org.hibernate.type.AdaptedImmutableType@77ed2061
10:45:52.353 [main] DEBUG org.hibernate.type.BasicTypeRegistry - Adding type registration imm_dbtimestamp -&gt; org.hibernate.type.AdaptedImmutableType@70e8fdc9
10:45:52.353 [main] DEBUG org.hibernate.type.BasicTypeRegistry - Adding type registration imm_calendar -&gt; org.hibernate.type.AdaptedImmutableType@506dd108
10:45:52.353 [main] DEBUG org.hibernate.type.BasicTypeRegistry - Adding type registration imm_calendar_date -&gt; org.hibernate.type.AdaptedImmutableType@59b68d78
10:45:52.353 [main] DEBUG org.hibernate.type.BasicTypeRegistry - Adding type registration imm_binary -&gt; org.hibernate.type.AdaptedImmutableType@6001ef4b
10:45:52.353 [main] DEBUG org.hibernate.type.BasicTypeRegistry - Adding type registration imm_serializable -&gt; org.hibernate.type.AdaptedImmutableType@1f05562b
10:45:52.353 [main] DEBUG o.h.i.f.DefaultIdentifierGeneratorFactory - Registering IdentifierGenerator strategy [uuid2] -&gt; [class org.hibernate.id.UUIDGenerator]
10:45:52.353 [main] DEBUG o.h.i.f.DefaultIdentifierGeneratorFactory - Registering IdentifierGenerator strategy [guid] -&gt; [class org.hibernate.id.GUIDGenerator]
10:45:52.353 [main] DEBUG o.h.i.f.DefaultIdentifierGeneratorFactory - Registering IdentifierGenerator strategy [uuid] -&gt; [class org.hibernate.id.UUIDHexGenerator]
10:45:52.353 [main] DEBUG o.h.i.f.DefaultIdentifierGeneratorFactory - Registering IdentifierGenerator strategy [uuid.hex] -&gt; [class org.hibernate.id.UUIDHexGenerator]
10:45:52.353 [main] DEBUG o.h.i.f.DefaultIdentifierGeneratorFactory - Registering IdentifierGenerator strategy [hilo] -&gt; [class org.hibernate.id.TableHiLoGenerator]
10:45:52.353 [main] DEBUG o.h.i.f.DefaultIdentifierGeneratorFactory - Registering IdentifierGenerator strategy [assigned] -&gt; [class org.hibernate.id.Assigned]
10:45:52.353 [main] DEBUG o.h.i.f.DefaultIdentifierGeneratorFactory - Registering IdentifierGenerator strategy [identity] -&gt; [class org.hibernate.id.IdentityGenerator]
10:45:52.353 [main] DEBUG o.h.i.f.DefaultIdentifierGeneratorFactory - Registering IdentifierGenerator strategy [select] -&gt; [class org.hibernate.id.SelectGenerator]
10:45:52.353 [main] DEBUG o.h.i.f.DefaultIdentifierGeneratorFactory - Registering IdentifierGenerator strategy [sequence] -&gt; [class org.hibernate.id.SequenceGenerator]
10:45:52.353 [main] DEBUG o.h.i.f.DefaultIdentifierGeneratorFactory - Registering IdentifierGenerator strategy [seqhilo] -&gt; [class org.hibernate.id.SequenceHiLoGenerator]
10:45:52.353 [main] DEBUG o.h.i.f.DefaultIdentifierGeneratorFactory - Registering IdentifierGenerator strategy [increment] -&gt; [class org.hibernate.id.IncrementGenerator]
10:45:52.353 [main] DEBUG o.h.i.f.DefaultIdentifierGeneratorFactory - Registering IdentifierGenerator strategy [foreign] -&gt; [class org.hibernate.id.ForeignGenerator]
10:45:52.353 [main] DEBUG o.h.i.f.DefaultIdentifierGeneratorFactory - Registering IdentifierGenerator strategy [sequence-identity] -&gt; [class org.hibernate.id.SequenceIdentityGenerator]
10:45:52.354 [main] DEBUG o.h.i.f.DefaultIdentifierGeneratorFactory - Registering IdentifierGenerator strategy [enhanced-sequence] -&gt; [class org.hibernate.id.enhanced.SequenceStyleGenerator]
10:45:52.354 [main] DEBUG o.h.i.f.DefaultIdentifierGeneratorFactory - Registering IdentifierGenerator strategy [enhanced-table] -&gt; [class org.hibernate.id.enhanced.TableGenerator]
10:45:52.354 [main] DEBUG org.hibernate.ejb.Ejb3Configuration - Look up for persistence unit: testPersistenceUnit
10:45:52.363 [main] DEBUG o.s.b.f.s.DefaultListableBeanFactory - Destroying singletons in org.springframework.beans.factory.support.DefaultListableBeanFactory@8c3d31c: defining beans [userController,org.springframework.context.annotation.internalConfigurationAnnotationProcessor,org.springframework.context.annotation.internalAutowiredAnnotationProcessor,org.springframework.context.annotation.internalRequiredAnnotationProcessor,org.springframework.context.annotation.internalCommonAnnotationProcessor,org.springframework.context.annotation.internalPersistenceAnnotationProcessor,org.springframework.web.servlet.view.InternalResourceViewResolver#0,userRepository,org.springframework.data.repository.core.support.RepositoryInterfaceAwareBeanPostProcessor#0,org.springframework.dao.annotation.PersistenceExceptionTranslationPostProcessor#0,org.springframework.orm.jpa.support.PersistenceAnnotationBeanPostProcessor#0,entityManagerFactory,transactionManager,org.springframework.aop.config.internalAutoProxyCreator,org.springframework.transaction.annotation.AnnotationTransactionAttributeSource#0,org.springframework.transaction.interceptor.TransactionInterceptor#0,org.springframework.transaction.config.internalTransactionAdvisor,org.springframework.context.annotation.ConfigurationClassPostProcessor.importAwareProcessor,org.springframework.context.annotation.ConfigurationClassPostProcessor.enhancedConfigurationProcessor,org.springframework.boot.autoconfigure.AutoConfigurationPackages,org.springframework.boot.autoconfigure.MessageSourceAutoConfiguration,messageSource,org.springframework.boot.autoconfigure.PropertyPlaceholderAutoConfiguration,propertySourcesPlaceholderConfigurer,org.springframework.boot.autoconfigure.web.EmbeddedServletContainerAutoConfiguration$EmbeddedTomcat,tomcatEmbeddedServletContainerFactory,org.springframework.boot.autoconfigure.web.EmbeddedServletContainerAutoConfiguration,embeddedServletContainerCustomizerBeanPostProcessor,org.springframework.boot.autoconfigure.web.DispatcherServletAutoConfiguration,dispatcherServlet,org.springframework.boot.actuate.autoconfigure.ErrorMvcAutoConfiguration$WhitelabelErrorViewConfiguration,error,beanNameViewResolver,org.springframework.boot.actuate.autoconfigure.ErrorMvcAutoConfiguration,basicErrorController,org.springframework.boot.autoconfigure.web.WebMvcAutoConfiguration$WebMvcAutoConfigurationAdapter$FaviconConfiguration,faviconHandlerMapping,faviconRequestHandler,org.springframework.web.servlet.config.annotation.DelegatingWebMvcConfiguration,requestMappingHandlerMapping,mvcContentNegotiationManager,viewControllerHandlerMapping,beanNameHandlerMapping,resourceHandlerMapping,defaultServletHandlerMapping,requestMappingHandlerAdapter,mvcConversionService,mvcValidator,mvcUriComponentsContributor,httpRequestHandlerAdapter,simpleControllerHandlerAdapter,handlerExceptionResolver,org.springframework.boot.autoconfigure.web.WebMvcAutoConfiguration$WebMvcAutoConfigurationAdapter,requestContextListener,viewResolver,org.springframework.boot.autoconfigure.web.WebMvcAutoConfiguration,hiddenHttpMethodFilter,org.springframework.boot.actuate.autoconfigure.AuditAutoConfiguration$AuditEventRepositoryConfiguration,auditEventRepository,org.springframework.boot.actuate.autoconfigure.AuditAutoConfiguration,auditListener,org.springframework.boot.actuate.autoconfigure.EndpointAutoConfiguration$InfoPropertiesConfiguration,org.springframework.boot.actuate.autoconfigure.EndpointAutoConfiguration,environmentEndpoint,healthEndpoint,beansEndpoint,infoEndpoint,metricsEndpoint,traceEndpoint,dumpEndpoint,autoConfigurationAuditEndpoint,shutdownEndpoint,configurationPropertiesReportEndpoint,org.springframework.boot.actuate.autoconfigure.EndpointMBeanExportAutoConfiguration,endpointMBeanExporter,org.springframework.boot.actuate.autoconfigure.EndpointMBeanExportAutoConfiguration$EndpointMBeanExportProperties,org.springframework.boot.context.properties.ConfigurationPropertiesBindingPostProcessor,org.springframework.boot.autoconfigure.web.ServerPropertiesAutoConfiguration,org.springframework.boot.autoconfigure.web.ServerProperties,org.springframework.boot.actuate.autoconfigure.ManagementServerPropertiesAutoConfiguration,org.springframework.actuate.properties.ManagementServerProperties,org.springframework.boot.actuate.autoconfigure.EndpointWebMvcAutoConfiguration$ApplicationContextFilterConfiguration,applicationContextIdFilter,org.springframework.boot.actuate.autoconfigure.EndpointWebMvcAutoConfiguration,endpointHandlerMapping,mvcEndpoints,environmentMvcEndpoint,metricsMvcEndpoint,shutdownMvcEndpoint,org.springframework.boot.actuate.autoconfigure.MetricRepositoryAutoConfiguration$MetricRepositoryConfiguration,metricRepository,org.springframework.boot.actuate.autoconfigure.MetricRepositoryAutoConfiguration,counterService,gaugeService,org.springframework.boot.actuate.autoconfigure.MetricFilterAutoConfiguration,metricFilter,org.springframework.boot.actuate.autoconfigure.TraceRepositoryAutoConfiguration,traceRepository,org.springframework.boot.actuate.autoconfigure.TraceWebFilterAutoConfiguration,webRequestLoggingFilter,org.springframework.boot.autoconfigure.aop.AopAutoConfiguration$JdkDynamicAutoProxyConfiguration,org.springframework.boot.autoconfigure.aop.AopAutoConfiguration,org.springframework.boot.autoconfigure.jdbc.DataSourceAutoConfiguration$JdbcTemplateConfiguration,jdbcTemplate,namedParameterJdbcTemplate,org.springframework.boot.autoconfigure.jdbc.CommonsDataSourceConfiguration,dataSource,org.springframework.boot.autoconfigure.jdbc.DataSourceAutoConfiguration$DbcpConfiguration,org.springframework.boot.autoconfigure.jdbc.DataSourceAutoConfiguration,org.springframework.boot.autoconfigure.jdbc.DataSourceTransactionManagerAutoConfiguration,org.springframework.boot.autoconfigure.web.HttpMessageConvertersAutoConfiguration$ObjectMappers,jacksonObjectMapper,mappingJackson2HttpMessageConverter,org.springframework.boot.autoconfigure.web.HttpMessageConvertersAutoConfiguration,messageConverters]; root of factory hierarchy
10:45:52.365 [main] ERROR o.s.test.context.TestContextManager - Caught exception while allowing TestExecutionListener [org.springframework.test.context.web.ServletTestExecutionListener@2beb717e] to prepare test instance [com.springapp.mvc.AppTest@44ec366a]
java.lang.IllegalStateException: Failed to load ApplicationContext
	at org.springframework.test.context.CacheAwareContextLoaderDelegate.loadContext(CacheAwareContextLoaderDelegate.java:99) ~[spring-test-4.0.1.RELEASE.jar:4.0.1.RELEASE]
	at org.springframework.test.context.DefaultTestContext.getApplicationContext(DefaultTestContext.java:101) ~[spring-test-4.0.1.RELEASE.jar:4.0.1.RELEASE]
	at org.springframework.test.context.web.ServletTestExecutionListener.setUpRequestContextIfNecessary(ServletTestExecutionListener.java:155) ~[spring-test-4.0.1.RELEASE.jar:4.0.1.RELEASE]
	at org.springframework.test.context.web.ServletTestExecutionListener.prepareTestInstance(ServletTestExecutionListener.java:100) ~[spring-test-4.0.1.RELEASE.jar:4.0.1.RELEASE]
	at org.springframework.test.context.TestContextManager.prepareTestInstance(TestContextManager.java:319) ~[spring-test-4.0.1.RELEASE.jar:4.0.1.RELEASE]
	at org.springframework.test.context.junit4.SpringJUnit4ClassRunner.createTest(SpringJUnit4ClassRunner.java:212) [spring-test-4.0.1.RELEASE.jar:4.0.1.RELEASE]
	at org.springframework.test.context.junit4.SpringJUnit4ClassRunner$1.runReflectiveCall(SpringJUnit4ClassRunner.java:289) [spring-test-4.0.1.RELEASE.jar:4.0.1.RELEASE]
	at org.junit.internal.runners.model.ReflectiveCallable.run(ReflectiveCallable.java:15) [junit-4.8.2.jar:na]
	at org.springframework.test.context.junit4.SpringJUnit4ClassRunner.methodBlock(SpringJUnit4ClassRunner.java:291) [spring-test-4.0.1.RELEASE.jar:4.0.1.RELEASE]
	at org.springframework.test.context.junit4.SpringJUnit4ClassRunner.runChild(SpringJUnit4ClassRunner.java:232) [spring-test-4.0.1.RELEASE.jar:4.0.1.RELEASE]
	at org.springframework.test.context.junit4.SpringJUnit4ClassRunner.runChild(SpringJUnit4ClassRunner.java:89) [spring-test-4.0.1.RELEASE.jar:4.0.1.RELEASE]
	at org.junit.runners.ParentRunner$3.run(ParentRunner.java:193) [junit-4.8.2.jar:na]
	at org.junit.runners.ParentRunner$1.schedule(ParentRunner.java:52) [junit-4.8.2.jar:na]
	at org.junit.runners.ParentRunner.runChildren(ParentRunner.java:191) [junit-4.8.2.jar:na]
	at org.junit.runners.ParentRunner.access$000(ParentRunner.java:42) [junit-4.8.2.jar:na]
	at org.junit.runners.ParentRunner$2.evaluate(ParentRunner.java:184) [junit-4.8.2.jar:na]
	at org.springframework.test.context.junit4.statements.RunBeforeTestClassCallbacks.evaluate(RunBeforeTestClassCallbacks.java:61) [spring-test-4.0.1.RELEASE.jar:4.0.1.RELEASE]
	at org.springframework.test.context.junit4.statements.RunAfterTestClassCallbacks.evaluate(RunAfterTestClassCallbacks.java:71) [spring-test-4.0.1.RELEASE.jar:4.0.1.RELEASE]
	at org.junit.runners.ParentRunner.run(ParentRunner.java:236) [junit-4.8.2.jar:na]
	at org.springframework.test.context.junit4.SpringJUnit4ClassRunner.run(SpringJUnit4ClassRunner.java:175) [spring-test-4.0.1.RELEASE.jar:4.0.1.RELEASE]
	at org.apache.maven.surefire.junit4.JUnit4TestSet.execute(JUnit4TestSet.java:53) [surefire-junit4-2.10.jar:2.10]
	at org.apache.maven.surefire.junit4.JUnit4Provider.executeTestSet(JUnit4Provider.java:123) [surefire-junit4-2.10.jar:2.10]
	at org.apache.maven.surefire.junit4.JUnit4Provider.invoke(JUnit4Provider.java:104) [surefire-junit4-2.10.jar:2.10]
	at sun.reflect.NativeMethodAccessorImpl.invoke0(Native Method) ~[na:1.6.0_51]
	at sun.reflect.NativeMethodAccessorImpl.invoke(NativeMethodAccessorImpl.java:39) ~[na:1.6.0_51]
	at sun.reflect.DelegatingMethodAccessorImpl.invoke(DelegatingMethodAccessorImpl.java:25) ~[na:1.6.0_51]
	at java.lang.reflect.Method.invoke(Method.java:597) ~[na:1.6.0_51]
	at org.apache.maven.surefire.util.ReflectionUtils.invokeMethodWithArray(ReflectionUtils.java:164) [surefire-api-2.10.jar:2.10]
	at org.apache.maven.surefire.booter.ProviderFactory$ProviderProxy.invoke(ProviderFactory.java:110) [surefire-booter-2.10.jar:2.10]
	at org.apache.maven.surefire.booter.SurefireStarter.invokeProvider(SurefireStarter.java:175) [surefire-booter-2.10.jar:2.10]
	at org.apache.maven.surefire.booter.SurefireStarter.runSuitesInProcessWhenForked(SurefireStarter.java:107) [surefire-booter-2.10.jar:2.10]
	at org.apache.maven.surefire.booter.ForkedBooter.main(ForkedBooter.java:68) [surefire-booter-2.10.jar:2.10]
Caused by: org.springframework.beans.factory.BeanCreationException: Error creating bean with name &apos;org.springframework.dao.annotation.PersistenceExceptionTranslationPostProcessor#0&apos;: Initialization of bean failed; nested exception is org.springframework.beans.factory.BeanCreationException: Error creating bean with name &apos;entityManagerFactory&apos; defined in URL [file:src/main/webapp/WEB-INF/test-dispatcher-servlet.xml]: Invocation of init method failed; nested exception is javax.persistence.PersistenceException: No Persistence provider for EntityManager named testPersistenceUnit
	at org.springframework.beans.factory.support.AbstractAutowireCapableBeanFactory.doCreateBean(AbstractAutowireCapableBeanFactory.java:547) ~[spring-beans-4.0.1.RELEASE.jar:4.0.1.RELEASE]
	at org.springframework.beans.factory.support.AbstractAutowireCapableBeanFactory.createBean(AbstractAutowireCapableBeanFactory.java:475) ~[spring-beans-4.0.1.RELEASE.jar:4.0.1.RELEASE]
	at org.springframework.beans.factory.support.AbstractBeanFactory$1.getObject(AbstractBeanFactory.java:304) ~[spring-beans-4.0.1.RELEASE.jar:4.0.1.RELEASE]
	at org.springframework.beans.factory.support.DefaultSingletonBeanRegistry.getSingleton(DefaultSingletonBeanRegistry.java:228) ~[spring-beans-4.0.1.RELEASE.jar:4.0.1.RELEASE]
	at org.springframework.beans.factory.support.AbstractBeanFactory.doGetBean(AbstractBeanFactory.java:300) ~[spring-beans-4.0.1.RELEASE.jar:4.0.1.RELEASE]
	at org.springframework.beans.factory.support.AbstractBeanFactory.getBean(AbstractBeanFactory.java:200) ~[spring-beans-4.0.1.RELEASE.jar:4.0.1.RELEASE]
	at org.springframework.context.support.PostProcessorRegistrationDelegate.registerBeanPostProcessors(PostProcessorRegistrationDelegate.java:220) ~[spring-context-4.0.1.RELEASE.jar:4.0.1.RELEASE]
	at org.springframework.context.support.AbstractApplicationContext.registerBeanPostProcessors(AbstractApplicationContext.java:618) ~[spring-context-4.0.1.RELEASE.jar:4.0.1.RELEASE]
	at org.springframework.context.support.AbstractApplicationContext.refresh(AbstractApplicationContext.java:467) ~[spring-context-4.0.1.RELEASE.jar:4.0.1.RELEASE]
	at org.springframework.test.context.web.AbstractGenericWebContextLoader.loadContext(AbstractGenericWebContextLoader.java:129) ~[spring-test-4.0.1.RELEASE.jar:4.0.1.RELEASE]
	at org.springframework.test.context.web.AbstractGenericWebContextLoader.loadContext(AbstractGenericWebContextLoader.java:60) ~[spring-test-4.0.1.RELEASE.jar:4.0.1.RELEASE]
	at org.springframework.test.context.support.AbstractDelegatingSmartContextLoader.delegateLoading(AbstractDelegatingSmartContextLoader.java:100) ~[spring-test-4.0.1.RELEASE.jar:4.0.1.RELEASE]
	at org.springframework.test.context.support.AbstractDelegatingSmartContextLoader.loadContext(AbstractDelegatingSmartContextLoader.java:250) ~[spring-test-4.0.1.RELEASE.jar:4.0.1.RELEASE]
	at org.springframework.test.context.CacheAwareContextLoaderDelegate.loadContextInternal(CacheAwareContextLoaderDelegate.java:64) ~[spring-test-4.0.1.RELEASE.jar:4.0.1.RELEASE]
	at org.springframework.test.context.CacheAwareContextLoaderDelegate.loadContext(CacheAwareContextLoaderDelegate.java:91) ~[spring-test-4.0.1.RELEASE.jar:4.0.1.RELEASE]
	... 31 common frames omitted
Caused by: org.springframework.beans.factory.BeanCreationException: Error creating bean with name &apos;entityManagerFactory&apos; defined in URL [file:src/main/webapp/WEB-INF/test-dispatcher-servlet.xml]: Invocation of init method failed; nested exception is javax.persistence.PersistenceException: No Persistence provider for EntityManager named testPersistenceUnit
	at org.springframework.beans.factory.support.AbstractAutowireCapableBeanFactory.initializeBean(AbstractAutowireCapableBeanFactory.java:1553) ~[spring-beans-4.0.1.RELEASE.jar:4.0.1.RELEASE]
	at org.springframework.beans.factory.support.AbstractAutowireCapableBeanFactory.doCreateBean(AbstractAutowireCapableBeanFactory.java:539) ~[spring-beans-4.0.1.RELEASE.jar:4.0.1.RELEASE]
	at org.springframework.beans.factory.support.AbstractAutowireCapableBeanFactory.createBean(AbstractAutowireCapableBeanFactory.java:475) ~[spring-beans-4.0.1.RELEASE.jar:4.0.1.RELEASE]
	at org.springframework.beans.factory.support.AbstractBeanFactory$1.getObject(AbstractBeanFactory.java:304) ~[spring-beans-4.0.1.RELEASE.jar:4.0.1.RELEASE]
	at org.springframework.beans.factory.support.DefaultSingletonBeanRegistry.getSingleton(DefaultSingletonBeanRegistry.java:228) ~[spring-beans-4.0.1.RELEASE.jar:4.0.1.RELEASE]
	at org.springframework.beans.factory.support.AbstractBeanFactory.doGetBean(AbstractBeanFactory.java:300) ~[spring-beans-4.0.1.RELEASE.jar:4.0.1.RELEASE]
	at org.springframework.beans.factory.support.AbstractBeanFactory.getBean(AbstractBeanFactory.java:200) ~[spring-beans-4.0.1.RELEASE.jar:4.0.1.RELEASE]
	at org.springframework.beans.factory.support.DefaultListableBeanFactory.getBeansOfType(DefaultListableBeanFactory.java:467) ~[spring-beans-4.0.1.RELEASE.jar:4.0.1.RELEASE]
	at org.springframework.beans.factory.BeanFactoryUtils.beansOfTypeIncludingAncestors(BeanFactoryUtils.java:277) ~[spring-beans-4.0.1.RELEASE.jar:4.0.1.RELEASE]
	at org.springframework.dao.support.PersistenceExceptionTranslationInterceptor.detectPersistenceExceptionTranslators(PersistenceExceptionTranslationInterceptor.java:139) ~[spring-tx-3.1.2.RELEASE.jar:3.1.2.RELEASE]
	at org.springframework.dao.support.PersistenceExceptionTranslationInterceptor.&lt;init&gt;(PersistenceExceptionTranslationInterceptor.java:79) ~[spring-tx-3.1.2.RELEASE.jar:3.1.2.RELEASE]
	at org.springframework.dao.annotation.PersistenceExceptionTranslationAdvisor.&lt;init&gt;(PersistenceExceptionTranslationAdvisor.java:70) ~[spring-tx-3.1.2.RELEASE.jar:3.1.2.RELEASE]
	at org.springframework.dao.annotation.PersistenceExceptionTranslationPostProcessor.setBeanFactory(PersistenceExceptionTranslationPostProcessor.java:103) ~[spring-tx-3.1.2.RELEASE.jar:3.1.2.RELEASE]
	at org.springframework.beans.factory.support.AbstractAutowireCapableBeanFactory.invokeAwareMethods(AbstractAutowireCapableBeanFactory.java:1572) ~[spring-beans-4.0.1.RELEASE.jar:4.0.1.RELEASE]
	at org.springframework.beans.factory.support.AbstractAutowireCapableBeanFactory.initializeBean(AbstractAutowireCapableBeanFactory.java:1540) ~[spring-beans-4.0.1.RELEASE.jar:4.0.1.RELEASE]
	at org.springframework.beans.factory.support.AbstractAutowireCapableBeanFactory.doCreateBean(AbstractAutowireCapableBeanFactory.java:539) ~[spring-beans-4.0.1.RELEASE.jar:4.0.1.RELEASE]
	... 45 common frames omitted
Caused by: javax.persistence.PersistenceException: No Persistence provider for EntityManager named testPersistenceUnit
	at javax.persistence.Persistence.createEntityManagerFactory(Persistence.java:54) ~[hibernate-jpa-2.0-api-1.0.0.Final.jar:1.0.0.Final]
	at org.springframework.orm.jpa.LocalEntityManagerFactoryBean.createNativeEntityManagerFactory(LocalEntityManagerFactoryBean.java:92) ~[spring-orm-3.1.2.RELEASE.jar:3.1.2.RELEASE]
	at org.springframework.orm.jpa.AbstractEntityManagerFactoryBean.afterPropertiesSet(AbstractEntityManagerFactoryBean.java:310) ~[spring-orm-3.1.2.RELEASE.jar:3.1.2.RELEASE]
	at org.springframework.beans.factory.support.AbstractAutowireCapableBeanFactory.invokeInitMethods(AbstractAutowireCapableBeanFactory.java:1612) ~[spring-beans-4.0.1.RELEASE.jar:4.0.1.RELEASE]
	at org.springframework.beans.factory.support.AbstractAutowireCapableBeanFactory.initializeBean(AbstractAutowireCapableBeanFactory.java:1549) ~[spring-beans-4.0.1.RELEASE.jar:4.0.1.RELEASE]
	... 60 common frames omitted
</system-out>
  </testcase>
</testsuite>